
===========================================================================
report_checks -path_delay max (Setup)
============================================================================
======================= nom_tt_025C_1v80 Corner ===================================

Startpoint: _46_ (rising edge-triggered flip-flop clocked by clk)
Endpoint: q[0] (output port clocked by clk)
Path Group: clk
Path Type: max

Fanout         Cap        Slew       Delay        Time   Description
---------------------------------------------------------------------------------------------
                                  0.000000    0.000000   clock clk (rise edge)
                                  0.000000    0.000000   clock source latency
     1    0.009204    0.047862    0.031412    0.031412 ^ clk (in)
                                                         clk (net)
                      0.047862    0.000000    0.031412 ^ clkbuf_0_clk/A (sky130_fd_sc_hd__clkbuf_16)
     2    0.017860    0.040023    0.124461    0.155873 ^ clkbuf_0_clk/X (sky130_fd_sc_hd__clkbuf_16)
                                                         clknet_0_clk (net)
                      0.040024    0.000072    0.155946 ^ clkbuf_1_0__f_clk/A (sky130_fd_sc_hd__clkbuf_16)
     4    0.009645    0.033028    0.113729    0.269675 ^ clkbuf_1_0__f_clk/X (sky130_fd_sc_hd__clkbuf_16)
                                                         clknet_1_0__leaf_clk (net)
                      0.033028    0.000048    0.269722 ^ _46_/CLK (sky130_fd_sc_hd__dfrtp_1)
     5    0.016018    0.152622    0.395250    0.664972 ^ _46_/Q (sky130_fd_sc_hd__dfrtp_1)
                                                         net2 (net)
                      0.152622    0.000033    0.665005 ^ output2/A (sky130_fd_sc_hd__buf_2)
     1    0.034522    0.171732    0.235922    0.900927 ^ output2/X (sky130_fd_sc_hd__buf_2)
                                                         q[0] (net)
                      0.171732    0.000244    0.901171 ^ q[0] (out)
                                              0.901171   data arrival time

                                 20.000000   20.000000   clock clk (rise edge)
                                  0.000000   20.000000   clock network delay (propagated)
                                 -0.250000   19.750002   clock uncertainty
                                  0.000000   19.750002   clock reconvergence pessimism
                                 -4.000000   15.750001   output external delay
                                             15.750001   data required time
---------------------------------------------------------------------------------------------
                                             15.750001   data required time
                                             -0.901171   data arrival time
---------------------------------------------------------------------------------------------
                                             14.848830   slack (MET)


Startpoint: _49_ (rising edge-triggered flip-flop clocked by clk)
Endpoint: q[3] (output port clocked by clk)
Path Group: clk
Path Type: max

Fanout         Cap        Slew       Delay        Time   Description
---------------------------------------------------------------------------------------------
                                  0.000000    0.000000   clock clk (rise edge)
                                  0.000000    0.000000   clock source latency
     1    0.009204    0.047862    0.031412    0.031412 ^ clk (in)
                                                         clk (net)
                      0.047862    0.000000    0.031412 ^ clkbuf_0_clk/A (sky130_fd_sc_hd__clkbuf_16)
     2    0.017860    0.040023    0.124461    0.155873 ^ clkbuf_0_clk/X (sky130_fd_sc_hd__clkbuf_16)
                                                         clknet_0_clk (net)
                      0.040024    0.000072    0.155946 ^ clkbuf_1_0__f_clk/A (sky130_fd_sc_hd__clkbuf_16)
     4    0.009645    0.033028    0.113729    0.269675 ^ clkbuf_1_0__f_clk/X (sky130_fd_sc_hd__clkbuf_16)
                                                         clknet_1_0__leaf_clk (net)
                      0.033028    0.000050    0.269724 ^ _49_/CLK (sky130_fd_sc_hd__dfrtp_1)
     5    0.013236    0.126712    0.378334    0.648059 ^ _49_/Q (sky130_fd_sc_hd__dfrtp_1)
                                                         net5 (net)
                      0.126712    0.000062    0.648121 ^ output5/A (sky130_fd_sc_hd__buf_2)
     1    0.034093    0.169674    0.227590    0.875711 ^ output5/X (sky130_fd_sc_hd__buf_2)
                                                         q[3] (net)
                      0.169674    0.000107    0.875818 ^ q[3] (out)
                                              0.875818   data arrival time

                                 20.000000   20.000000   clock clk (rise edge)
                                  0.000000   20.000000   clock network delay (propagated)
                                 -0.250000   19.750002   clock uncertainty
                                  0.000000   19.750002   clock reconvergence pessimism
                                 -4.000000   15.750001   output external delay
                                             15.750001   data required time
---------------------------------------------------------------------------------------------
                                             15.750001   data required time
                                             -0.875818   data arrival time
---------------------------------------------------------------------------------------------
                                             14.874183   slack (MET)


Startpoint: _47_ (rising edge-triggered flip-flop clocked by clk)
Endpoint: q[1] (output port clocked by clk)
Path Group: clk
Path Type: max

Fanout         Cap        Slew       Delay        Time   Description
---------------------------------------------------------------------------------------------
                                  0.000000    0.000000   clock clk (rise edge)
                                  0.000000    0.000000   clock source latency
     1    0.009204    0.047862    0.031412    0.031412 ^ clk (in)
                                                         clk (net)
                      0.047862    0.000000    0.031412 ^ clkbuf_0_clk/A (sky130_fd_sc_hd__clkbuf_16)
     2    0.017860    0.040023    0.124461    0.155873 ^ clkbuf_0_clk/X (sky130_fd_sc_hd__clkbuf_16)
                                                         clknet_0_clk (net)
                      0.040024    0.000072    0.155946 ^ clkbuf_1_0__f_clk/A (sky130_fd_sc_hd__clkbuf_16)
     4    0.009645    0.033028    0.113729    0.269675 ^ clkbuf_1_0__f_clk/X (sky130_fd_sc_hd__clkbuf_16)
                                                         clknet_1_0__leaf_clk (net)
                      0.033028    0.000029    0.269704 ^ _47_/CLK (sky130_fd_sc_hd__dfrtp_1)
     4    0.011864    0.115462    0.370024    0.639728 ^ _47_/Q (sky130_fd_sc_hd__dfrtp_1)
                                                         net3 (net)
                      0.115462    0.000027    0.639755 ^ output3/A (sky130_fd_sc_hd__buf_2)
     1    0.034111    0.169711    0.223917    0.863672 ^ output3/X (sky130_fd_sc_hd__buf_2)
                                                         q[1] (net)
                      0.169711    0.000109    0.863782 ^ q[1] (out)
                                              0.863782   data arrival time

                                 20.000000   20.000000   clock clk (rise edge)
                                  0.000000   20.000000   clock network delay (propagated)
                                 -0.250000   19.750002   clock uncertainty
                                  0.000000   19.750002   clock reconvergence pessimism
                                 -4.000000   15.750001   output external delay
                                             15.750001   data required time
---------------------------------------------------------------------------------------------
                                             15.750001   data required time
                                             -0.863782   data arrival time
---------------------------------------------------------------------------------------------
                                             14.886219   slack (MET)


Startpoint: _50_ (rising edge-triggered flip-flop clocked by clk)
Endpoint: q[4] (output port clocked by clk)
Path Group: clk
Path Type: max

Fanout         Cap        Slew       Delay        Time   Description
---------------------------------------------------------------------------------------------
                                  0.000000    0.000000   clock clk (rise edge)
                                  0.000000    0.000000   clock source latency
     1    0.009204    0.047862    0.031412    0.031412 ^ clk (in)
                                                         clk (net)
                      0.047862    0.000000    0.031412 ^ clkbuf_0_clk/A (sky130_fd_sc_hd__clkbuf_16)
     2    0.017860    0.040023    0.124461    0.155873 ^ clkbuf_0_clk/X (sky130_fd_sc_hd__clkbuf_16)
                                                         clknet_0_clk (net)
                      0.040024    0.000059    0.155933 ^ clkbuf_1_1__f_clk/A (sky130_fd_sc_hd__clkbuf_16)
     4    0.009666    0.033045    0.113747    0.269679 ^ clkbuf_1_1__f_clk/X (sky130_fd_sc_hd__clkbuf_16)
                                                         clknet_1_1__leaf_clk (net)
                      0.033045    0.000056    0.269735 ^ _50_/CLK (sky130_fd_sc_hd__dfrtp_1)
     4    0.011370    0.114481    0.367065    0.636800 ^ _50_/Q (sky130_fd_sc_hd__dfrtp_1)
                                                         net6 (net)
                      0.114481    0.000025    0.636825 ^ output6/A (sky130_fd_sc_hd__buf_2)
     1    0.033953    0.171550    0.223110    0.859935 ^ output6/X (sky130_fd_sc_hd__buf_2)
                                                         q[4] (net)
                      0.171550    0.000074    0.860009 ^ q[4] (out)
                                              0.860009   data arrival time

                                 20.000000   20.000000   clock clk (rise edge)
                                  0.000000   20.000000   clock network delay (propagated)
                                 -0.250000   19.750002   clock uncertainty
                                  0.000000   19.750002   clock reconvergence pessimism
                                 -4.000000   15.750001   output external delay
                                             15.750001   data required time
---------------------------------------------------------------------------------------------
                                             15.750001   data required time
                                             -0.860009   data arrival time
---------------------------------------------------------------------------------------------
                                             14.889992   slack (MET)


Startpoint: _53_ (rising edge-triggered flip-flop clocked by clk)
Endpoint: q[7] (output port clocked by clk)
Path Group: clk
Path Type: max

Fanout         Cap        Slew       Delay        Time   Description
---------------------------------------------------------------------------------------------
                                  0.000000    0.000000   clock clk (rise edge)
                                  0.000000    0.000000   clock source latency
     1    0.009204    0.047862    0.031412    0.031412 ^ clk (in)
                                                         clk (net)
                      0.047862    0.000000    0.031412 ^ clkbuf_0_clk/A (sky130_fd_sc_hd__clkbuf_16)
     2    0.017860    0.040023    0.124461    0.155873 ^ clkbuf_0_clk/X (sky130_fd_sc_hd__clkbuf_16)
                                                         clknet_0_clk (net)
                      0.040024    0.000059    0.155933 ^ clkbuf_1_1__f_clk/A (sky130_fd_sc_hd__clkbuf_16)
     4    0.009666    0.033045    0.113747    0.269679 ^ clkbuf_1_1__f_clk/X (sky130_fd_sc_hd__clkbuf_16)
                                                         clknet_1_1__leaf_clk (net)
                      0.033045    0.000034    0.269713 ^ _53_/CLK (sky130_fd_sc_hd__dfrtp_1)
     2    0.006631    0.058314    0.370074    0.639787 v _53_/Q (sky130_fd_sc_hd__dfrtp_1)
                                                         net9 (net)
                      0.058314    0.000010    0.639797 v output9/A (sky130_fd_sc_hd__buf_2)
     1    0.034163    0.088989    0.186197    0.825994 v output9/X (sky130_fd_sc_hd__buf_2)
                                                         q[7] (net)
                      0.088989    0.000121    0.826115 v q[7] (out)
                                              0.826115   data arrival time

                                 20.000000   20.000000   clock clk (rise edge)
                                  0.000000   20.000000   clock network delay (propagated)
                                 -0.250000   19.750002   clock uncertainty
                                  0.000000   19.750002   clock reconvergence pessimism
                                 -4.000000   15.750001   output external delay
                                             15.750001   data required time
---------------------------------------------------------------------------------------------
                                             15.750001   data required time
                                             -0.826115   data arrival time
---------------------------------------------------------------------------------------------
                                             14.923884   slack (MET)


Startpoint: _52_ (rising edge-triggered flip-flop clocked by clk)
Endpoint: q[6] (output port clocked by clk)
Path Group: clk
Path Type: max

Fanout         Cap        Slew       Delay        Time   Description
---------------------------------------------------------------------------------------------
                                  0.000000    0.000000   clock clk (rise edge)
                                  0.000000    0.000000   clock source latency
     1    0.009204    0.047862    0.031412    0.031412 ^ clk (in)
                                                         clk (net)
                      0.047862    0.000000    0.031412 ^ clkbuf_0_clk/A (sky130_fd_sc_hd__clkbuf_16)
     2    0.017860    0.040023    0.124461    0.155873 ^ clkbuf_0_clk/X (sky130_fd_sc_hd__clkbuf_16)
                                                         clknet_0_clk (net)
                      0.040024    0.000059    0.155933 ^ clkbuf_1_1__f_clk/A (sky130_fd_sc_hd__clkbuf_16)
     4    0.009666    0.033045    0.113747    0.269679 ^ clkbuf_1_1__f_clk/X (sky130_fd_sc_hd__clkbuf_16)
                                                         clknet_1_1__leaf_clk (net)
                      0.033045    0.000038    0.269717 ^ _52_/CLK (sky130_fd_sc_hd__dfrtp_1)
     3    0.006531    0.057867    0.369535    0.639252 v _52_/Q (sky130_fd_sc_hd__dfrtp_1)
                                                         net8 (net)
                      0.057867    0.000016    0.639268 v output8/A (sky130_fd_sc_hd__buf_2)
     1    0.034336    0.089365    0.186304    0.825572 v output8/X (sky130_fd_sc_hd__buf_2)
                                                         q[6] (net)
                      0.089365    0.000136    0.825708 v q[6] (out)
                                              0.825708   data arrival time

                                 20.000000   20.000000   clock clk (rise edge)
                                  0.000000   20.000000   clock network delay (propagated)
                                 -0.250000   19.750002   clock uncertainty
                                  0.000000   19.750002   clock reconvergence pessimism
                                 -4.000000   15.750001   output external delay
                                             15.750001   data required time
---------------------------------------------------------------------------------------------
                                             15.750001   data required time
                                             -0.825708   data arrival time
---------------------------------------------------------------------------------------------
                                             14.924294   slack (MET)


Startpoint: _48_ (rising edge-triggered flip-flop clocked by clk)
Endpoint: q[2] (output port clocked by clk)
Path Group: clk
Path Type: max

Fanout         Cap        Slew       Delay        Time   Description
---------------------------------------------------------------------------------------------
                                  0.000000    0.000000   clock clk (rise edge)
                                  0.000000    0.000000   clock source latency
     1    0.009204    0.047862    0.031412    0.031412 ^ clk (in)
                                                         clk (net)
                      0.047862    0.000000    0.031412 ^ clkbuf_0_clk/A (sky130_fd_sc_hd__clkbuf_16)
     2    0.017860    0.040023    0.124461    0.155873 ^ clkbuf_0_clk/X (sky130_fd_sc_hd__clkbuf_16)
                                                         clknet_0_clk (net)
                      0.040024    0.000072    0.155946 ^ clkbuf_1_0__f_clk/A (sky130_fd_sc_hd__clkbuf_16)
     4    0.009645    0.033028    0.113729    0.269675 ^ clkbuf_1_0__f_clk/X (sky130_fd_sc_hd__clkbuf_16)
                                                         clknet_1_0__leaf_clk (net)
                      0.033028    0.000020    0.269695 ^ _48_/CLK (sky130_fd_sc_hd__dfrtp_1)
     3    0.006244    0.054947    0.367967    0.637662 v _48_/Q (sky130_fd_sc_hd__dfrtp_1)
                                                         net4 (net)
                      0.054947    0.000019    0.637681 v output4/A (sky130_fd_sc_hd__buf_2)
     1    0.034220    0.089111    0.184763    0.822445 v output4/X (sky130_fd_sc_hd__buf_2)
                                                         q[2] (net)
                      0.089111    0.000131    0.822576 v q[2] (out)
                                              0.822576   data arrival time

                                 20.000000   20.000000   clock clk (rise edge)
                                  0.000000   20.000000   clock network delay (propagated)
                                 -0.250000   19.750002   clock uncertainty
                                  0.000000   19.750002   clock reconvergence pessimism
                                 -4.000000   15.750001   output external delay
                                             15.750001   data required time
---------------------------------------------------------------------------------------------
                                             15.750001   data required time
                                             -0.822576   data arrival time
---------------------------------------------------------------------------------------------
                                             14.927425   slack (MET)


Startpoint: _51_ (rising edge-triggered flip-flop clocked by clk)
Endpoint: q[5] (output port clocked by clk)
Path Group: clk
Path Type: max

Fanout         Cap        Slew       Delay        Time   Description
---------------------------------------------------------------------------------------------
                                  0.000000    0.000000   clock clk (rise edge)
                                  0.000000    0.000000   clock source latency
     1    0.009204    0.047862    0.031412    0.031412 ^ clk (in)
                                                         clk (net)
                      0.047862    0.000000    0.031412 ^ clkbuf_0_clk/A (sky130_fd_sc_hd__clkbuf_16)
     2    0.017860    0.040023    0.124461    0.155873 ^ clkbuf_0_clk/X (sky130_fd_sc_hd__clkbuf_16)
                                                         clknet_0_clk (net)
                      0.040024    0.000059    0.155933 ^ clkbuf_1_1__f_clk/A (sky130_fd_sc_hd__clkbuf_16)
     4    0.009666    0.033045    0.113747    0.269679 ^ clkbuf_1_1__f_clk/X (sky130_fd_sc_hd__clkbuf_16)
                                                         clknet_1_1__leaf_clk (net)
                      0.033045    0.000058    0.269738 ^ _51_/CLK (sky130_fd_sc_hd__dfrtp_1)
     3    0.006079    0.055840    0.367093    0.636831 v _51_/Q (sky130_fd_sc_hd__dfrtp_1)
                                                         net7 (net)
                      0.055840    0.000011    0.636842 v output7/A (sky130_fd_sc_hd__buf_2)
     1    0.033989    0.088594    0.184777    0.821619 v output7/X (sky130_fd_sc_hd__buf_2)
                                                         q[5] (net)
                      0.088594    0.000083    0.821702 v q[5] (out)
                                              0.821702   data arrival time

                                 20.000000   20.000000   clock clk (rise edge)
                                  0.000000   20.000000   clock network delay (propagated)
                                 -0.250000   19.750002   clock uncertainty
                                  0.000000   19.750002   clock reconvergence pessimism
                                 -4.000000   15.750001   output external delay
                                             15.750001   data required time
---------------------------------------------------------------------------------------------
                                             15.750001   data required time
                                             -0.821702   data arrival time
---------------------------------------------------------------------------------------------
                                             14.928299   slack (MET)


Startpoint: rst (input port clocked by clk)
Endpoint: _50_ (recovery check against rising-edge clock clk)
Path Group: asynchronous
Path Type: max

Fanout         Cap        Slew       Delay        Time   Description
---------------------------------------------------------------------------------------------
                                  0.000000    0.000000   clock clk (rise edge)
                                  0.000000    0.000000   clock network delay (propagated)
                                  4.000000    4.000000 v input external delay
     1    0.002670    0.008331    0.004194    4.004193 v rst (in)
                                                         rst (net)
                      0.008331    0.000000    4.004193 v input1/A (sky130_fd_sc_hd__clkbuf_4)
     8    0.037926    0.085958    0.172687    4.176880 v input1/X (sky130_fd_sc_hd__clkbuf_4)
                                                         net1 (net)
                      0.085958    0.000131    4.177011 v _42_/A (sky130_fd_sc_hd__inv_2)
     1    0.004719    0.037314    0.062732    4.239742 ^ _42_/Y (sky130_fd_sc_hd__inv_2)
                                                         _12_ (net)
                      0.037314    0.000026    4.239769 ^ _50_/RESET_B (sky130_fd_sc_hd__dfrtp_1)
                                              4.239769   data arrival time

                                 20.000000   20.000000   clock clk (rise edge)
                                  0.000000   20.000000   clock source latency
     1    0.009204    0.047862    0.031413   20.031414 ^ clk (in)
                                                         clk (net)
                      0.047862    0.000000   20.031414 ^ clkbuf_0_clk/A (sky130_fd_sc_hd__clkbuf_16)
     2    0.017860    0.040023    0.124460   20.155874 ^ clkbuf_0_clk/X (sky130_fd_sc_hd__clkbuf_16)
                                                         clknet_0_clk (net)
                      0.040024    0.000059   20.155933 ^ clkbuf_1_1__f_clk/A (sky130_fd_sc_hd__clkbuf_16)
     4    0.009666    0.033045    0.113747   20.269680 ^ clkbuf_1_1__f_clk/X (sky130_fd_sc_hd__clkbuf_16)
                                                         clknet_1_1__leaf_clk (net)
                      0.033045    0.000055   20.269735 ^ _50_/CLK (sky130_fd_sc_hd__dfrtp_1)
                                 -0.250000   20.019735   clock uncertainty
                                  0.000000   20.019735   clock reconvergence pessimism
                                  0.228661   20.248398   library recovery time
                                             20.248398   data required time
---------------------------------------------------------------------------------------------
                                             20.248398   data required time
                                             -4.239769   data arrival time
---------------------------------------------------------------------------------------------
                                             16.008627   slack (MET)


Startpoint: rst (input port clocked by clk)
Endpoint: _53_ (recovery check against rising-edge clock clk)
Path Group: asynchronous
Path Type: max

Fanout         Cap        Slew       Delay        Time   Description
---------------------------------------------------------------------------------------------
                                  0.000000    0.000000   clock clk (rise edge)
                                  0.000000    0.000000   clock network delay (propagated)
                                  4.000000    4.000000 v input external delay
     1    0.002670    0.008331    0.004194    4.004193 v rst (in)
                                                         rst (net)
                      0.008331    0.000000    4.004193 v input1/A (sky130_fd_sc_hd__clkbuf_4)
     8    0.037926    0.085958    0.172687    4.176880 v input1/X (sky130_fd_sc_hd__clkbuf_4)
                                                         net1 (net)
                      0.085958    0.000066    4.176946 v _45_/A (sky130_fd_sc_hd__inv_2)
     1    0.004323    0.035962    0.061315    4.238261 ^ _45_/Y (sky130_fd_sc_hd__inv_2)
                                                         _15_ (net)
                      0.035962    0.000019    4.238280 ^ _53_/RESET_B (sky130_fd_sc_hd__dfrtp_1)
                                              4.238280   data arrival time

                                 20.000000   20.000000   clock clk (rise edge)
                                  0.000000   20.000000   clock source latency
     1    0.009204    0.047862    0.031413   20.031414 ^ clk (in)
                                                         clk (net)
                      0.047862    0.000000   20.031414 ^ clkbuf_0_clk/A (sky130_fd_sc_hd__clkbuf_16)
     2    0.017860    0.040023    0.124460   20.155874 ^ clkbuf_0_clk/X (sky130_fd_sc_hd__clkbuf_16)
                                                         clknet_0_clk (net)
                      0.040024    0.000059   20.155933 ^ clkbuf_1_1__f_clk/A (sky130_fd_sc_hd__clkbuf_16)
     4    0.009666    0.033045    0.113747   20.269680 ^ clkbuf_1_1__f_clk/X (sky130_fd_sc_hd__clkbuf_16)
                                                         clknet_1_1__leaf_clk (net)
                      0.033045    0.000034   20.269714 ^ _53_/CLK (sky130_fd_sc_hd__dfrtp_1)
                                 -0.250000   20.019714   clock uncertainty
                                  0.000000   20.019714   clock reconvergence pessimism
                                  0.229011   20.248726   library recovery time
                                             20.248726   data required time
---------------------------------------------------------------------------------------------
                                             20.248726   data required time
                                             -4.238280   data arrival time
---------------------------------------------------------------------------------------------
                                             16.010447   slack (MET)


Startpoint: rst (input port clocked by clk)
Endpoint: _46_ (recovery check against rising-edge clock clk)
Path Group: asynchronous
Path Type: max

Fanout         Cap        Slew       Delay        Time   Description
---------------------------------------------------------------------------------------------
                                  0.000000    0.000000   clock clk (rise edge)
                                  0.000000    0.000000   clock network delay (propagated)
                                  4.000000    4.000000 v input external delay
     1    0.002670    0.008331    0.004194    4.004193 v rst (in)
                                                         rst (net)
                      0.008331    0.000000    4.004193 v input1/A (sky130_fd_sc_hd__clkbuf_4)
     8    0.037926    0.085958    0.172687    4.176880 v input1/X (sky130_fd_sc_hd__clkbuf_4)
                                                         net1 (net)
                      0.085958    0.000166    4.177046 v _24_/A (sky130_fd_sc_hd__inv_2)
     1    0.004254    0.035694    0.060987    4.238034 ^ _24_/Y (sky130_fd_sc_hd__inv_2)
                                                         _08_ (net)
                      0.035694    0.000015    4.238048 ^ _46_/RESET_B (sky130_fd_sc_hd__dfrtp_1)
                                              4.238048   data arrival time

                                 20.000000   20.000000   clock clk (rise edge)
                                  0.000000   20.000000   clock source latency
     1    0.009204    0.047862    0.031413   20.031414 ^ clk (in)
                                                         clk (net)
                      0.047862    0.000000   20.031414 ^ clkbuf_0_clk/A (sky130_fd_sc_hd__clkbuf_16)
     2    0.017860    0.040023    0.124460   20.155874 ^ clkbuf_0_clk/X (sky130_fd_sc_hd__clkbuf_16)
                                                         clknet_0_clk (net)
                      0.040024    0.000073   20.155947 ^ clkbuf_1_0__f_clk/A (sky130_fd_sc_hd__clkbuf_16)
     4    0.009645    0.033028    0.113728   20.269674 ^ clkbuf_1_0__f_clk/X (sky130_fd_sc_hd__clkbuf_16)
                                                         clknet_1_0__leaf_clk (net)
                      0.033028    0.000048   20.269722 ^ _46_/CLK (sky130_fd_sc_hd__dfrtp_1)
                                 -0.250000   20.019724   clock uncertainty
                                  0.000000   20.019724   clock reconvergence pessimism
                                  0.229076   20.248798   library recovery time
                                             20.248798   data required time
---------------------------------------------------------------------------------------------
                                             20.248798   data required time
                                             -4.238048   data arrival time
---------------------------------------------------------------------------------------------
                                             16.010750   slack (MET)


Startpoint: rst (input port clocked by clk)
Endpoint: _51_ (recovery check against rising-edge clock clk)
Path Group: asynchronous
Path Type: max

Fanout         Cap        Slew       Delay        Time   Description
---------------------------------------------------------------------------------------------
                                  0.000000    0.000000   clock clk (rise edge)
                                  0.000000    0.000000   clock network delay (propagated)
                                  4.000000    4.000000 v input external delay
     1    0.002670    0.008331    0.004194    4.004193 v rst (in)
                                                         rst (net)
                      0.008331    0.000000    4.004193 v input1/A (sky130_fd_sc_hd__clkbuf_4)
     8    0.037926    0.085958    0.172687    4.176880 v input1/X (sky130_fd_sc_hd__clkbuf_4)
                                                         net1 (net)
                      0.085958    0.000156    4.177036 v _43_/A (sky130_fd_sc_hd__inv_2)
     1    0.004222    0.035570    0.060836    4.237873 ^ _43_/Y (sky130_fd_sc_hd__inv_2)
                                                         _13_ (net)
                      0.035570    0.000012    4.237885 ^ _51_/RESET_B (sky130_fd_sc_hd__dfrtp_1)
                                              4.237885   data arrival time

                                 20.000000   20.000000   clock clk (rise edge)
                                  0.000000   20.000000   clock source latency
     1    0.009204    0.047862    0.031413   20.031414 ^ clk (in)
                                                         clk (net)
                      0.047862    0.000000   20.031414 ^ clkbuf_0_clk/A (sky130_fd_sc_hd__clkbuf_16)
     2    0.017860    0.040023    0.124460   20.155874 ^ clkbuf_0_clk/X (sky130_fd_sc_hd__clkbuf_16)
                                                         clknet_0_clk (net)
                      0.040024    0.000059   20.155933 ^ clkbuf_1_1__f_clk/A (sky130_fd_sc_hd__clkbuf_16)
     4    0.009666    0.033045    0.113747   20.269680 ^ clkbuf_1_1__f_clk/X (sky130_fd_sc_hd__clkbuf_16)
                                                         clknet_1_1__leaf_clk (net)
                      0.033045    0.000059   20.269739 ^ _51_/CLK (sky130_fd_sc_hd__dfrtp_1)
                                 -0.250000   20.019739   clock uncertainty
                                  0.000000   20.019739   clock reconvergence pessimism
                                  0.229113   20.248852   library recovery time
                                             20.248852   data required time
---------------------------------------------------------------------------------------------
                                             20.248852   data required time
                                             -4.237885   data arrival time
---------------------------------------------------------------------------------------------
                                             16.010967   slack (MET)


Startpoint: rst (input port clocked by clk)
Endpoint: _52_ (recovery check against rising-edge clock clk)
Path Group: asynchronous
Path Type: max

Fanout         Cap        Slew       Delay        Time   Description
---------------------------------------------------------------------------------------------
                                  0.000000    0.000000   clock clk (rise edge)
                                  0.000000    0.000000   clock network delay (propagated)
                                  4.000000    4.000000 v input external delay
     1    0.002670    0.008331    0.004194    4.004193 v rst (in)
                                                         rst (net)
                      0.008331    0.000000    4.004193 v input1/A (sky130_fd_sc_hd__clkbuf_4)
     8    0.037926    0.085958    0.172687    4.176880 v input1/X (sky130_fd_sc_hd__clkbuf_4)
                                                         net1 (net)
                      0.085958    0.000092    4.176973 v _44_/A (sky130_fd_sc_hd__inv_2)
     1    0.004161    0.035337    0.060546    4.237518 ^ _44_/Y (sky130_fd_sc_hd__inv_2)
                                                         _14_ (net)
                      0.035337    0.000012    4.237531 ^ _52_/RESET_B (sky130_fd_sc_hd__dfrtp_1)
                                              4.237531   data arrival time

                                 20.000000   20.000000   clock clk (rise edge)
                                  0.000000   20.000000   clock source latency
     1    0.009204    0.047862    0.031413   20.031414 ^ clk (in)
                                                         clk (net)
                      0.047862    0.000000   20.031414 ^ clkbuf_0_clk/A (sky130_fd_sc_hd__clkbuf_16)
     2    0.017860    0.040023    0.124460   20.155874 ^ clkbuf_0_clk/X (sky130_fd_sc_hd__clkbuf_16)
                                                         clknet_0_clk (net)
                      0.040024    0.000059   20.155933 ^ clkbuf_1_1__f_clk/A (sky130_fd_sc_hd__clkbuf_16)
     4    0.009666    0.033045    0.113747   20.269680 ^ clkbuf_1_1__f_clk/X (sky130_fd_sc_hd__clkbuf_16)
                                                         clknet_1_1__leaf_clk (net)
                      0.033045    0.000037   20.269716 ^ _52_/CLK (sky130_fd_sc_hd__dfrtp_1)
                                 -0.250000   20.019718   clock uncertainty
                                  0.000000   20.019718   clock reconvergence pessimism
                                  0.229174   20.248892   library recovery time
                                             20.248892   data required time
---------------------------------------------------------------------------------------------
                                             20.248892   data required time
                                             -4.237531   data arrival time
---------------------------------------------------------------------------------------------
                                             16.011360   slack (MET)


Startpoint: rst (input port clocked by clk)
Endpoint: _48_ (recovery check against rising-edge clock clk)
Path Group: asynchronous
Path Type: max

Fanout         Cap        Slew       Delay        Time   Description
---------------------------------------------------------------------------------------------
                                  0.000000    0.000000   clock clk (rise edge)
                                  0.000000    0.000000   clock network delay (propagated)
                                  4.000000    4.000000 v input external delay
     1    0.002670    0.008331    0.004194    4.004193 v rst (in)
                                                         rst (net)
                      0.008331    0.000000    4.004193 v input1/A (sky130_fd_sc_hd__clkbuf_4)
     8    0.037926    0.085958    0.172687    4.176880 v input1/X (sky130_fd_sc_hd__clkbuf_4)
                                                         net1 (net)
                      0.085958    0.000078    4.176958 v _40_/A (sky130_fd_sc_hd__inv_2)
     1    0.004082    0.035038    0.060174    4.237132 ^ _40_/Y (sky130_fd_sc_hd__inv_2)
                                                         _10_ (net)
                      0.035038    0.000011    4.237143 ^ _48_/RESET_B (sky130_fd_sc_hd__dfrtp_1)
                                              4.237143   data arrival time

                                 20.000000   20.000000   clock clk (rise edge)
                                  0.000000   20.000000   clock source latency
     1    0.009204    0.047862    0.031413   20.031414 ^ clk (in)
                                                         clk (net)
                      0.047862    0.000000   20.031414 ^ clkbuf_0_clk/A (sky130_fd_sc_hd__clkbuf_16)
     2    0.017860    0.040023    0.124460   20.155874 ^ clkbuf_0_clk/X (sky130_fd_sc_hd__clkbuf_16)
                                                         clknet_0_clk (net)
                      0.040024    0.000073   20.155947 ^ clkbuf_1_0__f_clk/A (sky130_fd_sc_hd__clkbuf_16)
     4    0.009645    0.033028    0.113728   20.269674 ^ clkbuf_1_0__f_clk/X (sky130_fd_sc_hd__clkbuf_16)
                                                         clknet_1_0__leaf_clk (net)
                      0.033028    0.000021   20.269695 ^ _48_/CLK (sky130_fd_sc_hd__dfrtp_1)
                                 -0.250000   20.019697   clock uncertainty
                                  0.000000   20.019697   clock reconvergence pessimism
                                  0.229246   20.248943   library recovery time
                                             20.248943   data required time
---------------------------------------------------------------------------------------------
                                             20.248943   data required time
                                             -4.237143   data arrival time
---------------------------------------------------------------------------------------------
                                             16.011801   slack (MET)


Startpoint: rst (input port clocked by clk)
Endpoint: _47_ (recovery check against rising-edge clock clk)
Path Group: asynchronous
Path Type: max

Fanout         Cap        Slew       Delay        Time   Description
---------------------------------------------------------------------------------------------
                                  0.000000    0.000000   clock clk (rise edge)
                                  0.000000    0.000000   clock network delay (propagated)
                                  4.000000    4.000000 v input external delay
     1    0.002670    0.008331    0.004194    4.004193 v rst (in)
                                                         rst (net)
                      0.008331    0.000000    4.004193 v input1/A (sky130_fd_sc_hd__clkbuf_4)
     8    0.037926    0.085958    0.172687    4.176880 v input1/X (sky130_fd_sc_hd__clkbuf_4)
                                                         net1 (net)
                      0.085958    0.000099    4.176980 v _39_/A (sky130_fd_sc_hd__inv_2)
     1    0.004043    0.034888    0.059985    4.236965 ^ _39_/Y (sky130_fd_sc_hd__inv_2)
                                                         _09_ (net)
                      0.034888    0.000011    4.236975 ^ _47_/RESET_B (sky130_fd_sc_hd__dfrtp_1)
                                              4.236975   data arrival time

                                 20.000000   20.000000   clock clk (rise edge)
                                  0.000000   20.000000   clock source latency
     1    0.009204    0.047862    0.031413   20.031414 ^ clk (in)
                                                         clk (net)
                      0.047862    0.000000   20.031414 ^ clkbuf_0_clk/A (sky130_fd_sc_hd__clkbuf_16)
     2    0.017860    0.040023    0.124460   20.155874 ^ clkbuf_0_clk/X (sky130_fd_sc_hd__clkbuf_16)
                                                         clknet_0_clk (net)
                      0.040024    0.000073   20.155947 ^ clkbuf_1_0__f_clk/A (sky130_fd_sc_hd__clkbuf_16)
     4    0.009645    0.033028    0.113728   20.269674 ^ clkbuf_1_0__f_clk/X (sky130_fd_sc_hd__clkbuf_16)
                                                         clknet_1_0__leaf_clk (net)
                      0.033028    0.000030   20.269705 ^ _47_/CLK (sky130_fd_sc_hd__dfrtp_1)
                                 -0.250000   20.019705   clock uncertainty
                                  0.000000   20.019705   clock reconvergence pessimism
                                  0.229285   20.248991   library recovery time
                                             20.248991   data required time
---------------------------------------------------------------------------------------------
                                             20.248991   data required time
                                             -4.236975   data arrival time
---------------------------------------------------------------------------------------------
                                             16.012014   slack (MET)


Startpoint: rst (input port clocked by clk)
Endpoint: _49_ (recovery check against rising-edge clock clk)
Path Group: asynchronous
Path Type: max

Fanout         Cap        Slew       Delay        Time   Description
---------------------------------------------------------------------------------------------
                                  0.000000    0.000000   clock clk (rise edge)
                                  0.000000    0.000000   clock network delay (propagated)
                                  4.000000    4.000000 v input external delay
     1    0.002670    0.008331    0.004194    4.004193 v rst (in)
                                                         rst (net)
                      0.008331    0.000000    4.004193 v input1/A (sky130_fd_sc_hd__clkbuf_4)
     8    0.037926    0.085958    0.172687    4.176880 v input1/X (sky130_fd_sc_hd__clkbuf_4)
                                                         net1 (net)
                      0.085958    0.000159    4.177040 v _41_/A (sky130_fd_sc_hd__inv_2)
     1    0.003906    0.035509    0.059343    4.236383 ^ _41_/Y (sky130_fd_sc_hd__inv_2)
                                                         _11_ (net)
                      0.035509    0.000007    4.236390 ^ _49_/RESET_B (sky130_fd_sc_hd__dfrtp_1)
                                              4.236390   data arrival time

                                 20.000000   20.000000   clock clk (rise edge)
                                  0.000000   20.000000   clock source latency
     1    0.009204    0.047862    0.031413   20.031414 ^ clk (in)
                                                         clk (net)
                      0.047862    0.000000   20.031414 ^ clkbuf_0_clk/A (sky130_fd_sc_hd__clkbuf_16)
     2    0.017860    0.040023    0.124460   20.155874 ^ clkbuf_0_clk/X (sky130_fd_sc_hd__clkbuf_16)
                                                         clknet_0_clk (net)
                      0.040024    0.000073   20.155947 ^ clkbuf_1_0__f_clk/A (sky130_fd_sc_hd__clkbuf_16)
     4    0.009645    0.033028    0.113728   20.269674 ^ clkbuf_1_0__f_clk/X (sky130_fd_sc_hd__clkbuf_16)
                                                         clknet_1_0__leaf_clk (net)
                      0.033028    0.000050   20.269724 ^ _49_/CLK (sky130_fd_sc_hd__dfrtp_1)
                                 -0.250000   20.019726   clock uncertainty
                                  0.000000   20.019726   clock reconvergence pessimism
                                  0.229123   20.248848   library recovery time
                                             20.248848   data required time
---------------------------------------------------------------------------------------------
                                             20.248848   data required time
                                             -4.236390   data arrival time
---------------------------------------------------------------------------------------------
                                             16.012459   slack (MET)


Startpoint: _46_ (rising edge-triggered flip-flop clocked by clk)
Endpoint: _51_ (rising edge-triggered flip-flop clocked by clk)
Path Group: clk
Path Type: max

Fanout         Cap        Slew       Delay        Time   Description
---------------------------------------------------------------------------------------------
                                  0.000000    0.000000   clock clk (rise edge)
                                  0.000000    0.000000   clock source latency
     1    0.009204    0.047862    0.031412    0.031412 ^ clk (in)
                                                         clk (net)
                      0.047862    0.000000    0.031412 ^ clkbuf_0_clk/A (sky130_fd_sc_hd__clkbuf_16)
     2    0.017860    0.040023    0.124461    0.155873 ^ clkbuf_0_clk/X (sky130_fd_sc_hd__clkbuf_16)
                                                         clknet_0_clk (net)
                      0.040024    0.000072    0.155946 ^ clkbuf_1_0__f_clk/A (sky130_fd_sc_hd__clkbuf_16)
     4    0.009645    0.033028    0.113729    0.269675 ^ clkbuf_1_0__f_clk/X (sky130_fd_sc_hd__clkbuf_16)
                                                         clknet_1_0__leaf_clk (net)
                      0.033028    0.000048    0.269722 ^ _46_/CLK (sky130_fd_sc_hd__dfrtp_1)
     5    0.014968    0.093989    0.407498    0.677220 v _46_/Q (sky130_fd_sc_hd__dfrtp_1)
                                                         net2 (net)
                      0.093989    0.000004    0.677224 v _26_/A (sky130_fd_sc_hd__and3_2)
     7    0.018515    0.072319    0.235198    0.912422 v _26_/X (sky130_fd_sc_hd__and3_2)
                                                         _16_ (net)
                      0.072319    0.000049    0.912471 v _31_/C (sky130_fd_sc_hd__and3_1)
     1    0.001682    0.032381    0.178063    1.090535 v _31_/X (sky130_fd_sc_hd__and3_1)
                                                         _19_ (net)
                      0.032381    0.000003    1.090537 v _34_/B1 (sky130_fd_sc_hd__o2bb2a_1)
     1    0.002294    0.051533    0.273470    1.364007 v _34_/X (sky130_fd_sc_hd__o2bb2a_1)
                                                         _05_ (net)
                      0.051533    0.000004    1.364011 v _51_/D (sky130_fd_sc_hd__dfrtp_1)
                                              1.364011   data arrival time

                                 20.000000   20.000000   clock clk (rise edge)
                                  0.000000   20.000000   clock source latency
     1    0.009204    0.047862    0.031413   20.031414 ^ clk (in)
                                                         clk (net)
                      0.047862    0.000000   20.031414 ^ clkbuf_0_clk/A (sky130_fd_sc_hd__clkbuf_16)
     2    0.017860    0.040023    0.124460   20.155874 ^ clkbuf_0_clk/X (sky130_fd_sc_hd__clkbuf_16)
                                                         clknet_0_clk (net)
                      0.040024    0.000059   20.155933 ^ clkbuf_1_1__f_clk/A (sky130_fd_sc_hd__clkbuf_16)
     4    0.009666    0.033045    0.113747   20.269680 ^ clkbuf_1_1__f_clk/X (sky130_fd_sc_hd__clkbuf_16)
                                                         clknet_1_1__leaf_clk (net)
                      0.033045    0.000059   20.269739 ^ _51_/CLK (sky130_fd_sc_hd__dfrtp_1)
                                 -0.250000   20.019739   clock uncertainty
                                  0.000000   20.019739   clock reconvergence pessimism
                                 -0.119861   19.899878   library setup time
                                             19.899878   data required time
---------------------------------------------------------------------------------------------
                                             19.899878   data required time
                                             -1.364011   data arrival time
---------------------------------------------------------------------------------------------
                                             18.535866   slack (MET)


Startpoint: _46_ (rising edge-triggered flip-flop clocked by clk)
Endpoint: _53_ (rising edge-triggered flip-flop clocked by clk)
Path Group: clk
Path Type: max

Fanout         Cap        Slew       Delay        Time   Description
---------------------------------------------------------------------------------------------
                                  0.000000    0.000000   clock clk (rise edge)
                                  0.000000    0.000000   clock source latency
     1    0.009204    0.047862    0.031412    0.031412 ^ clk (in)
                                                         clk (net)
                      0.047862    0.000000    0.031412 ^ clkbuf_0_clk/A (sky130_fd_sc_hd__clkbuf_16)
     2    0.017860    0.040023    0.124461    0.155873 ^ clkbuf_0_clk/X (sky130_fd_sc_hd__clkbuf_16)
                                                         clknet_0_clk (net)
                      0.040024    0.000072    0.155946 ^ clkbuf_1_0__f_clk/A (sky130_fd_sc_hd__clkbuf_16)
     4    0.009645    0.033028    0.113729    0.269675 ^ clkbuf_1_0__f_clk/X (sky130_fd_sc_hd__clkbuf_16)
                                                         clknet_1_0__leaf_clk (net)
                      0.033028    0.000048    0.269722 ^ _46_/CLK (sky130_fd_sc_hd__dfrtp_1)
     5    0.014968    0.093989    0.407498    0.677220 v _46_/Q (sky130_fd_sc_hd__dfrtp_1)
                                                         net2 (net)
                      0.093989    0.000004    0.677224 v _26_/A (sky130_fd_sc_hd__and3_2)
     7    0.018515    0.072319    0.235198    0.912422 v _26_/X (sky130_fd_sc_hd__and3_2)
                                                         _16_ (net)
                      0.072319    0.000019    0.912441 v _35_/B (sky130_fd_sc_hd__and3_1)
     2    0.007135    0.057076    0.192426    1.104867 v _35_/X (sky130_fd_sc_hd__and3_1)
                                                         _21_ (net)
                      0.057076    0.000021    1.104888 v _38_/B (sky130_fd_sc_hd__xor2_1)
     1    0.002250    0.045746    0.136910    1.241798 v _38_/X (sky130_fd_sc_hd__xor2_1)
                                                         _07_ (net)
                      0.045746    0.000004    1.241802 v _53_/D (sky130_fd_sc_hd__dfrtp_1)
                                              1.241802   data arrival time

                                 20.000000   20.000000   clock clk (rise edge)
                                  0.000000   20.000000   clock source latency
     1    0.009204    0.047862    0.031413   20.031414 ^ clk (in)
                                                         clk (net)
                      0.047862    0.000000   20.031414 ^ clkbuf_0_clk/A (sky130_fd_sc_hd__clkbuf_16)
     2    0.017860    0.040023    0.124460   20.155874 ^ clkbuf_0_clk/X (sky130_fd_sc_hd__clkbuf_16)
                                                         clknet_0_clk (net)
                      0.040024    0.000059   20.155933 ^ clkbuf_1_1__f_clk/A (sky130_fd_sc_hd__clkbuf_16)
     4    0.009666    0.033045    0.113747   20.269680 ^ clkbuf_1_1__f_clk/X (sky130_fd_sc_hd__clkbuf_16)
                                                         clknet_1_1__leaf_clk (net)
                      0.033045    0.000034   20.269714 ^ _53_/CLK (sky130_fd_sc_hd__dfrtp_1)
                                 -0.250000   20.019714   clock uncertainty
                                  0.000000   20.019714   clock reconvergence pessimism
                                 -0.117335   19.902378   library setup time
                                             19.902378   data required time
---------------------------------------------------------------------------------------------
                                             19.902378   data required time
                                             -1.241802   data arrival time
---------------------------------------------------------------------------------------------
                                             18.660578   slack (MET)


Startpoint: _46_ (rising edge-triggered flip-flop clocked by clk)
Endpoint: _52_ (rising edge-triggered flip-flop clocked by clk)
Path Group: clk
Path Type: max

Fanout         Cap        Slew       Delay        Time   Description
---------------------------------------------------------------------------------------------
                                  0.000000    0.000000   clock clk (rise edge)
                                  0.000000    0.000000   clock source latency
     1    0.009204    0.047862    0.031412    0.031412 ^ clk (in)
                                                         clk (net)
                      0.047862    0.000000    0.031412 ^ clkbuf_0_clk/A (sky130_fd_sc_hd__clkbuf_16)
     2    0.017860    0.040023    0.124461    0.155873 ^ clkbuf_0_clk/X (sky130_fd_sc_hd__clkbuf_16)
                                                         clknet_0_clk (net)
                      0.040024    0.000072    0.155946 ^ clkbuf_1_0__f_clk/A (sky130_fd_sc_hd__clkbuf_16)
     4    0.009645    0.033028    0.113729    0.269675 ^ clkbuf_1_0__f_clk/X (sky130_fd_sc_hd__clkbuf_16)
                                                         clknet_1_0__leaf_clk (net)
                      0.033028    0.000048    0.269722 ^ _46_/CLK (sky130_fd_sc_hd__dfrtp_1)
     5    0.016018    0.152622    0.395250    0.664972 ^ _46_/Q (sky130_fd_sc_hd__dfrtp_1)
                                                         net2 (net)
                      0.152622    0.000004    0.664976 ^ _26_/A (sky130_fd_sc_hd__and3_2)
     7    0.019671    0.116820    0.261338    0.926315 ^ _26_/X (sky130_fd_sc_hd__and3_2)
                                                         _16_ (net)
                      0.116820    0.000020    0.926334 ^ _35_/B (sky130_fd_sc_hd__and3_1)
     2    0.007662    0.093747    0.198067    1.124401 ^ _35_/X (sky130_fd_sc_hd__and3_1)
                                                         _21_ (net)
                      0.093747    0.000012    1.124414 ^ _37_/A (sky130_fd_sc_hd__nor2_1)
     1    0.002281    0.033655    0.051846    1.176259 v _37_/Y (sky130_fd_sc_hd__nor2_1)
                                                         _06_ (net)
                      0.033655    0.000004    1.176263 v _52_/D (sky130_fd_sc_hd__dfrtp_1)
                                              1.176263   data arrival time

                                 20.000000   20.000000   clock clk (rise edge)
                                  0.000000   20.000000   clock source latency
     1    0.009204    0.047862    0.031413   20.031414 ^ clk (in)
                                                         clk (net)
                      0.047862    0.000000   20.031414 ^ clkbuf_0_clk/A (sky130_fd_sc_hd__clkbuf_16)
     2    0.017860    0.040023    0.124460   20.155874 ^ clkbuf_0_clk/X (sky130_fd_sc_hd__clkbuf_16)
                                                         clknet_0_clk (net)
                      0.040024    0.000059   20.155933 ^ clkbuf_1_1__f_clk/A (sky130_fd_sc_hd__clkbuf_16)
     4    0.009666    0.033045    0.113747   20.269680 ^ clkbuf_1_1__f_clk/X (sky130_fd_sc_hd__clkbuf_16)
                                                         clknet_1_1__leaf_clk (net)
                      0.033045    0.000037   20.269716 ^ _52_/CLK (sky130_fd_sc_hd__dfrtp_1)
                                 -0.250000   20.019718   clock uncertainty
                                  0.000000   20.019718   clock reconvergence pessimism
                                 -0.112056   19.907661   library setup time
                                             19.907661   data required time
---------------------------------------------------------------------------------------------
                                             19.907661   data required time
                                             -1.176263   data arrival time
---------------------------------------------------------------------------------------------
                                             18.731400   slack (MET)


Startpoint: _46_ (rising edge-triggered flip-flop clocked by clk)
Endpoint: _50_ (rising edge-triggered flip-flop clocked by clk)
Path Group: clk
Path Type: max

Fanout         Cap        Slew       Delay        Time   Description
---------------------------------------------------------------------------------------------
                                  0.000000    0.000000   clock clk (rise edge)
                                  0.000000    0.000000   clock source latency
     1    0.009204    0.047862    0.031412    0.031412 ^ clk (in)
                                                         clk (net)
                      0.047862    0.000000    0.031412 ^ clkbuf_0_clk/A (sky130_fd_sc_hd__clkbuf_16)
     2    0.017860    0.040023    0.124461    0.155873 ^ clkbuf_0_clk/X (sky130_fd_sc_hd__clkbuf_16)
                                                         clknet_0_clk (net)
                      0.040024    0.000072    0.155946 ^ clkbuf_1_0__f_clk/A (sky130_fd_sc_hd__clkbuf_16)
     4    0.009645    0.033028    0.113729    0.269675 ^ clkbuf_1_0__f_clk/X (sky130_fd_sc_hd__clkbuf_16)
                                                         clknet_1_0__leaf_clk (net)
                      0.033028    0.000048    0.269722 ^ _46_/CLK (sky130_fd_sc_hd__dfrtp_1)
     5    0.016018    0.152622    0.395250    0.664972 ^ _46_/Q (sky130_fd_sc_hd__dfrtp_1)
                                                         net2 (net)
                      0.152622    0.000004    0.664976 ^ _26_/A (sky130_fd_sc_hd__and3_2)
     7    0.019671    0.116820    0.261338    0.926315 ^ _26_/X (sky130_fd_sc_hd__and3_2)
                                                         _16_ (net)
                      0.116820    0.000064    0.926378 ^ _29_/B (sky130_fd_sc_hd__nand2_1)
     1    0.005213    0.058141    0.080586    1.006964 v _29_/Y (sky130_fd_sc_hd__nand2_1)
                                                         _18_ (net)
                      0.058141    0.000023    1.006987 v _32_/B (sky130_fd_sc_hd__xnor2_1)
     1    0.002211    0.043449    0.119191    1.126178 v _32_/Y (sky130_fd_sc_hd__xnor2_1)
                                                         _04_ (net)
                      0.043449    0.000004    1.126181 v _50_/D (sky130_fd_sc_hd__dfrtp_1)
                                              1.126181   data arrival time

                                 20.000000   20.000000   clock clk (rise edge)
                                  0.000000   20.000000   clock source latency
     1    0.009204    0.047862    0.031413   20.031414 ^ clk (in)
                                                         clk (net)
                      0.047862    0.000000   20.031414 ^ clkbuf_0_clk/A (sky130_fd_sc_hd__clkbuf_16)
     2    0.017860    0.040023    0.124460   20.155874 ^ clkbuf_0_clk/X (sky130_fd_sc_hd__clkbuf_16)
                                                         clknet_0_clk (net)
                      0.040024    0.000059   20.155933 ^ clkbuf_1_1__f_clk/A (sky130_fd_sc_hd__clkbuf_16)
     4    0.009666    0.033045    0.113747   20.269680 ^ clkbuf_1_1__f_clk/X (sky130_fd_sc_hd__clkbuf_16)
                                                         clknet_1_1__leaf_clk (net)
                      0.033045    0.000055   20.269735 ^ _50_/CLK (sky130_fd_sc_hd__dfrtp_1)
                                 -0.250000   20.019735   clock uncertainty
                                  0.000000   20.019735   clock reconvergence pessimism
                                 -0.116332   19.903404   library setup time
                                             19.903404   data required time
---------------------------------------------------------------------------------------------
                                             19.903404   data required time
                                             -1.126181   data arrival time
---------------------------------------------------------------------------------------------
                                             18.777222   slack (MET)


Startpoint: _46_ (rising edge-triggered flip-flop clocked by clk)
Endpoint: _49_ (rising edge-triggered flip-flop clocked by clk)
Path Group: clk
Path Type: max

Fanout         Cap        Slew       Delay        Time   Description
---------------------------------------------------------------------------------------------
                                  0.000000    0.000000   clock clk (rise edge)
                                  0.000000    0.000000   clock source latency
     1    0.009204    0.047862    0.031412    0.031412 ^ clk (in)
                                                         clk (net)
                      0.047862    0.000000    0.031412 ^ clkbuf_0_clk/A (sky130_fd_sc_hd__clkbuf_16)
     2    0.017860    0.040023    0.124461    0.155873 ^ clkbuf_0_clk/X (sky130_fd_sc_hd__clkbuf_16)
                                                         clknet_0_clk (net)
                      0.040024    0.000072    0.155946 ^ clkbuf_1_0__f_clk/A (sky130_fd_sc_hd__clkbuf_16)
     4    0.009645    0.033028    0.113729    0.269675 ^ clkbuf_1_0__f_clk/X (sky130_fd_sc_hd__clkbuf_16)
                                                         clknet_1_0__leaf_clk (net)
                      0.033028    0.000048    0.269722 ^ _46_/CLK (sky130_fd_sc_hd__dfrtp_1)
     5    0.014968    0.093989    0.407498    0.677220 v _46_/Q (sky130_fd_sc_hd__dfrtp_1)
                                                         net2 (net)
                      0.093989    0.000004    0.677224 v _26_/A (sky130_fd_sc_hd__and3_2)
     7    0.018515    0.072319    0.235198    0.912422 v _26_/X (sky130_fd_sc_hd__and3_2)
                                                         _16_ (net)
                      0.072319    0.000050    0.912472 v _30_/B (sky130_fd_sc_hd__xor2_1)
     1    0.002239    0.049857    0.142864    1.055336 v _30_/X (sky130_fd_sc_hd__xor2_1)
                                                         _03_ (net)
                      0.049857    0.000004    1.055340 v _49_/D (sky130_fd_sc_hd__dfrtp_1)
                                              1.055340   data arrival time

                                 20.000000   20.000000   clock clk (rise edge)
                                  0.000000   20.000000   clock source latency
     1    0.009204    0.047862    0.031413   20.031414 ^ clk (in)
                                                         clk (net)
                      0.047862    0.000000   20.031414 ^ clkbuf_0_clk/A (sky130_fd_sc_hd__clkbuf_16)
     2    0.017860    0.040023    0.124460   20.155874 ^ clkbuf_0_clk/X (sky130_fd_sc_hd__clkbuf_16)
                                                         clknet_0_clk (net)
                      0.040024    0.000073   20.155947 ^ clkbuf_1_0__f_clk/A (sky130_fd_sc_hd__clkbuf_16)
     4    0.009645    0.033028    0.113728   20.269674 ^ clkbuf_1_0__f_clk/X (sky130_fd_sc_hd__clkbuf_16)
                                                         clknet_1_0__leaf_clk (net)
                      0.033028    0.000050   20.269724 ^ _49_/CLK (sky130_fd_sc_hd__dfrtp_1)
                                 -0.250000   20.019726   clock uncertainty
                                  0.000000   20.019726   clock reconvergence pessimism
                                 -0.119134   19.900593   library setup time
                                             19.900593   data required time
---------------------------------------------------------------------------------------------
                                             19.900593   data required time
                                             -1.055340   data arrival time
---------------------------------------------------------------------------------------------
                                             18.845253   slack (MET)


Startpoint: _46_ (rising edge-triggered flip-flop clocked by clk)
Endpoint: _48_ (rising edge-triggered flip-flop clocked by clk)
Path Group: clk
Path Type: max

Fanout         Cap        Slew       Delay        Time   Description
---------------------------------------------------------------------------------------------
                                  0.000000    0.000000   clock clk (rise edge)
                                  0.000000    0.000000   clock source latency
     1    0.009204    0.047862    0.031412    0.031412 ^ clk (in)
                                                         clk (net)
                      0.047862    0.000000    0.031412 ^ clkbuf_0_clk/A (sky130_fd_sc_hd__clkbuf_16)
     2    0.017860    0.040023    0.124461    0.155873 ^ clkbuf_0_clk/X (sky130_fd_sc_hd__clkbuf_16)
                                                         clknet_0_clk (net)
                      0.040024    0.000072    0.155946 ^ clkbuf_1_0__f_clk/A (sky130_fd_sc_hd__clkbuf_16)
     4    0.009645    0.033028    0.113729    0.269675 ^ clkbuf_1_0__f_clk/X (sky130_fd_sc_hd__clkbuf_16)
                                                         clknet_1_0__leaf_clk (net)
                      0.033028    0.000048    0.269722 ^ _46_/CLK (sky130_fd_sc_hd__dfrtp_1)
     5    0.016018    0.152622    0.395250    0.664972 ^ _46_/Q (sky130_fd_sc_hd__dfrtp_1)
                                                         net2 (net)
                      0.152622    0.000004    0.664976 ^ _26_/A (sky130_fd_sc_hd__and3_2)
     7    0.019671    0.116820    0.261338    0.926315 ^ _26_/X (sky130_fd_sc_hd__and3_2)
                                                         _16_ (net)
                      0.116820    0.000036    0.926351 ^ _28_/A (sky130_fd_sc_hd__nor2_1)
     1    0.002634    0.037739    0.059892    0.986243 v _28_/Y (sky130_fd_sc_hd__nor2_1)
                                                         _02_ (net)
                      0.037739    0.000008    0.986251 v _48_/D (sky130_fd_sc_hd__dfrtp_1)
                                              0.986251   data arrival time

                                 20.000000   20.000000   clock clk (rise edge)
                                  0.000000   20.000000   clock source latency
     1    0.009204    0.047862    0.031413   20.031414 ^ clk (in)
                                                         clk (net)
                      0.047862    0.000000   20.031414 ^ clkbuf_0_clk/A (sky130_fd_sc_hd__clkbuf_16)
     2    0.017860    0.040023    0.124460   20.155874 ^ clkbuf_0_clk/X (sky130_fd_sc_hd__clkbuf_16)
                                                         clknet_0_clk (net)
                      0.040024    0.000073   20.155947 ^ clkbuf_1_0__f_clk/A (sky130_fd_sc_hd__clkbuf_16)
     4    0.009645    0.033028    0.113728   20.269674 ^ clkbuf_1_0__f_clk/X (sky130_fd_sc_hd__clkbuf_16)
                                                         clknet_1_0__leaf_clk (net)
                      0.033028    0.000021   20.269695 ^ _48_/CLK (sky130_fd_sc_hd__dfrtp_1)
                                 -0.250000   20.019697   clock uncertainty
                                  0.000000   20.019697   clock reconvergence pessimism
                                 -0.113843   19.905853   library setup time
                                             19.905853   data required time
---------------------------------------------------------------------------------------------
                                             19.905853   data required time
                                             -0.986251   data arrival time
---------------------------------------------------------------------------------------------
                                             18.919603   slack (MET)


Startpoint: _46_ (rising edge-triggered flip-flop clocked by clk)
Endpoint: _47_ (rising edge-triggered flip-flop clocked by clk)
Path Group: clk
Path Type: max

Fanout         Cap        Slew       Delay        Time   Description
---------------------------------------------------------------------------------------------
                                  0.000000    0.000000   clock clk (rise edge)
                                  0.000000    0.000000   clock source latency
     1    0.009204    0.047862    0.031412    0.031412 ^ clk (in)
                                                         clk (net)
                      0.047862    0.000000    0.031412 ^ clkbuf_0_clk/A (sky130_fd_sc_hd__clkbuf_16)
     2    0.017860    0.040023    0.124461    0.155873 ^ clkbuf_0_clk/X (sky130_fd_sc_hd__clkbuf_16)
                                                         clknet_0_clk (net)
                      0.040024    0.000072    0.155946 ^ clkbuf_1_0__f_clk/A (sky130_fd_sc_hd__clkbuf_16)
     4    0.009645    0.033028    0.113729    0.269675 ^ clkbuf_1_0__f_clk/X (sky130_fd_sc_hd__clkbuf_16)
                                                         clknet_1_0__leaf_clk (net)
                      0.033028    0.000048    0.269722 ^ _46_/CLK (sky130_fd_sc_hd__dfrtp_1)
     5    0.014968    0.093989    0.407498    0.677220 v _46_/Q (sky130_fd_sc_hd__dfrtp_1)
                                                         net2 (net)
                      0.093989    0.000024    0.677244 v _25_/A (sky130_fd_sc_hd__xor2_1)
     1    0.002166    0.049420    0.169443    0.846687 v _25_/X (sky130_fd_sc_hd__xor2_1)
                                                         _01_ (net)
                      0.049420    0.000002    0.846689 v _47_/D (sky130_fd_sc_hd__dfrtp_1)
                                              0.846689   data arrival time

                                 20.000000   20.000000   clock clk (rise edge)
                                  0.000000   20.000000   clock source latency
     1    0.009204    0.047862    0.031413   20.031414 ^ clk (in)
                                                         clk (net)
                      0.047862    0.000000   20.031414 ^ clkbuf_0_clk/A (sky130_fd_sc_hd__clkbuf_16)
     2    0.017860    0.040023    0.124460   20.155874 ^ clkbuf_0_clk/X (sky130_fd_sc_hd__clkbuf_16)
                                                         clknet_0_clk (net)
                      0.040024    0.000073   20.155947 ^ clkbuf_1_0__f_clk/A (sky130_fd_sc_hd__clkbuf_16)
     4    0.009645    0.033028    0.113728   20.269674 ^ clkbuf_1_0__f_clk/X (sky130_fd_sc_hd__clkbuf_16)
                                                         clknet_1_0__leaf_clk (net)
                      0.033028    0.000030   20.269705 ^ _47_/CLK (sky130_fd_sc_hd__dfrtp_1)
                                 -0.250000   20.019705   clock uncertainty
                                  0.000000   20.019705   clock reconvergence pessimism
                                 -0.118943   19.900763   library setup time
                                             19.900763   data required time
---------------------------------------------------------------------------------------------
                                             19.900763   data required time
                                             -0.846689   data arrival time
---------------------------------------------------------------------------------------------
                                             19.054075   slack (MET)


Startpoint: _46_ (rising edge-triggered flip-flop clocked by clk)
Endpoint: _46_ (rising edge-triggered flip-flop clocked by clk)
Path Group: clk
Path Type: max

Fanout         Cap        Slew       Delay        Time   Description
---------------------------------------------------------------------------------------------
                                  0.000000    0.000000   clock clk (rise edge)
                                  0.000000    0.000000   clock source latency
     1    0.009204    0.047862    0.031412    0.031412 ^ clk (in)
                                                         clk (net)
                      0.047862    0.000000    0.031412 ^ clkbuf_0_clk/A (sky130_fd_sc_hd__clkbuf_16)
     2    0.017860    0.040023    0.124461    0.155873 ^ clkbuf_0_clk/X (sky130_fd_sc_hd__clkbuf_16)
                                                         clknet_0_clk (net)
                      0.040024    0.000072    0.155946 ^ clkbuf_1_0__f_clk/A (sky130_fd_sc_hd__clkbuf_16)
     4    0.009645    0.033028    0.113729    0.269675 ^ clkbuf_1_0__f_clk/X (sky130_fd_sc_hd__clkbuf_16)
                                                         clknet_1_0__leaf_clk (net)
                      0.033028    0.000048    0.269722 ^ _46_/CLK (sky130_fd_sc_hd__dfrtp_1)
     5    0.016018    0.152622    0.395250    0.664972 ^ _46_/Q (sky130_fd_sc_hd__dfrtp_1)
                                                         net2 (net)
                      0.152622    0.000036    0.665008 ^ _23_/A (sky130_fd_sc_hd__inv_2)
     1    0.002658    0.030166    0.037599    0.702607 v _23_/Y (sky130_fd_sc_hd__inv_2)
                                                         _00_ (net)
                      0.030166    0.000009    0.702616 v _46_/D (sky130_fd_sc_hd__dfrtp_1)
                                              0.702616   data arrival time

                                 20.000000   20.000000   clock clk (rise edge)
                                  0.000000   20.000000   clock source latency
     1    0.009204    0.047862    0.031413   20.031414 ^ clk (in)
                                                         clk (net)
                      0.047862    0.000000   20.031414 ^ clkbuf_0_clk/A (sky130_fd_sc_hd__clkbuf_16)
     2    0.017860    0.040023    0.124460   20.155874 ^ clkbuf_0_clk/X (sky130_fd_sc_hd__clkbuf_16)
                                                         clknet_0_clk (net)
                      0.040024    0.000073   20.155947 ^ clkbuf_1_0__f_clk/A (sky130_fd_sc_hd__clkbuf_16)
     4    0.009645    0.033028    0.113728   20.269674 ^ clkbuf_1_0__f_clk/X (sky130_fd_sc_hd__clkbuf_16)
                                                         clknet_1_0__leaf_clk (net)
                      0.033028    0.000048   20.269722 ^ _46_/CLK (sky130_fd_sc_hd__dfrtp_1)
                                 -0.250000   20.019724   clock uncertainty
                                  0.000000   20.019724   clock reconvergence pessimism
                                 -0.110536   19.909185   library setup time
                                             19.909185   data required time
---------------------------------------------------------------------------------------------
                                             19.909185   data required time
                                             -0.702616   data arrival time
---------------------------------------------------------------------------------------------
                                             19.206570   slack (MET)



