                                                                        Cells by Master                                                                         
┏━━━━━━━━━━━━━━━━━━━━━━━━━━━━━━━━━━━━━━━━━━━━━━━━━━━━━━━━━━━━━━━━━━━━━━━━━━━━━━━━━━━━━━━━━━━━━━━━━━━━━━━━━━━━━━━━━━━━━━━━━━━━━━━━━┳━━━━━━━━━━━━━━━━━━━━━━━━━━━━┓
┃ Cell                                                                                                                            ┃ Count                      ┃
┡━━━━━━━━━━━━━━━━━━━━━━━━━━━━━━━━━━━━━━━━━━━━━━━━━━━━━━━━━━━━━━━━━━━━━━━━━━━━━━━━━━━━━━━━━━━━━━━━━━━━━━━━━━━━━━━━━━━━━━━━━━━━━━━━━╇━━━━━━━━━━━━━━━━━━━━━━━━━━━━┩
│ sky130_ef_sc_hd__decap_12                                                                                                       │ 4                          │
│ sky130_fd_sc_hd__a21oi_1                                                                                                        │ 2                          │
│ sky130_fd_sc_hd__and3_1                                                                                                         │ 3                          │
│ sky130_fd_sc_hd__and3_2                                                                                                         │ 1                          │
│ sky130_fd_sc_hd__buf_2                                                                                                          │ 8                          │
│ sky130_fd_sc_hd__clkbuf_16                                                                                                      │ 3                          │
│ sky130_fd_sc_hd__clkbuf_4                                                                                                       │ 1                          │
│ sky130_fd_sc_hd__decap_3                                                                                                        │ 22                         │
│ sky130_fd_sc_hd__decap_6                                                                                                        │ 2                          │
│ sky130_fd_sc_hd__decap_8                                                                                                        │ 1                          │
│ sky130_fd_sc_hd__dfrtp_1                                                                                                        │ 8                          │
│ sky130_fd_sc_hd__dlygate4sd3_1                                                                                                  │ 9                          │
│ sky130_fd_sc_hd__fill_1                                                                                                         │ 17                         │
│ sky130_fd_sc_hd__fill_2                                                                                                         │ 3                          │
│ sky130_fd_sc_hd__inv_2                                                                                                          │ 9                          │
│ sky130_fd_sc_hd__nand2_1                                                                                                        │ 1                          │
│ sky130_fd_sc_hd__nor2_1                                                                                                         │ 2                          │
│ sky130_fd_sc_hd__o2bb2a_1                                                                                                       │ 1                          │
│ sky130_fd_sc_hd__tapvpwrvgnd_1                                                                                                  │ 12                         │
│ sky130_fd_sc_hd__xnor2_1                                                                                                        │ 1                          │
│ sky130_fd_sc_hd__xor2_1                                                                                                         │ 3                          │
└─────────────────────────────────────────────────────────────────────────────────────────────────────────────────────────────────┴────────────────────────────┘
