Clock: clk
Sources: clk 
Generated: no
Virtual: yes
Propagated: no
Period: 20.000000

===========================================================================
report_clock_properties
============================================================================
Clock                   Period          Waveform
----------------------------------------------------
clk                  20.000000    0.000000 10.000000

===========================================================================
report_clock_latency
============================================================================
Clock clk
rise -> rise
    min     max
0.000000 0.000000 source latency
0.484107         network latency _53_/CLK
        0.484970 network latency _49_/CLK
---------------
0.484107 0.484970 latency
        0.000862 skew

fall -> fall
    min     max
0.000000 0.000000 source latency
0.508724         network latency _53_/CLK
        0.509460 network latency _49_/CLK
---------------
0.508724 0.509460 latency
        0.000736 skew



===========================================================================
report_clock_min_period
============================================================================
clk period_min = 3.88 fmax = 257.60
