
===========================================================================
report_checks -unconstrained
===========================================================================
======================= nom_ff_n40C_1v95 Corner ===================================

Startpoint: rst (input port clocked by clk)
Endpoint: _46_ (recovery check against rising-edge clock clk)
Path Group: asynchronous
Path Type: max

Fanout         Cap        Slew       Delay        Time   Description
---------------------------------------------------------------------------------------------
                      0.150000    0.000000    0.000000   clock clk (rise edge)
                                  0.000000    0.000000   clock network delay (ideal)
                                  4.000000    4.000000 v input external delay
     8    0.034280    0.053443    0.036795    4.036795 v rst (in)
                                                         rst (net)
                      0.053443    0.000000    4.036795 v _24_/A (sky130_fd_sc_hd__inv_2)
     1    0.003617    0.024040    0.037912    4.074707 ^ _24_/Y (sky130_fd_sc_hd__inv_2)
                                                         _08_ (net)
                      0.024040    0.000000    4.074707 ^ _46_/RESET_B (sky130_fd_sc_hd__dfrtp_2)
                                              4.074707   data arrival time

                      0.150000   20.000000   20.000000   clock clk (rise edge)
                                  0.000000   20.000000   clock network delay (ideal)
                                 -0.250000   19.750002   clock uncertainty
                                  0.000000   19.750002   clock reconvergence pessimism
                                             19.750002 ^ _46_/CLK (sky130_fd_sc_hd__dfrtp_2)
                                  0.153518   19.903519   library recovery time
                                             19.903519   data required time
---------------------------------------------------------------------------------------------
                                             19.903519   data required time
                                             -4.074707   data arrival time
---------------------------------------------------------------------------------------------
                                             15.828813   slack (MET)


Startpoint: _46_ (rising edge-triggered flip-flop clocked by clk)
Endpoint: q[0] (output port clocked by clk)
Path Group: clk
Path Type: max

Fanout         Cap        Slew       Delay        Time   Description
---------------------------------------------------------------------------------------------
                      0.150000    0.000000    0.000000   clock clk (rise edge)
                                  0.000000    0.000000   clock network delay (ideal)
                      0.150000    0.000000    0.000000 ^ _46_/CLK (sky130_fd_sc_hd__dfrtp_2)
     5    0.053622    0.197272    0.366864    0.366864 ^ _46_/Q (sky130_fd_sc_hd__dfrtp_2)
                                                         q[0] (net)
                      0.197272    0.000000    0.366864 ^ q[0] (out)
                                              0.366864   data arrival time

                      0.150000   20.000000   20.000000   clock clk (rise edge)
                                  0.000000   20.000000   clock network delay (ideal)
                                 -0.250000   19.750002   clock uncertainty
                                  0.000000   19.750002   clock reconvergence pessimism
                                 -4.000000   15.750001   output external delay
                                             15.750001   data required time
---------------------------------------------------------------------------------------------
                                             15.750001   data required time
                                             -0.366864   data arrival time
---------------------------------------------------------------------------------------------
                                             15.383137   slack (MET)




===========================================================================
report_checks --slack_max -0.01
============================================================================
======================= nom_ff_n40C_1v95 Corner ===================================

No paths found.


===========================================================================
 report_check_types -max_slew -max_cap -max_fanout -violators
============================================================================
======================= nom_ff_n40C_1v95 Corner ===================================



===========================================================================
report_parasitic_annotation -report_unannotated
============================================================================
Found 33 unannotated drivers.
 clk
 rst
 _23_/Y
 _24_/Y
 _25_/X
 _26_/X
 _27_/Y
 _28_/Y
 _29_/Y
 _30_/X
 _31_/X
 _32_/Y
 _33_/X
 _34_/X
 _35_/X
 _36_/Y
 _37_/Y
 _38_/X
 _39_/Y
 _40_/Y
 _41_/Y
 _42_/Y
 _43_/Y
 _44_/Y
 _45_/Y
 _46_/Q
 _47_/Q
 _48_/Q
 _49_/Q
 _50_/Q
 _51_/Q
 _52_/Q
 _53_/Q
Found 0 partially unannotated drivers.

===========================================================================
max slew violation count 0
max fanout violation count 0
max cap violation count 0
============================================================================

===========================================================================
check_setup -verbose -unconstrained_endpoints -multiple_clock -no_clock -no_input_delay -loops -generated_clocks
===========================================================================
