
===========================================================================
report_checks -unconstrained
===========================================================================
======================= nom_tt_025C_1v80 Corner ===================================

Startpoint: rst (input port clocked by clk)
Endpoint: _52_ (recovery check against rising-edge clock clk)
Path Group: asynchronous
Path Type: max

Fanout         Cap        Slew       Delay        Time   Description
---------------------------------------------------------------------------------------------
                                  0.000000    0.000000   clock clk (rise edge)
                                  0.000000    0.000000   clock network delay (propagated)
                                  4.000000    4.000000 v input external delay
     1    0.003300    0.009793    0.005280    4.005280 v rst (in)
                                                         rst (net)
                      0.009793    0.000000    4.005280 v input1/A (sky130_fd_sc_hd__clkbuf_4)
     8    0.041398    0.092597    0.177869    4.183149 v input1/X (sky130_fd_sc_hd__clkbuf_4)
                                                         net1 (net)
                      0.092604    0.000842    4.183991 v _44_/A (sky130_fd_sc_hd__inv_2)
     1    0.006563    0.044893    0.071631    4.255622 ^ _44_/Y (sky130_fd_sc_hd__inv_2)
                                                         _14_ (net)
                      0.044894    0.000258    4.255880 ^ _52_/RESET_B (sky130_fd_sc_hd__dfrtp_1)
                                              4.255880   data arrival time

                                 20.000000   20.000000   clock clk (rise edge)
                                  0.000000   20.000000   clock source latency
     1    0.009713    0.050145    0.033124   20.033125 ^ clk (in)
                                                         clk (net)
                      0.050146    0.000000   20.033125 ^ clkbuf_0_clk/A (sky130_fd_sc_hd__clkbuf_16)
     2    0.019274    0.041222    0.126423   20.159548 ^ clkbuf_0_clk/X (sky130_fd_sc_hd__clkbuf_16)
                                                         clknet_0_clk (net)
                      0.041225    0.000666   20.160213 ^ clkbuf_1_1__f_clk/A (sky130_fd_sc_hd__clkbuf_16)
     4    0.010622    0.033874    0.115037   20.275251 ^ clkbuf_1_1__f_clk/X (sky130_fd_sc_hd__clkbuf_16)
                                                         clknet_1_1__leaf_clk (net)
                      0.033874    0.000313   20.275562 ^ _52_/CLK (sky130_fd_sc_hd__dfrtp_1)
                                 -0.250000   20.025564   clock uncertainty
                                  0.000000   20.025564   clock reconvergence pessimism
                                  0.226949   20.252514   library recovery time
                                             20.252514   data required time
---------------------------------------------------------------------------------------------
                                             20.252514   data required time
                                             -4.255880   data arrival time
---------------------------------------------------------------------------------------------
                                             15.996634   slack (MET)


Startpoint: _47_ (rising edge-triggered flip-flop clocked by clk)
Endpoint: q[1] (output port clocked by clk)
Path Group: clk
Path Type: max

Fanout         Cap        Slew       Delay        Time   Description
---------------------------------------------------------------------------------------------
                                  0.000000    0.000000   clock clk (rise edge)
                                  0.000000    0.000000   clock source latency
     1    0.009713    0.050145    0.033123    0.033123 ^ clk (in)
                                                         clk (net)
                      0.050146    0.000000    0.033123 ^ clkbuf_0_clk/A (sky130_fd_sc_hd__clkbuf_16)
     2    0.019274    0.041222    0.126425    0.159548 ^ clkbuf_0_clk/X (sky130_fd_sc_hd__clkbuf_16)
                                                         clknet_0_clk (net)
                      0.041225    0.000667    0.160214 ^ clkbuf_1_0__f_clk/A (sky130_fd_sc_hd__clkbuf_16)
     4    0.010849    0.034067    0.115254    0.275468 ^ clkbuf_1_0__f_clk/X (sky130_fd_sc_hd__clkbuf_16)
                                                         clknet_1_0__leaf_clk (net)
                      0.034067    0.000312    0.275780 ^ _47_/CLK (sky130_fd_sc_hd__dfrtp_1)
     4    0.011411    0.111784    0.367557    0.643337 ^ _47_/Q (sky130_fd_sc_hd__dfrtp_1)
                                                         net3 (net)
                      0.111784    0.000203    0.643540 ^ output3/A (sky130_fd_sc_hd__buf_2)
     1    0.035863    0.178078    0.227537    0.871076 ^ output3/X (sky130_fd_sc_hd__buf_2)
                                                         q[1] (net)
                      0.178086    0.001316    0.872393 ^ q[1] (out)
                                              0.872393   data arrival time

                                 20.000000   20.000000   clock clk (rise edge)
                                  0.000000   20.000000   clock network delay (propagated)
                                 -0.250000   19.750002   clock uncertainty
                                  0.000000   19.750002   clock reconvergence pessimism
                                 -4.000000   15.750001   output external delay
                                             15.750001   data required time
---------------------------------------------------------------------------------------------
                                             15.750001   data required time
                                             -0.872393   data arrival time
---------------------------------------------------------------------------------------------
                                             14.877608   slack (MET)




===========================================================================
report_checks --slack_max -0.01
============================================================================
======================= nom_tt_025C_1v80 Corner ===================================

No paths found.


===========================================================================
 report_check_types -max_slew -max_cap -max_fanout -violators
============================================================================
======================= nom_tt_025C_1v80 Corner ===================================



===========================================================================
report_parasitic_annotation -report_unannotated
============================================================================
Found 0 unannotated drivers.
Found 0 partially unannotated drivers.

===========================================================================
max slew violation count 0
Writing metric design__max_slew_violation__count__corner:nom_tt_025C_1v80: 0
max fanout violation count 0
Writing metric design__max_fanout_violation__count__corner:nom_tt_025C_1v80: 0
max cap violation count 0
Writing metric design__max_cap_violation__count__corner:nom_tt_025C_1v80: 0
============================================================================

===========================================================================
check_setup -verbose -unconstrained_endpoints -multiple_clock -no_clock -no_input_delay -loops -generated_clocks
===========================================================================
