Clock: clk
Sources: clk 
Generated: no
Virtual: yes
Propagated: no
Period: 20.000000

===========================================================================
report_clock_properties
============================================================================
Clock                   Period          Waveform
----------------------------------------------------
clk                  20.000000    0.000000 10.000000

===========================================================================
report_clock_latency
============================================================================
Clock clk
rise -> rise
    min     max
0.000000 0.000000 source latency
0.486851         network latency _53_/CLK
        0.487933 network latency _49_/CLK
---------------
0.486851 0.487933 latency
        0.001082 skew

fall -> fall
    min     max
0.000000 0.000000 source latency
0.510844         network latency _53_/CLK
        0.511772 network latency _49_/CLK
---------------
0.510844 0.511772 latency
        0.000928 skew



===========================================================================
report_clock_min_period
============================================================================
clk period_min = 3.90 fmax = 256.20
