
===========================================================================
report_checks -path_delay min (Hold)
============================================================================
======================= nom_ss_100C_1v60 Corner ===================================

Startpoint: _49_ (rising edge-triggered flip-flop clocked by clk)
Endpoint: _50_ (rising edge-triggered flip-flop clocked by clk)
Path Group: clk
Path Type: min

Fanout         Cap        Slew       Delay        Time   Description
---------------------------------------------------------------------------------------------
                                  0.000000    0.000000   clock clk (rise edge)
                                  0.000000    0.000000   clock source latency
     1    0.009869    0.080229    0.051767    0.051767 ^ clk (in)
                                                         clk (net)
                      0.080230    0.000000    0.051767 ^ clkbuf_0_clk/A (sky130_fd_sc_hd__clkbuf_16)
     2    0.020299    0.067802    0.226521    0.278288 ^ clkbuf_0_clk/X (sky130_fd_sc_hd__clkbuf_16)
                                                         clknet_0_clk (net)
                      0.067819    0.000577    0.278865 ^ clkbuf_1_0__f_clk/A (sky130_fd_sc_hd__clkbuf_16)
     4    0.011637    0.056995    0.208687    0.487551 ^ clkbuf_1_0__f_clk/X (sky130_fd_sc_hd__clkbuf_16)
                                                         clknet_1_0__leaf_clk (net)
                      0.056995    0.000381    0.487933 ^ _49_/CLK (sky130_fd_sc_hd__dfrtp_1)
     5    0.011016    0.147739    0.806308    1.294241 v _49_/Q (sky130_fd_sc_hd__dfrtp_1)
                                                         net5 (net)
                      0.147739    0.000326    1.294567 v _29_/A (sky130_fd_sc_hd__nand2_1)
     1    0.005648    0.105259    0.154104    1.448671 ^ _29_/Y (sky130_fd_sc_hd__nand2_1)
                                                         _18_ (net)
                      0.105259    0.000186    1.448858 ^ _32_/B (sky130_fd_sc_hd__xnor2_1)
     1    0.002050    0.062108    0.120537    1.569395 v _32_/Y (sky130_fd_sc_hd__xnor2_1)
                                                         _04_ (net)
                      0.062108    0.000058    1.569453 v _50_/D (sky130_fd_sc_hd__dfrtp_1)
                                              1.569453   data arrival time

                                  0.000000    0.000000   clock clk (rise edge)
                                  0.000000    0.000000   clock source latency
     1    0.009869    0.080229    0.051767    0.051767 ^ clk (in)
                                                         clk (net)
                      0.080230    0.000000    0.051767 ^ clkbuf_0_clk/A (sky130_fd_sc_hd__clkbuf_16)
     2    0.020299    0.067802    0.226521    0.278288 ^ clkbuf_0_clk/X (sky130_fd_sc_hd__clkbuf_16)
                                                         clknet_0_clk (net)
                      0.067818    0.000554    0.278842 ^ clkbuf_1_1__f_clk/A (sky130_fd_sc_hd__clkbuf_16)
     4    0.010995    0.056187    0.207770    0.486612 ^ clkbuf_1_1__f_clk/X (sky130_fd_sc_hd__clkbuf_16)
                                                         clknet_1_1__leaf_clk (net)
                      0.056187    0.000378    0.486990 ^ _50_/CLK (sky130_fd_sc_hd__dfrtp_1)
                                  0.250000    0.736990   clock uncertainty
                                  0.000000    0.736990   clock reconvergence pessimism
                                 -0.097662    0.639328   library hold time
                                              0.639328   data required time
---------------------------------------------------------------------------------------------
                                              0.639328   data required time
                                             -1.569453   data arrival time
---------------------------------------------------------------------------------------------
                                              0.930125   slack (MET)


Startpoint: _52_ (rising edge-triggered flip-flop clocked by clk)
Endpoint: _52_ (rising edge-triggered flip-flop clocked by clk)
Path Group: clk
Path Type: min

Fanout         Cap        Slew       Delay        Time   Description
---------------------------------------------------------------------------------------------
                                  0.000000    0.000000   clock clk (rise edge)
                                  0.000000    0.000000   clock source latency
     1    0.009869    0.080229    0.051767    0.051767 ^ clk (in)
                                                         clk (net)
                      0.080230    0.000000    0.051767 ^ clkbuf_0_clk/A (sky130_fd_sc_hd__clkbuf_16)
     2    0.020299    0.067802    0.226521    0.278288 ^ clkbuf_0_clk/X (sky130_fd_sc_hd__clkbuf_16)
                                                         clknet_0_clk (net)
                      0.067818    0.000554    0.278842 ^ clkbuf_1_1__f_clk/A (sky130_fd_sc_hd__clkbuf_16)
     4    0.010995    0.056187    0.207770    0.486612 ^ clkbuf_1_1__f_clk/X (sky130_fd_sc_hd__clkbuf_16)
                                                         clknet_1_1__leaf_clk (net)
                      0.056187    0.000295    0.486907 ^ _52_/CLK (sky130_fd_sc_hd__dfrtp_1)
     3    0.008065    0.141650    0.689462    1.176369 ^ _52_/Q (sky130_fd_sc_hd__dfrtp_1)
                                                         net8 (net)
                      0.141650    0.000129    1.176498 ^ _35_/A (sky130_fd_sc_hd__and3_1)
     2    0.008576    0.163049    0.374090    1.550589 ^ _35_/X (sky130_fd_sc_hd__and3_1)
                                                         _21_ (net)
                      0.163049    0.000242    1.550831 ^ _37_/A (sky130_fd_sc_hd__nor2_1)
     1    0.003289    0.060803    0.122530    1.673361 v _37_/Y (sky130_fd_sc_hd__nor2_1)
                                                         _06_ (net)
                      0.060803    0.000103    1.673464 v _52_/D (sky130_fd_sc_hd__dfrtp_1)
                                              1.673464   data arrival time

                                  0.000000    0.000000   clock clk (rise edge)
                                  0.000000    0.000000   clock source latency
     1    0.009869    0.080229    0.051767    0.051767 ^ clk (in)
                                                         clk (net)
                      0.080230    0.000000    0.051767 ^ clkbuf_0_clk/A (sky130_fd_sc_hd__clkbuf_16)
     2    0.020299    0.067802    0.226521    0.278288 ^ clkbuf_0_clk/X (sky130_fd_sc_hd__clkbuf_16)
                                                         clknet_0_clk (net)
                      0.067818    0.000554    0.278842 ^ clkbuf_1_1__f_clk/A (sky130_fd_sc_hd__clkbuf_16)
     4    0.010995    0.056187    0.207770    0.486612 ^ clkbuf_1_1__f_clk/X (sky130_fd_sc_hd__clkbuf_16)
                                                         clknet_1_1__leaf_clk (net)
                      0.056187    0.000295    0.486907 ^ _52_/CLK (sky130_fd_sc_hd__dfrtp_1)
                                  0.250000    0.736907   clock uncertainty
                                  0.000000    0.736907   clock reconvergence pessimism
                                 -0.097178    0.639728   library hold time
                                              0.639728   data required time
---------------------------------------------------------------------------------------------
                                              0.639728   data required time
                                             -1.673464   data arrival time
---------------------------------------------------------------------------------------------
                                              1.033735   slack (MET)


Startpoint: _52_ (rising edge-triggered flip-flop clocked by clk)
Endpoint: _53_ (rising edge-triggered flip-flop clocked by clk)
Path Group: clk
Path Type: min

Fanout         Cap        Slew       Delay        Time   Description
---------------------------------------------------------------------------------------------
                                  0.000000    0.000000   clock clk (rise edge)
                                  0.000000    0.000000   clock source latency
     1    0.009869    0.080229    0.051767    0.051767 ^ clk (in)
                                                         clk (net)
                      0.080230    0.000000    0.051767 ^ clkbuf_0_clk/A (sky130_fd_sc_hd__clkbuf_16)
     2    0.020299    0.067802    0.226521    0.278288 ^ clkbuf_0_clk/X (sky130_fd_sc_hd__clkbuf_16)
                                                         clknet_0_clk (net)
                      0.067818    0.000554    0.278842 ^ clkbuf_1_1__f_clk/A (sky130_fd_sc_hd__clkbuf_16)
     4    0.010995    0.056187    0.207770    0.486612 ^ clkbuf_1_1__f_clk/X (sky130_fd_sc_hd__clkbuf_16)
                                                         clknet_1_1__leaf_clk (net)
                      0.056187    0.000295    0.486907 ^ _52_/CLK (sky130_fd_sc_hd__dfrtp_1)
     3    0.008065    0.141650    0.689462    1.176369 ^ _52_/Q (sky130_fd_sc_hd__dfrtp_1)
                                                         net8 (net)
                      0.141650    0.000129    1.176498 ^ _35_/A (sky130_fd_sc_hd__and3_1)
     2    0.008576    0.163049    0.374090    1.550589 ^ _35_/X (sky130_fd_sc_hd__and3_1)
                                                         _21_ (net)
                      0.163049    0.000254    1.550842 ^ _38_/B (sky130_fd_sc_hd__xor2_1)
     1    0.002469    0.065086    0.153100    1.703942 v _38_/X (sky130_fd_sc_hd__xor2_1)
                                                         _07_ (net)
                      0.065086    0.000071    1.704013 v _53_/D (sky130_fd_sc_hd__dfrtp_1)
                                              1.704013   data arrival time

                                  0.000000    0.000000   clock clk (rise edge)
                                  0.000000    0.000000   clock source latency
     1    0.009869    0.080229    0.051767    0.051767 ^ clk (in)
                                                         clk (net)
                      0.080230    0.000000    0.051767 ^ clkbuf_0_clk/A (sky130_fd_sc_hd__clkbuf_16)
     2    0.020299    0.067802    0.226521    0.278288 ^ clkbuf_0_clk/X (sky130_fd_sc_hd__clkbuf_16)
                                                         clknet_0_clk (net)
                      0.067818    0.000554    0.278842 ^ clkbuf_1_1__f_clk/A (sky130_fd_sc_hd__clkbuf_16)
     4    0.010995    0.056187    0.207770    0.486612 ^ clkbuf_1_1__f_clk/X (sky130_fd_sc_hd__clkbuf_16)
                                                         clknet_1_1__leaf_clk (net)
                      0.056187    0.000239    0.486851 ^ _53_/CLK (sky130_fd_sc_hd__dfrtp_1)
                                  0.250000    0.736851   clock uncertainty
                                  0.000000    0.736851   clock reconvergence pessimism
                                 -0.098768    0.638083   library hold time
                                              0.638083   data required time
---------------------------------------------------------------------------------------------
                                              0.638083   data required time
                                             -1.704013   data arrival time
---------------------------------------------------------------------------------------------
                                              1.065930   slack (MET)


Startpoint: _49_ (rising edge-triggered flip-flop clocked by clk)
Endpoint: _51_ (rising edge-triggered flip-flop clocked by clk)
Path Group: clk
Path Type: min

Fanout         Cap        Slew       Delay        Time   Description
---------------------------------------------------------------------------------------------
                                  0.000000    0.000000   clock clk (rise edge)
                                  0.000000    0.000000   clock source latency
     1    0.009869    0.080229    0.051767    0.051767 ^ clk (in)
                                                         clk (net)
                      0.080230    0.000000    0.051767 ^ clkbuf_0_clk/A (sky130_fd_sc_hd__clkbuf_16)
     2    0.020299    0.067802    0.226521    0.278288 ^ clkbuf_0_clk/X (sky130_fd_sc_hd__clkbuf_16)
                                                         clknet_0_clk (net)
                      0.067819    0.000577    0.278865 ^ clkbuf_1_0__f_clk/A (sky130_fd_sc_hd__clkbuf_16)
     4    0.011637    0.056995    0.208687    0.487551 ^ clkbuf_1_0__f_clk/X (sky130_fd_sc_hd__clkbuf_16)
                                                         clknet_1_0__leaf_clk (net)
                      0.056995    0.000381    0.487933 ^ _49_/CLK (sky130_fd_sc_hd__dfrtp_1)
     5    0.011429    0.183679    0.725268    1.213200 ^ _49_/Q (sky130_fd_sc_hd__dfrtp_1)
                                                         net5 (net)
                      0.183679    0.000292    1.213492 ^ _31_/A (sky130_fd_sc_hd__and3_1)
     1    0.002352    0.080999    0.311725    1.525217 ^ _31_/X (sky130_fd_sc_hd__and3_1)
                                                         _19_ (net)
                      0.080999    0.000067    1.525284 ^ _34_/B1 (sky130_fd_sc_hd__o2bb2a_1)
     1    0.002344    0.071582    0.265294    1.790579 ^ _34_/X (sky130_fd_sc_hd__o2bb2a_1)
                                                         _05_ (net)
                      0.071582    0.000066    1.790645 ^ _51_/D (sky130_fd_sc_hd__dfrtp_1)
                                              1.790645   data arrival time

                                  0.000000    0.000000   clock clk (rise edge)
                                  0.000000    0.000000   clock source latency
     1    0.009869    0.080229    0.051767    0.051767 ^ clk (in)
                                                         clk (net)
                      0.080230    0.000000    0.051767 ^ clkbuf_0_clk/A (sky130_fd_sc_hd__clkbuf_16)
     2    0.020299    0.067802    0.226521    0.278288 ^ clkbuf_0_clk/X (sky130_fd_sc_hd__clkbuf_16)
                                                         clknet_0_clk (net)
                      0.067818    0.000554    0.278842 ^ clkbuf_1_1__f_clk/A (sky130_fd_sc_hd__clkbuf_16)
     4    0.010995    0.056187    0.207770    0.486612 ^ clkbuf_1_1__f_clk/X (sky130_fd_sc_hd__clkbuf_16)
                                                         clknet_1_1__leaf_clk (net)
                      0.056187    0.000354    0.486966 ^ _51_/CLK (sky130_fd_sc_hd__dfrtp_1)
                                  0.250000    0.736966   clock uncertainty
                                  0.000000    0.736966   clock reconvergence pessimism
                                 -0.079568    0.657398   library hold time
                                              0.657398   data required time
---------------------------------------------------------------------------------------------
                                              0.657398   data required time
                                             -1.790645   data arrival time
---------------------------------------------------------------------------------------------
                                              1.133247   slack (MET)


Startpoint: _48_ (rising edge-triggered flip-flop clocked by clk)
Endpoint: _48_ (rising edge-triggered flip-flop clocked by clk)
Path Group: clk
Path Type: min

Fanout         Cap        Slew       Delay        Time   Description
---------------------------------------------------------------------------------------------
                                  0.000000    0.000000   clock clk (rise edge)
                                  0.000000    0.000000   clock source latency
     1    0.009869    0.080229    0.051767    0.051767 ^ clk (in)
                                                         clk (net)
                      0.080230    0.000000    0.051767 ^ clkbuf_0_clk/A (sky130_fd_sc_hd__clkbuf_16)
     2    0.020299    0.067802    0.226521    0.278288 ^ clkbuf_0_clk/X (sky130_fd_sc_hd__clkbuf_16)
                                                         clknet_0_clk (net)
                      0.067819    0.000577    0.278865 ^ clkbuf_1_0__f_clk/A (sky130_fd_sc_hd__clkbuf_16)
     4    0.011637    0.056995    0.208687    0.487551 ^ clkbuf_1_0__f_clk/X (sky130_fd_sc_hd__clkbuf_16)
                                                         clknet_1_0__leaf_clk (net)
                      0.056995    0.000234    0.487785 ^ _48_/CLK (sky130_fd_sc_hd__dfrtp_1)
     3    0.009462    0.158987    0.704526    1.192311 ^ _48_/Q (sky130_fd_sc_hd__dfrtp_1)
                                                         net4 (net)
                      0.158987    0.000225    1.192536 ^ _26_/C (sky130_fd_sc_hd__and3_2)
     7    0.024419    0.230968    0.542640    1.735176 ^ _26_/X (sky130_fd_sc_hd__and3_2)
                                                         _16_ (net)
                      0.230969    0.001091    1.736267 ^ _28_/A (sky130_fd_sc_hd__nor2_1)
     1    0.002824    0.042517    0.146821    1.883088 v _28_/Y (sky130_fd_sc_hd__nor2_1)
                                                         _02_ (net)
                      0.042517    0.000062    1.883151 v _48_/D (sky130_fd_sc_hd__dfrtp_1)
                                              1.883151   data arrival time

                                  0.000000    0.000000   clock clk (rise edge)
                                  0.000000    0.000000   clock source latency
     1    0.009869    0.080229    0.051767    0.051767 ^ clk (in)
                                                         clk (net)
                      0.080230    0.000000    0.051767 ^ clkbuf_0_clk/A (sky130_fd_sc_hd__clkbuf_16)
     2    0.020299    0.067802    0.226521    0.278288 ^ clkbuf_0_clk/X (sky130_fd_sc_hd__clkbuf_16)
                                                         clknet_0_clk (net)
                      0.067819    0.000577    0.278865 ^ clkbuf_1_0__f_clk/A (sky130_fd_sc_hd__clkbuf_16)
     4    0.011637    0.056995    0.208687    0.487551 ^ clkbuf_1_0__f_clk/X (sky130_fd_sc_hd__clkbuf_16)
                                                         clknet_1_0__leaf_clk (net)
                      0.056995    0.000234    0.487785 ^ _48_/CLK (sky130_fd_sc_hd__dfrtp_1)
                                  0.250000    0.737785   clock uncertainty
                                  0.000000    0.737785   clock reconvergence pessimism
                                 -0.090193    0.647592   library hold time
                                              0.647592   data required time
---------------------------------------------------------------------------------------------
                                              0.647592   data required time
                                             -1.883151   data arrival time
---------------------------------------------------------------------------------------------
                                              1.235559   slack (MET)


Startpoint: _48_ (rising edge-triggered flip-flop clocked by clk)
Endpoint: _49_ (rising edge-triggered flip-flop clocked by clk)
Path Group: clk
Path Type: min

Fanout         Cap        Slew       Delay        Time   Description
---------------------------------------------------------------------------------------------
                                  0.000000    0.000000   clock clk (rise edge)
                                  0.000000    0.000000   clock source latency
     1    0.009869    0.080229    0.051767    0.051767 ^ clk (in)
                                                         clk (net)
                      0.080230    0.000000    0.051767 ^ clkbuf_0_clk/A (sky130_fd_sc_hd__clkbuf_16)
     2    0.020299    0.067802    0.226521    0.278288 ^ clkbuf_0_clk/X (sky130_fd_sc_hd__clkbuf_16)
                                                         clknet_0_clk (net)
                      0.067819    0.000577    0.278865 ^ clkbuf_1_0__f_clk/A (sky130_fd_sc_hd__clkbuf_16)
     4    0.011637    0.056995    0.208687    0.487551 ^ clkbuf_1_0__f_clk/X (sky130_fd_sc_hd__clkbuf_16)
                                                         clknet_1_0__leaf_clk (net)
                      0.056995    0.000234    0.487785 ^ _48_/CLK (sky130_fd_sc_hd__dfrtp_1)
     3    0.009462    0.158987    0.704526    1.192311 ^ _48_/Q (sky130_fd_sc_hd__dfrtp_1)
                                                         net4 (net)
                      0.158987    0.000225    1.192536 ^ _26_/C (sky130_fd_sc_hd__and3_2)
     7    0.024419    0.230968    0.542640    1.735176 ^ _26_/X (sky130_fd_sc_hd__and3_2)
                                                         _16_ (net)
                      0.230970    0.001166    1.736342 ^ _30_/B (sky130_fd_sc_hd__xor2_1)
     1    0.002225    0.063271    0.177641    1.913983 v _30_/X (sky130_fd_sc_hd__xor2_1)
                                                         _03_ (net)
                      0.063271    0.000062    1.914045 v _49_/D (sky130_fd_sc_hd__dfrtp_1)
                                              1.914045   data arrival time

                                  0.000000    0.000000   clock clk (rise edge)
                                  0.000000    0.000000   clock source latency
     1    0.009869    0.080229    0.051767    0.051767 ^ clk (in)
                                                         clk (net)
                      0.080230    0.000000    0.051767 ^ clkbuf_0_clk/A (sky130_fd_sc_hd__clkbuf_16)
     2    0.020299    0.067802    0.226521    0.278288 ^ clkbuf_0_clk/X (sky130_fd_sc_hd__clkbuf_16)
                                                         clknet_0_clk (net)
                      0.067819    0.000577    0.278865 ^ clkbuf_1_0__f_clk/A (sky130_fd_sc_hd__clkbuf_16)
     4    0.011637    0.056995    0.208687    0.487551 ^ clkbuf_1_0__f_clk/X (sky130_fd_sc_hd__clkbuf_16)
                                                         clknet_1_0__leaf_clk (net)
                      0.056995    0.000381    0.487933 ^ _49_/CLK (sky130_fd_sc_hd__dfrtp_1)
                                  0.250000    0.737933   clock uncertainty
                                  0.000000    0.737933   clock reconvergence pessimism
                                 -0.097897    0.640035   library hold time
                                              0.640035   data required time
---------------------------------------------------------------------------------------------
                                              0.640035   data required time
                                             -1.914045   data arrival time
---------------------------------------------------------------------------------------------
                                              1.274010   slack (MET)


Startpoint: _47_ (rising edge-triggered flip-flop clocked by clk)
Endpoint: _47_ (rising edge-triggered flip-flop clocked by clk)
Path Group: clk
Path Type: min

Fanout         Cap        Slew       Delay        Time   Description
---------------------------------------------------------------------------------------------
                                  0.000000    0.000000   clock clk (rise edge)
                                  0.000000    0.000000   clock source latency
     1    0.009869    0.080229    0.051767    0.051767 ^ clk (in)
                                                         clk (net)
                      0.080230    0.000000    0.051767 ^ clkbuf_0_clk/A (sky130_fd_sc_hd__clkbuf_16)
     2    0.020299    0.067802    0.226521    0.278288 ^ clkbuf_0_clk/X (sky130_fd_sc_hd__clkbuf_16)
                                                         clknet_0_clk (net)
                      0.067819    0.000577    0.278865 ^ clkbuf_1_0__f_clk/A (sky130_fd_sc_hd__clkbuf_16)
     4    0.011637    0.056995    0.208687    0.487551 ^ clkbuf_1_0__f_clk/X (sky130_fd_sc_hd__clkbuf_16)
                                                         clknet_1_0__leaf_clk (net)
                      0.056995    0.000252    0.487804 ^ _47_/CLK (sky130_fd_sc_hd__dfrtp_1)
     4    0.012060    0.191632    0.731968    1.219771 ^ _47_/Q (sky130_fd_sc_hd__dfrtp_1)
                                                         net3 (net)
                      0.191632    0.000232    1.220003 ^ hold3/A (sky130_fd_sc_hd__dlygate4sd3_1)
     1    0.005890    0.133306    1.131548    2.351551 ^ hold3/X (sky130_fd_sc_hd__dlygate4sd3_1)
                                                         net12 (net)
                      0.133306    0.000189    2.351740 ^ _25_/B (sky130_fd_sc_hd__xor2_1)
     1    0.002123    0.062558    0.136716    2.488456 v _25_/X (sky130_fd_sc_hd__xor2_1)
                                                         _01_ (net)
                      0.062558    0.000042    2.488498 v _47_/D (sky130_fd_sc_hd__dfrtp_1)
                                              2.488498   data arrival time

                                  0.000000    0.000000   clock clk (rise edge)
                                  0.000000    0.000000   clock source latency
     1    0.009869    0.080229    0.051767    0.051767 ^ clk (in)
                                                         clk (net)
                      0.080230    0.000000    0.051767 ^ clkbuf_0_clk/A (sky130_fd_sc_hd__clkbuf_16)
     2    0.020299    0.067802    0.226521    0.278288 ^ clkbuf_0_clk/X (sky130_fd_sc_hd__clkbuf_16)
                                                         clknet_0_clk (net)
                      0.067819    0.000577    0.278865 ^ clkbuf_1_0__f_clk/A (sky130_fd_sc_hd__clkbuf_16)
     4    0.011637    0.056995    0.208687    0.487551 ^ clkbuf_1_0__f_clk/X (sky130_fd_sc_hd__clkbuf_16)
                                                         clknet_1_0__leaf_clk (net)
                      0.056995    0.000252    0.487804 ^ _47_/CLK (sky130_fd_sc_hd__dfrtp_1)
                                  0.250000    0.737804   clock uncertainty
                                  0.000000    0.737804   clock reconvergence pessimism
                                 -0.097633    0.640171   library hold time
                                              0.640171   data required time
---------------------------------------------------------------------------------------------
                                              0.640171   data required time
                                             -2.488498   data arrival time
---------------------------------------------------------------------------------------------
                                              1.848327   slack (MET)


Startpoint: _46_ (rising edge-triggered flip-flop clocked by clk)
Endpoint: _46_ (rising edge-triggered flip-flop clocked by clk)
Path Group: clk
Path Type: min

Fanout         Cap        Slew       Delay        Time   Description
---------------------------------------------------------------------------------------------
                                  0.000000    0.000000   clock clk (rise edge)
                                  0.000000    0.000000   clock source latency
     1    0.009869    0.080229    0.051767    0.051767 ^ clk (in)
                                                         clk (net)
                      0.080230    0.000000    0.051767 ^ clkbuf_0_clk/A (sky130_fd_sc_hd__clkbuf_16)
     2    0.020299    0.067802    0.226521    0.278288 ^ clkbuf_0_clk/X (sky130_fd_sc_hd__clkbuf_16)
                                                         clknet_0_clk (net)
                      0.067819    0.000577    0.278865 ^ clkbuf_1_0__f_clk/A (sky130_fd_sc_hd__clkbuf_16)
     4    0.011637    0.056995    0.208687    0.487551 ^ clkbuf_1_0__f_clk/X (sky130_fd_sc_hd__clkbuf_16)
                                                         clknet_1_0__leaf_clk (net)
                      0.056995    0.000337    0.487888 ^ _46_/CLK (sky130_fd_sc_hd__dfrtp_1)
     4    0.011596    0.185787    0.727042    1.214930 ^ _46_/Q (sky130_fd_sc_hd__dfrtp_1)
                                                         net2 (net)
                      0.185787    0.000275    1.215205 ^ hold2/A (sky130_fd_sc_hd__dlygate4sd3_1)
     2    0.011261    0.207082    1.193651    2.408856 ^ hold2/X (sky130_fd_sc_hd__dlygate4sd3_1)
                                                         net11 (net)
                      0.207082    0.000327    2.409183 ^ _23_/A (sky130_fd_sc_hd__inv_2)
     1    0.002734    0.045144    0.093771    2.502954 v _23_/Y (sky130_fd_sc_hd__inv_2)
                                                         _00_ (net)
                      0.045144    0.000082    2.503036 v _46_/D (sky130_fd_sc_hd__dfrtp_1)
                                              2.503036   data arrival time

                                  0.000000    0.000000   clock clk (rise edge)
                                  0.000000    0.000000   clock source latency
     1    0.009869    0.080229    0.051767    0.051767 ^ clk (in)
                                                         clk (net)
                      0.080230    0.000000    0.051767 ^ clkbuf_0_clk/A (sky130_fd_sc_hd__clkbuf_16)
     2    0.020299    0.067802    0.226521    0.278288 ^ clkbuf_0_clk/X (sky130_fd_sc_hd__clkbuf_16)
                                                         clknet_0_clk (net)
                      0.067819    0.000577    0.278865 ^ clkbuf_1_0__f_clk/A (sky130_fd_sc_hd__clkbuf_16)
     4    0.011637    0.056995    0.208687    0.487551 ^ clkbuf_1_0__f_clk/X (sky130_fd_sc_hd__clkbuf_16)
                                                         clknet_1_0__leaf_clk (net)
                      0.056995    0.000337    0.487888 ^ _46_/CLK (sky130_fd_sc_hd__dfrtp_1)
                                  0.250000    0.737888   clock uncertainty
                                  0.000000    0.737888   clock reconvergence pessimism
                                 -0.091168    0.646720   library hold time
                                              0.646720   data required time
---------------------------------------------------------------------------------------------
                                              0.646720   data required time
                                             -2.503036   data arrival time
---------------------------------------------------------------------------------------------
                                              1.856316   slack (MET)


Startpoint: rst (input port clocked by clk)
Endpoint: _49_ (removal check against rising-edge clock clk)
Path Group: asynchronous
Path Type: min

Fanout         Cap        Slew       Delay        Time   Description
---------------------------------------------------------------------------------------------
                                  0.000000    0.000000   clock clk (rise edge)
                                  0.000000    0.000000   clock network delay (propagated)
                                  4.000000    4.000000 v input external delay
     1    0.003272    0.020276    0.010719    4.010719 v rst (in)
                                                         rst (net)
                      0.020276    0.000000    4.010719 v input1/A (sky130_fd_sc_hd__clkbuf_4)
     8    0.043501    0.168027    0.324533    4.335252 v input1/X (sky130_fd_sc_hd__clkbuf_4)
                                                         net1 (net)
                      0.168037    0.001467    4.336719 v _41_/A (sky130_fd_sc_hd__inv_2)
     1    0.003544    0.058370    0.106678    4.443397 ^ _41_/Y (sky130_fd_sc_hd__inv_2)
                                                         _11_ (net)
                      0.058370    0.000069    4.443466 ^ _49_/RESET_B (sky130_fd_sc_hd__dfrtp_1)
                                              4.443466   data arrival time

                                  0.000000    0.000000   clock clk (rise edge)
                                  0.000000    0.000000   clock source latency
     1    0.009869    0.080229    0.051767    0.051767 ^ clk (in)
                                                         clk (net)
                      0.080230    0.000000    0.051767 ^ clkbuf_0_clk/A (sky130_fd_sc_hd__clkbuf_16)
     2    0.020299    0.067802    0.226521    0.278288 ^ clkbuf_0_clk/X (sky130_fd_sc_hd__clkbuf_16)
                                                         clknet_0_clk (net)
                      0.067819    0.000577    0.278865 ^ clkbuf_1_0__f_clk/A (sky130_fd_sc_hd__clkbuf_16)
     4    0.011637    0.056995    0.208687    0.487551 ^ clkbuf_1_0__f_clk/X (sky130_fd_sc_hd__clkbuf_16)
                                                         clknet_1_0__leaf_clk (net)
                      0.056995    0.000381    0.487933 ^ _49_/CLK (sky130_fd_sc_hd__dfrtp_1)
                                  0.250000    0.737933   clock uncertainty
                                  0.000000    0.737933   clock reconvergence pessimism
                                  0.649957    1.387890   library removal time
                                              1.387890   data required time
---------------------------------------------------------------------------------------------
                                              1.387890   data required time
                                             -4.443466   data arrival time
---------------------------------------------------------------------------------------------
                                              3.055577   slack (MET)


Startpoint: rst (input port clocked by clk)
Endpoint: _48_ (removal check against rising-edge clock clk)
Path Group: asynchronous
Path Type: min

Fanout         Cap        Slew       Delay        Time   Description
---------------------------------------------------------------------------------------------
                                  0.000000    0.000000   clock clk (rise edge)
                                  0.000000    0.000000   clock network delay (propagated)
                                  4.000000    4.000000 v input external delay
     1    0.003272    0.020276    0.010719    4.010719 v rst (in)
                                                         rst (net)
                      0.020276    0.000000    4.010719 v input1/A (sky130_fd_sc_hd__clkbuf_4)
     8    0.043501    0.168027    0.324533    4.335252 v input1/X (sky130_fd_sc_hd__clkbuf_4)
                                                         net1 (net)
                      0.168034    0.001266    4.336518 v _40_/A (sky130_fd_sc_hd__inv_2)
     1    0.004569    0.064440    0.114727    4.451245 ^ _40_/Y (sky130_fd_sc_hd__inv_2)
                                                         _10_ (net)
                      0.064440    0.000065    4.451311 ^ _48_/RESET_B (sky130_fd_sc_hd__dfrtp_1)
                                              4.451311   data arrival time

                                  0.000000    0.000000   clock clk (rise edge)
                                  0.000000    0.000000   clock source latency
     1    0.009869    0.080229    0.051767    0.051767 ^ clk (in)
                                                         clk (net)
                      0.080230    0.000000    0.051767 ^ clkbuf_0_clk/A (sky130_fd_sc_hd__clkbuf_16)
     2    0.020299    0.067802    0.226521    0.278288 ^ clkbuf_0_clk/X (sky130_fd_sc_hd__clkbuf_16)
                                                         clknet_0_clk (net)
                      0.067819    0.000577    0.278865 ^ clkbuf_1_0__f_clk/A (sky130_fd_sc_hd__clkbuf_16)
     4    0.011637    0.056995    0.208687    0.487551 ^ clkbuf_1_0__f_clk/X (sky130_fd_sc_hd__clkbuf_16)
                                                         clknet_1_0__leaf_clk (net)
                      0.056995    0.000234    0.487785 ^ _48_/CLK (sky130_fd_sc_hd__dfrtp_1)
                                  0.250000    0.737785   clock uncertainty
                                  0.000000    0.737785   clock reconvergence pessimism
                                  0.651822    1.389607   library removal time
                                              1.389607   data required time
---------------------------------------------------------------------------------------------
                                              1.389607   data required time
                                             -4.451311   data arrival time
---------------------------------------------------------------------------------------------
                                              3.061703   slack (MET)


Startpoint: rst (input port clocked by clk)
Endpoint: _46_ (removal check against rising-edge clock clk)
Path Group: asynchronous
Path Type: min

Fanout         Cap        Slew       Delay        Time   Description
---------------------------------------------------------------------------------------------
                                  0.000000    0.000000   clock clk (rise edge)
                                  0.000000    0.000000   clock network delay (propagated)
                                  4.000000    4.000000 v input external delay
     1    0.003272    0.020276    0.010719    4.010719 v rst (in)
                                                         rst (net)
                      0.020276    0.000000    4.010719 v input1/A (sky130_fd_sc_hd__clkbuf_4)
     8    0.043501    0.168027    0.324533    4.335252 v input1/X (sky130_fd_sc_hd__clkbuf_4)
                                                         net1 (net)
                      0.168037    0.001442    4.336694 v _24_/A (sky130_fd_sc_hd__inv_2)
     1    0.004643    0.064890    0.115278    4.451972 ^ _24_/Y (sky130_fd_sc_hd__inv_2)
                                                         _08_ (net)
                      0.064890    0.000114    4.452086 ^ _46_/RESET_B (sky130_fd_sc_hd__dfrtp_1)
                                              4.452086   data arrival time

                                  0.000000    0.000000   clock clk (rise edge)
                                  0.000000    0.000000   clock source latency
     1    0.009869    0.080229    0.051767    0.051767 ^ clk (in)
                                                         clk (net)
                      0.080230    0.000000    0.051767 ^ clkbuf_0_clk/A (sky130_fd_sc_hd__clkbuf_16)
     2    0.020299    0.067802    0.226521    0.278288 ^ clkbuf_0_clk/X (sky130_fd_sc_hd__clkbuf_16)
                                                         clknet_0_clk (net)
                      0.067819    0.000577    0.278865 ^ clkbuf_1_0__f_clk/A (sky130_fd_sc_hd__clkbuf_16)
     4    0.011637    0.056995    0.208687    0.487551 ^ clkbuf_1_0__f_clk/X (sky130_fd_sc_hd__clkbuf_16)
                                                         clknet_1_0__leaf_clk (net)
                      0.056995    0.000337    0.487888 ^ _46_/CLK (sky130_fd_sc_hd__dfrtp_1)
                                  0.250000    0.737888   clock uncertainty
                                  0.000000    0.737888   clock reconvergence pessimism
                                  0.651960    1.389849   library removal time
                                              1.389849   data required time
---------------------------------------------------------------------------------------------
                                              1.389849   data required time
                                             -4.452086   data arrival time
---------------------------------------------------------------------------------------------
                                              3.062237   slack (MET)


Startpoint: rst (input port clocked by clk)
Endpoint: _51_ (removal check against rising-edge clock clk)
Path Group: asynchronous
Path Type: min

Fanout         Cap        Slew       Delay        Time   Description
---------------------------------------------------------------------------------------------
                                  0.000000    0.000000   clock clk (rise edge)
                                  0.000000    0.000000   clock network delay (propagated)
                                  4.000000    4.000000 v input external delay
     1    0.003272    0.020276    0.010719    4.010719 v rst (in)
                                                         rst (net)
                      0.020276    0.000000    4.010719 v input1/A (sky130_fd_sc_hd__clkbuf_4)
     8    0.043501    0.168027    0.324533    4.335252 v input1/X (sky130_fd_sc_hd__clkbuf_4)
                                                         net1 (net)
                      0.168030    0.000975    4.336227 v _43_/A (sky130_fd_sc_hd__inv_2)
     1    0.004537    0.064253    0.114456    4.450683 ^ _43_/Y (sky130_fd_sc_hd__inv_2)
                                                         _13_ (net)
                      0.064253    0.000107    4.450790 ^ _51_/RESET_B (sky130_fd_sc_hd__dfrtp_1)
                                              4.450790   data arrival time

                                  0.000000    0.000000   clock clk (rise edge)
                                  0.000000    0.000000   clock source latency
     1    0.009869    0.080229    0.051767    0.051767 ^ clk (in)
                                                         clk (net)
                      0.080230    0.000000    0.051767 ^ clkbuf_0_clk/A (sky130_fd_sc_hd__clkbuf_16)
     2    0.020299    0.067802    0.226521    0.278288 ^ clkbuf_0_clk/X (sky130_fd_sc_hd__clkbuf_16)
                                                         clknet_0_clk (net)
                      0.067818    0.000554    0.278842 ^ clkbuf_1_1__f_clk/A (sky130_fd_sc_hd__clkbuf_16)
     4    0.010995    0.056187    0.207770    0.486612 ^ clkbuf_1_1__f_clk/X (sky130_fd_sc_hd__clkbuf_16)
                                                         clknet_1_1__leaf_clk (net)
                      0.056187    0.000354    0.486966 ^ _51_/CLK (sky130_fd_sc_hd__dfrtp_1)
                                  0.250000    0.736966   clock uncertainty
                                  0.000000    0.736966   clock reconvergence pessimism
                                  0.651521    1.388487   library removal time
                                              1.388487   data required time
---------------------------------------------------------------------------------------------
                                              1.388487   data required time
                                             -4.450790   data arrival time
---------------------------------------------------------------------------------------------
                                              3.062304   slack (MET)


Startpoint: rst (input port clocked by clk)
Endpoint: _50_ (removal check against rising-edge clock clk)
Path Group: asynchronous
Path Type: min

Fanout         Cap        Slew       Delay        Time   Description
---------------------------------------------------------------------------------------------
                                  0.000000    0.000000   clock clk (rise edge)
                                  0.000000    0.000000   clock network delay (propagated)
                                  4.000000    4.000000 v input external delay
     1    0.003272    0.020276    0.010719    4.010719 v rst (in)
                                                         rst (net)
                      0.020276    0.000000    4.010719 v input1/A (sky130_fd_sc_hd__clkbuf_4)
     8    0.043501    0.168027    0.324533    4.335252 v input1/X (sky130_fd_sc_hd__clkbuf_4)
                                                         net1 (net)
                      0.168040    0.001592    4.336844 v _42_/A (sky130_fd_sc_hd__inv_2)
     1    0.005313    0.068927    0.120533    4.457378 ^ _42_/Y (sky130_fd_sc_hd__inv_2)
                                                         _12_ (net)
                      0.068927    0.000147    4.457525 ^ _50_/RESET_B (sky130_fd_sc_hd__dfrtp_1)
                                              4.457525   data arrival time

                                  0.000000    0.000000   clock clk (rise edge)
                                  0.000000    0.000000   clock source latency
     1    0.009869    0.080229    0.051767    0.051767 ^ clk (in)
                                                         clk (net)
                      0.080230    0.000000    0.051767 ^ clkbuf_0_clk/A (sky130_fd_sc_hd__clkbuf_16)
     2    0.020299    0.067802    0.226521    0.278288 ^ clkbuf_0_clk/X (sky130_fd_sc_hd__clkbuf_16)
                                                         clknet_0_clk (net)
                      0.067818    0.000554    0.278842 ^ clkbuf_1_1__f_clk/A (sky130_fd_sc_hd__clkbuf_16)
     4    0.010995    0.056187    0.207770    0.486612 ^ clkbuf_1_1__f_clk/X (sky130_fd_sc_hd__clkbuf_16)
                                                         clknet_1_1__leaf_clk (net)
                      0.056187    0.000378    0.486990 ^ _50_/CLK (sky130_fd_sc_hd__dfrtp_1)
                                  0.250000    0.736990   clock uncertainty
                                  0.000000    0.736990   clock reconvergence pessimism
                                  0.652957    1.389947   library removal time
                                              1.389947   data required time
---------------------------------------------------------------------------------------------
                                              1.389947   data required time
                                             -4.457525   data arrival time
---------------------------------------------------------------------------------------------
                                              3.067577   slack (MET)


Startpoint: rst (input port clocked by clk)
Endpoint: _47_ (removal check against rising-edge clock clk)
Path Group: asynchronous
Path Type: min

Fanout         Cap        Slew       Delay        Time   Description
---------------------------------------------------------------------------------------------
                                  0.000000    0.000000   clock clk (rise edge)
                                  0.000000    0.000000   clock network delay (propagated)
                                  4.000000    4.000000 v input external delay
     1    0.003272    0.020276    0.010719    4.010719 v rst (in)
                                                         rst (net)
                      0.020276    0.000000    4.010719 v input1/A (sky130_fd_sc_hd__clkbuf_4)
     8    0.043501    0.168027    0.324533    4.335252 v input1/X (sky130_fd_sc_hd__clkbuf_4)
                                                         net1 (net)
                      0.168035    0.001354    4.336606 v _39_/A (sky130_fd_sc_hd__inv_2)
     1    0.005782    0.071960    0.123797    4.460403 ^ _39_/Y (sky130_fd_sc_hd__inv_2)
                                                         _09_ (net)
                      0.071960    0.000172    4.460575 ^ _47_/RESET_B (sky130_fd_sc_hd__dfrtp_1)
                                              4.460575   data arrival time

                                  0.000000    0.000000   clock clk (rise edge)
                                  0.000000    0.000000   clock source latency
     1    0.009869    0.080229    0.051767    0.051767 ^ clk (in)
                                                         clk (net)
                      0.080230    0.000000    0.051767 ^ clkbuf_0_clk/A (sky130_fd_sc_hd__clkbuf_16)
     2    0.020299    0.067802    0.226521    0.278288 ^ clkbuf_0_clk/X (sky130_fd_sc_hd__clkbuf_16)
                                                         clknet_0_clk (net)
                      0.067819    0.000577    0.278865 ^ clkbuf_1_0__f_clk/A (sky130_fd_sc_hd__clkbuf_16)
     4    0.011637    0.056995    0.208687    0.487551 ^ clkbuf_1_0__f_clk/X (sky130_fd_sc_hd__clkbuf_16)
                                                         clknet_1_0__leaf_clk (net)
                      0.056995    0.000252    0.487804 ^ _47_/CLK (sky130_fd_sc_hd__dfrtp_1)
                                  0.250000    0.737804   clock uncertainty
                                  0.000000    0.737804   clock reconvergence pessimism
                                  0.654133    1.391937   library removal time
                                              1.391937   data required time
---------------------------------------------------------------------------------------------
                                              1.391937   data required time
                                             -4.460575   data arrival time
---------------------------------------------------------------------------------------------
                                              3.068637   slack (MET)


Startpoint: rst (input port clocked by clk)
Endpoint: _53_ (removal check against rising-edge clock clk)
Path Group: asynchronous
Path Type: min

Fanout         Cap        Slew       Delay        Time   Description
---------------------------------------------------------------------------------------------
                                  0.000000    0.000000   clock clk (rise edge)
                                  0.000000    0.000000   clock network delay (propagated)
                                  4.000000    4.000000 v input external delay
     1    0.003272    0.020276    0.010719    4.010719 v rst (in)
                                                         rst (net)
                      0.020276    0.000000    4.010719 v input1/A (sky130_fd_sc_hd__clkbuf_4)
     8    0.043501    0.168027    0.324533    4.335252 v input1/X (sky130_fd_sc_hd__clkbuf_4)
                                                         net1 (net)
                      0.168036    0.001411    4.336664 v _45_/A (sky130_fd_sc_hd__inv_2)
     1    0.005597    0.070961    0.122754    4.459417 ^ _45_/Y (sky130_fd_sc_hd__inv_2)
                                                         _15_ (net)
                      0.070962    0.000171    4.459588 ^ _53_/RESET_B (sky130_fd_sc_hd__dfrtp_1)
                                              4.459588   data arrival time

                                  0.000000    0.000000   clock clk (rise edge)
                                  0.000000    0.000000   clock source latency
     1    0.009869    0.080229    0.051767    0.051767 ^ clk (in)
                                                         clk (net)
                      0.080230    0.000000    0.051767 ^ clkbuf_0_clk/A (sky130_fd_sc_hd__clkbuf_16)
     2    0.020299    0.067802    0.226521    0.278288 ^ clkbuf_0_clk/X (sky130_fd_sc_hd__clkbuf_16)
                                                         clknet_0_clk (net)
                      0.067818    0.000554    0.278842 ^ clkbuf_1_1__f_clk/A (sky130_fd_sc_hd__clkbuf_16)
     4    0.010995    0.056187    0.207770    0.486612 ^ clkbuf_1_1__f_clk/X (sky130_fd_sc_hd__clkbuf_16)
                                                         clknet_1_1__leaf_clk (net)
                      0.056187    0.000239    0.486851 ^ _53_/CLK (sky130_fd_sc_hd__dfrtp_1)
                                  0.250000    0.736851   clock uncertainty
                                  0.000000    0.736851   clock reconvergence pessimism
                                  0.653583    1.390433   library removal time
                                              1.390433   data required time
---------------------------------------------------------------------------------------------
                                              1.390433   data required time
                                             -4.459588   data arrival time
---------------------------------------------------------------------------------------------
                                              3.069155   slack (MET)


Startpoint: rst (input port clocked by clk)
Endpoint: _52_ (removal check against rising-edge clock clk)
Path Group: asynchronous
Path Type: min

Fanout         Cap        Slew       Delay        Time   Description
---------------------------------------------------------------------------------------------
                                  0.000000    0.000000   clock clk (rise edge)
                                  0.000000    0.000000   clock network delay (propagated)
                                  4.000000    4.000000 v input external delay
     1    0.003272    0.020276    0.010719    4.010719 v rst (in)
                                                         rst (net)
                      0.020276    0.000000    4.010719 v input1/A (sky130_fd_sc_hd__clkbuf_4)
     8    0.043501    0.168027    0.324533    4.335252 v input1/X (sky130_fd_sc_hd__clkbuf_4)
                                                         net1 (net)
                      0.168040    0.001608    4.336861 v _44_/A (sky130_fd_sc_hd__inv_2)
     1    0.007423    0.080712    0.132622    4.469483 ^ _44_/Y (sky130_fd_sc_hd__inv_2)
                                                         _14_ (net)
                      0.080712    0.000300    4.469783 ^ _52_/RESET_B (sky130_fd_sc_hd__dfrtp_1)
                                              4.469783   data arrival time

                                  0.000000    0.000000   clock clk (rise edge)
                                  0.000000    0.000000   clock source latency
     1    0.009869    0.080229    0.051767    0.051767 ^ clk (in)
                                                         clk (net)
                      0.080230    0.000000    0.051767 ^ clkbuf_0_clk/A (sky130_fd_sc_hd__clkbuf_16)
     2    0.020299    0.067802    0.226521    0.278288 ^ clkbuf_0_clk/X (sky130_fd_sc_hd__clkbuf_16)
                                                         clknet_0_clk (net)
                      0.067818    0.000554    0.278842 ^ clkbuf_1_1__f_clk/A (sky130_fd_sc_hd__clkbuf_16)
     4    0.010995    0.056187    0.207770    0.486612 ^ clkbuf_1_1__f_clk/X (sky130_fd_sc_hd__clkbuf_16)
                                                         clknet_1_1__leaf_clk (net)
                      0.056187    0.000295    0.486907 ^ _52_/CLK (sky130_fd_sc_hd__dfrtp_1)
                                  0.250000    0.736907   clock uncertainty
                                  0.000000    0.736907   clock reconvergence pessimism
                                  0.656579    1.393486   library removal time
                                              1.393486   data required time
---------------------------------------------------------------------------------------------
                                              1.393486   data required time
                                             -4.469783   data arrival time
---------------------------------------------------------------------------------------------
                                              3.076297   slack (MET)


Startpoint: _53_ (rising edge-triggered flip-flop clocked by clk)
Endpoint: q[7] (output port clocked by clk)
Path Group: clk
Path Type: min

Fanout         Cap        Slew       Delay        Time   Description
---------------------------------------------------------------------------------------------
                                  0.000000    0.000000   clock clk (rise edge)
                                  0.000000    0.000000   clock source latency
     1    0.009869    0.080229    0.051767    0.051767 ^ clk (in)
                                                         clk (net)
                      0.080230    0.000000    0.051767 ^ clkbuf_0_clk/A (sky130_fd_sc_hd__clkbuf_16)
     2    0.020299    0.067802    0.226521    0.278288 ^ clkbuf_0_clk/X (sky130_fd_sc_hd__clkbuf_16)
                                                         clknet_0_clk (net)
                      0.067818    0.000554    0.278842 ^ clkbuf_1_1__f_clk/A (sky130_fd_sc_hd__clkbuf_16)
     4    0.010995    0.056187    0.207770    0.486612 ^ clkbuf_1_1__f_clk/X (sky130_fd_sc_hd__clkbuf_16)
                                                         clknet_1_1__leaf_clk (net)
                      0.056187    0.000239    0.486851 ^ _53_/CLK (sky130_fd_sc_hd__dfrtp_1)
     2    0.004058    0.093522    0.645609    1.132460 ^ _53_/Q (sky130_fd_sc_hd__dfrtp_1)
                                                         net9 (net)
                      0.093522    0.000105    1.132565 ^ output9/A (sky130_fd_sc_hd__buf_2)
     1    0.034696    0.275375    0.356682    1.489246 ^ output9/X (sky130_fd_sc_hd__buf_2)
                                                         q[7] (net)
                      0.275375    0.000707    1.489954 ^ q[7] (out)
                                              1.489954   data arrival time

                                  0.000000    0.000000   clock clk (rise edge)
                                  0.000000    0.000000   clock network delay (propagated)
                                  0.250000    0.250000   clock uncertainty
                                  0.000000    0.250000   clock reconvergence pessimism
                                 -4.000000   -3.750000   output external delay
                                             -3.750000   data required time
---------------------------------------------------------------------------------------------
                                             -3.750000   data required time
                                             -1.489954   data arrival time
---------------------------------------------------------------------------------------------
                                              5.239954   slack (MET)


Startpoint: _52_ (rising edge-triggered flip-flop clocked by clk)
Endpoint: q[6] (output port clocked by clk)
Path Group: clk
Path Type: min

Fanout         Cap        Slew       Delay        Time   Description
---------------------------------------------------------------------------------------------
                                  0.000000    0.000000   clock clk (rise edge)
                                  0.000000    0.000000   clock source latency
     1    0.009869    0.080229    0.051767    0.051767 ^ clk (in)
                                                         clk (net)
                      0.080230    0.000000    0.051767 ^ clkbuf_0_clk/A (sky130_fd_sc_hd__clkbuf_16)
     2    0.020299    0.067802    0.226521    0.278288 ^ clkbuf_0_clk/X (sky130_fd_sc_hd__clkbuf_16)
                                                         clknet_0_clk (net)
                      0.067818    0.000554    0.278842 ^ clkbuf_1_1__f_clk/A (sky130_fd_sc_hd__clkbuf_16)
     4    0.010995    0.056187    0.207770    0.486612 ^ clkbuf_1_1__f_clk/X (sky130_fd_sc_hd__clkbuf_16)
                                                         clknet_1_1__leaf_clk (net)
                      0.056187    0.000295    0.486907 ^ _52_/CLK (sky130_fd_sc_hd__dfrtp_1)
     3    0.008065    0.141650    0.689462    1.176369 ^ _52_/Q (sky130_fd_sc_hd__dfrtp_1)
                                                         net8 (net)
                      0.141650    0.000151    1.176520 ^ output8/A (sky130_fd_sc_hd__buf_2)
     1    0.035148    0.278863    0.381513    1.558033 ^ output8/X (sky130_fd_sc_hd__buf_2)
                                                         q[6] (net)
                      0.278863    0.000908    1.558941 ^ q[6] (out)
                                              1.558941   data arrival time

                                  0.000000    0.000000   clock clk (rise edge)
                                  0.000000    0.000000   clock network delay (propagated)
                                  0.250000    0.250000   clock uncertainty
                                  0.000000    0.250000   clock reconvergence pessimism
                                 -4.000000   -3.750000   output external delay
                                             -3.750000   data required time
---------------------------------------------------------------------------------------------
                                             -3.750000   data required time
                                             -1.558941   data arrival time
---------------------------------------------------------------------------------------------
                                              5.308941   slack (MET)


Startpoint: _51_ (rising edge-triggered flip-flop clocked by clk)
Endpoint: q[5] (output port clocked by clk)
Path Group: clk
Path Type: min

Fanout         Cap        Slew       Delay        Time   Description
---------------------------------------------------------------------------------------------
                                  0.000000    0.000000   clock clk (rise edge)
                                  0.000000    0.000000   clock source latency
     1    0.009869    0.080229    0.051767    0.051767 ^ clk (in)
                                                         clk (net)
                      0.080230    0.000000    0.051767 ^ clkbuf_0_clk/A (sky130_fd_sc_hd__clkbuf_16)
     2    0.020299    0.067802    0.226521    0.278288 ^ clkbuf_0_clk/X (sky130_fd_sc_hd__clkbuf_16)
                                                         clknet_0_clk (net)
                      0.067818    0.000554    0.278842 ^ clkbuf_1_1__f_clk/A (sky130_fd_sc_hd__clkbuf_16)
     4    0.010995    0.056187    0.207770    0.486612 ^ clkbuf_1_1__f_clk/X (sky130_fd_sc_hd__clkbuf_16)
                                                         clknet_1_1__leaf_clk (net)
                      0.056187    0.000354    0.486966 ^ _51_/CLK (sky130_fd_sc_hd__dfrtp_1)
     3    0.008882    0.151758    0.698084    1.185049 ^ _51_/Q (sky130_fd_sc_hd__dfrtp_1)
                                                         net7 (net)
                      0.151758    0.000133    1.185183 ^ output7/A (sky130_fd_sc_hd__buf_2)
     1    0.033935    0.269814    0.380019    1.565202 ^ output7/X (sky130_fd_sc_hd__buf_2)
                                                         q[5] (net)
                      0.269814    0.000614    1.565816 ^ q[5] (out)
                                              1.565816   data arrival time

                                  0.000000    0.000000   clock clk (rise edge)
                                  0.000000    0.000000   clock network delay (propagated)
                                  0.250000    0.250000   clock uncertainty
                                  0.000000    0.250000   clock reconvergence pessimism
                                 -4.000000   -3.750000   output external delay
                                             -3.750000   data required time
---------------------------------------------------------------------------------------------
                                             -3.750000   data required time
                                             -1.565816   data arrival time
---------------------------------------------------------------------------------------------
                                              5.315816   slack (MET)


Startpoint: _48_ (rising edge-triggered flip-flop clocked by clk)
Endpoint: q[2] (output port clocked by clk)
Path Group: clk
Path Type: min

Fanout         Cap        Slew       Delay        Time   Description
---------------------------------------------------------------------------------------------
                                  0.000000    0.000000   clock clk (rise edge)
                                  0.000000    0.000000   clock source latency
     1    0.009869    0.080229    0.051767    0.051767 ^ clk (in)
                                                         clk (net)
                      0.080230    0.000000    0.051767 ^ clkbuf_0_clk/A (sky130_fd_sc_hd__clkbuf_16)
     2    0.020299    0.067802    0.226521    0.278288 ^ clkbuf_0_clk/X (sky130_fd_sc_hd__clkbuf_16)
                                                         clknet_0_clk (net)
                      0.067819    0.000577    0.278865 ^ clkbuf_1_0__f_clk/A (sky130_fd_sc_hd__clkbuf_16)
     4    0.011637    0.056995    0.208687    0.487551 ^ clkbuf_1_0__f_clk/X (sky130_fd_sc_hd__clkbuf_16)
                                                         clknet_1_0__leaf_clk (net)
                      0.056995    0.000234    0.487785 ^ _48_/CLK (sky130_fd_sc_hd__dfrtp_1)
     3    0.009462    0.158987    0.704526    1.192311 ^ _48_/Q (sky130_fd_sc_hd__dfrtp_1)
                                                         net4 (net)
                      0.158987    0.000285    1.192596 ^ output4/A (sky130_fd_sc_hd__buf_2)
     1    0.037535    0.296606    0.402396    1.594992 ^ output4/X (sky130_fd_sc_hd__buf_2)
                                                         q[2] (net)
                      0.296606    0.000832    1.595824 ^ q[2] (out)
                                              1.595824   data arrival time

                                  0.000000    0.000000   clock clk (rise edge)
                                  0.000000    0.000000   clock network delay (propagated)
                                  0.250000    0.250000   clock uncertainty
                                  0.000000    0.250000   clock reconvergence pessimism
                                 -4.000000   -3.750000   output external delay
                                             -3.750000   data required time
---------------------------------------------------------------------------------------------
                                             -3.750000   data required time
                                             -1.595824   data arrival time
---------------------------------------------------------------------------------------------
                                              5.345824   slack (MET)


Startpoint: _50_ (rising edge-triggered flip-flop clocked by clk)
Endpoint: q[4] (output port clocked by clk)
Path Group: clk
Path Type: min

Fanout         Cap        Slew       Delay        Time   Description
---------------------------------------------------------------------------------------------
                                  0.000000    0.000000   clock clk (rise edge)
                                  0.000000    0.000000   clock source latency
     1    0.009869    0.080229    0.051767    0.051767 ^ clk (in)
                                                         clk (net)
                      0.080230    0.000000    0.051767 ^ clkbuf_0_clk/A (sky130_fd_sc_hd__clkbuf_16)
     2    0.020299    0.067802    0.226521    0.278288 ^ clkbuf_0_clk/X (sky130_fd_sc_hd__clkbuf_16)
                                                         clknet_0_clk (net)
                      0.067818    0.000554    0.278842 ^ clkbuf_1_1__f_clk/A (sky130_fd_sc_hd__clkbuf_16)
     4    0.010995    0.056187    0.207770    0.486612 ^ clkbuf_1_1__f_clk/X (sky130_fd_sc_hd__clkbuf_16)
                                                         clknet_1_1__leaf_clk (net)
                      0.056187    0.000378    0.486990 ^ _50_/CLK (sky130_fd_sc_hd__dfrtp_1)
     4    0.011338    0.182507    0.723992    1.210982 ^ _50_/Q (sky130_fd_sc_hd__dfrtp_1)
                                                         net6 (net)
                      0.182507    0.000153    1.211135 ^ output6/A (sky130_fd_sc_hd__buf_2)
     1    0.034165    0.271598    0.395600    1.606735 ^ output6/X (sky130_fd_sc_hd__buf_2)
                                                         q[4] (net)
                      0.271598    0.000706    1.607441 ^ q[4] (out)
                                              1.607441   data arrival time

                                  0.000000    0.000000   clock clk (rise edge)
                                  0.000000    0.000000   clock network delay (propagated)
                                  0.250000    0.250000   clock uncertainty
                                  0.000000    0.250000   clock reconvergence pessimism
                                 -4.000000   -3.750000   output external delay
                                             -3.750000   data required time
---------------------------------------------------------------------------------------------
                                             -3.750000   data required time
                                             -1.607441   data arrival time
---------------------------------------------------------------------------------------------
                                              5.357441   slack (MET)


Startpoint: _49_ (rising edge-triggered flip-flop clocked by clk)
Endpoint: q[3] (output port clocked by clk)
Path Group: clk
Path Type: min

Fanout         Cap        Slew       Delay        Time   Description
---------------------------------------------------------------------------------------------
                                  0.000000    0.000000   clock clk (rise edge)
                                  0.000000    0.000000   clock source latency
     1    0.009869    0.080229    0.051767    0.051767 ^ clk (in)
                                                         clk (net)
                      0.080230    0.000000    0.051767 ^ clkbuf_0_clk/A (sky130_fd_sc_hd__clkbuf_16)
     2    0.020299    0.067802    0.226521    0.278288 ^ clkbuf_0_clk/X (sky130_fd_sc_hd__clkbuf_16)
                                                         clknet_0_clk (net)
                      0.067819    0.000577    0.278865 ^ clkbuf_1_0__f_clk/A (sky130_fd_sc_hd__clkbuf_16)
     4    0.011637    0.056995    0.208687    0.487551 ^ clkbuf_1_0__f_clk/X (sky130_fd_sc_hd__clkbuf_16)
                                                         clknet_1_0__leaf_clk (net)
                      0.056995    0.000381    0.487933 ^ _49_/CLK (sky130_fd_sc_hd__dfrtp_1)
     5    0.011429    0.183679    0.725268    1.213200 ^ _49_/Q (sky130_fd_sc_hd__dfrtp_1)
                                                         net5 (net)
                      0.183679    0.000304    1.213504 ^ output5/A (sky130_fd_sc_hd__buf_2)
     1    0.034219    0.272006    0.396421    1.609925 ^ output5/X (sky130_fd_sc_hd__buf_2)
                                                         q[3] (net)
                      0.272006    0.000728    1.610653 ^ q[3] (out)
                                              1.610653   data arrival time

                                  0.000000    0.000000   clock clk (rise edge)
                                  0.000000    0.000000   clock network delay (propagated)
                                  0.250000    0.250000   clock uncertainty
                                  0.000000    0.250000   clock reconvergence pessimism
                                 -4.000000   -3.750000   output external delay
                                             -3.750000   data required time
---------------------------------------------------------------------------------------------
                                             -3.750000   data required time
                                             -1.610653   data arrival time
---------------------------------------------------------------------------------------------
                                              5.360652   slack (MET)


Startpoint: _46_ (rising edge-triggered flip-flop clocked by clk)
Endpoint: q[0] (output port clocked by clk)
Path Group: clk
Path Type: min

Fanout         Cap        Slew       Delay        Time   Description
---------------------------------------------------------------------------------------------
                                  0.000000    0.000000   clock clk (rise edge)
                                  0.000000    0.000000   clock source latency
     1    0.009869    0.080229    0.051767    0.051767 ^ clk (in)
                                                         clk (net)
                      0.080230    0.000000    0.051767 ^ clkbuf_0_clk/A (sky130_fd_sc_hd__clkbuf_16)
     2    0.020299    0.067802    0.226521    0.278288 ^ clkbuf_0_clk/X (sky130_fd_sc_hd__clkbuf_16)
                                                         clknet_0_clk (net)
                      0.067819    0.000577    0.278865 ^ clkbuf_1_0__f_clk/A (sky130_fd_sc_hd__clkbuf_16)
     4    0.011637    0.056995    0.208687    0.487551 ^ clkbuf_1_0__f_clk/X (sky130_fd_sc_hd__clkbuf_16)
                                                         clknet_1_0__leaf_clk (net)
                      0.056995    0.000337    0.487888 ^ _46_/CLK (sky130_fd_sc_hd__dfrtp_1)
     4    0.011596    0.185787    0.727042    1.214930 ^ _46_/Q (sky130_fd_sc_hd__dfrtp_1)
                                                         net2 (net)
                      0.185787    0.000301    1.215231 ^ output2/A (sky130_fd_sc_hd__buf_2)
     1    0.034703    0.275622    0.399915    1.615146 ^ output2/X (sky130_fd_sc_hd__buf_2)
                                                         q[0] (net)
                      0.275622    0.000822    1.615968 ^ q[0] (out)
                                              1.615968   data arrival time

                                  0.000000    0.000000   clock clk (rise edge)
                                  0.000000    0.000000   clock network delay (propagated)
                                  0.250000    0.250000   clock uncertainty
                                  0.000000    0.250000   clock reconvergence pessimism
                                 -4.000000   -3.750000   output external delay
                                             -3.750000   data required time
---------------------------------------------------------------------------------------------
                                             -3.750000   data required time
                                             -1.615968   data arrival time
---------------------------------------------------------------------------------------------
                                              5.365968   slack (MET)


Startpoint: _47_ (rising edge-triggered flip-flop clocked by clk)
Endpoint: q[1] (output port clocked by clk)
Path Group: clk
Path Type: min

Fanout         Cap        Slew       Delay        Time   Description
---------------------------------------------------------------------------------------------
                                  0.000000    0.000000   clock clk (rise edge)
                                  0.000000    0.000000   clock source latency
     1    0.009869    0.080229    0.051767    0.051767 ^ clk (in)
                                                         clk (net)
                      0.080230    0.000000    0.051767 ^ clkbuf_0_clk/A (sky130_fd_sc_hd__clkbuf_16)
     2    0.020299    0.067802    0.226521    0.278288 ^ clkbuf_0_clk/X (sky130_fd_sc_hd__clkbuf_16)
                                                         clknet_0_clk (net)
                      0.067819    0.000577    0.278865 ^ clkbuf_1_0__f_clk/A (sky130_fd_sc_hd__clkbuf_16)
     4    0.011637    0.056995    0.208687    0.487551 ^ clkbuf_1_0__f_clk/X (sky130_fd_sc_hd__clkbuf_16)
                                                         clknet_1_0__leaf_clk (net)
                      0.056995    0.000252    0.487804 ^ _47_/CLK (sky130_fd_sc_hd__dfrtp_1)
     4    0.012060    0.191632    0.731968    1.219771 ^ _47_/Q (sky130_fd_sc_hd__dfrtp_1)
                                                         net3 (net)
                      0.191632    0.000242    1.220013 ^ output3/A (sky130_fd_sc_hd__buf_2)
     1    0.037253    0.294647    0.415981    1.635994 ^ output3/X (sky130_fd_sc_hd__buf_2)
                                                         q[1] (net)
                      0.294648    0.001154    1.637148 ^ q[1] (out)
                                              1.637148   data arrival time

                                  0.000000    0.000000   clock clk (rise edge)
                                  0.000000    0.000000   clock network delay (propagated)
                                  0.250000    0.250000   clock uncertainty
                                  0.000000    0.250000   clock reconvergence pessimism
                                 -4.000000   -3.750000   output external delay
                                             -3.750000   data required time
---------------------------------------------------------------------------------------------
                                             -3.750000   data required time
                                             -1.637148   data arrival time
---------------------------------------------------------------------------------------------
                                              5.387148   slack (MET)



