Reading OpenROAD database at '/Users/mateuszwitczak/my_counter/runs/RUN_2025-12-14_14-18-52/20-openroad-generatepdn/counter.odb'…
Reading library file at '/Users/mateuszwitczak/.volare/volare/sky130/versions/0fe599b2afb6708d281543108caf8310912f54af/sky130A/libs.ref/sky130_fd_sc_hd/lib/sky130_fd_sc_hd__tt_025C_1v80.lib'…
Reading design constraints file at '/nix/store/yx6da2d4crhriv6rz5yxm92mbwaqm0bg-python3-3.11.9-env/lib/python3.11/site-packages/openlane/scripts/base.sdc'…
[INFO] Using clock clk…
[INFO] Setting output delay to: 4.0
[INFO] Setting input delay to: 4.0
[INFO] Setting load to: 0.033442
[INFO] Setting clock uncertainty to: 0.25
[INFO] Setting clock transition to: 0.1499999999999999944488848768742172978818416595458984375
[INFO] Setting timing derate to: 5%
+ global_placement -density 0.635 -skip_io -pad_right 0 -pad_left 0 -init_wirelength_coef 0.25
[INFO GPL-0002] DBU: 1000
[INFO GPL-0003] SiteSize: (  0.460  2.720 ) um
[INFO GPL-0004] CoreBBox: (  5.520 10.880 ) ( 33.120 38.080 ) um
[INFO GPL-0006] NumInstances:                63
[INFO GPL-0007] NumPlaceInstances:           31
[INFO GPL-0008] NumFixedInstances:           32
[INFO GPL-0009] NumDummyInstances:            0
[INFO GPL-0010] NumNets:                     33
[INFO GPL-0011] NumPins:                    100
[INFO GPL-0012] DieBBox:  (  0.000  0.000 ) ( 38.845 49.565 ) um
[INFO GPL-0013] CoreBBox: (  5.520 10.880 ) ( 33.120 38.080 ) um
[INFO GPL-0016] CoreArea:               750.720 um^2
[INFO GPL-0017] NonPlaceInstsArea:       90.086 um^2
[INFO GPL-0018] PlaceInstsArea:         386.621 um^2
[INFO GPL-0019] Util:                    58.523 %
[INFO GPL-0020] StdInstsArea:           386.621 um^2
[INFO GPL-0021] MacroInstsArea:           0.000 um^2
[INFO GPL-0031] FillerInit:NumGCells:        33
[INFO GPL-0032] FillerInit:NumGNets:         33
[INFO GPL-0033] FillerInit:NumGPins:        100
[INFO GPL-0023] TargetDensity:            0.635
[INFO GPL-0024] AvrgPlaceInstArea:       12.472 um^2
[INFO GPL-0025] IdealBinArea:            19.640 um^2
[INFO GPL-0026] IdealBinCnt:                 38
[INFO GPL-0027] TotalBinArea:           750.720 um^2
[INFO GPL-0028] BinCnt:         4      4
[INFO GPL-0029] BinSize: (  6.900  6.800 )
[INFO GPL-0030] NumBins: 16
[NesterovSolve] Iter:    1 overflow: 0.697 HPWL: 99867
[NesterovSolve] Iter:   10 overflow: 0.696 HPWL: 91365
[NesterovSolve] Iter:   20 overflow: 0.696 HPWL: 91227
[NesterovSolve] Iter:   30 overflow: 0.696 HPWL: 91249
[NesterovSolve] Iter:   40 overflow: 0.696 HPWL: 91244
[NesterovSolve] Iter:   50 overflow: 0.696 HPWL: 91254
[NesterovSolve] Iter:   60 overflow: 0.696 HPWL: 91288
[NesterovSolve] Iter:   70 overflow: 0.696 HPWL: 91319
[NesterovSolve] Iter:   80 overflow: 0.696 HPWL: 91313
[NesterovSolve] Iter:   90 overflow: 0.697 HPWL: 91379
[NesterovSolve] Iter:  100 overflow: 0.697 HPWL: 91543
[NesterovSolve] Iter:  110 overflow: 0.697 HPWL: 91922
[NesterovSolve] Iter:  120 overflow: 0.697 HPWL: 93170
[NesterovSolve] Iter:  130 overflow: 0.696 HPWL: 92008
[NesterovSolve] Iter:  140 overflow: 0.696 HPWL: 92471
[NesterovSolve] Iter:  150 overflow: 0.696 HPWL: 93955
[NesterovSolve] Iter:  160 overflow: 0.688 HPWL: 101213
[NesterovSolve] Iter:  170 overflow: 0.588 HPWL: 123550
[NesterovSolve] Iter:  180 overflow: 0.551 HPWL: 133388
[NesterovSolve] Iter:  190 overflow: 0.484 HPWL: 153946
[NesterovSolve] Iter:  200 overflow: 0.416 HPWL: 162916
[NesterovSolve] Iter:  210 overflow: 0.359 HPWL: 164405
[NesterovSolve] Iter:  220 overflow: 0.318 HPWL: 173752
[NesterovSolve] Iter:  230 overflow: 0.275 HPWL: 178810
[NesterovSolve] Iter:  240 overflow: 0.243 HPWL: 184076
[NesterovSolve] Iter:  250 overflow: 0.192 HPWL: 190796
[NesterovSolve] Iter:  260 overflow: 0.107 HPWL: 190339
[NesterovSolve] Finished with Overflow: 0.095872
[INFO] Setting RC values…
Setting global connections for newly added cells…
[INFO] Setting global connections...
Updating metrics…
Cell type report:                       Count       Area
  Fill cell                                20      75.07
  Tap cell                                 12      15.01
  Inverter                                  9      33.78
  Sequential cell                           8     210.20
  Multi-Input combinational cell           14     142.64
  Total                                    63     476.71
Writing OpenROAD database to '/Users/mateuszwitczak/my_counter/runs/RUN_2025-12-14_14-18-52/23-openroad-globalplacementskipio/counter.odb'…
Writing netlist to '/Users/mateuszwitczak/my_counter/runs/RUN_2025-12-14_14-18-52/23-openroad-globalplacementskipio/counter.nl.v'…
Writing powered netlist to '/Users/mateuszwitczak/my_counter/runs/RUN_2025-12-14_14-18-52/23-openroad-globalplacementskipio/counter.pnl.v'…
Writing layout to '/Users/mateuszwitczak/my_counter/runs/RUN_2025-12-14_14-18-52/23-openroad-globalplacementskipio/counter.def'…
Writing timing constraints to '/Users/mateuszwitczak/my_counter/runs/RUN_2025-12-14_14-18-52/23-openroad-globalplacementskipio/counter.sdc'…
