Clock: clk
Sources: clk 
Generated: no
Virtual: yes
Propagated: no
Period: 20.000000

===========================================================================
report_clock_properties
============================================================================
Clock                   Period          Waveform
----------------------------------------------------
clk                  20.000000    0.000000 10.000000

===========================================================================
report_clock_latency
============================================================================
Clock clk
rise -> rise
    min     max
0.000000 0.000000 source latency
0.193638         network latency _53_/CLK
        0.194397 network latency _49_/CLK
---------------
0.193638 0.194397 latency
        0.000759 skew

fall -> fall
    min     max
0.000000 0.000000 source latency
0.193980         network latency _53_/CLK
        0.194660 network latency _49_/CLK
---------------
0.193980 0.194660 latency
        0.000680 skew



===========================================================================
report_clock_min_period
============================================================================
clk period_min = 1.42 fmax = 701.80
