
===========================================================================
report_checks -path_delay min (Hold)
============================================================================
======================= max_ff_n40C_1v95 Corner ===================================

Startpoint: _49_ (rising edge-triggered flip-flop clocked by clk)
Endpoint: _50_ (rising edge-triggered flip-flop clocked by clk)
Path Group: clk
Path Type: min

Fanout         Cap        Slew       Delay        Time   Description
---------------------------------------------------------------------------------------------
                                  0.000000    0.000000   clock clk (rise edge)
                                  0.000000    0.000000   clock source latency
     1    0.010065    0.038765    0.025382    0.025382 ^ clk (in)
                                                         clk (net)
                      0.038772    0.000000    0.025382 ^ clkbuf_0_clk/A (sky130_fd_sc_hd__clkbuf_16)
     2    0.021076    0.031901    0.087075    0.112457 ^ clkbuf_0_clk/X (sky130_fd_sc_hd__clkbuf_16)
                                                         clknet_0_clk (net)
                      0.031958    0.001321    0.113778 ^ clkbuf_1_0__f_clk/A (sky130_fd_sc_hd__clkbuf_16)
     4    0.012833    0.026419    0.079724    0.193503 ^ clkbuf_1_0__f_clk/X (sky130_fd_sc_hd__clkbuf_16)
                                                         clknet_1_0__leaf_clk (net)
                      0.026424    0.000894    0.194397 ^ _49_/CLK (sky130_fd_sc_hd__dfrtp_1)
     5    0.011836    0.055461    0.251962    0.446359 v _49_/Q (sky130_fd_sc_hd__dfrtp_1)
                                                         net5 (net)
                      0.055474    0.000818    0.447177 v _29_/A (sky130_fd_sc_hd__nand2_1)
     1    0.005923    0.048807    0.061620    0.508797 ^ _29_/Y (sky130_fd_sc_hd__nand2_1)
                                                         _18_ (net)
                      0.048832    0.000441    0.509238 ^ _32_/B (sky130_fd_sc_hd__xnor2_1)
     1    0.002300    0.020782    0.034154    0.543391 v _32_/Y (sky130_fd_sc_hd__xnor2_1)
                                                         _04_ (net)
                      0.020782    0.000167    0.543558 v _50_/D (sky130_fd_sc_hd__dfrtp_1)
                                              0.543558   data arrival time

                                  0.000000    0.000000   clock clk (rise edge)
                                  0.000000    0.000000   clock source latency
     1    0.010065    0.038765    0.025382    0.025382 ^ clk (in)
                                                         clk (net)
                      0.038772    0.000000    0.025382 ^ clkbuf_0_clk/A (sky130_fd_sc_hd__clkbuf_16)
     2    0.021076    0.031901    0.087075    0.112457 ^ clkbuf_0_clk/X (sky130_fd_sc_hd__clkbuf_16)
                                                         clknet_0_clk (net)
                      0.031955    0.001292    0.113750 ^ clkbuf_1_1__f_clk/A (sky130_fd_sc_hd__clkbuf_16)
     4    0.012181    0.025989    0.079276    0.193026 ^ clkbuf_1_1__f_clk/X (sky130_fd_sc_hd__clkbuf_16)
                                                         clknet_1_1__leaf_clk (net)
                      0.025995    0.000893    0.193919 ^ _50_/CLK (sky130_fd_sc_hd__dfrtp_1)
                                  0.250000    0.443919   clock uncertainty
                                  0.000000    0.443919   clock reconvergence pessimism
                                 -0.029228    0.414690   library hold time
                                              0.414690   data required time
---------------------------------------------------------------------------------------------
                                              0.414690   data required time
                                             -0.543558   data arrival time
---------------------------------------------------------------------------------------------
                                              0.128868   slack (MET)


Startpoint: _52_ (rising edge-triggered flip-flop clocked by clk)
Endpoint: _52_ (rising edge-triggered flip-flop clocked by clk)
Path Group: clk
Path Type: min

Fanout         Cap        Slew       Delay        Time   Description
---------------------------------------------------------------------------------------------
                                  0.000000    0.000000   clock clk (rise edge)
                                  0.000000    0.000000   clock source latency
     1    0.010065    0.038765    0.025382    0.025382 ^ clk (in)
                                                         clk (net)
                      0.038772    0.000000    0.025382 ^ clkbuf_0_clk/A (sky130_fd_sc_hd__clkbuf_16)
     2    0.021076    0.031901    0.087075    0.112457 ^ clkbuf_0_clk/X (sky130_fd_sc_hd__clkbuf_16)
                                                         clknet_0_clk (net)
                      0.031955    0.001292    0.113750 ^ clkbuf_1_1__f_clk/A (sky130_fd_sc_hd__clkbuf_16)
     4    0.012181    0.025989    0.079276    0.193026 ^ clkbuf_1_1__f_clk/X (sky130_fd_sc_hd__clkbuf_16)
                                                         clknet_1_1__leaf_clk (net)
                      0.025993    0.000746    0.193772 ^ _52_/CLK (sky130_fd_sc_hd__dfrtp_1)
     3    0.008865    0.067599    0.225012    0.418784 ^ _52_/Q (sky130_fd_sc_hd__dfrtp_1)
                                                         net8 (net)
                      0.067599    0.000304    0.419088 ^ _35_/A (sky130_fd_sc_hd__and3_1)
     2    0.008722    0.073948    0.120368    0.539456 ^ _35_/X (sky130_fd_sc_hd__and3_1)
                                                         _21_ (net)
                      0.073951    0.000565    0.540021 ^ _37_/A (sky130_fd_sc_hd__nor2_1)
     1    0.003704    0.025367    0.033482    0.573504 v _37_/Y (sky130_fd_sc_hd__nor2_1)
                                                         _06_ (net)
                      0.025370    0.000235    0.573738 v _52_/D (sky130_fd_sc_hd__dfrtp_1)
                                              0.573738   data arrival time

                                  0.000000    0.000000   clock clk (rise edge)
                                  0.000000    0.000000   clock source latency
     1    0.010065    0.038765    0.025382    0.025382 ^ clk (in)
                                                         clk (net)
                      0.038772    0.000000    0.025382 ^ clkbuf_0_clk/A (sky130_fd_sc_hd__clkbuf_16)
     2    0.021076    0.031901    0.087075    0.112457 ^ clkbuf_0_clk/X (sky130_fd_sc_hd__clkbuf_16)
                                                         clknet_0_clk (net)
                      0.031955    0.001292    0.113750 ^ clkbuf_1_1__f_clk/A (sky130_fd_sc_hd__clkbuf_16)
     4    0.012181    0.025989    0.079276    0.193026 ^ clkbuf_1_1__f_clk/X (sky130_fd_sc_hd__clkbuf_16)
                                                         clknet_1_1__leaf_clk (net)
                      0.025993    0.000746    0.193772 ^ _52_/CLK (sky130_fd_sc_hd__dfrtp_1)
                                  0.250000    0.443772   clock uncertainty
                                  0.000000    0.443772   clock reconvergence pessimism
                                 -0.030720    0.413052   library hold time
                                              0.413052   data required time
---------------------------------------------------------------------------------------------
                                              0.413052   data required time
                                             -0.573738   data arrival time
---------------------------------------------------------------------------------------------
                                              0.160686   slack (MET)


Startpoint: _52_ (rising edge-triggered flip-flop clocked by clk)
Endpoint: _53_ (rising edge-triggered flip-flop clocked by clk)
Path Group: clk
Path Type: min

Fanout         Cap        Slew       Delay        Time   Description
---------------------------------------------------------------------------------------------
                                  0.000000    0.000000   clock clk (rise edge)
                                  0.000000    0.000000   clock source latency
     1    0.010065    0.038765    0.025382    0.025382 ^ clk (in)
                                                         clk (net)
                      0.038772    0.000000    0.025382 ^ clkbuf_0_clk/A (sky130_fd_sc_hd__clkbuf_16)
     2    0.021076    0.031901    0.087075    0.112457 ^ clkbuf_0_clk/X (sky130_fd_sc_hd__clkbuf_16)
                                                         clknet_0_clk (net)
                      0.031955    0.001292    0.113750 ^ clkbuf_1_1__f_clk/A (sky130_fd_sc_hd__clkbuf_16)
     4    0.012181    0.025989    0.079276    0.193026 ^ clkbuf_1_1__f_clk/X (sky130_fd_sc_hd__clkbuf_16)
                                                         clknet_1_1__leaf_clk (net)
                      0.025993    0.000746    0.193772 ^ _52_/CLK (sky130_fd_sc_hd__dfrtp_1)
     3    0.008865    0.067599    0.225012    0.418784 ^ _52_/Q (sky130_fd_sc_hd__dfrtp_1)
                                                         net8 (net)
                      0.067599    0.000304    0.419088 ^ _35_/A (sky130_fd_sc_hd__and3_1)
     2    0.008722    0.073948    0.120368    0.539456 ^ _35_/X (sky130_fd_sc_hd__and3_1)
                                                         _21_ (net)
                      0.073952    0.000599    0.540055 ^ _38_/B (sky130_fd_sc_hd__xor2_1)
     1    0.002754    0.024972    0.038884    0.578939 v _38_/X (sky130_fd_sc_hd__xor2_1)
                                                         _07_ (net)
                      0.024972    0.000199    0.579138 v _53_/D (sky130_fd_sc_hd__dfrtp_1)
                                              0.579138   data arrival time

                                  0.000000    0.000000   clock clk (rise edge)
                                  0.000000    0.000000   clock source latency
     1    0.010065    0.038765    0.025382    0.025382 ^ clk (in)
                                                         clk (net)
                      0.038772    0.000000    0.025382 ^ clkbuf_0_clk/A (sky130_fd_sc_hd__clkbuf_16)
     2    0.021076    0.031901    0.087075    0.112457 ^ clkbuf_0_clk/X (sky130_fd_sc_hd__clkbuf_16)
                                                         clknet_0_clk (net)
                      0.031955    0.001292    0.113750 ^ clkbuf_1_1__f_clk/A (sky130_fd_sc_hd__clkbuf_16)
     4    0.012181    0.025989    0.079276    0.193026 ^ clkbuf_1_1__f_clk/X (sky130_fd_sc_hd__clkbuf_16)
                                                         clknet_1_1__leaf_clk (net)
                      0.025992    0.000612    0.193638 ^ _53_/CLK (sky130_fd_sc_hd__dfrtp_1)
                                  0.250000    0.443638   clock uncertainty
                                  0.000000    0.443638   clock reconvergence pessimism
                                 -0.030591    0.413047   library hold time
                                              0.413047   data required time
---------------------------------------------------------------------------------------------
                                              0.413047   data required time
                                             -0.579138   data arrival time
---------------------------------------------------------------------------------------------
                                              0.166091   slack (MET)


Startpoint: _49_ (rising edge-triggered flip-flop clocked by clk)
Endpoint: _51_ (rising edge-triggered flip-flop clocked by clk)
Path Group: clk
Path Type: min

Fanout         Cap        Slew       Delay        Time   Description
---------------------------------------------------------------------------------------------
                                  0.000000    0.000000   clock clk (rise edge)
                                  0.000000    0.000000   clock source latency
     1    0.010065    0.038765    0.025382    0.025382 ^ clk (in)
                                                         clk (net)
                      0.038772    0.000000    0.025382 ^ clkbuf_0_clk/A (sky130_fd_sc_hd__clkbuf_16)
     2    0.021076    0.031901    0.087075    0.112457 ^ clkbuf_0_clk/X (sky130_fd_sc_hd__clkbuf_16)
                                                         clknet_0_clk (net)
                      0.031958    0.001321    0.113778 ^ clkbuf_1_0__f_clk/A (sky130_fd_sc_hd__clkbuf_16)
     4    0.012833    0.026419    0.079724    0.193503 ^ clkbuf_1_0__f_clk/X (sky130_fd_sc_hd__clkbuf_16)
                                                         clknet_1_0__leaf_clk (net)
                      0.026424    0.000894    0.194397 ^ _49_/CLK (sky130_fd_sc_hd__dfrtp_1)
     5    0.012415    0.089065    0.241500    0.435897 ^ _49_/Q (sky130_fd_sc_hd__dfrtp_1)
                                                         net5 (net)
                      0.089069    0.000747    0.436644 ^ _31_/A (sky130_fd_sc_hd__and3_1)
     1    0.002585    0.033336    0.091955    0.528599 ^ _31_/X (sky130_fd_sc_hd__and3_1)
                                                         _19_ (net)
                      0.033340    0.000160    0.528759 ^ _34_/B1 (sky130_fd_sc_hd__o2bb2a_1)
     1    0.002625    0.030518    0.083749    0.612507 ^ _34_/X (sky130_fd_sc_hd__o2bb2a_1)
                                                         _05_ (net)
                      0.030533    0.000180    0.612687 ^ _51_/D (sky130_fd_sc_hd__dfrtp_1)
                                              0.612687   data arrival time

                                  0.000000    0.000000   clock clk (rise edge)
                                  0.000000    0.000000   clock source latency
     1    0.010065    0.038765    0.025382    0.025382 ^ clk (in)
                                                         clk (net)
                      0.038772    0.000000    0.025382 ^ clkbuf_0_clk/A (sky130_fd_sc_hd__clkbuf_16)
     2    0.021076    0.031901    0.087075    0.112457 ^ clkbuf_0_clk/X (sky130_fd_sc_hd__clkbuf_16)
                                                         clknet_0_clk (net)
                      0.031955    0.001292    0.113750 ^ clkbuf_1_1__f_clk/A (sky130_fd_sc_hd__clkbuf_16)
     4    0.012181    0.025989    0.079276    0.193026 ^ clkbuf_1_1__f_clk/X (sky130_fd_sc_hd__clkbuf_16)
                                                         clknet_1_1__leaf_clk (net)
                      0.025994    0.000821    0.193847 ^ _51_/CLK (sky130_fd_sc_hd__dfrtp_1)
                                  0.250000    0.443847   clock uncertainty
                                  0.000000    0.443847   clock reconvergence pessimism
                                 -0.019889    0.423958   library hold time
                                              0.423958   data required time
---------------------------------------------------------------------------------------------
                                              0.423958   data required time
                                             -0.612687   data arrival time
---------------------------------------------------------------------------------------------
                                              0.188729   slack (MET)


Startpoint: _48_ (rising edge-triggered flip-flop clocked by clk)
Endpoint: _48_ (rising edge-triggered flip-flop clocked by clk)
Path Group: clk
Path Type: min

Fanout         Cap        Slew       Delay        Time   Description
---------------------------------------------------------------------------------------------
                                  0.000000    0.000000   clock clk (rise edge)
                                  0.000000    0.000000   clock source latency
     1    0.010065    0.038765    0.025382    0.025382 ^ clk (in)
                                                         clk (net)
                      0.038772    0.000000    0.025382 ^ clkbuf_0_clk/A (sky130_fd_sc_hd__clkbuf_16)
     2    0.021076    0.031901    0.087075    0.112457 ^ clkbuf_0_clk/X (sky130_fd_sc_hd__clkbuf_16)
                                                         clknet_0_clk (net)
                      0.031958    0.001321    0.113778 ^ clkbuf_1_0__f_clk/A (sky130_fd_sc_hd__clkbuf_16)
     4    0.012833    0.026419    0.079724    0.193503 ^ clkbuf_1_0__f_clk/X (sky130_fd_sc_hd__clkbuf_16)
                                                         clknet_1_0__leaf_clk (net)
                      0.026421    0.000620    0.194123 ^ _48_/CLK (sky130_fd_sc_hd__dfrtp_1)
     3    0.010357    0.076370    0.232180    0.426304 ^ _48_/Q (sky130_fd_sc_hd__dfrtp_1)
                                                         net4 (net)
                      0.076372    0.000535    0.426839 ^ _26_/C (sky130_fd_sc_hd__and3_2)
     7    0.025732    0.104647    0.169526    0.596365 ^ _26_/X (sky130_fd_sc_hd__and3_2)
                                                         _16_ (net)
                      0.104801    0.002755    0.599120 ^ _28_/A (sky130_fd_sc_hd__nor2_1)
     1    0.003129    0.020163    0.034179    0.633299 v _28_/Y (sky130_fd_sc_hd__nor2_1)
                                                         _02_ (net)
                      0.020163    0.000131    0.633430 v _48_/D (sky130_fd_sc_hd__dfrtp_1)
                                              0.633430   data arrival time

                                  0.000000    0.000000   clock clk (rise edge)
                                  0.000000    0.000000   clock source latency
     1    0.010065    0.038765    0.025382    0.025382 ^ clk (in)
                                                         clk (net)
                      0.038772    0.000000    0.025382 ^ clkbuf_0_clk/A (sky130_fd_sc_hd__clkbuf_16)
     2    0.021076    0.031901    0.087075    0.112457 ^ clkbuf_0_clk/X (sky130_fd_sc_hd__clkbuf_16)
                                                         clknet_0_clk (net)
                      0.031958    0.001321    0.113778 ^ clkbuf_1_0__f_clk/A (sky130_fd_sc_hd__clkbuf_16)
     4    0.012833    0.026419    0.079724    0.193503 ^ clkbuf_1_0__f_clk/X (sky130_fd_sc_hd__clkbuf_16)
                                                         clknet_1_0__leaf_clk (net)
                      0.026421    0.000620    0.194123 ^ _48_/CLK (sky130_fd_sc_hd__dfrtp_1)
                                  0.250000    0.444123   clock uncertainty
                                  0.000000    0.444123   clock reconvergence pessimism
                                 -0.028985    0.415138   library hold time
                                              0.415138   data required time
---------------------------------------------------------------------------------------------
                                              0.415138   data required time
                                             -0.633430   data arrival time
---------------------------------------------------------------------------------------------
                                              0.218292   slack (MET)


Startpoint: _48_ (rising edge-triggered flip-flop clocked by clk)
Endpoint: _49_ (rising edge-triggered flip-flop clocked by clk)
Path Group: clk
Path Type: min

Fanout         Cap        Slew       Delay        Time   Description
---------------------------------------------------------------------------------------------
                                  0.000000    0.000000   clock clk (rise edge)
                                  0.000000    0.000000   clock source latency
     1    0.010065    0.038765    0.025382    0.025382 ^ clk (in)
                                                         clk (net)
                      0.038772    0.000000    0.025382 ^ clkbuf_0_clk/A (sky130_fd_sc_hd__clkbuf_16)
     2    0.021076    0.031901    0.087075    0.112457 ^ clkbuf_0_clk/X (sky130_fd_sc_hd__clkbuf_16)
                                                         clknet_0_clk (net)
                      0.031958    0.001321    0.113778 ^ clkbuf_1_0__f_clk/A (sky130_fd_sc_hd__clkbuf_16)
     4    0.012833    0.026419    0.079724    0.193503 ^ clkbuf_1_0__f_clk/X (sky130_fd_sc_hd__clkbuf_16)
                                                         clknet_1_0__leaf_clk (net)
                      0.026421    0.000620    0.194123 ^ _48_/CLK (sky130_fd_sc_hd__dfrtp_1)
     3    0.010357    0.076370    0.232180    0.426304 ^ _48_/Q (sky130_fd_sc_hd__dfrtp_1)
                                                         net4 (net)
                      0.076372    0.000535    0.426839 ^ _26_/C (sky130_fd_sc_hd__and3_2)
     7    0.025732    0.104647    0.169526    0.596365 ^ _26_/X (sky130_fd_sc_hd__and3_2)
                                                         _16_ (net)
                      0.104820    0.002972    0.599337 ^ _30_/B (sky130_fd_sc_hd__xor2_1)
     1    0.002477    0.024119    0.040769    0.640106 v _30_/X (sky130_fd_sc_hd__xor2_1)
                                                         _03_ (net)
                      0.024119    0.000182    0.640288 v _49_/D (sky130_fd_sc_hd__dfrtp_1)
                                              0.640288   data arrival time

                                  0.000000    0.000000   clock clk (rise edge)
                                  0.000000    0.000000   clock source latency
     1    0.010065    0.038765    0.025382    0.025382 ^ clk (in)
                                                         clk (net)
                      0.038772    0.000000    0.025382 ^ clkbuf_0_clk/A (sky130_fd_sc_hd__clkbuf_16)
     2    0.021076    0.031901    0.087075    0.112457 ^ clkbuf_0_clk/X (sky130_fd_sc_hd__clkbuf_16)
                                                         clknet_0_clk (net)
                      0.031958    0.001321    0.113778 ^ clkbuf_1_0__f_clk/A (sky130_fd_sc_hd__clkbuf_16)
     4    0.012833    0.026419    0.079724    0.193503 ^ clkbuf_1_0__f_clk/X (sky130_fd_sc_hd__clkbuf_16)
                                                         clknet_1_0__leaf_clk (net)
                      0.026424    0.000894    0.194397 ^ _49_/CLK (sky130_fd_sc_hd__dfrtp_1)
                                  0.250000    0.444397   clock uncertainty
                                  0.000000    0.444397   clock reconvergence pessimism
                                 -0.030271    0.414126   library hold time
                                              0.414126   data required time
---------------------------------------------------------------------------------------------
                                              0.414126   data required time
                                             -0.640288   data arrival time
---------------------------------------------------------------------------------------------
                                              0.226162   slack (MET)


Startpoint: _47_ (rising edge-triggered flip-flop clocked by clk)
Endpoint: _47_ (rising edge-triggered flip-flop clocked by clk)
Path Group: clk
Path Type: min

Fanout         Cap        Slew       Delay        Time   Description
---------------------------------------------------------------------------------------------
                                  0.000000    0.000000   clock clk (rise edge)
                                  0.000000    0.000000   clock source latency
     1    0.010065    0.038765    0.025382    0.025382 ^ clk (in)
                                                         clk (net)
                      0.038772    0.000000    0.025382 ^ clkbuf_0_clk/A (sky130_fd_sc_hd__clkbuf_16)
     2    0.021076    0.031901    0.087075    0.112457 ^ clkbuf_0_clk/X (sky130_fd_sc_hd__clkbuf_16)
                                                         clknet_0_clk (net)
                      0.031958    0.001321    0.113778 ^ clkbuf_1_0__f_clk/A (sky130_fd_sc_hd__clkbuf_16)
     4    0.012833    0.026419    0.079724    0.193503 ^ clkbuf_1_0__f_clk/X (sky130_fd_sc_hd__clkbuf_16)
                                                         clknet_1_0__leaf_clk (net)
                      0.026421    0.000641    0.194144 ^ _47_/CLK (sky130_fd_sc_hd__dfrtp_1)
     4    0.013110    0.093447    0.244756    0.438900 ^ _47_/Q (sky130_fd_sc_hd__dfrtp_1)
                                                         net3 (net)
                      0.093449    0.000582    0.439483 ^ hold3/A (sky130_fd_sc_hd__dlygate4sd3_1)
     1    0.005949    0.058472    0.399724    0.839207 ^ hold3/X (sky130_fd_sc_hd__dlygate4sd3_1)
                                                         net12 (net)
                      0.058472    0.000467    0.839674 ^ _25_/B (sky130_fd_sc_hd__xor2_1)
     1    0.002367    0.023879    0.035720    0.875394 v _25_/X (sky130_fd_sc_hd__xor2_1)
                                                         _01_ (net)
                      0.023879    0.000111    0.875505 v _47_/D (sky130_fd_sc_hd__dfrtp_1)
                                              0.875505   data arrival time

                                  0.000000    0.000000   clock clk (rise edge)
                                  0.000000    0.000000   clock source latency
     1    0.010065    0.038765    0.025382    0.025382 ^ clk (in)
                                                         clk (net)
                      0.038772    0.000000    0.025382 ^ clkbuf_0_clk/A (sky130_fd_sc_hd__clkbuf_16)
     2    0.021076    0.031901    0.087075    0.112457 ^ clkbuf_0_clk/X (sky130_fd_sc_hd__clkbuf_16)
                                                         clknet_0_clk (net)
                      0.031958    0.001321    0.113778 ^ clkbuf_1_0__f_clk/A (sky130_fd_sc_hd__clkbuf_16)
     4    0.012833    0.026419    0.079724    0.193503 ^ clkbuf_1_0__f_clk/X (sky130_fd_sc_hd__clkbuf_16)
                                                         clknet_1_0__leaf_clk (net)
                      0.026421    0.000641    0.194144 ^ _47_/CLK (sky130_fd_sc_hd__dfrtp_1)
                                  0.250000    0.444144   clock uncertainty
                                  0.000000    0.444144   clock reconvergence pessimism
                                 -0.030193    0.413951   library hold time
                                              0.413951   data required time
---------------------------------------------------------------------------------------------
                                              0.413951   data required time
                                             -0.875505   data arrival time
---------------------------------------------------------------------------------------------
                                              0.461554   slack (MET)


Startpoint: _46_ (rising edge-triggered flip-flop clocked by clk)
Endpoint: _46_ (rising edge-triggered flip-flop clocked by clk)
Path Group: clk
Path Type: min

Fanout         Cap        Slew       Delay        Time   Description
---------------------------------------------------------------------------------------------
                                  0.000000    0.000000   clock clk (rise edge)
                                  0.000000    0.000000   clock source latency
     1    0.010065    0.038765    0.025382    0.025382 ^ clk (in)
                                                         clk (net)
                      0.038772    0.000000    0.025382 ^ clkbuf_0_clk/A (sky130_fd_sc_hd__clkbuf_16)
     2    0.021076    0.031901    0.087075    0.112457 ^ clkbuf_0_clk/X (sky130_fd_sc_hd__clkbuf_16)
                                                         clknet_0_clk (net)
                      0.031958    0.001321    0.113778 ^ clkbuf_1_0__f_clk/A (sky130_fd_sc_hd__clkbuf_16)
     4    0.012833    0.026419    0.079724    0.193503 ^ clkbuf_1_0__f_clk/X (sky130_fd_sc_hd__clkbuf_16)
                                                         clknet_1_0__leaf_clk (net)
                      0.026423    0.000794    0.194296 ^ _46_/CLK (sky130_fd_sc_hd__dfrtp_1)
     4    0.012632    0.090429    0.242523    0.436819 ^ _46_/Q (sky130_fd_sc_hd__dfrtp_1)
                                                         net2 (net)
                      0.090432    0.000689    0.437509 ^ hold2/A (sky130_fd_sc_hd__dlygate4sd3_1)
     2    0.011505    0.096777    0.428843    0.866352 ^ hold2/X (sky130_fd_sc_hd__dlygate4sd3_1)
                                                         net11 (net)
                      0.096781    0.000751    0.867103 ^ _23_/A (sky130_fd_sc_hd__inv_2)
     1    0.003049    0.021227    0.014611    0.881714 v _23_/Y (sky130_fd_sc_hd__inv_2)
                                                         _00_ (net)
                      0.021228    0.000202    0.881915 v _46_/D (sky130_fd_sc_hd__dfrtp_1)
                                              0.881915   data arrival time

                                  0.000000    0.000000   clock clk (rise edge)
                                  0.000000    0.000000   clock source latency
     1    0.010065    0.038765    0.025382    0.025382 ^ clk (in)
                                                         clk (net)
                      0.038772    0.000000    0.025382 ^ clkbuf_0_clk/A (sky130_fd_sc_hd__clkbuf_16)
     2    0.021076    0.031901    0.087075    0.112457 ^ clkbuf_0_clk/X (sky130_fd_sc_hd__clkbuf_16)
                                                         clknet_0_clk (net)
                      0.031958    0.001321    0.113778 ^ clkbuf_1_0__f_clk/A (sky130_fd_sc_hd__clkbuf_16)
     4    0.012833    0.026419    0.079724    0.193503 ^ clkbuf_1_0__f_clk/X (sky130_fd_sc_hd__clkbuf_16)
                                                         clknet_1_0__leaf_clk (net)
                      0.026423    0.000794    0.194296 ^ _46_/CLK (sky130_fd_sc_hd__dfrtp_1)
                                  0.250000    0.444296   clock uncertainty
                                  0.000000    0.444296   clock reconvergence pessimism
                                 -0.029331    0.414965   library hold time
                                              0.414965   data required time
---------------------------------------------------------------------------------------------
                                              0.414965   data required time
                                             -0.881915   data arrival time
---------------------------------------------------------------------------------------------
                                              0.466950   slack (MET)


Startpoint: rst (input port clocked by clk)
Endpoint: _49_ (removal check against rising-edge clock clk)
Path Group: asynchronous
Path Type: min

Fanout         Cap        Slew       Delay        Time   Description
---------------------------------------------------------------------------------------------
                                  0.000000    0.000000   clock clk (rise edge)
                                  0.000000    0.000000   clock network delay (propagated)
                                  4.000000    4.000000 v input external delay
     1    0.003371    0.005548    0.002829    4.002829 v rst (in)
                                                         rst (net)
                      0.005557    0.000000    4.002829 v input1/A (sky130_fd_sc_hd__clkbuf_4)
     8    0.044378    0.069603    0.122189    4.125018 v input1/X (sky130_fd_sc_hd__clkbuf_4)
                                                         net1 (net)
                      0.069811    0.002924    4.127942 v _41_/A (sky130_fd_sc_hd__inv_2)
     1    0.003927    0.026962    0.043402    4.171344 ^ _41_/Y (sky130_fd_sc_hd__inv_2)
                                                         _11_ (net)
                      0.026963    0.000207    4.171550 ^ _49_/RESET_B (sky130_fd_sc_hd__dfrtp_1)
                                              4.171550   data arrival time

                                  0.000000    0.000000   clock clk (rise edge)
                                  0.000000    0.000000   clock source latency
     1    0.010065    0.038765    0.025382    0.025382 ^ clk (in)
                                                         clk (net)
                      0.038772    0.000000    0.025382 ^ clkbuf_0_clk/A (sky130_fd_sc_hd__clkbuf_16)
     2    0.021076    0.031901    0.087075    0.112457 ^ clkbuf_0_clk/X (sky130_fd_sc_hd__clkbuf_16)
                                                         clknet_0_clk (net)
                      0.031958    0.001321    0.113778 ^ clkbuf_1_0__f_clk/A (sky130_fd_sc_hd__clkbuf_16)
     4    0.012833    0.026419    0.079724    0.193503 ^ clkbuf_1_0__f_clk/X (sky130_fd_sc_hd__clkbuf_16)
                                                         clknet_1_0__leaf_clk (net)
                      0.026424    0.000894    0.194397 ^ _49_/CLK (sky130_fd_sc_hd__dfrtp_1)
                                  0.250000    0.444397   clock uncertainty
                                  0.000000    0.444397   clock reconvergence pessimism
                                  0.195450    0.639847   library removal time
                                              0.639847   data required time
---------------------------------------------------------------------------------------------
                                              0.639847   data required time
                                             -4.171550   data arrival time
---------------------------------------------------------------------------------------------
                                              3.531703   slack (MET)


Startpoint: rst (input port clocked by clk)
Endpoint: _48_ (removal check against rising-edge clock clk)
Path Group: asynchronous
Path Type: min

Fanout         Cap        Slew       Delay        Time   Description
---------------------------------------------------------------------------------------------
                                  0.000000    0.000000   clock clk (rise edge)
                                  0.000000    0.000000   clock network delay (propagated)
                                  4.000000    4.000000 v input external delay
     1    0.003371    0.005548    0.002829    4.002829 v rst (in)
                                                         rst (net)
                      0.005557    0.000000    4.002829 v input1/A (sky130_fd_sc_hd__clkbuf_4)
     8    0.044378    0.069603    0.122189    4.125018 v input1/X (sky130_fd_sc_hd__clkbuf_4)
                                                         net1 (net)
                      0.069766    0.002547    4.127565 v _40_/A (sky130_fd_sc_hd__inv_2)
     1    0.004983    0.029969    0.047085    4.174650 ^ _40_/Y (sky130_fd_sc_hd__inv_2)
                                                         _10_ (net)
                      0.029969    0.000139    4.174788 ^ _48_/RESET_B (sky130_fd_sc_hd__dfrtp_1)
                                              4.174788   data arrival time

                                  0.000000    0.000000   clock clk (rise edge)
                                  0.000000    0.000000   clock source latency
     1    0.010065    0.038765    0.025382    0.025382 ^ clk (in)
                                                         clk (net)
                      0.038772    0.000000    0.025382 ^ clkbuf_0_clk/A (sky130_fd_sc_hd__clkbuf_16)
     2    0.021076    0.031901    0.087075    0.112457 ^ clkbuf_0_clk/X (sky130_fd_sc_hd__clkbuf_16)
                                                         clknet_0_clk (net)
                      0.031958    0.001321    0.113778 ^ clkbuf_1_0__f_clk/A (sky130_fd_sc_hd__clkbuf_16)
     4    0.012833    0.026419    0.079724    0.193503 ^ clkbuf_1_0__f_clk/X (sky130_fd_sc_hd__clkbuf_16)
                                                         clknet_1_0__leaf_clk (net)
                      0.026421    0.000620    0.194123 ^ _48_/CLK (sky130_fd_sc_hd__dfrtp_1)
                                  0.250000    0.444123   clock uncertainty
                                  0.000000    0.444123   clock reconvergence pessimism
                                  0.196232    0.640355   library removal time
                                              0.640355   data required time
---------------------------------------------------------------------------------------------
                                              0.640355   data required time
                                             -4.174788   data arrival time
---------------------------------------------------------------------------------------------
                                              3.534433   slack (MET)


Startpoint: rst (input port clocked by clk)
Endpoint: _51_ (removal check against rising-edge clock clk)
Path Group: asynchronous
Path Type: min

Fanout         Cap        Slew       Delay        Time   Description
---------------------------------------------------------------------------------------------
                                  0.000000    0.000000   clock clk (rise edge)
                                  0.000000    0.000000   clock network delay (propagated)
                                  4.000000    4.000000 v input external delay
     1    0.003371    0.005548    0.002829    4.002829 v rst (in)
                                                         rst (net)
                      0.005557    0.000000    4.002829 v input1/A (sky130_fd_sc_hd__clkbuf_4)
     8    0.044378    0.069603    0.122189    4.125018 v input1/X (sky130_fd_sc_hd__clkbuf_4)
                                                         net1 (net)
                      0.069734    0.002242    4.127260 v _43_/A (sky130_fd_sc_hd__inv_2)
     1    0.005027    0.030072    0.047149    4.174409 ^ _43_/Y (sky130_fd_sc_hd__inv_2)
                                                         _13_ (net)
                      0.030073    0.000269    4.174678 ^ _51_/RESET_B (sky130_fd_sc_hd__dfrtp_1)
                                              4.174678   data arrival time

                                  0.000000    0.000000   clock clk (rise edge)
                                  0.000000    0.000000   clock source latency
     1    0.010065    0.038765    0.025382    0.025382 ^ clk (in)
                                                         clk (net)
                      0.038772    0.000000    0.025382 ^ clkbuf_0_clk/A (sky130_fd_sc_hd__clkbuf_16)
     2    0.021076    0.031901    0.087075    0.112457 ^ clkbuf_0_clk/X (sky130_fd_sc_hd__clkbuf_16)
                                                         clknet_0_clk (net)
                      0.031955    0.001292    0.113750 ^ clkbuf_1_1__f_clk/A (sky130_fd_sc_hd__clkbuf_16)
     4    0.012181    0.025989    0.079276    0.193026 ^ clkbuf_1_1__f_clk/X (sky130_fd_sc_hd__clkbuf_16)
                                                         clknet_1_1__leaf_clk (net)
                      0.025994    0.000821    0.193847 ^ _51_/CLK (sky130_fd_sc_hd__dfrtp_1)
                                  0.250000    0.443847   clock uncertainty
                                  0.000000    0.443847   clock reconvergence pessimism
                                  0.196200    0.640047   library removal time
                                              0.640047   data required time
---------------------------------------------------------------------------------------------
                                              0.640047   data required time
                                             -4.174678   data arrival time
---------------------------------------------------------------------------------------------
                                              3.534632   slack (MET)


Startpoint: rst (input port clocked by clk)
Endpoint: _46_ (removal check against rising-edge clock clk)
Path Group: asynchronous
Path Type: min

Fanout         Cap        Slew       Delay        Time   Description
---------------------------------------------------------------------------------------------
                                  0.000000    0.000000   clock clk (rise edge)
                                  0.000000    0.000000   clock network delay (propagated)
                                  4.000000    4.000000 v input external delay
     1    0.003371    0.005548    0.002829    4.002829 v rst (in)
                                                         rst (net)
                      0.005557    0.000000    4.002829 v input1/A (sky130_fd_sc_hd__clkbuf_4)
     8    0.044378    0.069603    0.122189    4.125018 v input1/X (sky130_fd_sc_hd__clkbuf_4)
                                                         net1 (net)
                      0.069807    0.002895    4.127913 v _24_/A (sky130_fd_sc_hd__inv_2)
     1    0.005152    0.030406    0.047478    4.175391 ^ _24_/Y (sky130_fd_sc_hd__inv_2)
                                                         _08_ (net)
                      0.030407    0.000290    4.175681 ^ _46_/RESET_B (sky130_fd_sc_hd__dfrtp_1)
                                              4.175681   data arrival time

                                  0.000000    0.000000   clock clk (rise edge)
                                  0.000000    0.000000   clock source latency
     1    0.010065    0.038765    0.025382    0.025382 ^ clk (in)
                                                         clk (net)
                      0.038772    0.000000    0.025382 ^ clkbuf_0_clk/A (sky130_fd_sc_hd__clkbuf_16)
     2    0.021076    0.031901    0.087075    0.112457 ^ clkbuf_0_clk/X (sky130_fd_sc_hd__clkbuf_16)
                                                         clknet_0_clk (net)
                      0.031958    0.001321    0.113778 ^ clkbuf_1_0__f_clk/A (sky130_fd_sc_hd__clkbuf_16)
     4    0.012833    0.026419    0.079724    0.193503 ^ clkbuf_1_0__f_clk/X (sky130_fd_sc_hd__clkbuf_16)
                                                         clknet_1_0__leaf_clk (net)
                      0.026423    0.000794    0.194296 ^ _46_/CLK (sky130_fd_sc_hd__dfrtp_1)
                                  0.250000    0.444296   clock uncertainty
                                  0.000000    0.444296   clock reconvergence pessimism
                                  0.196346    0.640642   library removal time
                                              0.640642   data required time
---------------------------------------------------------------------------------------------
                                              0.640642   data required time
                                             -4.175681   data arrival time
---------------------------------------------------------------------------------------------
                                              3.535039   slack (MET)


Startpoint: rst (input port clocked by clk)
Endpoint: _47_ (removal check against rising-edge clock clk)
Path Group: asynchronous
Path Type: min

Fanout         Cap        Slew       Delay        Time   Description
---------------------------------------------------------------------------------------------
                                  0.000000    0.000000   clock clk (rise edge)
                                  0.000000    0.000000   clock network delay (propagated)
                                  4.000000    4.000000 v input external delay
     1    0.003371    0.005548    0.002829    4.002829 v rst (in)
                                                         rst (net)
                      0.005557    0.000000    4.002829 v input1/A (sky130_fd_sc_hd__clkbuf_4)
     8    0.044378    0.069603    0.122189    4.125018 v input1/X (sky130_fd_sc_hd__clkbuf_4)
                                                         net1 (net)
                      0.069785    0.002715    4.127732 v _39_/A (sky130_fd_sc_hd__inv_2)
     1    0.006370    0.033560    0.050577    4.178309 ^ _39_/Y (sky130_fd_sc_hd__inv_2)
                                                         _09_ (net)
                      0.033564    0.000361    4.178670 ^ _47_/RESET_B (sky130_fd_sc_hd__dfrtp_1)
                                              4.178670   data arrival time

                                  0.000000    0.000000   clock clk (rise edge)
                                  0.000000    0.000000   clock source latency
     1    0.010065    0.038765    0.025382    0.025382 ^ clk (in)
                                                         clk (net)
                      0.038772    0.000000    0.025382 ^ clkbuf_0_clk/A (sky130_fd_sc_hd__clkbuf_16)
     2    0.021076    0.031901    0.087075    0.112457 ^ clkbuf_0_clk/X (sky130_fd_sc_hd__clkbuf_16)
                                                         clknet_0_clk (net)
                      0.031958    0.001321    0.113778 ^ clkbuf_1_0__f_clk/A (sky130_fd_sc_hd__clkbuf_16)
     4    0.012833    0.026419    0.079724    0.193503 ^ clkbuf_1_0__f_clk/X (sky130_fd_sc_hd__clkbuf_16)
                                                         clknet_1_0__leaf_clk (net)
                      0.026421    0.000641    0.194144 ^ _47_/CLK (sky130_fd_sc_hd__dfrtp_1)
                                  0.250000    0.444144   clock uncertainty
                                  0.000000    0.444144   clock reconvergence pessimism
                                  0.197167    0.641311   library removal time
                                              0.641311   data required time
---------------------------------------------------------------------------------------------
                                              0.641311   data required time
                                             -4.178670   data arrival time
---------------------------------------------------------------------------------------------
                                              3.537359   slack (MET)


Startpoint: rst (input port clocked by clk)
Endpoint: _50_ (removal check against rising-edge clock clk)
Path Group: asynchronous
Path Type: min

Fanout         Cap        Slew       Delay        Time   Description
---------------------------------------------------------------------------------------------
                                  0.000000    0.000000   clock clk (rise edge)
                                  0.000000    0.000000   clock network delay (propagated)
                                  4.000000    4.000000 v input external delay
     1    0.003371    0.005548    0.002829    4.002829 v rst (in)
                                                         rst (net)
                      0.005557    0.000000    4.002829 v input1/A (sky130_fd_sc_hd__clkbuf_4)
     8    0.044378    0.069603    0.122189    4.125018 v input1/X (sky130_fd_sc_hd__clkbuf_4)
                                                         net1 (net)
                      0.069848    0.003202    4.128220 v _42_/A (sky130_fd_sc_hd__inv_2)
     1    0.005963    0.032491    0.049538    4.177757 ^ _42_/Y (sky130_fd_sc_hd__inv_2)
                                                         _12_ (net)
                      0.032502    0.000371    4.178129 ^ _50_/RESET_B (sky130_fd_sc_hd__dfrtp_1)
                                              4.178129   data arrival time

                                  0.000000    0.000000   clock clk (rise edge)
                                  0.000000    0.000000   clock source latency
     1    0.010065    0.038765    0.025382    0.025382 ^ clk (in)
                                                         clk (net)
                      0.038772    0.000000    0.025382 ^ clkbuf_0_clk/A (sky130_fd_sc_hd__clkbuf_16)
     2    0.021076    0.031901    0.087075    0.112457 ^ clkbuf_0_clk/X (sky130_fd_sc_hd__clkbuf_16)
                                                         clknet_0_clk (net)
                      0.031955    0.001292    0.113750 ^ clkbuf_1_1__f_clk/A (sky130_fd_sc_hd__clkbuf_16)
     4    0.012181    0.025989    0.079276    0.193026 ^ clkbuf_1_1__f_clk/X (sky130_fd_sc_hd__clkbuf_16)
                                                         clknet_1_1__leaf_clk (net)
                      0.025995    0.000893    0.193919 ^ _50_/CLK (sky130_fd_sc_hd__dfrtp_1)
                                  0.250000    0.443919   clock uncertainty
                                  0.000000    0.443919   clock reconvergence pessimism
                                  0.196832    0.640750   library removal time
                                              0.640750   data required time
---------------------------------------------------------------------------------------------
                                              0.640750   data required time
                                             -4.178129   data arrival time
---------------------------------------------------------------------------------------------
                                              3.537379   slack (MET)


Startpoint: rst (input port clocked by clk)
Endpoint: _53_ (removal check against rising-edge clock clk)
Path Group: asynchronous
Path Type: min

Fanout         Cap        Slew       Delay        Time   Description
---------------------------------------------------------------------------------------------
                                  0.000000    0.000000   clock clk (rise edge)
                                  0.000000    0.000000   clock network delay (propagated)
                                  4.000000    4.000000 v input external delay
     1    0.003371    0.005548    0.002829    4.002829 v rst (in)
                                                         rst (net)
                      0.005557    0.000000    4.002829 v input1/A (sky130_fd_sc_hd__clkbuf_4)
     8    0.044378    0.069603    0.122189    4.125018 v input1/X (sky130_fd_sc_hd__clkbuf_4)
                                                         net1 (net)
                      0.069794    0.002793    4.127811 v _45_/A (sky130_fd_sc_hd__inv_2)
     1    0.006250    0.033242    0.050231    4.178042 ^ _45_/Y (sky130_fd_sc_hd__inv_2)
                                                         _15_ (net)
                      0.033248    0.000424    4.178466 ^ _53_/RESET_B (sky130_fd_sc_hd__dfrtp_1)
                                              4.178466   data arrival time

                                  0.000000    0.000000   clock clk (rise edge)
                                  0.000000    0.000000   clock source latency
     1    0.010065    0.038765    0.025382    0.025382 ^ clk (in)
                                                         clk (net)
                      0.038772    0.000000    0.025382 ^ clkbuf_0_clk/A (sky130_fd_sc_hd__clkbuf_16)
     2    0.021076    0.031901    0.087075    0.112457 ^ clkbuf_0_clk/X (sky130_fd_sc_hd__clkbuf_16)
                                                         clknet_0_clk (net)
                      0.031955    0.001292    0.113750 ^ clkbuf_1_1__f_clk/A (sky130_fd_sc_hd__clkbuf_16)
     4    0.012181    0.025989    0.079276    0.193026 ^ clkbuf_1_1__f_clk/X (sky130_fd_sc_hd__clkbuf_16)
                                                         clknet_1_1__leaf_clk (net)
                      0.025992    0.000612    0.193638 ^ _53_/CLK (sky130_fd_sc_hd__dfrtp_1)
                                  0.250000    0.443638   clock uncertainty
                                  0.000000    0.443638   clock reconvergence pessimism
                                  0.197025    0.640663   library removal time
                                              0.640663   data required time
---------------------------------------------------------------------------------------------
                                              0.640663   data required time
                                             -4.178466   data arrival time
---------------------------------------------------------------------------------------------
                                              3.537803   slack (MET)


Startpoint: rst (input port clocked by clk)
Endpoint: _52_ (removal check against rising-edge clock clk)
Path Group: asynchronous
Path Type: min

Fanout         Cap        Slew       Delay        Time   Description
---------------------------------------------------------------------------------------------
                                  0.000000    0.000000   clock clk (rise edge)
                                  0.000000    0.000000   clock network delay (propagated)
                                  4.000000    4.000000 v input external delay
     1    0.003371    0.005548    0.002829    4.002829 v rst (in)
                                                         rst (net)
                      0.005557    0.000000    4.002829 v input1/A (sky130_fd_sc_hd__clkbuf_4)
     8    0.044378    0.069603    0.122189    4.125018 v input1/X (sky130_fd_sc_hd__clkbuf_4)
                                                         net1 (net)
                      0.069852    0.003228    4.128245 v _44_/A (sky130_fd_sc_hd__inv_2)
     1    0.008090    0.038271    0.054845    4.183090 ^ _44_/Y (sky130_fd_sc_hd__inv_2)
                                                         _14_ (net)
                      0.038311    0.000716    4.183807 ^ _52_/RESET_B (sky130_fd_sc_hd__dfrtp_1)
                                              4.183807   data arrival time

                                  0.000000    0.000000   clock clk (rise edge)
                                  0.000000    0.000000   clock source latency
     1    0.010065    0.038765    0.025382    0.025382 ^ clk (in)
                                                         clk (net)
                      0.038772    0.000000    0.025382 ^ clkbuf_0_clk/A (sky130_fd_sc_hd__clkbuf_16)
     2    0.021076    0.031901    0.087075    0.112457 ^ clkbuf_0_clk/X (sky130_fd_sc_hd__clkbuf_16)
                                                         clknet_0_clk (net)
                      0.031955    0.001292    0.113750 ^ clkbuf_1_1__f_clk/A (sky130_fd_sc_hd__clkbuf_16)
     4    0.012181    0.025989    0.079276    0.193026 ^ clkbuf_1_1__f_clk/X (sky130_fd_sc_hd__clkbuf_16)
                                                         clknet_1_1__leaf_clk (net)
                      0.025993    0.000746    0.193772 ^ _52_/CLK (sky130_fd_sc_hd__dfrtp_1)
                                  0.250000    0.443772   clock uncertainty
                                  0.000000    0.443772   clock reconvergence pessimism
                                  0.198342    0.642114   library removal time
                                              0.642114   data required time
---------------------------------------------------------------------------------------------
                                              0.642114   data required time
                                             -4.183807   data arrival time
---------------------------------------------------------------------------------------------
                                              3.541692   slack (MET)


Startpoint: _53_ (rising edge-triggered flip-flop clocked by clk)
Endpoint: q[7] (output port clocked by clk)
Path Group: clk
Path Type: min

Fanout         Cap        Slew       Delay        Time   Description
---------------------------------------------------------------------------------------------
                                  0.000000    0.000000   clock clk (rise edge)
                                  0.000000    0.000000   clock source latency
     1    0.010065    0.038765    0.025382    0.025382 ^ clk (in)
                                                         clk (net)
                      0.038772    0.000000    0.025382 ^ clkbuf_0_clk/A (sky130_fd_sc_hd__clkbuf_16)
     2    0.021076    0.031901    0.087075    0.112457 ^ clkbuf_0_clk/X (sky130_fd_sc_hd__clkbuf_16)
                                                         clknet_0_clk (net)
                      0.031955    0.001292    0.113750 ^ clkbuf_1_1__f_clk/A (sky130_fd_sc_hd__clkbuf_16)
     4    0.012181    0.025989    0.079276    0.193026 ^ clkbuf_1_1__f_clk/X (sky130_fd_sc_hd__clkbuf_16)
                                                         clknet_1_1__leaf_clk (net)
                      0.025992    0.000612    0.193638 ^ _53_/CLK (sky130_fd_sc_hd__dfrtp_1)
     2    0.004141    0.032508    0.225028    0.418666 v _53_/Q (sky130_fd_sc_hd__dfrtp_1)
                                                         net9 (net)
                      0.032508    0.000274    0.418940 v output9/A (sky130_fd_sc_hd__buf_2)
     1    0.034793    0.063588    0.118104    0.537044 v output9/X (sky130_fd_sc_hd__buf_2)
                                                         q[7] (net)
                      0.063647    0.001731    0.538774 v q[7] (out)
                                              0.538774   data arrival time

                                  0.000000    0.000000   clock clk (rise edge)
                                  0.000000    0.000000   clock network delay (propagated)
                                  0.250000    0.250000   clock uncertainty
                                  0.000000    0.250000   clock reconvergence pessimism
                                 -4.000000   -3.750000   output external delay
                                             -3.750000   data required time
---------------------------------------------------------------------------------------------
                                             -3.750000   data required time
                                             -0.538774   data arrival time
---------------------------------------------------------------------------------------------
                                              4.288774   slack (MET)


Startpoint: _52_ (rising edge-triggered flip-flop clocked by clk)
Endpoint: q[6] (output port clocked by clk)
Path Group: clk
Path Type: min

Fanout         Cap        Slew       Delay        Time   Description
---------------------------------------------------------------------------------------------
                                  0.000000    0.000000   clock clk (rise edge)
                                  0.000000    0.000000   clock source latency
     1    0.010065    0.038765    0.025382    0.025382 ^ clk (in)
                                                         clk (net)
                      0.038772    0.000000    0.025382 ^ clkbuf_0_clk/A (sky130_fd_sc_hd__clkbuf_16)
     2    0.021076    0.031901    0.087075    0.112457 ^ clkbuf_0_clk/X (sky130_fd_sc_hd__clkbuf_16)
                                                         clknet_0_clk (net)
                      0.031955    0.001292    0.113750 ^ clkbuf_1_1__f_clk/A (sky130_fd_sc_hd__clkbuf_16)
     4    0.012181    0.025989    0.079276    0.193026 ^ clkbuf_1_1__f_clk/X (sky130_fd_sc_hd__clkbuf_16)
                                                         clknet_1_1__leaf_clk (net)
                      0.025993    0.000746    0.193772 ^ _52_/CLK (sky130_fd_sc_hd__dfrtp_1)
     3    0.008475    0.046508    0.240747    0.434519 v _52_/Q (sky130_fd_sc_hd__dfrtp_1)
                                                         net8 (net)
                      0.046510    0.000345    0.434864 v output8/A (sky130_fd_sc_hd__buf_2)
     1    0.035309    0.064754    0.124153    0.559016 v output8/X (sky130_fd_sc_hd__buf_2)
                                                         q[6] (net)
                      0.064828    0.001957    0.560973 v q[6] (out)
                                              0.560973   data arrival time

                                  0.000000    0.000000   clock clk (rise edge)
                                  0.000000    0.000000   clock network delay (propagated)
                                  0.250000    0.250000   clock uncertainty
                                  0.000000    0.250000   clock reconvergence pessimism
                                 -4.000000   -3.750000   output external delay
                                             -3.750000   data required time
---------------------------------------------------------------------------------------------
                                             -3.750000   data required time
                                             -0.560973   data arrival time
---------------------------------------------------------------------------------------------
                                              4.310973   slack (MET)


Startpoint: _51_ (rising edge-triggered flip-flop clocked by clk)
Endpoint: q[5] (output port clocked by clk)
Path Group: clk
Path Type: min

Fanout         Cap        Slew       Delay        Time   Description
---------------------------------------------------------------------------------------------
                                  0.000000    0.000000   clock clk (rise edge)
                                  0.000000    0.000000   clock source latency
     1    0.010065    0.038765    0.025382    0.025382 ^ clk (in)
                                                         clk (net)
                      0.038772    0.000000    0.025382 ^ clkbuf_0_clk/A (sky130_fd_sc_hd__clkbuf_16)
     2    0.021076    0.031901    0.087075    0.112457 ^ clkbuf_0_clk/X (sky130_fd_sc_hd__clkbuf_16)
                                                         clknet_0_clk (net)
                      0.031955    0.001292    0.113750 ^ clkbuf_1_1__f_clk/A (sky130_fd_sc_hd__clkbuf_16)
     4    0.012181    0.025989    0.079276    0.193026 ^ clkbuf_1_1__f_clk/X (sky130_fd_sc_hd__clkbuf_16)
                                                         clknet_1_1__leaf_clk (net)
                      0.025994    0.000821    0.193847 ^ _51_/CLK (sky130_fd_sc_hd__dfrtp_1)
     3    0.009353    0.049631    0.243885    0.437732 v _51_/Q (sky130_fd_sc_hd__dfrtp_1)
                                                         net7 (net)
                      0.049632    0.000308    0.438040 v output7/A (sky130_fd_sc_hd__buf_2)
     1    0.033960    0.062326    0.124023    0.562062 v output7/X (sky130_fd_sc_hd__buf_2)
                                                         q[5] (net)
                      0.062375    0.001587    0.563650 v q[5] (out)
                                              0.563650   data arrival time

                                  0.000000    0.000000   clock clk (rise edge)
                                  0.000000    0.000000   clock network delay (propagated)
                                  0.250000    0.250000   clock uncertainty
                                  0.000000    0.250000   clock reconvergence pessimism
                                 -4.000000   -3.750000   output external delay
                                             -3.750000   data required time
---------------------------------------------------------------------------------------------
                                             -3.750000   data required time
                                             -0.563650   data arrival time
---------------------------------------------------------------------------------------------
                                              4.313650   slack (MET)


Startpoint: _48_ (rising edge-triggered flip-flop clocked by clk)
Endpoint: q[2] (output port clocked by clk)
Path Group: clk
Path Type: min

Fanout         Cap        Slew       Delay        Time   Description
---------------------------------------------------------------------------------------------
                                  0.000000    0.000000   clock clk (rise edge)
                                  0.000000    0.000000   clock source latency
     1    0.010065    0.038765    0.025382    0.025382 ^ clk (in)
                                                         clk (net)
                      0.038772    0.000000    0.025382 ^ clkbuf_0_clk/A (sky130_fd_sc_hd__clkbuf_16)
     2    0.021076    0.031901    0.087075    0.112457 ^ clkbuf_0_clk/X (sky130_fd_sc_hd__clkbuf_16)
                                                         clknet_0_clk (net)
                      0.031958    0.001321    0.113778 ^ clkbuf_1_0__f_clk/A (sky130_fd_sc_hd__clkbuf_16)
     4    0.012833    0.026419    0.079724    0.193503 ^ clkbuf_1_0__f_clk/X (sky130_fd_sc_hd__clkbuf_16)
                                                         clknet_1_0__leaf_clk (net)
                      0.026421    0.000620    0.194123 ^ _48_/CLK (sky130_fd_sc_hd__dfrtp_1)
     3    0.009883    0.051174    0.245846    0.439969 v _48_/Q (sky130_fd_sc_hd__dfrtp_1)
                                                         net4 (net)
                      0.051180    0.000578    0.440547 v output4/A (sky130_fd_sc_hd__buf_2)
     1    0.037863    0.068579    0.129222    0.569769 v output4/X (sky130_fd_sc_hd__buf_2)
                                                         q[2] (net)
                      0.068652    0.001991    0.571760 v q[2] (out)
                                              0.571760   data arrival time

                                  0.000000    0.000000   clock clk (rise edge)
                                  0.000000    0.000000   clock network delay (propagated)
                                  0.250000    0.250000   clock uncertainty
                                  0.000000    0.250000   clock reconvergence pessimism
                                 -4.000000   -3.750000   output external delay
                                             -3.750000   data required time
---------------------------------------------------------------------------------------------
                                             -3.750000   data required time
                                             -0.571760   data arrival time
---------------------------------------------------------------------------------------------
                                              4.321760   slack (MET)


Startpoint: _50_ (rising edge-triggered flip-flop clocked by clk)
Endpoint: q[4] (output port clocked by clk)
Path Group: clk
Path Type: min

Fanout         Cap        Slew       Delay        Time   Description
---------------------------------------------------------------------------------------------
                                  0.000000    0.000000   clock clk (rise edge)
                                  0.000000    0.000000   clock source latency
     1    0.010065    0.038765    0.025382    0.025382 ^ clk (in)
                                                         clk (net)
                      0.038772    0.000000    0.025382 ^ clkbuf_0_clk/A (sky130_fd_sc_hd__clkbuf_16)
     2    0.021076    0.031901    0.087075    0.112457 ^ clkbuf_0_clk/X (sky130_fd_sc_hd__clkbuf_16)
                                                         clknet_0_clk (net)
                      0.031955    0.001292    0.113750 ^ clkbuf_1_1__f_clk/A (sky130_fd_sc_hd__clkbuf_16)
     4    0.012181    0.025989    0.079276    0.193026 ^ clkbuf_1_1__f_clk/X (sky130_fd_sc_hd__clkbuf_16)
                                                         clknet_1_1__leaf_clk (net)
                      0.025995    0.000893    0.193919 ^ _50_/CLK (sky130_fd_sc_hd__dfrtp_1)
     4    0.011942    0.055823    0.252217    0.446135 v _50_/Q (sky130_fd_sc_hd__dfrtp_1)
                                                         net6 (net)
                      0.055824    0.000361    0.446496 v output6/A (sky130_fd_sc_hd__buf_2)
     1    0.034203    0.062718    0.126740    0.573236 v output6/X (sky130_fd_sc_hd__buf_2)
                                                         q[4] (net)
                      0.062775    0.001700    0.574936 v q[4] (out)
                                              0.574936   data arrival time

                                  0.000000    0.000000   clock clk (rise edge)
                                  0.000000    0.000000   clock network delay (propagated)
                                  0.250000    0.250000   clock uncertainty
                                  0.000000    0.250000   clock reconvergence pessimism
                                 -4.000000   -3.750000   output external delay
                                             -3.750000   data required time
---------------------------------------------------------------------------------------------
                                             -3.750000   data required time
                                             -0.574936   data arrival time
---------------------------------------------------------------------------------------------
                                              4.324936   slack (MET)


Startpoint: _49_ (rising edge-triggered flip-flop clocked by clk)
Endpoint: q[3] (output port clocked by clk)
Path Group: clk
Path Type: min

Fanout         Cap        Slew       Delay        Time   Description
---------------------------------------------------------------------------------------------
                                  0.000000    0.000000   clock clk (rise edge)
                                  0.000000    0.000000   clock source latency
     1    0.010065    0.038765    0.025382    0.025382 ^ clk (in)
                                                         clk (net)
                      0.038772    0.000000    0.025382 ^ clkbuf_0_clk/A (sky130_fd_sc_hd__clkbuf_16)
     2    0.021076    0.031901    0.087075    0.112457 ^ clkbuf_0_clk/X (sky130_fd_sc_hd__clkbuf_16)
                                                         clknet_0_clk (net)
                      0.031958    0.001321    0.113778 ^ clkbuf_1_0__f_clk/A (sky130_fd_sc_hd__clkbuf_16)
     4    0.012833    0.026419    0.079724    0.193503 ^ clkbuf_1_0__f_clk/X (sky130_fd_sc_hd__clkbuf_16)
                                                         clknet_1_0__leaf_clk (net)
                      0.026424    0.000894    0.194397 ^ _49_/CLK (sky130_fd_sc_hd__dfrtp_1)
     5    0.011836    0.055461    0.251962    0.446359 v _49_/Q (sky130_fd_sc_hd__dfrtp_1)
                                                         net5 (net)
                      0.055471    0.000726    0.447086 v output5/A (sky130_fd_sc_hd__buf_2)
     1    0.034258    0.062802    0.126651    0.573736 v output5/X (sky130_fd_sc_hd__buf_2)
                                                         q[3] (net)
                      0.062861    0.001723    0.575459 v q[3] (out)
                                              0.575459   data arrival time

                                  0.000000    0.000000   clock clk (rise edge)
                                  0.000000    0.000000   clock network delay (propagated)
                                  0.250000    0.250000   clock uncertainty
                                  0.000000    0.250000   clock reconvergence pessimism
                                 -4.000000   -3.750000   output external delay
                                             -3.750000   data required time
---------------------------------------------------------------------------------------------
                                             -3.750000   data required time
                                             -0.575459   data arrival time
---------------------------------------------------------------------------------------------
                                              4.325459   slack (MET)


Startpoint: _46_ (rising edge-triggered flip-flop clocked by clk)
Endpoint: q[0] (output port clocked by clk)
Path Group: clk
Path Type: min

Fanout         Cap        Slew       Delay        Time   Description
---------------------------------------------------------------------------------------------
                                  0.000000    0.000000   clock clk (rise edge)
                                  0.000000    0.000000   clock source latency
     1    0.010065    0.038765    0.025382    0.025382 ^ clk (in)
                                                         clk (net)
                      0.038772    0.000000    0.025382 ^ clkbuf_0_clk/A (sky130_fd_sc_hd__clkbuf_16)
     2    0.021076    0.031901    0.087075    0.112457 ^ clkbuf_0_clk/X (sky130_fd_sc_hd__clkbuf_16)
                                                         clknet_0_clk (net)
                      0.031958    0.001321    0.113778 ^ clkbuf_1_0__f_clk/A (sky130_fd_sc_hd__clkbuf_16)
     4    0.012833    0.026419    0.079724    0.193503 ^ clkbuf_1_0__f_clk/X (sky130_fd_sc_hd__clkbuf_16)
                                                         clknet_1_0__leaf_clk (net)
                      0.026423    0.000794    0.194296 ^ _46_/CLK (sky130_fd_sc_hd__dfrtp_1)
     4    0.012088    0.056181    0.252680    0.446977 v _46_/Q (sky130_fd_sc_hd__dfrtp_1)
                                                         net2 (net)
                      0.056188    0.000672    0.447649 v output2/A (sky130_fd_sc_hd__buf_2)
     1    0.034808    0.063611    0.127667    0.575316 v output2/X (sky130_fd_sc_hd__buf_2)
                                                         q[0] (net)
                      0.063668    0.001703    0.577019 v q[0] (out)
                                              0.577019   data arrival time

                                  0.000000    0.000000   clock clk (rise edge)
                                  0.000000    0.000000   clock network delay (propagated)
                                  0.250000    0.250000   clock uncertainty
                                  0.000000    0.250000   clock reconvergence pessimism
                                 -4.000000   -3.750000   output external delay
                                             -3.750000   data required time
---------------------------------------------------------------------------------------------
                                             -3.750000   data required time
                                             -0.577019   data arrival time
---------------------------------------------------------------------------------------------
                                              4.327019   slack (MET)


Startpoint: _47_ (rising edge-triggered flip-flop clocked by clk)
Endpoint: q[1] (output port clocked by clk)
Path Group: clk
Path Type: min

Fanout         Cap        Slew       Delay        Time   Description
---------------------------------------------------------------------------------------------
                                  0.000000    0.000000   clock clk (rise edge)
                                  0.000000    0.000000   clock source latency
     1    0.010065    0.038765    0.025382    0.025382 ^ clk (in)
                                                         clk (net)
                      0.038772    0.000000    0.025382 ^ clkbuf_0_clk/A (sky130_fd_sc_hd__clkbuf_16)
     2    0.021076    0.031901    0.087075    0.112457 ^ clkbuf_0_clk/X (sky130_fd_sc_hd__clkbuf_16)
                                                         clknet_0_clk (net)
                      0.031958    0.001321    0.113778 ^ clkbuf_1_0__f_clk/A (sky130_fd_sc_hd__clkbuf_16)
     4    0.012833    0.026419    0.079724    0.193503 ^ clkbuf_1_0__f_clk/X (sky130_fd_sc_hd__clkbuf_16)
                                                         clknet_1_0__leaf_clk (net)
                      0.026421    0.000641    0.194144 ^ _47_/CLK (sky130_fd_sc_hd__dfrtp_1)
     4    0.012501    0.057455    0.253847    0.447991 v _47_/Q (sky130_fd_sc_hd__dfrtp_1)
                                                         net3 (net)
                      0.057458    0.000503    0.448494 v output3/A (sky130_fd_sc_hd__buf_2)
     1    0.037538    0.068192    0.131162    0.579656 v output3/X (sky130_fd_sc_hd__buf_2)
                                                         q[1] (net)
                      0.068290    0.002282    0.581938 v q[1] (out)
                                              0.581938   data arrival time

                                  0.000000    0.000000   clock clk (rise edge)
                                  0.000000    0.000000   clock network delay (propagated)
                                  0.250000    0.250000   clock uncertainty
                                  0.000000    0.250000   clock reconvergence pessimism
                                 -4.000000   -3.750000   output external delay
                                             -3.750000   data required time
---------------------------------------------------------------------------------------------
                                             -3.750000   data required time
                                             -0.581938   data arrival time
---------------------------------------------------------------------------------------------
                                              4.331938   slack (MET)



