Clock: clk
Sources: clk 
Generated: no
Virtual: yes
Propagated: no
Period: 20.000000

===========================================================================
report_clock_properties
============================================================================
Clock                   Period          Waveform
----------------------------------------------------
clk                  20.000000    0.000000 10.000000

===========================================================================
report_clock_latency
============================================================================
Clock clk
rise -> rise
    min     max
0.000000 0.000000 source latency
0.191485         network latency _53_/CLK
        0.192101 network latency _49_/CLK
---------------
0.191485 0.192101 latency
        0.000617 skew

fall -> fall
    min     max
0.000000 0.000000 source latency
0.192186         network latency _53_/CLK
        0.192731 network latency _49_/CLK
---------------
0.192186 0.192731 latency
        0.000545 skew



===========================================================================
report_clock_min_period
============================================================================
clk period_min = 1.42 fmax = 705.62
