
===========================================================================
report_checks -path_delay min (Hold)
============================================================================
======================= nom_ff_n40C_1v95 Corner ===================================

Startpoint: _49_ (rising edge-triggered flip-flop clocked by clk)
Endpoint: _50_ (rising edge-triggered flip-flop clocked by clk)
Path Group: clk
Path Type: min

Fanout         Cap        Slew       Delay        Time   Description
---------------------------------------------------------------------------------------------
                                  0.000000    0.000000   clock clk (rise edge)
                                  0.000000    0.000000   clock source latency
     1    0.009938    0.038309    0.024957    0.024957 ^ clk (in)
                                                         clk (net)
                      0.038310    0.000000    0.024957 ^ clkbuf_0_clk/A (sky130_fd_sc_hd__clkbuf_16)
     2    0.020437    0.031452    0.086782    0.111739 ^ clkbuf_0_clk/X (sky130_fd_sc_hd__clkbuf_16)
                                                         clknet_0_clk (net)
                      0.031455    0.000580    0.112320 ^ clkbuf_1_0__f_clk/A (sky130_fd_sc_hd__clkbuf_16)
     4    0.012377    0.026107    0.079375    0.191695 ^ clkbuf_1_0__f_clk/X (sky130_fd_sc_hd__clkbuf_16)
                                                         clknet_1_0__leaf_clk (net)
                      0.026108    0.000407    0.192101 ^ _49_/CLK (sky130_fd_sc_hd__dfrtp_1)
     5    0.011561    0.054673    0.251334    0.443435 v _49_/Q (sky130_fd_sc_hd__dfrtp_1)
                                                         net5 (net)
                      0.054674    0.000339    0.443774 v _29_/A (sky130_fd_sc_hd__nand2_1)
     1    0.005795    0.047942    0.060823    0.504597 ^ _29_/Y (sky130_fd_sc_hd__nand2_1)
                                                         _18_ (net)
                      0.047942    0.000192    0.504789 ^ _32_/B (sky130_fd_sc_hd__xnor2_1)
     1    0.002271    0.020567    0.033890    0.538678 v _32_/Y (sky130_fd_sc_hd__xnor2_1)
                                                         _04_ (net)
                      0.020567    0.000064    0.538742 v _50_/D (sky130_fd_sc_hd__dfrtp_1)
                                              0.538742   data arrival time

                                  0.000000    0.000000   clock clk (rise edge)
                                  0.000000    0.000000   clock source latency
     1    0.009938    0.038309    0.024957    0.024957 ^ clk (in)
                                                         clk (net)
                      0.038310    0.000000    0.024957 ^ clkbuf_0_clk/A (sky130_fd_sc_hd__clkbuf_16)
     2    0.020437    0.031452    0.086782    0.111739 ^ clkbuf_0_clk/X (sky130_fd_sc_hd__clkbuf_16)
                                                         clknet_0_clk (net)
                      0.031455    0.000557    0.112297 ^ clkbuf_1_1__f_clk/A (sky130_fd_sc_hd__clkbuf_16)
     4    0.011735    0.025682    0.078932    0.191228 ^ clkbuf_1_1__f_clk/X (sky130_fd_sc_hd__clkbuf_16)
                                                         clknet_1_1__leaf_clk (net)
                      0.025682    0.000406    0.191634 ^ _50_/CLK (sky130_fd_sc_hd__dfrtp_1)
                                  0.250000    0.441634   clock uncertainty
                                  0.000000    0.441634   clock reconvergence pessimism
                                 -0.029189    0.412445   library hold time
                                              0.412445   data required time
---------------------------------------------------------------------------------------------
                                              0.412445   data required time
                                             -0.538742   data arrival time
---------------------------------------------------------------------------------------------
                                              0.126298   slack (MET)


Startpoint: _52_ (rising edge-triggered flip-flop clocked by clk)
Endpoint: _52_ (rising edge-triggered flip-flop clocked by clk)
Path Group: clk
Path Type: min

Fanout         Cap        Slew       Delay        Time   Description
---------------------------------------------------------------------------------------------
                                  0.000000    0.000000   clock clk (rise edge)
                                  0.000000    0.000000   clock source latency
     1    0.009938    0.038309    0.024957    0.024957 ^ clk (in)
                                                         clk (net)
                      0.038310    0.000000    0.024957 ^ clkbuf_0_clk/A (sky130_fd_sc_hd__clkbuf_16)
     2    0.020437    0.031452    0.086782    0.111739 ^ clkbuf_0_clk/X (sky130_fd_sc_hd__clkbuf_16)
                                                         clknet_0_clk (net)
                      0.031455    0.000557    0.112297 ^ clkbuf_1_1__f_clk/A (sky130_fd_sc_hd__clkbuf_16)
     4    0.011735    0.025682    0.078932    0.191228 ^ clkbuf_1_1__f_clk/X (sky130_fd_sc_hd__clkbuf_16)
                                                         clknet_1_1__leaf_clk (net)
                      0.025682    0.000316    0.191544 ^ _52_/CLK (sky130_fd_sc_hd__dfrtp_1)
     3    0.008579    0.065818    0.223654    0.415198 ^ _52_/Q (sky130_fd_sc_hd__dfrtp_1)
                                                         net8 (net)
                      0.065818    0.000138    0.415336 ^ _35_/A (sky130_fd_sc_hd__and3_1)
     2    0.008545    0.072669    0.119228    0.534564 ^ _35_/X (sky130_fd_sc_hd__and3_1)
                                                         _21_ (net)
                      0.072669    0.000242    0.534805 ^ _37_/A (sky130_fd_sc_hd__nor2_1)
     1    0.003510    0.024464    0.032804    0.567609 v _37_/Y (sky130_fd_sc_hd__nor2_1)
                                                         _06_ (net)
                      0.024464    0.000110    0.567719 v _52_/D (sky130_fd_sc_hd__dfrtp_1)
                                              0.567719   data arrival time

                                  0.000000    0.000000   clock clk (rise edge)
                                  0.000000    0.000000   clock source latency
     1    0.009938    0.038309    0.024957    0.024957 ^ clk (in)
                                                         clk (net)
                      0.038310    0.000000    0.024957 ^ clkbuf_0_clk/A (sky130_fd_sc_hd__clkbuf_16)
     2    0.020437    0.031452    0.086782    0.111739 ^ clkbuf_0_clk/X (sky130_fd_sc_hd__clkbuf_16)
                                                         clknet_0_clk (net)
                      0.031455    0.000557    0.112297 ^ clkbuf_1_1__f_clk/A (sky130_fd_sc_hd__clkbuf_16)
     4    0.011735    0.025682    0.078932    0.191228 ^ clkbuf_1_1__f_clk/X (sky130_fd_sc_hd__clkbuf_16)
                                                         clknet_1_1__leaf_clk (net)
                      0.025682    0.000316    0.191544 ^ _52_/CLK (sky130_fd_sc_hd__dfrtp_1)
                                  0.250000    0.441544   clock uncertainty
                                  0.000000    0.441544   clock reconvergence pessimism
                                 -0.030456    0.411088   library hold time
                                              0.411088   data required time
---------------------------------------------------------------------------------------------
                                              0.411088   data required time
                                             -0.567719   data arrival time
---------------------------------------------------------------------------------------------
                                              0.156631   slack (MET)


Startpoint: _52_ (rising edge-triggered flip-flop clocked by clk)
Endpoint: _53_ (rising edge-triggered flip-flop clocked by clk)
Path Group: clk
Path Type: min

Fanout         Cap        Slew       Delay        Time   Description
---------------------------------------------------------------------------------------------
                                  0.000000    0.000000   clock clk (rise edge)
                                  0.000000    0.000000   clock source latency
     1    0.009938    0.038309    0.024957    0.024957 ^ clk (in)
                                                         clk (net)
                      0.038310    0.000000    0.024957 ^ clkbuf_0_clk/A (sky130_fd_sc_hd__clkbuf_16)
     2    0.020437    0.031452    0.086782    0.111739 ^ clkbuf_0_clk/X (sky130_fd_sc_hd__clkbuf_16)
                                                         clknet_0_clk (net)
                      0.031455    0.000557    0.112297 ^ clkbuf_1_1__f_clk/A (sky130_fd_sc_hd__clkbuf_16)
     4    0.011735    0.025682    0.078932    0.191228 ^ clkbuf_1_1__f_clk/X (sky130_fd_sc_hd__clkbuf_16)
                                                         clknet_1_1__leaf_clk (net)
                      0.025682    0.000316    0.191544 ^ _52_/CLK (sky130_fd_sc_hd__dfrtp_1)
     3    0.008579    0.065818    0.223654    0.415198 ^ _52_/Q (sky130_fd_sc_hd__dfrtp_1)
                                                         net8 (net)
                      0.065818    0.000138    0.415336 ^ _35_/A (sky130_fd_sc_hd__and3_1)
     2    0.008545    0.072669    0.119228    0.534564 ^ _35_/X (sky130_fd_sc_hd__and3_1)
                                                         _21_ (net)
                      0.072669    0.000252    0.534816 ^ _38_/B (sky130_fd_sc_hd__xor2_1)
     1    0.002690    0.024771    0.038504    0.573320 v _38_/X (sky130_fd_sc_hd__xor2_1)
                                                         _07_ (net)
                      0.024771    0.000078    0.573398 v _53_/D (sky130_fd_sc_hd__dfrtp_1)
                                              0.573398   data arrival time

                                  0.000000    0.000000   clock clk (rise edge)
                                  0.000000    0.000000   clock source latency
     1    0.009938    0.038309    0.024957    0.024957 ^ clk (in)
                                                         clk (net)
                      0.038310    0.000000    0.024957 ^ clkbuf_0_clk/A (sky130_fd_sc_hd__clkbuf_16)
     2    0.020437    0.031452    0.086782    0.111739 ^ clkbuf_0_clk/X (sky130_fd_sc_hd__clkbuf_16)
                                                         clknet_0_clk (net)
                      0.031455    0.000557    0.112297 ^ clkbuf_1_1__f_clk/A (sky130_fd_sc_hd__clkbuf_16)
     4    0.011735    0.025682    0.078932    0.191228 ^ clkbuf_1_1__f_clk/X (sky130_fd_sc_hd__clkbuf_16)
                                                         clknet_1_1__leaf_clk (net)
                      0.025682    0.000256    0.191485 ^ _53_/CLK (sky130_fd_sc_hd__dfrtp_1)
                                  0.250000    0.441485   clock uncertainty
                                  0.000000    0.441485   clock reconvergence pessimism
                                 -0.030556    0.410929   library hold time
                                              0.410929   data required time
---------------------------------------------------------------------------------------------
                                              0.410929   data required time
                                             -0.573398   data arrival time
---------------------------------------------------------------------------------------------
                                              0.162469   slack (MET)


Startpoint: _49_ (rising edge-triggered flip-flop clocked by clk)
Endpoint: _51_ (rising edge-triggered flip-flop clocked by clk)
Path Group: clk
Path Type: min

Fanout         Cap        Slew       Delay        Time   Description
---------------------------------------------------------------------------------------------
                                  0.000000    0.000000   clock clk (rise edge)
                                  0.000000    0.000000   clock source latency
     1    0.009938    0.038309    0.024957    0.024957 ^ clk (in)
                                                         clk (net)
                      0.038310    0.000000    0.024957 ^ clkbuf_0_clk/A (sky130_fd_sc_hd__clkbuf_16)
     2    0.020437    0.031452    0.086782    0.111739 ^ clkbuf_0_clk/X (sky130_fd_sc_hd__clkbuf_16)
                                                         clknet_0_clk (net)
                      0.031455    0.000580    0.112320 ^ clkbuf_1_0__f_clk/A (sky130_fd_sc_hd__clkbuf_16)
     4    0.012377    0.026107    0.079375    0.191695 ^ clkbuf_1_0__f_clk/X (sky130_fd_sc_hd__clkbuf_16)
                                                         clknet_1_0__leaf_clk (net)
                      0.026108    0.000407    0.192101 ^ _49_/CLK (sky130_fd_sc_hd__dfrtp_1)
     5    0.012140    0.087266    0.240428    0.432529 ^ _49_/Q (sky130_fd_sc_hd__dfrtp_1)
                                                         net5 (net)
                      0.087266    0.000310    0.432839 ^ _31_/A (sky130_fd_sc_hd__and3_1)
     1    0.002499    0.032770    0.091067    0.523907 ^ _31_/X (sky130_fd_sc_hd__and3_1)
                                                         _19_ (net)
                      0.032770    0.000072    0.523978 ^ _34_/B1 (sky130_fd_sc_hd__o2bb2a_1)
     1    0.002577    0.030220    0.083367    0.607346 ^ _34_/X (sky130_fd_sc_hd__o2bb2a_1)
                                                         _05_ (net)
                      0.030234    0.000073    0.607419 ^ _51_/D (sky130_fd_sc_hd__dfrtp_1)
                                              0.607419   data arrival time

                                  0.000000    0.000000   clock clk (rise edge)
                                  0.000000    0.000000   clock source latency
     1    0.009938    0.038309    0.024957    0.024957 ^ clk (in)
                                                         clk (net)
                      0.038310    0.000000    0.024957 ^ clkbuf_0_clk/A (sky130_fd_sc_hd__clkbuf_16)
     2    0.020437    0.031452    0.086782    0.111739 ^ clkbuf_0_clk/X (sky130_fd_sc_hd__clkbuf_16)
                                                         clknet_0_clk (net)
                      0.031455    0.000557    0.112297 ^ clkbuf_1_1__f_clk/A (sky130_fd_sc_hd__clkbuf_16)
     4    0.011735    0.025682    0.078932    0.191228 ^ clkbuf_1_1__f_clk/X (sky130_fd_sc_hd__clkbuf_16)
                                                         clknet_1_1__leaf_clk (net)
                      0.025682    0.000379    0.191607 ^ _51_/CLK (sky130_fd_sc_hd__dfrtp_1)
                                  0.250000    0.441607   clock uncertainty
                                  0.000000    0.441607   clock reconvergence pessimism
                                 -0.019874    0.421733   library hold time
                                              0.421733   data required time
---------------------------------------------------------------------------------------------
                                              0.421733   data required time
                                             -0.607419   data arrival time
---------------------------------------------------------------------------------------------
                                              0.185686   slack (MET)


Startpoint: _48_ (rising edge-triggered flip-flop clocked by clk)
Endpoint: _48_ (rising edge-triggered flip-flop clocked by clk)
Path Group: clk
Path Type: min

Fanout         Cap        Slew       Delay        Time   Description
---------------------------------------------------------------------------------------------
                                  0.000000    0.000000   clock clk (rise edge)
                                  0.000000    0.000000   clock source latency
     1    0.009938    0.038309    0.024957    0.024957 ^ clk (in)
                                                         clk (net)
                      0.038310    0.000000    0.024957 ^ clkbuf_0_clk/A (sky130_fd_sc_hd__clkbuf_16)
     2    0.020437    0.031452    0.086782    0.111739 ^ clkbuf_0_clk/X (sky130_fd_sc_hd__clkbuf_16)
                                                         clknet_0_clk (net)
                      0.031455    0.000580    0.112320 ^ clkbuf_1_0__f_clk/A (sky130_fd_sc_hd__clkbuf_16)
     4    0.012377    0.026107    0.079375    0.191695 ^ clkbuf_1_0__f_clk/X (sky130_fd_sc_hd__clkbuf_16)
                                                         clknet_1_0__leaf_clk (net)
                      0.026107    0.000250    0.191944 ^ _48_/CLK (sky130_fd_sc_hd__dfrtp_1)
     3    0.009976    0.074231    0.230430    0.422375 ^ _48_/Q (sky130_fd_sc_hd__dfrtp_1)
                                                         net4 (net)
                      0.074231    0.000240    0.422614 ^ _26_/C (sky130_fd_sc_hd__and3_2)
     7    0.024871    0.101918    0.167907    0.590522 ^ _26_/X (sky130_fd_sc_hd__and3_2)
                                                         _16_ (net)
                      0.101929    0.001109    0.591630 ^ _28_/A (sky130_fd_sc_hd__nor2_1)
     1    0.003045    0.019621    0.033576    0.625206 v _28_/Y (sky130_fd_sc_hd__nor2_1)
                                                         _02_ (net)
                      0.019621    0.000068    0.625274 v _48_/D (sky130_fd_sc_hd__dfrtp_1)
                                              0.625274   data arrival time

                                  0.000000    0.000000   clock clk (rise edge)
                                  0.000000    0.000000   clock source latency
     1    0.009938    0.038309    0.024957    0.024957 ^ clk (in)
                                                         clk (net)
                      0.038310    0.000000    0.024957 ^ clkbuf_0_clk/A (sky130_fd_sc_hd__clkbuf_16)
     2    0.020437    0.031452    0.086782    0.111739 ^ clkbuf_0_clk/X (sky130_fd_sc_hd__clkbuf_16)
                                                         clknet_0_clk (net)
                      0.031455    0.000580    0.112320 ^ clkbuf_1_0__f_clk/A (sky130_fd_sc_hd__clkbuf_16)
     4    0.012377    0.026107    0.079375    0.191695 ^ clkbuf_1_0__f_clk/X (sky130_fd_sc_hd__clkbuf_16)
                                                         clknet_1_0__leaf_clk (net)
                      0.026107    0.000250    0.191944 ^ _48_/CLK (sky130_fd_sc_hd__dfrtp_1)
                                  0.250000    0.441944   clock uncertainty
                                  0.000000    0.441944   clock reconvergence pessimism
                                 -0.028840    0.413105   library hold time
                                              0.413105   data required time
---------------------------------------------------------------------------------------------
                                              0.413105   data required time
                                             -0.625274   data arrival time
---------------------------------------------------------------------------------------------
                                              0.212169   slack (MET)


Startpoint: _48_ (rising edge-triggered flip-flop clocked by clk)
Endpoint: _49_ (rising edge-triggered flip-flop clocked by clk)
Path Group: clk
Path Type: min

Fanout         Cap        Slew       Delay        Time   Description
---------------------------------------------------------------------------------------------
                                  0.000000    0.000000   clock clk (rise edge)
                                  0.000000    0.000000   clock source latency
     1    0.009938    0.038309    0.024957    0.024957 ^ clk (in)
                                                         clk (net)
                      0.038310    0.000000    0.024957 ^ clkbuf_0_clk/A (sky130_fd_sc_hd__clkbuf_16)
     2    0.020437    0.031452    0.086782    0.111739 ^ clkbuf_0_clk/X (sky130_fd_sc_hd__clkbuf_16)
                                                         clknet_0_clk (net)
                      0.031455    0.000580    0.112320 ^ clkbuf_1_0__f_clk/A (sky130_fd_sc_hd__clkbuf_16)
     4    0.012377    0.026107    0.079375    0.191695 ^ clkbuf_1_0__f_clk/X (sky130_fd_sc_hd__clkbuf_16)
                                                         clknet_1_0__leaf_clk (net)
                      0.026107    0.000250    0.191944 ^ _48_/CLK (sky130_fd_sc_hd__dfrtp_1)
     3    0.009976    0.074231    0.230430    0.422375 ^ _48_/Q (sky130_fd_sc_hd__dfrtp_1)
                                                         net4 (net)
                      0.074231    0.000240    0.422614 ^ _26_/C (sky130_fd_sc_hd__and3_2)
     7    0.024871    0.101918    0.167907    0.590522 ^ _26_/X (sky130_fd_sc_hd__and3_2)
                                                         _16_ (net)
                      0.101931    0.001183    0.591705 ^ _30_/B (sky130_fd_sc_hd__xor2_1)
     1    0.002446    0.024020    0.040353    0.632058 v _30_/X (sky130_fd_sc_hd__xor2_1)
                                                         _03_ (net)
                      0.024020    0.000069    0.632127 v _49_/D (sky130_fd_sc_hd__dfrtp_1)
                                              0.632127   data arrival time

                                  0.000000    0.000000   clock clk (rise edge)
                                  0.000000    0.000000   clock source latency
     1    0.009938    0.038309    0.024957    0.024957 ^ clk (in)
                                                         clk (net)
                      0.038310    0.000000    0.024957 ^ clkbuf_0_clk/A (sky130_fd_sc_hd__clkbuf_16)
     2    0.020437    0.031452    0.086782    0.111739 ^ clkbuf_0_clk/X (sky130_fd_sc_hd__clkbuf_16)
                                                         clknet_0_clk (net)
                      0.031455    0.000580    0.112320 ^ clkbuf_1_0__f_clk/A (sky130_fd_sc_hd__clkbuf_16)
     4    0.012377    0.026107    0.079375    0.191695 ^ clkbuf_1_0__f_clk/X (sky130_fd_sc_hd__clkbuf_16)
                                                         clknet_1_0__leaf_clk (net)
                      0.026108    0.000407    0.192101 ^ _49_/CLK (sky130_fd_sc_hd__dfrtp_1)
                                  0.250000    0.442101   clock uncertainty
                                  0.000000    0.442101   clock reconvergence pessimism
                                 -0.030270    0.411832   library hold time
                                              0.411832   data required time
---------------------------------------------------------------------------------------------
                                              0.411832   data required time
                                             -0.632127   data arrival time
---------------------------------------------------------------------------------------------
                                              0.220295   slack (MET)


Startpoint: _47_ (rising edge-triggered flip-flop clocked by clk)
Endpoint: _47_ (rising edge-triggered flip-flop clocked by clk)
Path Group: clk
Path Type: min

Fanout         Cap        Slew       Delay        Time   Description
---------------------------------------------------------------------------------------------
                                  0.000000    0.000000   clock clk (rise edge)
                                  0.000000    0.000000   clock source latency
     1    0.009938    0.038309    0.024957    0.024957 ^ clk (in)
                                                         clk (net)
                      0.038310    0.000000    0.024957 ^ clkbuf_0_clk/A (sky130_fd_sc_hd__clkbuf_16)
     2    0.020437    0.031452    0.086782    0.111739 ^ clkbuf_0_clk/X (sky130_fd_sc_hd__clkbuf_16)
                                                         clknet_0_clk (net)
                      0.031455    0.000580    0.112320 ^ clkbuf_1_0__f_clk/A (sky130_fd_sc_hd__clkbuf_16)
     4    0.012377    0.026107    0.079375    0.191695 ^ clkbuf_1_0__f_clk/X (sky130_fd_sc_hd__clkbuf_16)
                                                         clknet_1_0__leaf_clk (net)
                      0.026107    0.000270    0.191965 ^ _47_/CLK (sky130_fd_sc_hd__dfrtp_1)
     4    0.012539    0.089784    0.242271    0.434235 ^ _47_/Q (sky130_fd_sc_hd__dfrtp_1)
                                                         net3 (net)
                      0.089784    0.000244    0.434480 ^ hold3/A (sky130_fd_sc_hd__dlygate4sd3_1)
     1    0.005849    0.057841    0.398731    0.833211 ^ hold3/X (sky130_fd_sc_hd__dlygate4sd3_1)
                                                         net12 (net)
                      0.057841    0.000187    0.833398 ^ _25_/B (sky130_fd_sc_hd__xor2_1)
     1    0.002344    0.023800    0.035586    0.868984 v _25_/X (sky130_fd_sc_hd__xor2_1)
                                                         _01_ (net)
                      0.023800    0.000047    0.869031 v _47_/D (sky130_fd_sc_hd__dfrtp_1)
                                              0.869031   data arrival time

                                  0.000000    0.000000   clock clk (rise edge)
                                  0.000000    0.000000   clock source latency
     1    0.009938    0.038309    0.024957    0.024957 ^ clk (in)
                                                         clk (net)
                      0.038310    0.000000    0.024957 ^ clkbuf_0_clk/A (sky130_fd_sc_hd__clkbuf_16)
     2    0.020437    0.031452    0.086782    0.111739 ^ clkbuf_0_clk/X (sky130_fd_sc_hd__clkbuf_16)
                                                         clknet_0_clk (net)
                      0.031455    0.000580    0.112320 ^ clkbuf_1_0__f_clk/A (sky130_fd_sc_hd__clkbuf_16)
     4    0.012377    0.026107    0.079375    0.191695 ^ clkbuf_1_0__f_clk/X (sky130_fd_sc_hd__clkbuf_16)
                                                         clknet_1_0__leaf_clk (net)
                      0.026107    0.000270    0.191965 ^ _47_/CLK (sky130_fd_sc_hd__dfrtp_1)
                                  0.250000    0.441965   clock uncertainty
                                  0.000000    0.441965   clock reconvergence pessimism
                                 -0.030198    0.411766   library hold time
                                              0.411766   data required time
---------------------------------------------------------------------------------------------
                                              0.411766   data required time
                                             -0.869031   data arrival time
---------------------------------------------------------------------------------------------
                                              0.457265   slack (MET)


Startpoint: _46_ (rising edge-triggered flip-flop clocked by clk)
Endpoint: _46_ (rising edge-triggered flip-flop clocked by clk)
Path Group: clk
Path Type: min

Fanout         Cap        Slew       Delay        Time   Description
---------------------------------------------------------------------------------------------
                                  0.000000    0.000000   clock clk (rise edge)
                                  0.000000    0.000000   clock source latency
     1    0.009938    0.038309    0.024957    0.024957 ^ clk (in)
                                                         clk (net)
                      0.038310    0.000000    0.024957 ^ clkbuf_0_clk/A (sky130_fd_sc_hd__clkbuf_16)
     2    0.020437    0.031452    0.086782    0.111739 ^ clkbuf_0_clk/X (sky130_fd_sc_hd__clkbuf_16)
                                                         clknet_0_clk (net)
                      0.031455    0.000580    0.112320 ^ clkbuf_1_0__f_clk/A (sky130_fd_sc_hd__clkbuf_16)
     4    0.012377    0.026107    0.079375    0.191695 ^ clkbuf_1_0__f_clk/X (sky130_fd_sc_hd__clkbuf_16)
                                                         clknet_1_0__leaf_clk (net)
                      0.026108    0.000359    0.192054 ^ _46_/CLK (sky130_fd_sc_hd__dfrtp_1)
     4    0.012117    0.087121    0.240333    0.432387 ^ _46_/Q (sky130_fd_sc_hd__dfrtp_1)
                                                         net2 (net)
                      0.087121    0.000291    0.432678 ^ hold2/A (sky130_fd_sc_hd__dlygate4sd3_1)
     2    0.011264    0.095007    0.427322    0.860000 ^ hold2/X (sky130_fd_sc_hd__dlygate4sd3_1)
                                                         net11 (net)
                      0.095007    0.000328    0.860328 ^ _23_/A (sky130_fd_sc_hd__inv_2)
     1    0.002955    0.020789    0.014396    0.874724 v _23_/Y (sky130_fd_sc_hd__inv_2)
                                                         _00_ (net)
                      0.020789    0.000090    0.874814 v _46_/D (sky130_fd_sc_hd__dfrtp_1)
                                              0.874814   data arrival time

                                  0.000000    0.000000   clock clk (rise edge)
                                  0.000000    0.000000   clock source latency
     1    0.009938    0.038309    0.024957    0.024957 ^ clk (in)
                                                         clk (net)
                      0.038310    0.000000    0.024957 ^ clkbuf_0_clk/A (sky130_fd_sc_hd__clkbuf_16)
     2    0.020437    0.031452    0.086782    0.111739 ^ clkbuf_0_clk/X (sky130_fd_sc_hd__clkbuf_16)
                                                         clknet_0_clk (net)
                      0.031455    0.000580    0.112320 ^ clkbuf_1_0__f_clk/A (sky130_fd_sc_hd__clkbuf_16)
     4    0.012377    0.026107    0.079375    0.191695 ^ clkbuf_1_0__f_clk/X (sky130_fd_sc_hd__clkbuf_16)
                                                         clknet_1_0__leaf_clk (net)
                      0.026108    0.000359    0.192054 ^ _46_/CLK (sky130_fd_sc_hd__dfrtp_1)
                                  0.250000    0.442054   clock uncertainty
                                  0.000000    0.442054   clock reconvergence pessimism
                                 -0.029219    0.412835   library hold time
                                              0.412835   data required time
---------------------------------------------------------------------------------------------
                                              0.412835   data required time
                                             -0.874814   data arrival time
---------------------------------------------------------------------------------------------
                                              0.461979   slack (MET)


Startpoint: rst (input port clocked by clk)
Endpoint: _49_ (removal check against rising-edge clock clk)
Path Group: asynchronous
Path Type: min

Fanout         Cap        Slew       Delay        Time   Description
---------------------------------------------------------------------------------------------
                                  0.000000    0.000000   clock clk (rise edge)
                                  0.000000    0.000000   clock network delay (propagated)
                                  4.000000    4.000000 v input external delay
     1    0.003278    0.005420    0.002699    4.002699 v rst (in)
                                                         rst (net)
                      0.005421    0.000000    4.002699 v input1/A (sky130_fd_sc_hd__clkbuf_4)
     8    0.043381    0.067646    0.122181    4.124881 v input1/X (sky130_fd_sc_hd__clkbuf_4)
                                                         net1 (net)
                      0.067684    0.001460    4.126341 v _41_/A (sky130_fd_sc_hd__inv_2)
     1    0.003900    0.026478    0.042770    4.169110 ^ _41_/Y (sky130_fd_sc_hd__inv_2)
                                                         _11_ (net)
                      0.026478    0.000076    4.169187 ^ _49_/RESET_B (sky130_fd_sc_hd__dfrtp_1)
                                              4.169187   data arrival time

                                  0.000000    0.000000   clock clk (rise edge)
                                  0.000000    0.000000   clock source latency
     1    0.009938    0.038309    0.024957    0.024957 ^ clk (in)
                                                         clk (net)
                      0.038310    0.000000    0.024957 ^ clkbuf_0_clk/A (sky130_fd_sc_hd__clkbuf_16)
     2    0.020437    0.031452    0.086782    0.111739 ^ clkbuf_0_clk/X (sky130_fd_sc_hd__clkbuf_16)
                                                         clknet_0_clk (net)
                      0.031455    0.000580    0.112320 ^ clkbuf_1_0__f_clk/A (sky130_fd_sc_hd__clkbuf_16)
     4    0.012377    0.026107    0.079375    0.191695 ^ clkbuf_1_0__f_clk/X (sky130_fd_sc_hd__clkbuf_16)
                                                         clknet_1_0__leaf_clk (net)
                      0.026108    0.000407    0.192101 ^ _49_/CLK (sky130_fd_sc_hd__dfrtp_1)
                                  0.250000    0.442101   clock uncertainty
                                  0.000000    0.442101   clock reconvergence pessimism
                                  0.195281    0.637382   library removal time
                                              0.637382   data required time
---------------------------------------------------------------------------------------------
                                              0.637382   data required time
                                             -4.169187   data arrival time
---------------------------------------------------------------------------------------------
                                              3.531805   slack (MET)


Startpoint: rst (input port clocked by clk)
Endpoint: _48_ (removal check against rising-edge clock clk)
Path Group: asynchronous
Path Type: min

Fanout         Cap        Slew       Delay        Time   Description
---------------------------------------------------------------------------------------------
                                  0.000000    0.000000   clock clk (rise edge)
                                  0.000000    0.000000   clock network delay (propagated)
                                  4.000000    4.000000 v input external delay
     1    0.003278    0.005420    0.002699    4.002699 v rst (in)
                                                         rst (net)
                      0.005421    0.000000    4.002699 v input1/A (sky130_fd_sc_hd__clkbuf_4)
     8    0.043381    0.067646    0.122181    4.124881 v input1/X (sky130_fd_sc_hd__clkbuf_4)
                                                         net1 (net)
                      0.067673    0.001261    4.126142 v _40_/A (sky130_fd_sc_hd__inv_2)
     1    0.004925    0.029396    0.046329    4.172470 ^ _40_/Y (sky130_fd_sc_hd__inv_2)
                                                         _10_ (net)
                      0.029396    0.000071    4.172541 ^ _48_/RESET_B (sky130_fd_sc_hd__dfrtp_1)
                                              4.172541   data arrival time

                                  0.000000    0.000000   clock clk (rise edge)
                                  0.000000    0.000000   clock source latency
     1    0.009938    0.038309    0.024957    0.024957 ^ clk (in)
                                                         clk (net)
                      0.038310    0.000000    0.024957 ^ clkbuf_0_clk/A (sky130_fd_sc_hd__clkbuf_16)
     2    0.020437    0.031452    0.086782    0.111739 ^ clkbuf_0_clk/X (sky130_fd_sc_hd__clkbuf_16)
                                                         clknet_0_clk (net)
                      0.031455    0.000580    0.112320 ^ clkbuf_1_0__f_clk/A (sky130_fd_sc_hd__clkbuf_16)
     4    0.012377    0.026107    0.079375    0.191695 ^ clkbuf_1_0__f_clk/X (sky130_fd_sc_hd__clkbuf_16)
                                                         clknet_1_0__leaf_clk (net)
                      0.026107    0.000250    0.191944 ^ _48_/CLK (sky130_fd_sc_hd__dfrtp_1)
                                  0.250000    0.441944   clock uncertainty
                                  0.000000    0.441944   clock reconvergence pessimism
                                  0.196039    0.637984   library removal time
                                              0.637984   data required time
---------------------------------------------------------------------------------------------
                                              0.637984   data required time
                                             -4.172541   data arrival time
---------------------------------------------------------------------------------------------
                                              3.534557   slack (MET)


Startpoint: rst (input port clocked by clk)
Endpoint: _51_ (removal check against rising-edge clock clk)
Path Group: asynchronous
Path Type: min

Fanout         Cap        Slew       Delay        Time   Description
---------------------------------------------------------------------------------------------
                                  0.000000    0.000000   clock clk (rise edge)
                                  0.000000    0.000000   clock network delay (propagated)
                                  4.000000    4.000000 v input external delay
     1    0.003278    0.005420    0.002699    4.002699 v rst (in)
                                                         rst (net)
                      0.005421    0.000000    4.002699 v input1/A (sky130_fd_sc_hd__clkbuf_4)
     8    0.043381    0.067646    0.122181    4.124881 v input1/X (sky130_fd_sc_hd__clkbuf_4)
                                                         net1 (net)
                      0.067661    0.000972    4.125852 v _43_/A (sky130_fd_sc_hd__inv_2)
     1    0.004893    0.029309    0.046229    4.172081 ^ _43_/Y (sky130_fd_sc_hd__inv_2)
                                                         _13_ (net)
                      0.029309    0.000116    4.172198 ^ _51_/RESET_B (sky130_fd_sc_hd__dfrtp_1)
                                              4.172198   data arrival time

                                  0.000000    0.000000   clock clk (rise edge)
                                  0.000000    0.000000   clock source latency
     1    0.009938    0.038309    0.024957    0.024957 ^ clk (in)
                                                         clk (net)
                      0.038310    0.000000    0.024957 ^ clkbuf_0_clk/A (sky130_fd_sc_hd__clkbuf_16)
     2    0.020437    0.031452    0.086782    0.111739 ^ clkbuf_0_clk/X (sky130_fd_sc_hd__clkbuf_16)
                                                         clknet_0_clk (net)
                      0.031455    0.000557    0.112297 ^ clkbuf_1_1__f_clk/A (sky130_fd_sc_hd__clkbuf_16)
     4    0.011735    0.025682    0.078932    0.191228 ^ clkbuf_1_1__f_clk/X (sky130_fd_sc_hd__clkbuf_16)
                                                         clknet_1_1__leaf_clk (net)
                      0.025682    0.000379    0.191607 ^ _51_/CLK (sky130_fd_sc_hd__dfrtp_1)
                                  0.250000    0.441607   clock uncertainty
                                  0.000000    0.441607   clock reconvergence pessimism
                                  0.195958    0.637565   library removal time
                                              0.637565   data required time
---------------------------------------------------------------------------------------------
                                              0.637565   data required time
                                             -4.172198   data arrival time
---------------------------------------------------------------------------------------------
                                              3.534632   slack (MET)


Startpoint: rst (input port clocked by clk)
Endpoint: _46_ (removal check against rising-edge clock clk)
Path Group: asynchronous
Path Type: min

Fanout         Cap        Slew       Delay        Time   Description
---------------------------------------------------------------------------------------------
                                  0.000000    0.000000   clock clk (rise edge)
                                  0.000000    0.000000   clock network delay (propagated)
                                  4.000000    4.000000 v input external delay
     1    0.003278    0.005420    0.002699    4.002699 v rst (in)
                                                         rst (net)
                      0.005421    0.000000    4.002699 v input1/A (sky130_fd_sc_hd__clkbuf_4)
     8    0.043381    0.067646    0.122181    4.124881 v input1/X (sky130_fd_sc_hd__clkbuf_4)
                                                         net1 (net)
                      0.067682    0.001435    4.126316 v _24_/A (sky130_fd_sc_hd__inv_2)
     1    0.004999    0.029585    0.046499    4.172815 ^ _24_/Y (sky130_fd_sc_hd__inv_2)
                                                         _08_ (net)
                      0.029585    0.000123    4.172938 ^ _46_/RESET_B (sky130_fd_sc_hd__dfrtp_1)
                                              4.172938   data arrival time

                                  0.000000    0.000000   clock clk (rise edge)
                                  0.000000    0.000000   clock source latency
     1    0.009938    0.038309    0.024957    0.024957 ^ clk (in)
                                                         clk (net)
                      0.038310    0.000000    0.024957 ^ clkbuf_0_clk/A (sky130_fd_sc_hd__clkbuf_16)
     2    0.020437    0.031452    0.086782    0.111739 ^ clkbuf_0_clk/X (sky130_fd_sc_hd__clkbuf_16)
                                                         clknet_0_clk (net)
                      0.031455    0.000580    0.112320 ^ clkbuf_1_0__f_clk/A (sky130_fd_sc_hd__clkbuf_16)
     4    0.012377    0.026107    0.079375    0.191695 ^ clkbuf_1_0__f_clk/X (sky130_fd_sc_hd__clkbuf_16)
                                                         clknet_1_0__leaf_clk (net)
                      0.026108    0.000359    0.192054 ^ _46_/CLK (sky130_fd_sc_hd__dfrtp_1)
                                  0.250000    0.442054   clock uncertainty
                                  0.000000    0.442054   clock reconvergence pessimism
                                  0.196089    0.638142   library removal time
                                              0.638142   data required time
---------------------------------------------------------------------------------------------
                                              0.638142   data required time
                                             -4.172938   data arrival time
---------------------------------------------------------------------------------------------
                                              3.534795   slack (MET)


Startpoint: rst (input port clocked by clk)
Endpoint: _50_ (removal check against rising-edge clock clk)
Path Group: asynchronous
Path Type: min

Fanout         Cap        Slew       Delay        Time   Description
---------------------------------------------------------------------------------------------
                                  0.000000    0.000000   clock clk (rise edge)
                                  0.000000    0.000000   clock network delay (propagated)
                                  4.000000    4.000000 v input external delay
     1    0.003278    0.005420    0.002699    4.002699 v rst (in)
                                                         rst (net)
                      0.005421    0.000000    4.002699 v input1/A (sky130_fd_sc_hd__clkbuf_4)
     8    0.043381    0.067646    0.122181    4.124881 v input1/X (sky130_fd_sc_hd__clkbuf_4)
                                                         net1 (net)
                      0.067691    0.001585    4.126465 v _42_/A (sky130_fd_sc_hd__inv_2)
     1    0.005669    0.031318    0.048197    4.174662 ^ _42_/Y (sky130_fd_sc_hd__inv_2)
                                                         _12_ (net)
                      0.031319    0.000159    4.174820 ^ _50_/RESET_B (sky130_fd_sc_hd__dfrtp_1)
                                              4.174820   data arrival time

                                  0.000000    0.000000   clock clk (rise edge)
                                  0.000000    0.000000   clock source latency
     1    0.009938    0.038309    0.024957    0.024957 ^ clk (in)
                                                         clk (net)
                      0.038310    0.000000    0.024957 ^ clkbuf_0_clk/A (sky130_fd_sc_hd__clkbuf_16)
     2    0.020437    0.031452    0.086782    0.111739 ^ clkbuf_0_clk/X (sky130_fd_sc_hd__clkbuf_16)
                                                         clknet_0_clk (net)
                      0.031455    0.000557    0.112297 ^ clkbuf_1_1__f_clk/A (sky130_fd_sc_hd__clkbuf_16)
     4    0.011735    0.025682    0.078932    0.191228 ^ clkbuf_1_1__f_clk/X (sky130_fd_sc_hd__clkbuf_16)
                                                         clknet_1_1__leaf_clk (net)
                      0.025682    0.000406    0.191634 ^ _50_/CLK (sky130_fd_sc_hd__dfrtp_1)
                                  0.250000    0.441634   clock uncertainty
                                  0.000000    0.441634   clock reconvergence pessimism
                                  0.196481    0.638115   library removal time
                                              0.638115   data required time
---------------------------------------------------------------------------------------------
                                              0.638115   data required time
                                             -4.174820   data arrival time
---------------------------------------------------------------------------------------------
                                              3.536705   slack (MET)


Startpoint: rst (input port clocked by clk)
Endpoint: _47_ (removal check against rising-edge clock clk)
Path Group: asynchronous
Path Type: min

Fanout         Cap        Slew       Delay        Time   Description
---------------------------------------------------------------------------------------------
                                  0.000000    0.000000   clock clk (rise edge)
                                  0.000000    0.000000   clock network delay (propagated)
                                  4.000000    4.000000 v input external delay
     1    0.003278    0.005420    0.002699    4.002699 v rst (in)
                                                         rst (net)
                      0.005421    0.000000    4.002699 v input1/A (sky130_fd_sc_hd__clkbuf_4)
     8    0.043381    0.067646    0.122181    4.124881 v input1/X (sky130_fd_sc_hd__clkbuf_4)
                                                         net1 (net)
                      0.067677    0.001348    4.126228 v _39_/A (sky130_fd_sc_hd__inv_2)
     1    0.006138    0.032539    0.049372    4.175601 ^ _39_/Y (sky130_fd_sc_hd__inv_2)
                                                         _09_ (net)
                      0.032539    0.000183    4.175784 ^ _47_/RESET_B (sky130_fd_sc_hd__dfrtp_1)
                                              4.175784   data arrival time

                                  0.000000    0.000000   clock clk (rise edge)
                                  0.000000    0.000000   clock source latency
     1    0.009938    0.038309    0.024957    0.024957 ^ clk (in)
                                                         clk (net)
                      0.038310    0.000000    0.024957 ^ clkbuf_0_clk/A (sky130_fd_sc_hd__clkbuf_16)
     2    0.020437    0.031452    0.086782    0.111739 ^ clkbuf_0_clk/X (sky130_fd_sc_hd__clkbuf_16)
                                                         clknet_0_clk (net)
                      0.031455    0.000580    0.112320 ^ clkbuf_1_0__f_clk/A (sky130_fd_sc_hd__clkbuf_16)
     4    0.012377    0.026107    0.079375    0.191695 ^ clkbuf_1_0__f_clk/X (sky130_fd_sc_hd__clkbuf_16)
                                                         clknet_1_0__leaf_clk (net)
                      0.026107    0.000270    0.191965 ^ _47_/CLK (sky130_fd_sc_hd__dfrtp_1)
                                  0.250000    0.441965   clock uncertainty
                                  0.000000    0.441965   clock reconvergence pessimism
                                  0.196857    0.638822   library removal time
                                              0.638822   data required time
---------------------------------------------------------------------------------------------
                                              0.638822   data required time
                                             -4.175784   data arrival time
---------------------------------------------------------------------------------------------
                                              3.536962   slack (MET)


Startpoint: rst (input port clocked by clk)
Endpoint: _53_ (removal check against rising-edge clock clk)
Path Group: asynchronous
Path Type: min

Fanout         Cap        Slew       Delay        Time   Description
---------------------------------------------------------------------------------------------
                                  0.000000    0.000000   clock clk (rise edge)
                                  0.000000    0.000000   clock network delay (propagated)
                                  4.000000    4.000000 v input external delay
     1    0.003278    0.005420    0.002699    4.002699 v rst (in)
                                                         rst (net)
                      0.005421    0.000000    4.002699 v input1/A (sky130_fd_sc_hd__clkbuf_4)
     8    0.043381    0.067646    0.122181    4.124881 v input1/X (sky130_fd_sc_hd__clkbuf_4)
                                                         net1 (net)
                      0.067681    0.001405    4.126286 v _45_/A (sky130_fd_sc_hd__inv_2)
     1    0.005953    0.032050    0.048907    4.175193 ^ _45_/Y (sky130_fd_sc_hd__inv_2)
                                                         _15_ (net)
                      0.032052    0.000183    4.175376 ^ _53_/RESET_B (sky130_fd_sc_hd__dfrtp_1)
                                              4.175376   data arrival time

                                  0.000000    0.000000   clock clk (rise edge)
                                  0.000000    0.000000   clock source latency
     1    0.009938    0.038309    0.024957    0.024957 ^ clk (in)
                                                         clk (net)
                      0.038310    0.000000    0.024957 ^ clkbuf_0_clk/A (sky130_fd_sc_hd__clkbuf_16)
     2    0.020437    0.031452    0.086782    0.111739 ^ clkbuf_0_clk/X (sky130_fd_sc_hd__clkbuf_16)
                                                         clknet_0_clk (net)
                      0.031455    0.000557    0.112297 ^ clkbuf_1_1__f_clk/A (sky130_fd_sc_hd__clkbuf_16)
     4    0.011735    0.025682    0.078932    0.191228 ^ clkbuf_1_1__f_clk/X (sky130_fd_sc_hd__clkbuf_16)
                                                         clknet_1_1__leaf_clk (net)
                      0.025682    0.000256    0.191485 ^ _53_/CLK (sky130_fd_sc_hd__dfrtp_1)
                                  0.250000    0.441485   clock uncertainty
                                  0.000000    0.441485   clock reconvergence pessimism
                                  0.196672    0.638156   library removal time
                                              0.638156   data required time
---------------------------------------------------------------------------------------------
                                              0.638156   data required time
                                             -4.175376   data arrival time
---------------------------------------------------------------------------------------------
                                              3.537220   slack (MET)


Startpoint: rst (input port clocked by clk)
Endpoint: _52_ (removal check against rising-edge clock clk)
Path Group: asynchronous
Path Type: min

Fanout         Cap        Slew       Delay        Time   Description
---------------------------------------------------------------------------------------------
                                  0.000000    0.000000   clock clk (rise edge)
                                  0.000000    0.000000   clock network delay (propagated)
                                  4.000000    4.000000 v input external delay
     1    0.003278    0.005420    0.002699    4.002699 v rst (in)
                                                         rst (net)
                      0.005421    0.000000    4.002699 v input1/A (sky130_fd_sc_hd__clkbuf_4)
     8    0.043381    0.067646    0.122181    4.124881 v input1/X (sky130_fd_sc_hd__clkbuf_4)
                                                         net1 (net)
                      0.067692    0.001601    4.126482 v _44_/A (sky130_fd_sc_hd__inv_2)
     1    0.007779    0.036990    0.053499    4.179981 ^ _44_/Y (sky130_fd_sc_hd__inv_2)
                                                         _14_ (net)
                      0.036992    0.000318    4.180298 ^ _52_/RESET_B (sky130_fd_sc_hd__dfrtp_1)
                                              4.180298   data arrival time

                                  0.000000    0.000000   clock clk (rise edge)
                                  0.000000    0.000000   clock source latency
     1    0.009938    0.038309    0.024957    0.024957 ^ clk (in)
                                                         clk (net)
                      0.038310    0.000000    0.024957 ^ clkbuf_0_clk/A (sky130_fd_sc_hd__clkbuf_16)
     2    0.020437    0.031452    0.086782    0.111739 ^ clkbuf_0_clk/X (sky130_fd_sc_hd__clkbuf_16)
                                                         clknet_0_clk (net)
                      0.031455    0.000557    0.112297 ^ clkbuf_1_1__f_clk/A (sky130_fd_sc_hd__clkbuf_16)
     4    0.011735    0.025682    0.078932    0.191228 ^ clkbuf_1_1__f_clk/X (sky130_fd_sc_hd__clkbuf_16)
                                                         clknet_1_1__leaf_clk (net)
                      0.025682    0.000316    0.191544 ^ _52_/CLK (sky130_fd_sc_hd__dfrtp_1)
                                  0.250000    0.441544   clock uncertainty
                                  0.000000    0.441544   clock reconvergence pessimism
                                  0.197956    0.639501   library removal time
                                              0.639501   data required time
---------------------------------------------------------------------------------------------
                                              0.639501   data required time
                                             -4.180298   data arrival time
---------------------------------------------------------------------------------------------
                                              3.540798   slack (MET)


Startpoint: _53_ (rising edge-triggered flip-flop clocked by clk)
Endpoint: q[7] (output port clocked by clk)
Path Group: clk
Path Type: min

Fanout         Cap        Slew       Delay        Time   Description
---------------------------------------------------------------------------------------------
                                  0.000000    0.000000   clock clk (rise edge)
                                  0.000000    0.000000   clock source latency
     1    0.009938    0.038309    0.024957    0.024957 ^ clk (in)
                                                         clk (net)
                      0.038310    0.000000    0.024957 ^ clkbuf_0_clk/A (sky130_fd_sc_hd__clkbuf_16)
     2    0.020437    0.031452    0.086782    0.111739 ^ clkbuf_0_clk/X (sky130_fd_sc_hd__clkbuf_16)
                                                         clknet_0_clk (net)
                      0.031455    0.000557    0.112297 ^ clkbuf_1_1__f_clk/A (sky130_fd_sc_hd__clkbuf_16)
     4    0.011735    0.025682    0.078932    0.191228 ^ clkbuf_1_1__f_clk/X (sky130_fd_sc_hd__clkbuf_16)
                                                         clknet_1_1__leaf_clk (net)
                      0.025682    0.000256    0.191485 ^ _53_/CLK (sky130_fd_sc_hd__dfrtp_1)
     2    0.004066    0.032297    0.224729    0.416214 v _53_/Q (sky130_fd_sc_hd__dfrtp_1)
                                                         net9 (net)
                      0.032297    0.000105    0.416319 v output9/A (sky130_fd_sc_hd__buf_2)
     1    0.034696    0.063431    0.118646    0.534964 v output9/X (sky130_fd_sc_hd__buf_2)
                                                         q[7] (net)
                      0.063439    0.000707    0.535671 v q[7] (out)
                                              0.535671   data arrival time

                                  0.000000    0.000000   clock clk (rise edge)
                                  0.000000    0.000000   clock network delay (propagated)
                                  0.250000    0.250000   clock uncertainty
                                  0.000000    0.250000   clock reconvergence pessimism
                                 -4.000000   -3.750000   output external delay
                                             -3.750000   data required time
---------------------------------------------------------------------------------------------
                                             -3.750000   data required time
                                             -0.535671   data arrival time
---------------------------------------------------------------------------------------------
                                              4.285671   slack (MET)


Startpoint: _52_ (rising edge-triggered flip-flop clocked by clk)
Endpoint: q[6] (output port clocked by clk)
Path Group: clk
Path Type: min

Fanout         Cap        Slew       Delay        Time   Description
---------------------------------------------------------------------------------------------
                                  0.000000    0.000000   clock clk (rise edge)
                                  0.000000    0.000000   clock source latency
     1    0.009938    0.038309    0.024957    0.024957 ^ clk (in)
                                                         clk (net)
                      0.038310    0.000000    0.024957 ^ clkbuf_0_clk/A (sky130_fd_sc_hd__clkbuf_16)
     2    0.020437    0.031452    0.086782    0.111739 ^ clkbuf_0_clk/X (sky130_fd_sc_hd__clkbuf_16)
                                                         clknet_0_clk (net)
                      0.031455    0.000557    0.112297 ^ clkbuf_1_1__f_clk/A (sky130_fd_sc_hd__clkbuf_16)
     4    0.011735    0.025682    0.078932    0.191228 ^ clkbuf_1_1__f_clk/X (sky130_fd_sc_hd__clkbuf_16)
                                                         clknet_1_1__leaf_clk (net)
                      0.025682    0.000316    0.191544 ^ _52_/CLK (sky130_fd_sc_hd__dfrtp_1)
     3    0.008189    0.045438    0.239729    0.431273 v _52_/Q (sky130_fd_sc_hd__dfrtp_1)
                                                         net8 (net)
                      0.045438    0.000151    0.431425 v output8/A (sky130_fd_sc_hd__buf_2)
     1    0.035148    0.064179    0.124333    0.555758 v output8/X (sky130_fd_sc_hd__buf_2)
                                                         q[6] (net)
                      0.064193    0.000907    0.556665 v q[6] (out)
                                              0.556665   data arrival time

                                  0.000000    0.000000   clock clk (rise edge)
                                  0.000000    0.000000   clock network delay (propagated)
                                  0.250000    0.250000   clock uncertainty
                                  0.000000    0.250000   clock reconvergence pessimism
                                 -4.000000   -3.750000   output external delay
                                             -3.750000   data required time
---------------------------------------------------------------------------------------------
                                             -3.750000   data required time
                                             -0.556665   data arrival time
---------------------------------------------------------------------------------------------
                                              4.306665   slack (MET)


Startpoint: _51_ (rising edge-triggered flip-flop clocked by clk)
Endpoint: q[5] (output port clocked by clk)
Path Group: clk
Path Type: min

Fanout         Cap        Slew       Delay        Time   Description
---------------------------------------------------------------------------------------------
                                  0.000000    0.000000   clock clk (rise edge)
                                  0.000000    0.000000   clock source latency
     1    0.009938    0.038309    0.024957    0.024957 ^ clk (in)
                                                         clk (net)
                      0.038310    0.000000    0.024957 ^ clkbuf_0_clk/A (sky130_fd_sc_hd__clkbuf_16)
     2    0.020437    0.031452    0.086782    0.111739 ^ clkbuf_0_clk/X (sky130_fd_sc_hd__clkbuf_16)
                                                         clknet_0_clk (net)
                      0.031455    0.000557    0.112297 ^ clkbuf_1_1__f_clk/A (sky130_fd_sc_hd__clkbuf_16)
     4    0.011735    0.025682    0.078932    0.191228 ^ clkbuf_1_1__f_clk/X (sky130_fd_sc_hd__clkbuf_16)
                                                         clknet_1_1__leaf_clk (net)
                      0.025682    0.000379    0.191607 ^ _51_/CLK (sky130_fd_sc_hd__dfrtp_1)
     3    0.008930    0.048028    0.242416    0.434024 v _51_/Q (sky130_fd_sc_hd__dfrtp_1)
                                                         net7 (net)
                      0.048028    0.000133    0.434157 v output7/A (sky130_fd_sc_hd__buf_2)
     1    0.033935    0.062272    0.124043    0.558200 v output7/X (sky130_fd_sc_hd__buf_2)
                                                         q[5] (net)
                      0.062277    0.000613    0.558813 v q[5] (out)
                                              0.558813   data arrival time

                                  0.000000    0.000000   clock clk (rise edge)
                                  0.000000    0.000000   clock network delay (propagated)
                                  0.250000    0.250000   clock uncertainty
                                  0.000000    0.250000   clock reconvergence pessimism
                                 -4.000000   -3.750000   output external delay
                                             -3.750000   data required time
---------------------------------------------------------------------------------------------
                                             -3.750000   data required time
                                             -0.558813   data arrival time
---------------------------------------------------------------------------------------------
                                              4.308813   slack (MET)


Startpoint: _48_ (rising edge-triggered flip-flop clocked by clk)
Endpoint: q[2] (output port clocked by clk)
Path Group: clk
Path Type: min

Fanout         Cap        Slew       Delay        Time   Description
---------------------------------------------------------------------------------------------
                                  0.000000    0.000000   clock clk (rise edge)
                                  0.000000    0.000000   clock source latency
     1    0.009938    0.038309    0.024957    0.024957 ^ clk (in)
                                                         clk (net)
                      0.038310    0.000000    0.024957 ^ clkbuf_0_clk/A (sky130_fd_sc_hd__clkbuf_16)
     2    0.020437    0.031452    0.086782    0.111739 ^ clkbuf_0_clk/X (sky130_fd_sc_hd__clkbuf_16)
                                                         clknet_0_clk (net)
                      0.031455    0.000580    0.112320 ^ clkbuf_1_0__f_clk/A (sky130_fd_sc_hd__clkbuf_16)
     4    0.012377    0.026107    0.079375    0.191695 ^ clkbuf_1_0__f_clk/X (sky130_fd_sc_hd__clkbuf_16)
                                                         clknet_1_0__leaf_clk (net)
                      0.026107    0.000250    0.191944 ^ _48_/CLK (sky130_fd_sc_hd__dfrtp_1)
     3    0.009502    0.050091    0.244557    0.436502 v _48_/Q (sky130_fd_sc_hd__dfrtp_1)
                                                         net4 (net)
                      0.050092    0.000285    0.436786 v output4/A (sky130_fd_sc_hd__buf_2)
     1    0.037535    0.067691    0.129321    0.566107 v output4/X (sky130_fd_sc_hd__buf_2)
                                                         q[2] (net)
                      0.067702    0.000831    0.566938 v q[2] (out)
                                              0.566938   data arrival time

                                  0.000000    0.000000   clock clk (rise edge)
                                  0.000000    0.000000   clock network delay (propagated)
                                  0.250000    0.250000   clock uncertainty
                                  0.000000    0.250000   clock reconvergence pessimism
                                 -4.000000   -3.750000   output external delay
                                             -3.750000   data required time
---------------------------------------------------------------------------------------------
                                             -3.750000   data required time
                                             -0.566938   data arrival time
---------------------------------------------------------------------------------------------
                                              4.316938   slack (MET)


Startpoint: _50_ (rising edge-triggered flip-flop clocked by clk)
Endpoint: q[4] (output port clocked by clk)
Path Group: clk
Path Type: min

Fanout         Cap        Slew       Delay        Time   Description
---------------------------------------------------------------------------------------------
                                  0.000000    0.000000   clock clk (rise edge)
                                  0.000000    0.000000   clock source latency
     1    0.009938    0.038309    0.024957    0.024957 ^ clk (in)
                                                         clk (net)
                      0.038310    0.000000    0.024957 ^ clkbuf_0_clk/A (sky130_fd_sc_hd__clkbuf_16)
     2    0.020437    0.031452    0.086782    0.111739 ^ clkbuf_0_clk/X (sky130_fd_sc_hd__clkbuf_16)
                                                         clknet_0_clk (net)
                      0.031455    0.000557    0.112297 ^ clkbuf_1_1__f_clk/A (sky130_fd_sc_hd__clkbuf_16)
     4    0.011735    0.025682    0.078932    0.191228 ^ clkbuf_1_1__f_clk/X (sky130_fd_sc_hd__clkbuf_16)
                                                         clknet_1_1__leaf_clk (net)
                      0.025682    0.000406    0.191634 ^ _50_/CLK (sky130_fd_sc_hd__dfrtp_1)
     4    0.011506    0.054494    0.251107    0.442741 v _50_/Q (sky130_fd_sc_hd__dfrtp_1)
                                                         net6 (net)
                      0.054494    0.000154    0.442895 v output6/A (sky130_fd_sc_hd__buf_2)
     1    0.034165    0.062651    0.126867    0.569762 v output6/X (sky130_fd_sc_hd__buf_2)
                                                         q[4] (net)
                      0.062659    0.000706    0.570468 v q[4] (out)
                                              0.570468   data arrival time

                                  0.000000    0.000000   clock clk (rise edge)
                                  0.000000    0.000000   clock network delay (propagated)
                                  0.250000    0.250000   clock uncertainty
                                  0.000000    0.250000   clock reconvergence pessimism
                                 -4.000000   -3.750000   output external delay
                                             -3.750000   data required time
---------------------------------------------------------------------------------------------
                                             -3.750000   data required time
                                             -0.570468   data arrival time
---------------------------------------------------------------------------------------------
                                              4.320467   slack (MET)


Startpoint: _49_ (rising edge-triggered flip-flop clocked by clk)
Endpoint: q[3] (output port clocked by clk)
Path Group: clk
Path Type: min

Fanout         Cap        Slew       Delay        Time   Description
---------------------------------------------------------------------------------------------
                                  0.000000    0.000000   clock clk (rise edge)
                                  0.000000    0.000000   clock source latency
     1    0.009938    0.038309    0.024957    0.024957 ^ clk (in)
                                                         clk (net)
                      0.038310    0.000000    0.024957 ^ clkbuf_0_clk/A (sky130_fd_sc_hd__clkbuf_16)
     2    0.020437    0.031452    0.086782    0.111739 ^ clkbuf_0_clk/X (sky130_fd_sc_hd__clkbuf_16)
                                                         clknet_0_clk (net)
                      0.031455    0.000580    0.112320 ^ clkbuf_1_0__f_clk/A (sky130_fd_sc_hd__clkbuf_16)
     4    0.012377    0.026107    0.079375    0.191695 ^ clkbuf_1_0__f_clk/X (sky130_fd_sc_hd__clkbuf_16)
                                                         clknet_1_0__leaf_clk (net)
                      0.026108    0.000407    0.192101 ^ _49_/CLK (sky130_fd_sc_hd__dfrtp_1)
     5    0.011561    0.054673    0.251334    0.443435 v _49_/Q (sky130_fd_sc_hd__dfrtp_1)
                                                         net5 (net)
                      0.054674    0.000305    0.443741 v output5/A (sky130_fd_sc_hd__buf_2)
     1    0.034219    0.062740    0.126993    0.570734 v output5/X (sky130_fd_sc_hd__buf_2)
                                                         q[3] (net)
                      0.062748    0.000727    0.571460 v q[3] (out)
                                              0.571460   data arrival time

                                  0.000000    0.000000   clock clk (rise edge)
                                  0.000000    0.000000   clock network delay (propagated)
                                  0.250000    0.250000   clock uncertainty
                                  0.000000    0.250000   clock reconvergence pessimism
                                 -4.000000   -3.750000   output external delay
                                             -3.750000   data required time
---------------------------------------------------------------------------------------------
                                             -3.750000   data required time
                                             -0.571460   data arrival time
---------------------------------------------------------------------------------------------
                                              4.321460   slack (MET)


Startpoint: _46_ (rising edge-triggered flip-flop clocked by clk)
Endpoint: q[0] (output port clocked by clk)
Path Group: clk
Path Type: min

Fanout         Cap        Slew       Delay        Time   Description
---------------------------------------------------------------------------------------------
                                  0.000000    0.000000   clock clk (rise edge)
                                  0.000000    0.000000   clock source latency
     1    0.009938    0.038309    0.024957    0.024957 ^ clk (in)
                                                         clk (net)
                      0.038310    0.000000    0.024957 ^ clkbuf_0_clk/A (sky130_fd_sc_hd__clkbuf_16)
     2    0.020437    0.031452    0.086782    0.111739 ^ clkbuf_0_clk/X (sky130_fd_sc_hd__clkbuf_16)
                                                         clknet_0_clk (net)
                      0.031455    0.000580    0.112320 ^ clkbuf_1_0__f_clk/A (sky130_fd_sc_hd__clkbuf_16)
     4    0.012377    0.026107    0.079375    0.191695 ^ clkbuf_1_0__f_clk/X (sky130_fd_sc_hd__clkbuf_16)
                                                         clknet_1_0__leaf_clk (net)
                      0.026108    0.000359    0.192054 ^ _46_/CLK (sky130_fd_sc_hd__dfrtp_1)
     4    0.011573    0.054706    0.251374    0.443428 v _46_/Q (sky130_fd_sc_hd__dfrtp_1)
                                                         net2 (net)
                      0.054707    0.000299    0.443727 v output2/A (sky130_fd_sc_hd__buf_2)
     1    0.034703    0.063492    0.127553    0.571281 v output2/X (sky130_fd_sc_hd__buf_2)
                                                         q[0] (net)
                      0.063503    0.000821    0.572102 v q[0] (out)
                                              0.572102   data arrival time

                                  0.000000    0.000000   clock clk (rise edge)
                                  0.000000    0.000000   clock network delay (propagated)
                                  0.250000    0.250000   clock uncertainty
                                  0.000000    0.250000   clock reconvergence pessimism
                                 -4.000000   -3.750000   output external delay
                                             -3.750000   data required time
---------------------------------------------------------------------------------------------
                                             -3.750000   data required time
                                             -0.572102   data arrival time
---------------------------------------------------------------------------------------------
                                              4.322102   slack (MET)


Startpoint: _47_ (rising edge-triggered flip-flop clocked by clk)
Endpoint: q[1] (output port clocked by clk)
Path Group: clk
Path Type: min

Fanout         Cap        Slew       Delay        Time   Description
---------------------------------------------------------------------------------------------
                                  0.000000    0.000000   clock clk (rise edge)
                                  0.000000    0.000000   clock source latency
     1    0.009938    0.038309    0.024957    0.024957 ^ clk (in)
                                                         clk (net)
                      0.038310    0.000000    0.024957 ^ clkbuf_0_clk/A (sky130_fd_sc_hd__clkbuf_16)
     2    0.020437    0.031452    0.086782    0.111739 ^ clkbuf_0_clk/X (sky130_fd_sc_hd__clkbuf_16)
                                                         clknet_0_clk (net)
                      0.031455    0.000580    0.112320 ^ clkbuf_1_0__f_clk/A (sky130_fd_sc_hd__clkbuf_16)
     4    0.012377    0.026107    0.079375    0.191695 ^ clkbuf_1_0__f_clk/X (sky130_fd_sc_hd__clkbuf_16)
                                                         clknet_1_0__leaf_clk (net)
                      0.026107    0.000270    0.191965 ^ _47_/CLK (sky130_fd_sc_hd__dfrtp_1)
     4    0.011930    0.055724    0.252368    0.444332 v _47_/Q (sky130_fd_sc_hd__dfrtp_1)
                                                         net3 (net)
                      0.055724    0.000239    0.444571 v output3/A (sky130_fd_sc_hd__buf_2)
     1    0.037253    0.067403    0.130975    0.575546 v output3/X (sky130_fd_sc_hd__buf_2)
                                                         q[1] (net)
                      0.067425    0.001152    0.576697 v q[1] (out)
                                              0.576697   data arrival time

                                  0.000000    0.000000   clock clk (rise edge)
                                  0.000000    0.000000   clock network delay (propagated)
                                  0.250000    0.250000   clock uncertainty
                                  0.000000    0.250000   clock reconvergence pessimism
                                 -4.000000   -3.750000   output external delay
                                             -3.750000   data required time
---------------------------------------------------------------------------------------------
                                             -3.750000   data required time
                                             -0.576697   data arrival time
---------------------------------------------------------------------------------------------
                                              4.326697   slack (MET)



