
===========================================================================
report_checks -path_delay max (Setup)
============================================================================
======================= nom_ss_100C_1v60 Corner ===================================

Startpoint: _46_ (rising edge-triggered flip-flop clocked by clk)
Endpoint: q[0] (output port clocked by clk)
Path Group: clk
Path Type: max

Fanout         Cap        Slew       Delay        Time   Description
---------------------------------------------------------------------------------------------
                      0.150000    0.000000    0.000000   clock clk (rise edge)
                                  0.000000    0.000000   clock network delay (ideal)
                      0.150000    0.000000    0.000000 ^ _46_/CLK (sky130_fd_sc_hd__dfrtp_2)
     5    0.052154    0.281073    1.067161    1.067161 v _46_/Q (sky130_fd_sc_hd__dfrtp_2)
                                                         q[0] (net)
                      0.281073    0.000000    1.067161 v q[0] (out)
                                              1.067161   data arrival time

                      0.150000   20.000000   20.000000   clock clk (rise edge)
                                  0.000000   20.000000   clock network delay (ideal)
                                 -0.250000   19.750002   clock uncertainty
                                  0.000000   19.750002   clock reconvergence pessimism
                                 -4.000000   15.750001   output external delay
                                             15.750001   data required time
---------------------------------------------------------------------------------------------
                                             15.750001   data required time
                                             -1.067161   data arrival time
---------------------------------------------------------------------------------------------
                                             14.682840   slack (MET)


Startpoint: _49_ (rising edge-triggered flip-flop clocked by clk)
Endpoint: q[3] (output port clocked by clk)
Path Group: clk
Path Type: max

Fanout         Cap        Slew       Delay        Time   Description
---------------------------------------------------------------------------------------------
                      0.150000    0.000000    0.000000   clock clk (rise edge)
                                  0.000000    0.000000   clock network delay (ideal)
                      0.150000    0.000000    0.000000 ^ _49_/CLK (sky130_fd_sc_hd__dfrtp_2)
     5    0.049209    0.269699    1.055543    1.055543 v _49_/Q (sky130_fd_sc_hd__dfrtp_2)
                                                         q[3] (net)
                      0.269699    0.000000    1.055543 v q[3] (out)
                                              1.055543   data arrival time

                      0.150000   20.000000   20.000000   clock clk (rise edge)
                                  0.000000   20.000000   clock network delay (ideal)
                                 -0.250000   19.750002   clock uncertainty
                                  0.000000   19.750002   clock reconvergence pessimism
                                 -4.000000   15.750001   output external delay
                                             15.750001   data required time
---------------------------------------------------------------------------------------------
                                             15.750001   data required time
                                             -1.055543   data arrival time
---------------------------------------------------------------------------------------------
                                             14.694458   slack (MET)


Startpoint: _47_ (rising edge-triggered flip-flop clocked by clk)
Endpoint: q[1] (output port clocked by clk)
Path Group: clk
Path Type: max

Fanout         Cap        Slew       Delay        Time   Description
---------------------------------------------------------------------------------------------
                      0.150000    0.000000    0.000000   clock clk (rise edge)
                                  0.000000    0.000000   clock network delay (ideal)
                      0.150000    0.000000    0.000000 ^ _47_/CLK (sky130_fd_sc_hd__dfrtp_2)
     4    0.047558    0.263323    1.049031    1.049031 v _47_/Q (sky130_fd_sc_hd__dfrtp_2)
                                                         q[1] (net)
                      0.263323    0.000000    1.049031 v q[1] (out)
                                              1.049031   data arrival time

                      0.150000   20.000000   20.000000   clock clk (rise edge)
                                  0.000000   20.000000   clock network delay (ideal)
                                 -0.250000   19.750002   clock uncertainty
                                  0.000000   19.750002   clock reconvergence pessimism
                                 -4.000000   15.750001   output external delay
                                             15.750001   data required time
---------------------------------------------------------------------------------------------
                                             15.750001   data required time
                                             -1.049031   data arrival time
---------------------------------------------------------------------------------------------
                                             14.700971   slack (MET)


Startpoint: _50_ (rising edge-triggered flip-flop clocked by clk)
Endpoint: q[4] (output port clocked by clk)
Path Group: clk
Path Type: max

Fanout         Cap        Slew       Delay        Time   Description
---------------------------------------------------------------------------------------------
                      0.150000    0.000000    0.000000   clock clk (rise edge)
                                  0.000000    0.000000   clock network delay (ideal)
                      0.150000    0.000000    0.000000 ^ _50_/CLK (sky130_fd_sc_hd__dfrtp_2)
     4    0.044721    0.252366    1.037839    1.037839 v _50_/Q (sky130_fd_sc_hd__dfrtp_2)
                                                         q[4] (net)
                      0.252366    0.000000    1.037839 v q[4] (out)
                                              1.037839   data arrival time

                      0.150000   20.000000   20.000000   clock clk (rise edge)
                                  0.000000   20.000000   clock network delay (ideal)
                                 -0.250000   19.750002   clock uncertainty
                                  0.000000   19.750002   clock reconvergence pessimism
                                 -4.000000   15.750001   output external delay
                                             15.750001   data required time
---------------------------------------------------------------------------------------------
                                             15.750001   data required time
                                             -1.037839   data arrival time
---------------------------------------------------------------------------------------------
                                             14.712162   slack (MET)


Startpoint: _53_ (rising edge-triggered flip-flop clocked by clk)
Endpoint: q[7] (output port clocked by clk)
Path Group: clk
Path Type: max

Fanout         Cap        Slew       Delay        Time   Description
---------------------------------------------------------------------------------------------
                      0.150000    0.000000    0.000000   clock clk (rise edge)
                                  0.000000    0.000000   clock network delay (ideal)
                      0.150000    0.000000    0.000000 ^ _53_/CLK (sky130_fd_sc_hd__dfrtp_2)
     2    0.042161    0.242479    1.027740    1.027740 v _53_/Q (sky130_fd_sc_hd__dfrtp_2)
                                                         q[7] (net)
                      0.242479    0.000000    1.027740 v q[7] (out)
                                              1.027740   data arrival time

                      0.150000   20.000000   20.000000   clock clk (rise edge)
                                  0.000000   20.000000   clock network delay (ideal)
                                 -0.250000   19.750002   clock uncertainty
                                  0.000000   19.750002   clock reconvergence pessimism
                                 -4.000000   15.750001   output external delay
                                             15.750001   data required time
---------------------------------------------------------------------------------------------
                                             15.750001   data required time
                                             -1.027740   data arrival time
---------------------------------------------------------------------------------------------
                                             14.722260   slack (MET)


Startpoint: _48_ (rising edge-triggered flip-flop clocked by clk)
Endpoint: q[2] (output port clocked by clk)
Path Group: clk
Path Type: max

Fanout         Cap        Slew       Delay        Time   Description
---------------------------------------------------------------------------------------------
                      0.150000    0.000000    0.000000   clock clk (rise edge)
                                  0.000000    0.000000   clock network delay (ideal)
                      0.150000    0.000000    0.000000 ^ _48_/CLK (sky130_fd_sc_hd__dfrtp_2)
     3    0.039031    0.230391    1.015393    1.015393 v _48_/Q (sky130_fd_sc_hd__dfrtp_2)
                                                         q[2] (net)
                      0.230391    0.000000    1.015393 v q[2] (out)
                                              1.015393   data arrival time

                      0.150000   20.000000   20.000000   clock clk (rise edge)
                                  0.000000   20.000000   clock network delay (ideal)
                                 -0.250000   19.750002   clock uncertainty
                                  0.000000   19.750002   clock reconvergence pessimism
                                 -4.000000   15.750001   output external delay
                                             15.750001   data required time
---------------------------------------------------------------------------------------------
                                             15.750001   data required time
                                             -1.015393   data arrival time
---------------------------------------------------------------------------------------------
                                             14.734608   slack (MET)


Startpoint: _52_ (rising edge-triggered flip-flop clocked by clk)
Endpoint: q[6] (output port clocked by clk)
Path Group: clk
Path Type: max

Fanout         Cap        Slew       Delay        Time   Description
---------------------------------------------------------------------------------------------
                      0.150000    0.000000    0.000000   clock clk (rise edge)
                                  0.000000    0.000000   clock network delay (ideal)
                      0.150000    0.000000    0.000000 ^ _52_/CLK (sky130_fd_sc_hd__dfrtp_2)
     3    0.038986    0.230217    1.015216    1.015216 v _52_/Q (sky130_fd_sc_hd__dfrtp_2)
                                                         q[6] (net)
                      0.230217    0.000000    1.015216 v q[6] (out)
                                              1.015216   data arrival time

                      0.150000   20.000000   20.000000   clock clk (rise edge)
                                  0.000000   20.000000   clock network delay (ideal)
                                 -0.250000   19.750002   clock uncertainty
                                  0.000000   19.750002   clock reconvergence pessimism
                                 -4.000000   15.750001   output external delay
                                             15.750001   data required time
---------------------------------------------------------------------------------------------
                                             15.750001   data required time
                                             -1.015216   data arrival time
---------------------------------------------------------------------------------------------
                                             14.734785   slack (MET)


Startpoint: _51_ (rising edge-triggered flip-flop clocked by clk)
Endpoint: q[5] (output port clocked by clk)
Path Group: clk
Path Type: max

Fanout         Cap        Slew       Delay        Time   Description
---------------------------------------------------------------------------------------------
                      0.150000    0.000000    0.000000   clock clk (rise edge)
                                  0.000000    0.000000   clock network delay (ideal)
                      0.150000    0.000000    0.000000 ^ _51_/CLK (sky130_fd_sc_hd__dfrtp_2)
     3    0.036593    0.220976    1.005776    1.005776 v _51_/Q (sky130_fd_sc_hd__dfrtp_2)
                                                         q[5] (net)
                      0.220976    0.000000    1.005776 v q[5] (out)
                                              1.005776   data arrival time

                      0.150000   20.000000   20.000000   clock clk (rise edge)
                                  0.000000   20.000000   clock network delay (ideal)
                                 -0.250000   19.750002   clock uncertainty
                                  0.000000   19.750002   clock reconvergence pessimism
                                 -4.000000   15.750001   output external delay
                                             15.750001   data required time
---------------------------------------------------------------------------------------------
                                             15.750001   data required time
                                             -1.005776   data arrival time
---------------------------------------------------------------------------------------------
                                             14.744225   slack (MET)


Startpoint: rst (input port clocked by clk)
Endpoint: _46_ (recovery check against rising-edge clock clk)
Path Group: asynchronous
Path Type: max

Fanout         Cap        Slew       Delay        Time   Description
---------------------------------------------------------------------------------------------
                      0.150000    0.000000    0.000000   clock clk (rise edge)
                                  0.000000    0.000000   clock network delay (ideal)
                                  4.000000    4.000000 v input external delay
     8    0.034400    0.150357    0.105518    4.105518 v rst (in)
                                                         rst (net)
                      0.150357    0.000000    4.105518 v _24_/A (sky130_fd_sc_hd__inv_2)
     1    0.003263    0.054991    0.098256    4.203774 ^ _24_/Y (sky130_fd_sc_hd__inv_2)
                                                         _08_ (net)
                      0.054991    0.000000    4.203774 ^ _46_/RESET_B (sky130_fd_sc_hd__dfrtp_2)
                                              4.203774   data arrival time

                      0.150000   20.000000   20.000000   clock clk (rise edge)
                                  0.000000   20.000000   clock network delay (ideal)
                                 -0.250000   19.750002   clock uncertainty
                                  0.000000   19.750002   clock reconvergence pessimism
                                             19.750002 ^ _46_/CLK (sky130_fd_sc_hd__dfrtp_2)
                                  0.477660   20.227661   library recovery time
                                             20.227661   data required time
---------------------------------------------------------------------------------------------
                                             20.227661   data required time
                                             -4.203774   data arrival time
---------------------------------------------------------------------------------------------
                                             16.023886   slack (MET)


Startpoint: rst (input port clocked by clk)
Endpoint: _47_ (recovery check against rising-edge clock clk)
Path Group: asynchronous
Path Type: max

Fanout         Cap        Slew       Delay        Time   Description
---------------------------------------------------------------------------------------------
                      0.150000    0.000000    0.000000   clock clk (rise edge)
                                  0.000000    0.000000   clock network delay (ideal)
                                  4.000000    4.000000 v input external delay
     8    0.034400    0.150357    0.105518    4.105518 v rst (in)
                                                         rst (net)
                      0.150357    0.000000    4.105518 v _39_/A (sky130_fd_sc_hd__inv_2)
     1    0.003263    0.054991    0.098256    4.203774 ^ _39_/Y (sky130_fd_sc_hd__inv_2)
                                                         _09_ (net)
                      0.054991    0.000000    4.203774 ^ _47_/RESET_B (sky130_fd_sc_hd__dfrtp_2)
                                              4.203774   data arrival time

                      0.150000   20.000000   20.000000   clock clk (rise edge)
                                  0.000000   20.000000   clock network delay (ideal)
                                 -0.250000   19.750002   clock uncertainty
                                  0.000000   19.750002   clock reconvergence pessimism
                                             19.750002 ^ _47_/CLK (sky130_fd_sc_hd__dfrtp_2)
                                  0.477660   20.227661   library recovery time
                                             20.227661   data required time
---------------------------------------------------------------------------------------------
                                             20.227661   data required time
                                             -4.203774   data arrival time
---------------------------------------------------------------------------------------------
                                             16.023886   slack (MET)


Startpoint: rst (input port clocked by clk)
Endpoint: _48_ (recovery check against rising-edge clock clk)
Path Group: asynchronous
Path Type: max

Fanout         Cap        Slew       Delay        Time   Description
---------------------------------------------------------------------------------------------
                      0.150000    0.000000    0.000000   clock clk (rise edge)
                                  0.000000    0.000000   clock network delay (ideal)
                                  4.000000    4.000000 v input external delay
     8    0.034400    0.150357    0.105518    4.105518 v rst (in)
                                                         rst (net)
                      0.150357    0.000000    4.105518 v _40_/A (sky130_fd_sc_hd__inv_2)
     1    0.003263    0.054991    0.098256    4.203774 ^ _40_/Y (sky130_fd_sc_hd__inv_2)
                                                         _10_ (net)
                      0.054991    0.000000    4.203774 ^ _48_/RESET_B (sky130_fd_sc_hd__dfrtp_2)
                                              4.203774   data arrival time

                      0.150000   20.000000   20.000000   clock clk (rise edge)
                                  0.000000   20.000000   clock network delay (ideal)
                                 -0.250000   19.750002   clock uncertainty
                                  0.000000   19.750002   clock reconvergence pessimism
                                             19.750002 ^ _48_/CLK (sky130_fd_sc_hd__dfrtp_2)
                                  0.477660   20.227661   library recovery time
                                             20.227661   data required time
---------------------------------------------------------------------------------------------
                                             20.227661   data required time
                                             -4.203774   data arrival time
---------------------------------------------------------------------------------------------
                                             16.023886   slack (MET)


Startpoint: rst (input port clocked by clk)
Endpoint: _49_ (recovery check against rising-edge clock clk)
Path Group: asynchronous
Path Type: max

Fanout         Cap        Slew       Delay        Time   Description
---------------------------------------------------------------------------------------------
                      0.150000    0.000000    0.000000   clock clk (rise edge)
                                  0.000000    0.000000   clock network delay (ideal)
                                  4.000000    4.000000 v input external delay
     8    0.034400    0.150357    0.105518    4.105518 v rst (in)
                                                         rst (net)
                      0.150357    0.000000    4.105518 v _41_/A (sky130_fd_sc_hd__inv_2)
     1    0.003263    0.054991    0.098256    4.203774 ^ _41_/Y (sky130_fd_sc_hd__inv_2)
                                                         _11_ (net)
                      0.054991    0.000000    4.203774 ^ _49_/RESET_B (sky130_fd_sc_hd__dfrtp_2)
                                              4.203774   data arrival time

                      0.150000   20.000000   20.000000   clock clk (rise edge)
                                  0.000000   20.000000   clock network delay (ideal)
                                 -0.250000   19.750002   clock uncertainty
                                  0.000000   19.750002   clock reconvergence pessimism
                                             19.750002 ^ _49_/CLK (sky130_fd_sc_hd__dfrtp_2)
                                  0.477660   20.227661   library recovery time
                                             20.227661   data required time
---------------------------------------------------------------------------------------------
                                             20.227661   data required time
                                             -4.203774   data arrival time
---------------------------------------------------------------------------------------------
                                             16.023886   slack (MET)


Startpoint: rst (input port clocked by clk)
Endpoint: _50_ (recovery check against rising-edge clock clk)
Path Group: asynchronous
Path Type: max

Fanout         Cap        Slew       Delay        Time   Description
---------------------------------------------------------------------------------------------
                      0.150000    0.000000    0.000000   clock clk (rise edge)
                                  0.000000    0.000000   clock network delay (ideal)
                                  4.000000    4.000000 v input external delay
     8    0.034400    0.150357    0.105518    4.105518 v rst (in)
                                                         rst (net)
                      0.150357    0.000000    4.105518 v _42_/A (sky130_fd_sc_hd__inv_2)
     1    0.003263    0.054991    0.098256    4.203774 ^ _42_/Y (sky130_fd_sc_hd__inv_2)
                                                         _12_ (net)
                      0.054991    0.000000    4.203774 ^ _50_/RESET_B (sky130_fd_sc_hd__dfrtp_2)
                                              4.203774   data arrival time

                      0.150000   20.000000   20.000000   clock clk (rise edge)
                                  0.000000   20.000000   clock network delay (ideal)
                                 -0.250000   19.750002   clock uncertainty
                                  0.000000   19.750002   clock reconvergence pessimism
                                             19.750002 ^ _50_/CLK (sky130_fd_sc_hd__dfrtp_2)
                                  0.477660   20.227661   library recovery time
                                             20.227661   data required time
---------------------------------------------------------------------------------------------
                                             20.227661   data required time
                                             -4.203774   data arrival time
---------------------------------------------------------------------------------------------
                                             16.023886   slack (MET)


Startpoint: rst (input port clocked by clk)
Endpoint: _51_ (recovery check against rising-edge clock clk)
Path Group: asynchronous
Path Type: max

Fanout         Cap        Slew       Delay        Time   Description
---------------------------------------------------------------------------------------------
                      0.150000    0.000000    0.000000   clock clk (rise edge)
                                  0.000000    0.000000   clock network delay (ideal)
                                  4.000000    4.000000 v input external delay
     8    0.034400    0.150357    0.105518    4.105518 v rst (in)
                                                         rst (net)
                      0.150357    0.000000    4.105518 v _43_/A (sky130_fd_sc_hd__inv_2)
     1    0.003263    0.054991    0.098256    4.203774 ^ _43_/Y (sky130_fd_sc_hd__inv_2)
                                                         _13_ (net)
                      0.054991    0.000000    4.203774 ^ _51_/RESET_B (sky130_fd_sc_hd__dfrtp_2)
                                              4.203774   data arrival time

                      0.150000   20.000000   20.000000   clock clk (rise edge)
                                  0.000000   20.000000   clock network delay (ideal)
                                 -0.250000   19.750002   clock uncertainty
                                  0.000000   19.750002   clock reconvergence pessimism
                                             19.750002 ^ _51_/CLK (sky130_fd_sc_hd__dfrtp_2)
                                  0.477660   20.227661   library recovery time
                                             20.227661   data required time
---------------------------------------------------------------------------------------------
                                             20.227661   data required time
                                             -4.203774   data arrival time
---------------------------------------------------------------------------------------------
                                             16.023886   slack (MET)


Startpoint: rst (input port clocked by clk)
Endpoint: _52_ (recovery check against rising-edge clock clk)
Path Group: asynchronous
Path Type: max

Fanout         Cap        Slew       Delay        Time   Description
---------------------------------------------------------------------------------------------
                      0.150000    0.000000    0.000000   clock clk (rise edge)
                                  0.000000    0.000000   clock network delay (ideal)
                                  4.000000    4.000000 v input external delay
     8    0.034400    0.150357    0.105518    4.105518 v rst (in)
                                                         rst (net)
                      0.150357    0.000000    4.105518 v _44_/A (sky130_fd_sc_hd__inv_2)
     1    0.003263    0.054991    0.098256    4.203774 ^ _44_/Y (sky130_fd_sc_hd__inv_2)
                                                         _14_ (net)
                      0.054991    0.000000    4.203774 ^ _52_/RESET_B (sky130_fd_sc_hd__dfrtp_2)
                                              4.203774   data arrival time

                      0.150000   20.000000   20.000000   clock clk (rise edge)
                                  0.000000   20.000000   clock network delay (ideal)
                                 -0.250000   19.750002   clock uncertainty
                                  0.000000   19.750002   clock reconvergence pessimism
                                             19.750002 ^ _52_/CLK (sky130_fd_sc_hd__dfrtp_2)
                                  0.477660   20.227661   library recovery time
                                             20.227661   data required time
---------------------------------------------------------------------------------------------
                                             20.227661   data required time
                                             -4.203774   data arrival time
---------------------------------------------------------------------------------------------
                                             16.023886   slack (MET)


Startpoint: rst (input port clocked by clk)
Endpoint: _53_ (recovery check against rising-edge clock clk)
Path Group: asynchronous
Path Type: max

Fanout         Cap        Slew       Delay        Time   Description
---------------------------------------------------------------------------------------------
                      0.150000    0.000000    0.000000   clock clk (rise edge)
                                  0.000000    0.000000   clock network delay (ideal)
                                  4.000000    4.000000 v input external delay
     8    0.034400    0.150357    0.105518    4.105518 v rst (in)
                                                         rst (net)
                      0.150357    0.000000    4.105518 v _45_/A (sky130_fd_sc_hd__inv_2)
     1    0.003263    0.054991    0.098256    4.203774 ^ _45_/Y (sky130_fd_sc_hd__inv_2)
                                                         _15_ (net)
                      0.054991    0.000000    4.203774 ^ _53_/RESET_B (sky130_fd_sc_hd__dfrtp_2)
                                              4.203774   data arrival time

                      0.150000   20.000000   20.000000   clock clk (rise edge)
                                  0.000000   20.000000   clock network delay (ideal)
                                 -0.250000   19.750002   clock uncertainty
                                  0.000000   19.750002   clock reconvergence pessimism
                                             19.750002 ^ _53_/CLK (sky130_fd_sc_hd__dfrtp_2)
                                  0.477660   20.227661   library recovery time
                                             20.227661   data required time
---------------------------------------------------------------------------------------------
                                             20.227661   data required time
                                             -4.203774   data arrival time
---------------------------------------------------------------------------------------------
                                             16.023886   slack (MET)


Startpoint: _47_ (rising edge-triggered flip-flop clocked by clk)
Endpoint: _51_ (rising edge-triggered flip-flop clocked by clk)
Path Group: clk
Path Type: max

Fanout         Cap        Slew       Delay        Time   Description
---------------------------------------------------------------------------------------------
                      0.150000    0.000000    0.000000   clock clk (rise edge)
                                  0.000000    0.000000   clock network delay (ideal)
                      0.150000    0.000000    0.000000 ^ _47_/CLK (sky130_fd_sc_hd__dfrtp_2)
     4    0.047558    0.263323    1.049031    1.049031 v _47_/Q (sky130_fd_sc_hd__dfrtp_2)
                                                         q[1] (net)
                      0.263323    0.000000    1.049031 v _26_/B (sky130_fd_sc_hd__and3_2)
     7    0.025243    0.169043    0.614421    1.663452 v _26_/X (sky130_fd_sc_hd__and3_2)
                                                         _16_ (net)
                      0.169043    0.000000    1.663452 v _31_/C (sky130_fd_sc_hd__and3_2)
     1    0.001628    0.066254    0.465714    2.129166 v _31_/X (sky130_fd_sc_hd__and3_2)
                                                         _19_ (net)
                      0.066254    0.000000    2.129166 v _34_/B1 (sky130_fd_sc_hd__o2bb2a_2)
     1    0.001838    0.076417    0.505419    2.634585 v _34_/X (sky130_fd_sc_hd__o2bb2a_2)
                                                         _05_ (net)
                      0.076417    0.000000    2.634585 v _51_/D (sky130_fd_sc_hd__dfrtp_2)
                                              2.634585   data arrival time

                      0.150000   20.000000   20.000000   clock clk (rise edge)
                                  0.000000   20.000000   clock network delay (ideal)
                                 -0.250000   19.750002   clock uncertainty
                                  0.000000   19.750002   clock reconvergence pessimism
                                             19.750002 ^ _51_/CLK (sky130_fd_sc_hd__dfrtp_2)
                                 -0.257966   19.492035   library setup time
                                             19.492035   data required time
---------------------------------------------------------------------------------------------
                                             19.492035   data required time
                                             -2.634585   data arrival time
---------------------------------------------------------------------------------------------
                                             16.857449   slack (MET)


Startpoint: _47_ (rising edge-triggered flip-flop clocked by clk)
Endpoint: _53_ (rising edge-triggered flip-flop clocked by clk)
Path Group: clk
Path Type: max

Fanout         Cap        Slew       Delay        Time   Description
---------------------------------------------------------------------------------------------
                      0.150000    0.000000    0.000000   clock clk (rise edge)
                                  0.000000    0.000000   clock network delay (ideal)
                      0.150000    0.000000    0.000000 ^ _47_/CLK (sky130_fd_sc_hd__dfrtp_2)
     4    0.047558    0.263323    1.049031    1.049031 v _47_/Q (sky130_fd_sc_hd__dfrtp_2)
                                                         q[1] (net)
                      0.263323    0.000000    1.049031 v _26_/B (sky130_fd_sc_hd__and3_2)
     7    0.025243    0.169043    0.614421    1.663452 v _26_/X (sky130_fd_sc_hd__and3_2)
                                                         _16_ (net)
                      0.169043    0.000000    1.663452 v _35_/B (sky130_fd_sc_hd__and3_2)
     2    0.012268    0.117596    0.507763    2.171215 v _35_/X (sky130_fd_sc_hd__and3_2)
                                                         _21_ (net)
                      0.117596    0.000000    2.171215 v _38_/B (sky130_fd_sc_hd__xor2_2)
     1    0.001838    0.084702    0.261891    2.433106 v _38_/X (sky130_fd_sc_hd__xor2_2)
                                                         _07_ (net)
                      0.084702    0.000000    2.433106 v _53_/D (sky130_fd_sc_hd__dfrtp_2)
                                              2.433106   data arrival time

                      0.150000   20.000000   20.000000   clock clk (rise edge)
                                  0.000000   20.000000   clock network delay (ideal)
                                 -0.250000   19.750002   clock uncertainty
                                  0.000000   19.750002   clock reconvergence pessimism
                                             19.750002 ^ _53_/CLK (sky130_fd_sc_hd__dfrtp_2)
                                 -0.261422   19.488579   library setup time
                                             19.488579   data required time
---------------------------------------------------------------------------------------------
                                             19.488579   data required time
                                             -2.433106   data arrival time
---------------------------------------------------------------------------------------------
                                             17.055471   slack (MET)


Startpoint: _46_ (rising edge-triggered flip-flop clocked by clk)
Endpoint: _52_ (rising edge-triggered flip-flop clocked by clk)
Path Group: clk
Path Type: max

Fanout         Cap        Slew       Delay        Time   Description
---------------------------------------------------------------------------------------------
                      0.150000    0.000000    0.000000   clock clk (rise edge)
                                  0.000000    0.000000   clock network delay (ideal)
                      0.150000    0.000000    0.000000 ^ _46_/CLK (sky130_fd_sc_hd__dfrtp_2)
     5    0.053424    0.418395    1.013390    1.013390 ^ _46_/Q (sky130_fd_sc_hd__dfrtp_2)
                                                         q[0] (net)
                      0.418395    0.000000    1.013390 ^ _26_/A (sky130_fd_sc_hd__and3_2)
     7    0.027013    0.257453    0.638277    1.651667 ^ _26_/X (sky130_fd_sc_hd__and3_2)
                                                         _16_ (net)
                      0.257453    0.000000    1.651667 ^ _35_/B (sky130_fd_sc_hd__and3_2)
     2    0.013127    0.158762    0.494271    2.145938 ^ _35_/X (sky130_fd_sc_hd__and3_2)
                                                         _21_ (net)
                      0.158762    0.000000    2.145938 ^ _37_/A (sky130_fd_sc_hd__nor2_2)
     1    0.001838    0.043233    0.096160    2.242098 v _37_/Y (sky130_fd_sc_hd__nor2_2)
                                                         _06_ (net)
                      0.043233    0.000000    2.242098 v _52_/D (sky130_fd_sc_hd__dfrtp_2)
                                              2.242098   data arrival time

                      0.150000   20.000000   20.000000   clock clk (rise edge)
                                  0.000000   20.000000   clock network delay (ideal)
                                 -0.250000   19.750002   clock uncertainty
                                  0.000000   19.750002   clock reconvergence pessimism
                                             19.750002 ^ _52_/CLK (sky130_fd_sc_hd__dfrtp_2)
                                 -0.244122   19.505880   library setup time
                                             19.505880   data required time
---------------------------------------------------------------------------------------------
                                             19.505880   data required time
                                             -2.242098   data arrival time
---------------------------------------------------------------------------------------------
                                             17.263783   slack (MET)


Startpoint: _46_ (rising edge-triggered flip-flop clocked by clk)
Endpoint: _50_ (rising edge-triggered flip-flop clocked by clk)
Path Group: clk
Path Type: max

Fanout         Cap        Slew       Delay        Time   Description
---------------------------------------------------------------------------------------------
                      0.150000    0.000000    0.000000   clock clk (rise edge)
                                  0.000000    0.000000   clock network delay (ideal)
                      0.150000    0.000000    0.000000 ^ _46_/CLK (sky130_fd_sc_hd__dfrtp_2)
     5    0.053424    0.418395    1.013390    1.013390 ^ _46_/Q (sky130_fd_sc_hd__dfrtp_2)
                                                         q[0] (net)
                      0.418395    0.000000    1.013390 ^ _26_/A (sky130_fd_sc_hd__and3_2)
     7    0.027013    0.257453    0.638277    1.651667 ^ _26_/X (sky130_fd_sc_hd__and3_2)
                                                         _16_ (net)
                      0.257453    0.000000    1.651667 ^ _29_/B (sky130_fd_sc_hd__nand2_2)
     1    0.008219    0.137857    0.189314    1.840981 v _29_/Y (sky130_fd_sc_hd__nand2_2)
                                                         _18_ (net)
                      0.137857    0.000000    1.840981 v _32_/B (sky130_fd_sc_hd__xnor2_2)
     1    0.001838    0.087281    0.243742    2.084723 v _32_/Y (sky130_fd_sc_hd__xnor2_2)
                                                         _04_ (net)
                      0.087281    0.000000    2.084723 v _50_/D (sky130_fd_sc_hd__dfrtp_2)
                                              2.084723   data arrival time

                      0.150000   20.000000   20.000000   clock clk (rise edge)
                                  0.000000   20.000000   clock network delay (ideal)
                                 -0.250000   19.750002   clock uncertainty
                                  0.000000   19.750002   clock reconvergence pessimism
                                             19.750002 ^ _50_/CLK (sky130_fd_sc_hd__dfrtp_2)
                                 -0.262498   19.487503   library setup time
                                             19.487503   data required time
---------------------------------------------------------------------------------------------
                                             19.487503   data required time
                                             -2.084723   data arrival time
---------------------------------------------------------------------------------------------
                                             17.402781   slack (MET)


Startpoint: _47_ (rising edge-triggered flip-flop clocked by clk)
Endpoint: _49_ (rising edge-triggered flip-flop clocked by clk)
Path Group: clk
Path Type: max

Fanout         Cap        Slew       Delay        Time   Description
---------------------------------------------------------------------------------------------
                      0.150000    0.000000    0.000000   clock clk (rise edge)
                                  0.000000    0.000000   clock network delay (ideal)
                      0.150000    0.000000    0.000000 ^ _47_/CLK (sky130_fd_sc_hd__dfrtp_2)
     4    0.047558    0.263323    1.049031    1.049031 v _47_/Q (sky130_fd_sc_hd__dfrtp_2)
                                                         q[1] (net)
                      0.263323    0.000000    1.049031 v _26_/B (sky130_fd_sc_hd__and3_2)
     7    0.025243    0.169043    0.614421    1.663452 v _26_/X (sky130_fd_sc_hd__and3_2)
                                                         _16_ (net)
                      0.169043    0.000000    1.663452 v _30_/B (sky130_fd_sc_hd__xor2_2)
     1    0.001838    0.089430    0.283030    1.946481 v _30_/X (sky130_fd_sc_hd__xor2_2)
                                                         _03_ (net)
                      0.089430    0.000000    1.946481 v _49_/D (sky130_fd_sc_hd__dfrtp_2)
                                              1.946481   data arrival time

                      0.150000   20.000000   20.000000   clock clk (rise edge)
                                  0.000000   20.000000   clock network delay (ideal)
                                 -0.250000   19.750002   clock uncertainty
                                  0.000000   19.750002   clock reconvergence pessimism
                                             19.750002 ^ _49_/CLK (sky130_fd_sc_hd__dfrtp_2)
                                 -0.263395   19.486607   library setup time
                                             19.486607   data required time
---------------------------------------------------------------------------------------------
                                             19.486607   data required time
                                             -1.946481   data arrival time
---------------------------------------------------------------------------------------------
                                             17.540125   slack (MET)


Startpoint: _46_ (rising edge-triggered flip-flop clocked by clk)
Endpoint: _48_ (rising edge-triggered flip-flop clocked by clk)
Path Group: clk
Path Type: max

Fanout         Cap        Slew       Delay        Time   Description
---------------------------------------------------------------------------------------------
                      0.150000    0.000000    0.000000   clock clk (rise edge)
                                  0.000000    0.000000   clock network delay (ideal)
                      0.150000    0.000000    0.000000 ^ _46_/CLK (sky130_fd_sc_hd__dfrtp_2)
     5    0.053424    0.418395    1.013390    1.013390 ^ _46_/Q (sky130_fd_sc_hd__dfrtp_2)
                                                         q[0] (net)
                      0.418395    0.000000    1.013390 ^ _26_/A (sky130_fd_sc_hd__and3_2)
     7    0.027013    0.257453    0.638277    1.651667 ^ _26_/X (sky130_fd_sc_hd__and3_2)
                                                         _16_ (net)
                      0.257453    0.000000    1.651667 ^ _28_/A (sky130_fd_sc_hd__nor2_2)
     1    0.001838    0.058033    0.127541    1.779208 v _28_/Y (sky130_fd_sc_hd__nor2_2)
                                                         _02_ (net)
                      0.058033    0.000000    1.779208 v _48_/D (sky130_fd_sc_hd__dfrtp_2)
                                              1.779208   data arrival time

                      0.150000   20.000000   20.000000   clock clk (rise edge)
                                  0.000000   20.000000   clock network delay (ideal)
                                 -0.250000   19.750002   clock uncertainty
                                  0.000000   19.750002   clock reconvergence pessimism
                                             19.750002 ^ _48_/CLK (sky130_fd_sc_hd__dfrtp_2)
                                 -0.250296   19.499706   library setup time
                                             19.499706   data required time
---------------------------------------------------------------------------------------------
                                             19.499706   data required time
                                             -1.779208   data arrival time
---------------------------------------------------------------------------------------------
                                             17.720497   slack (MET)


Startpoint: _46_ (rising edge-triggered flip-flop clocked by clk)
Endpoint: _47_ (rising edge-triggered flip-flop clocked by clk)
Path Group: clk
Path Type: max

Fanout         Cap        Slew       Delay        Time   Description
---------------------------------------------------------------------------------------------
                      0.150000    0.000000    0.000000   clock clk (rise edge)
                                  0.000000    0.000000   clock network delay (ideal)
                      0.150000    0.000000    0.000000 ^ _46_/CLK (sky130_fd_sc_hd__dfrtp_2)
     5    0.052154    0.281073    1.067161    1.067161 v _46_/Q (sky130_fd_sc_hd__dfrtp_2)
                                                         q[0] (net)
                      0.281073    0.000000    1.067161 v _25_/A (sky130_fd_sc_hd__xor2_2)
     1    0.001838    0.103117    0.372621    1.439782 v _25_/X (sky130_fd_sc_hd__xor2_2)
                                                         _01_ (net)
                      0.103117    0.000000    1.439782 v _47_/D (sky130_fd_sc_hd__dfrtp_2)
                                              1.439782   data arrival time

                      0.150000   20.000000   20.000000   clock clk (rise edge)
                                  0.000000   20.000000   clock network delay (ideal)
                                 -0.250000   19.750002   clock uncertainty
                                  0.000000   19.750002   clock reconvergence pessimism
                                             19.750002 ^ _47_/CLK (sky130_fd_sc_hd__dfrtp_2)
                                 -0.269105   19.480896   library setup time
                                             19.480896   data required time
---------------------------------------------------------------------------------------------
                                             19.480896   data required time
                                             -1.439782   data arrival time
---------------------------------------------------------------------------------------------
                                             18.041115   slack (MET)


Startpoint: _46_ (rising edge-triggered flip-flop clocked by clk)
Endpoint: _46_ (rising edge-triggered flip-flop clocked by clk)
Path Group: clk
Path Type: max

Fanout         Cap        Slew       Delay        Time   Description
---------------------------------------------------------------------------------------------
                      0.150000    0.000000    0.000000   clock clk (rise edge)
                                  0.000000    0.000000   clock network delay (ideal)
                      0.150000    0.000000    0.000000 ^ _46_/CLK (sky130_fd_sc_hd__dfrtp_2)
     5    0.053424    0.418395    1.013390    1.013390 ^ _46_/Q (sky130_fd_sc_hd__dfrtp_2)
                                                         q[0] (net)
                      0.418395    0.000000    1.013390 ^ _23_/A (sky130_fd_sc_hd__inv_2)
     1    0.001838    0.069064    0.122816    1.136206 v _23_/Y (sky130_fd_sc_hd__inv_2)
                                                         _00_ (net)
                      0.069064    0.000000    1.136206 v _46_/D (sky130_fd_sc_hd__dfrtp_2)
                                              1.136206   data arrival time

                      0.150000   20.000000   20.000000   clock clk (rise edge)
                                  0.000000   20.000000   clock network delay (ideal)
                                 -0.250000   19.750002   clock uncertainty
                                  0.000000   19.750002   clock reconvergence pessimism
                                             19.750002 ^ _46_/CLK (sky130_fd_sc_hd__dfrtp_2)
                                 -0.254898   19.495104   library setup time
                                             19.495104   data required time
---------------------------------------------------------------------------------------------
                                             19.495104   data required time
                                             -1.136206   data arrival time
---------------------------------------------------------------------------------------------
                                             18.358896   slack (MET)



