Clock: clk
Sources: clk 
Generated: no
Virtual: yes
Propagated: no
Period: 20.000000

===========================================================================
report_clock_properties
============================================================================
Clock                   Period          Waveform
----------------------------------------------------
clk                  20.000000    0.000000 10.000000

===========================================================================
report_clock_latency
============================================================================
Clock clk
rise -> rise
    min     max
0.000000 0.000000 source latency
0.190074         network latency _53_/CLK
        0.190553 network latency _49_/CLK
---------------
0.190074 0.190553 latency
        0.000478 skew

fall -> fall
    min     max
0.000000 0.000000 source latency
0.191058         network latency _53_/CLK
        0.191478 network latency _49_/CLK
---------------
0.191058 0.191478 latency
        0.000420 skew



===========================================================================
report_clock_min_period
============================================================================
clk period_min = 1.41 fmax = 709.41
