
===========================================================================
report_checks -path_delay max (Setup)
============================================================================
======================= nom_tt_025C_1v80 Corner ===================================

Startpoint: _46_ (rising edge-triggered flip-flop clocked by clk)
Endpoint: q[0] (output port clocked by clk)
Path Group: clk
Path Type: max

Fanout         Cap        Slew       Delay        Time   Description
---------------------------------------------------------------------------------------------
                      0.150000    0.000000    0.000000   clock clk (rise edge)
                                  0.000000    0.000000   clock network delay (ideal)
                      0.150000    0.000000    0.000000 ^ _46_/CLK (sky130_fd_sc_hd__dfrtp_2)
     5    0.053513    0.262315    0.549278    0.549278 ^ _46_/Q (sky130_fd_sc_hd__dfrtp_2)
                                                         q[0] (net)
                      0.262315    0.000000    0.549278 ^ q[0] (out)
                                              0.549278   data arrival time

                      0.150000   20.000000   20.000000   clock clk (rise edge)
                                  0.000000   20.000000   clock network delay (ideal)
                                 -0.250000   19.750002   clock uncertainty
                                  0.000000   19.750002   clock reconvergence pessimism
                                 -4.000000   15.750001   output external delay
                                             15.750001   data required time
---------------------------------------------------------------------------------------------
                                             15.750001   data required time
                                             -0.549278   data arrival time
---------------------------------------------------------------------------------------------
                                             15.200723   slack (MET)


Startpoint: _49_ (rising edge-triggered flip-flop clocked by clk)
Endpoint: q[3] (output port clocked by clk)
Path Group: clk
Path Type: max

Fanout         Cap        Slew       Delay        Time   Description
---------------------------------------------------------------------------------------------
                      0.150000    0.000000    0.000000   clock clk (rise edge)
                                  0.000000    0.000000   clock network delay (ideal)
                      0.150000    0.000000    0.000000 ^ _49_/CLK (sky130_fd_sc_hd__dfrtp_2)
     5    0.050269    0.247548    0.538869    0.538869 ^ _49_/Q (sky130_fd_sc_hd__dfrtp_2)
                                                         q[3] (net)
                      0.247548    0.000000    0.538869 ^ q[3] (out)
                                              0.538869   data arrival time

                      0.150000   20.000000   20.000000   clock clk (rise edge)
                                  0.000000   20.000000   clock network delay (ideal)
                                 -0.250000   19.750002   clock uncertainty
                                  0.000000   19.750002   clock reconvergence pessimism
                                 -4.000000   15.750001   output external delay
                                             15.750001   data required time
---------------------------------------------------------------------------------------------
                                             15.750001   data required time
                                             -0.538869   data arrival time
---------------------------------------------------------------------------------------------
                                             15.211132   slack (MET)


Startpoint: _47_ (rising edge-triggered flip-flop clocked by clk)
Endpoint: q[1] (output port clocked by clk)
Path Group: clk
Path Type: max

Fanout         Cap        Slew       Delay        Time   Description
---------------------------------------------------------------------------------------------
                      0.150000    0.000000    0.000000   clock clk (rise edge)
                                  0.000000    0.000000   clock network delay (ideal)
                      0.150000    0.000000    0.000000 ^ _47_/CLK (sky130_fd_sc_hd__dfrtp_2)
     4    0.048522    0.239596    0.533264    0.533264 ^ _47_/Q (sky130_fd_sc_hd__dfrtp_2)
                                                         q[1] (net)
                      0.239596    0.000000    0.533264 ^ q[1] (out)
                                              0.533264   data arrival time

                      0.150000   20.000000   20.000000   clock clk (rise edge)
                                  0.000000   20.000000   clock network delay (ideal)
                                 -0.250000   19.750002   clock uncertainty
                                  0.000000   19.750002   clock reconvergence pessimism
                                 -4.000000   15.750001   output external delay
                                             15.750001   data required time
---------------------------------------------------------------------------------------------
                                             15.750001   data required time
                                             -0.533264   data arrival time
---------------------------------------------------------------------------------------------
                                             15.216737   slack (MET)


Startpoint: _50_ (rising edge-triggered flip-flop clocked by clk)
Endpoint: q[4] (output port clocked by clk)
Path Group: clk
Path Type: max

Fanout         Cap        Slew       Delay        Time   Description
---------------------------------------------------------------------------------------------
                      0.150000    0.000000    0.000000   clock clk (rise edge)
                                  0.000000    0.000000   clock network delay (ideal)
                      0.150000    0.000000    0.000000 ^ _50_/CLK (sky130_fd_sc_hd__dfrtp_2)
     4    0.044710    0.133614    0.527842    0.527842 v _50_/Q (sky130_fd_sc_hd__dfrtp_2)
                                                         q[4] (net)
                      0.133614    0.000000    0.527842 v q[4] (out)
                                              0.527842   data arrival time

                      0.150000   20.000000   20.000000   clock clk (rise edge)
                                  0.000000   20.000000   clock network delay (ideal)
                                 -0.250000   19.750002   clock uncertainty
                                  0.000000   19.750002   clock reconvergence pessimism
                                 -4.000000   15.750001   output external delay
                                             15.750001   data required time
---------------------------------------------------------------------------------------------
                                             15.750001   data required time
                                             -0.527842   data arrival time
---------------------------------------------------------------------------------------------
                                             15.222158   slack (MET)


Startpoint: _53_ (rising edge-triggered flip-flop clocked by clk)
Endpoint: q[7] (output port clocked by clk)
Path Group: clk
Path Type: max

Fanout         Cap        Slew       Delay        Time   Description
---------------------------------------------------------------------------------------------
                      0.150000    0.000000    0.000000   clock clk (rise edge)
                                  0.000000    0.000000   clock network delay (ideal)
                      0.150000    0.000000    0.000000 ^ _53_/CLK (sky130_fd_sc_hd__dfrtp_2)
     2    0.042026    0.128079    0.522940    0.522940 v _53_/Q (sky130_fd_sc_hd__dfrtp_2)
                                                         q[7] (net)
                      0.128079    0.000000    0.522940 v q[7] (out)
                                              0.522940   data arrival time

                      0.150000   20.000000   20.000000   clock clk (rise edge)
                                  0.000000   20.000000   clock network delay (ideal)
                                 -0.250000   19.750002   clock uncertainty
                                  0.000000   19.750002   clock reconvergence pessimism
                                 -4.000000   15.750001   output external delay
                                             15.750001   data required time
---------------------------------------------------------------------------------------------
                                             15.750001   data required time
                                             -0.522940   data arrival time
---------------------------------------------------------------------------------------------
                                             15.227061   slack (MET)


Startpoint: _48_ (rising edge-triggered flip-flop clocked by clk)
Endpoint: q[2] (output port clocked by clk)
Path Group: clk
Path Type: max

Fanout         Cap        Slew       Delay        Time   Description
---------------------------------------------------------------------------------------------
                      0.150000    0.000000    0.000000   clock clk (rise edge)
                                  0.000000    0.000000   clock network delay (ideal)
                      0.150000    0.000000    0.000000 ^ _48_/CLK (sky130_fd_sc_hd__dfrtp_2)
     3    0.039016    0.121871    0.517442    0.517442 v _48_/Q (sky130_fd_sc_hd__dfrtp_2)
                                                         q[2] (net)
                      0.121871    0.000000    0.517442 v q[2] (out)
                                              0.517442   data arrival time

                      0.150000   20.000000   20.000000   clock clk (rise edge)
                                  0.000000   20.000000   clock network delay (ideal)
                                 -0.250000   19.750002   clock uncertainty
                                  0.000000   19.750002   clock reconvergence pessimism
                                 -4.000000   15.750001   output external delay
                                             15.750001   data required time
---------------------------------------------------------------------------------------------
                                             15.750001   data required time
                                             -0.517442   data arrival time
---------------------------------------------------------------------------------------------
                                             15.232559   slack (MET)


Startpoint: _52_ (rising edge-triggered flip-flop clocked by clk)
Endpoint: q[6] (output port clocked by clk)
Path Group: clk
Path Type: max

Fanout         Cap        Slew       Delay        Time   Description
---------------------------------------------------------------------------------------------
                      0.150000    0.000000    0.000000   clock clk (rise edge)
                                  0.000000    0.000000   clock network delay (ideal)
                      0.150000    0.000000    0.000000 ^ _52_/CLK (sky130_fd_sc_hd__dfrtp_2)
     3    0.038965    0.121766    0.517349    0.517349 v _52_/Q (sky130_fd_sc_hd__dfrtp_2)
                                                         q[6] (net)
                      0.121766    0.000000    0.517349 v q[6] (out)
                                              0.517349   data arrival time

                      0.150000   20.000000   20.000000   clock clk (rise edge)
                                  0.000000   20.000000   clock network delay (ideal)
                                 -0.250000   19.750002   clock uncertainty
                                  0.000000   19.750002   clock reconvergence pessimism
                                 -4.000000   15.750001   output external delay
                                             15.750001   data required time
---------------------------------------------------------------------------------------------
                                             15.750001   data required time
                                             -0.517349   data arrival time
---------------------------------------------------------------------------------------------
                                             15.232651   slack (MET)


Startpoint: _51_ (rising edge-triggered flip-flop clocked by clk)
Endpoint: q[5] (output port clocked by clk)
Path Group: clk
Path Type: max

Fanout         Cap        Slew       Delay        Time   Description
---------------------------------------------------------------------------------------------
                      0.150000    0.000000    0.000000   clock clk (rise edge)
                                  0.000000    0.000000   clock network delay (ideal)
                      0.150000    0.000000    0.000000 ^ _51_/CLK (sky130_fd_sc_hd__dfrtp_2)
     3    0.036655    0.116950    0.512733    0.512733 v _51_/Q (sky130_fd_sc_hd__dfrtp_2)
                                                         q[5] (net)
                      0.116950    0.000000    0.512733 v q[5] (out)
                                              0.512733   data arrival time

                      0.150000   20.000000   20.000000   clock clk (rise edge)
                                  0.000000   20.000000   clock network delay (ideal)
                                 -0.250000   19.750002   clock uncertainty
                                  0.000000   19.750002   clock reconvergence pessimism
                                 -4.000000   15.750001   output external delay
                                             15.750001   data required time
---------------------------------------------------------------------------------------------
                                             15.750001   data required time
                                             -0.512733   data arrival time
---------------------------------------------------------------------------------------------
                                             15.237267   slack (MET)


Startpoint: rst (input port clocked by clk)
Endpoint: _46_ (recovery check against rising-edge clock clk)
Path Group: asynchronous
Path Type: max

Fanout         Cap        Slew       Delay        Time   Description
---------------------------------------------------------------------------------------------
                      0.150000    0.000000    0.000000   clock clk (rise edge)
                                  0.000000    0.000000   clock network delay (ideal)
                                  4.000000    4.000000 v input external delay
     8    0.034208    0.076620    0.054625    4.054625 v rst (in)
                                                         rst (net)
                      0.076620    0.000000    4.054625 v _24_/A (sky130_fd_sc_hd__inv_2)
     1    0.003612    0.032470    0.054714    4.109339 ^ _24_/Y (sky130_fd_sc_hd__inv_2)
                                                         _08_ (net)
                      0.032470    0.000000    4.109339 ^ _46_/RESET_B (sky130_fd_sc_hd__dfrtp_2)
                                              4.109339   data arrival time

                      0.150000   20.000000   20.000000   clock clk (rise edge)
                                  0.000000   20.000000   clock network delay (ideal)
                                 -0.250000   19.750002   clock uncertainty
                                  0.000000   19.750002   clock reconvergence pessimism
                                             19.750002 ^ _46_/CLK (sky130_fd_sc_hd__dfrtp_2)
                                  0.255085   20.005087   library recovery time
                                             20.005087   data required time
---------------------------------------------------------------------------------------------
                                             20.005087   data required time
                                             -4.109339   data arrival time
---------------------------------------------------------------------------------------------
                                             15.895747   slack (MET)


Startpoint: rst (input port clocked by clk)
Endpoint: _47_ (recovery check against rising-edge clock clk)
Path Group: asynchronous
Path Type: max

Fanout         Cap        Slew       Delay        Time   Description
---------------------------------------------------------------------------------------------
                      0.150000    0.000000    0.000000   clock clk (rise edge)
                                  0.000000    0.000000   clock network delay (ideal)
                                  4.000000    4.000000 v input external delay
     8    0.034208    0.076620    0.054625    4.054625 v rst (in)
                                                         rst (net)
                      0.076620    0.000000    4.054625 v _39_/A (sky130_fd_sc_hd__inv_2)
     1    0.003612    0.032470    0.054714    4.109339 ^ _39_/Y (sky130_fd_sc_hd__inv_2)
                                                         _09_ (net)
                      0.032470    0.000000    4.109339 ^ _47_/RESET_B (sky130_fd_sc_hd__dfrtp_2)
                                              4.109339   data arrival time

                      0.150000   20.000000   20.000000   clock clk (rise edge)
                                  0.000000   20.000000   clock network delay (ideal)
                                 -0.250000   19.750002   clock uncertainty
                                  0.000000   19.750002   clock reconvergence pessimism
                                             19.750002 ^ _47_/CLK (sky130_fd_sc_hd__dfrtp_2)
                                  0.255085   20.005087   library recovery time
                                             20.005087   data required time
---------------------------------------------------------------------------------------------
                                             20.005087   data required time
                                             -4.109339   data arrival time
---------------------------------------------------------------------------------------------
                                             15.895747   slack (MET)


Startpoint: rst (input port clocked by clk)
Endpoint: _48_ (recovery check against rising-edge clock clk)
Path Group: asynchronous
Path Type: max

Fanout         Cap        Slew       Delay        Time   Description
---------------------------------------------------------------------------------------------
                      0.150000    0.000000    0.000000   clock clk (rise edge)
                                  0.000000    0.000000   clock network delay (ideal)
                                  4.000000    4.000000 v input external delay
     8    0.034208    0.076620    0.054625    4.054625 v rst (in)
                                                         rst (net)
                      0.076620    0.000000    4.054625 v _40_/A (sky130_fd_sc_hd__inv_2)
     1    0.003612    0.032470    0.054714    4.109339 ^ _40_/Y (sky130_fd_sc_hd__inv_2)
                                                         _10_ (net)
                      0.032470    0.000000    4.109339 ^ _48_/RESET_B (sky130_fd_sc_hd__dfrtp_2)
                                              4.109339   data arrival time

                      0.150000   20.000000   20.000000   clock clk (rise edge)
                                  0.000000   20.000000   clock network delay (ideal)
                                 -0.250000   19.750002   clock uncertainty
                                  0.000000   19.750002   clock reconvergence pessimism
                                             19.750002 ^ _48_/CLK (sky130_fd_sc_hd__dfrtp_2)
                                  0.255085   20.005087   library recovery time
                                             20.005087   data required time
---------------------------------------------------------------------------------------------
                                             20.005087   data required time
                                             -4.109339   data arrival time
---------------------------------------------------------------------------------------------
                                             15.895747   slack (MET)


Startpoint: rst (input port clocked by clk)
Endpoint: _49_ (recovery check against rising-edge clock clk)
Path Group: asynchronous
Path Type: max

Fanout         Cap        Slew       Delay        Time   Description
---------------------------------------------------------------------------------------------
                      0.150000    0.000000    0.000000   clock clk (rise edge)
                                  0.000000    0.000000   clock network delay (ideal)
                                  4.000000    4.000000 v input external delay
     8    0.034208    0.076620    0.054625    4.054625 v rst (in)
                                                         rst (net)
                      0.076620    0.000000    4.054625 v _41_/A (sky130_fd_sc_hd__inv_2)
     1    0.003612    0.032470    0.054714    4.109339 ^ _41_/Y (sky130_fd_sc_hd__inv_2)
                                                         _11_ (net)
                      0.032470    0.000000    4.109339 ^ _49_/RESET_B (sky130_fd_sc_hd__dfrtp_2)
                                              4.109339   data arrival time

                      0.150000   20.000000   20.000000   clock clk (rise edge)
                                  0.000000   20.000000   clock network delay (ideal)
                                 -0.250000   19.750002   clock uncertainty
                                  0.000000   19.750002   clock reconvergence pessimism
                                             19.750002 ^ _49_/CLK (sky130_fd_sc_hd__dfrtp_2)
                                  0.255085   20.005087   library recovery time
                                             20.005087   data required time
---------------------------------------------------------------------------------------------
                                             20.005087   data required time
                                             -4.109339   data arrival time
---------------------------------------------------------------------------------------------
                                             15.895747   slack (MET)


Startpoint: rst (input port clocked by clk)
Endpoint: _50_ (recovery check against rising-edge clock clk)
Path Group: asynchronous
Path Type: max

Fanout         Cap        Slew       Delay        Time   Description
---------------------------------------------------------------------------------------------
                      0.150000    0.000000    0.000000   clock clk (rise edge)
                                  0.000000    0.000000   clock network delay (ideal)
                                  4.000000    4.000000 v input external delay
     8    0.034208    0.076620    0.054625    4.054625 v rst (in)
                                                         rst (net)
                      0.076620    0.000000    4.054625 v _42_/A (sky130_fd_sc_hd__inv_2)
     1    0.003612    0.032470    0.054714    4.109339 ^ _42_/Y (sky130_fd_sc_hd__inv_2)
                                                         _12_ (net)
                      0.032470    0.000000    4.109339 ^ _50_/RESET_B (sky130_fd_sc_hd__dfrtp_2)
                                              4.109339   data arrival time

                      0.150000   20.000000   20.000000   clock clk (rise edge)
                                  0.000000   20.000000   clock network delay (ideal)
                                 -0.250000   19.750002   clock uncertainty
                                  0.000000   19.750002   clock reconvergence pessimism
                                             19.750002 ^ _50_/CLK (sky130_fd_sc_hd__dfrtp_2)
                                  0.255085   20.005087   library recovery time
                                             20.005087   data required time
---------------------------------------------------------------------------------------------
                                             20.005087   data required time
                                             -4.109339   data arrival time
---------------------------------------------------------------------------------------------
                                             15.895747   slack (MET)


Startpoint: rst (input port clocked by clk)
Endpoint: _51_ (recovery check against rising-edge clock clk)
Path Group: asynchronous
Path Type: max

Fanout         Cap        Slew       Delay        Time   Description
---------------------------------------------------------------------------------------------
                      0.150000    0.000000    0.000000   clock clk (rise edge)
                                  0.000000    0.000000   clock network delay (ideal)
                                  4.000000    4.000000 v input external delay
     8    0.034208    0.076620    0.054625    4.054625 v rst (in)
                                                         rst (net)
                      0.076620    0.000000    4.054625 v _43_/A (sky130_fd_sc_hd__inv_2)
     1    0.003612    0.032470    0.054714    4.109339 ^ _43_/Y (sky130_fd_sc_hd__inv_2)
                                                         _13_ (net)
                      0.032470    0.000000    4.109339 ^ _51_/RESET_B (sky130_fd_sc_hd__dfrtp_2)
                                              4.109339   data arrival time

                      0.150000   20.000000   20.000000   clock clk (rise edge)
                                  0.000000   20.000000   clock network delay (ideal)
                                 -0.250000   19.750002   clock uncertainty
                                  0.000000   19.750002   clock reconvergence pessimism
                                             19.750002 ^ _51_/CLK (sky130_fd_sc_hd__dfrtp_2)
                                  0.255085   20.005087   library recovery time
                                             20.005087   data required time
---------------------------------------------------------------------------------------------
                                             20.005087   data required time
                                             -4.109339   data arrival time
---------------------------------------------------------------------------------------------
                                             15.895747   slack (MET)


Startpoint: rst (input port clocked by clk)
Endpoint: _52_ (recovery check against rising-edge clock clk)
Path Group: asynchronous
Path Type: max

Fanout         Cap        Slew       Delay        Time   Description
---------------------------------------------------------------------------------------------
                      0.150000    0.000000    0.000000   clock clk (rise edge)
                                  0.000000    0.000000   clock network delay (ideal)
                                  4.000000    4.000000 v input external delay
     8    0.034208    0.076620    0.054625    4.054625 v rst (in)
                                                         rst (net)
                      0.076620    0.000000    4.054625 v _44_/A (sky130_fd_sc_hd__inv_2)
     1    0.003612    0.032470    0.054714    4.109339 ^ _44_/Y (sky130_fd_sc_hd__inv_2)
                                                         _14_ (net)
                      0.032470    0.000000    4.109339 ^ _52_/RESET_B (sky130_fd_sc_hd__dfrtp_2)
                                              4.109339   data arrival time

                      0.150000   20.000000   20.000000   clock clk (rise edge)
                                  0.000000   20.000000   clock network delay (ideal)
                                 -0.250000   19.750002   clock uncertainty
                                  0.000000   19.750002   clock reconvergence pessimism
                                             19.750002 ^ _52_/CLK (sky130_fd_sc_hd__dfrtp_2)
                                  0.255085   20.005087   library recovery time
                                             20.005087   data required time
---------------------------------------------------------------------------------------------
                                             20.005087   data required time
                                             -4.109339   data arrival time
---------------------------------------------------------------------------------------------
                                             15.895747   slack (MET)


Startpoint: rst (input port clocked by clk)
Endpoint: _53_ (recovery check against rising-edge clock clk)
Path Group: asynchronous
Path Type: max

Fanout         Cap        Slew       Delay        Time   Description
---------------------------------------------------------------------------------------------
                      0.150000    0.000000    0.000000   clock clk (rise edge)
                                  0.000000    0.000000   clock network delay (ideal)
                                  4.000000    4.000000 v input external delay
     8    0.034208    0.076620    0.054625    4.054625 v rst (in)
                                                         rst (net)
                      0.076620    0.000000    4.054625 v _45_/A (sky130_fd_sc_hd__inv_2)
     1    0.003612    0.032470    0.054714    4.109339 ^ _45_/Y (sky130_fd_sc_hd__inv_2)
                                                         _15_ (net)
                      0.032470    0.000000    4.109339 ^ _53_/RESET_B (sky130_fd_sc_hd__dfrtp_2)
                                              4.109339   data arrival time

                      0.150000   20.000000   20.000000   clock clk (rise edge)
                                  0.000000   20.000000   clock network delay (ideal)
                                 -0.250000   19.750002   clock uncertainty
                                  0.000000   19.750002   clock reconvergence pessimism
                                             19.750002 ^ _53_/CLK (sky130_fd_sc_hd__dfrtp_2)
                                  0.255085   20.005087   library recovery time
                                             20.005087   data required time
---------------------------------------------------------------------------------------------
                                             20.005087   data required time
                                             -4.109339   data arrival time
---------------------------------------------------------------------------------------------
                                             15.895747   slack (MET)


Startpoint: _47_ (rising edge-triggered flip-flop clocked by clk)
Endpoint: _51_ (rising edge-triggered flip-flop clocked by clk)
Path Group: clk
Path Type: max

Fanout         Cap        Slew       Delay        Time   Description
---------------------------------------------------------------------------------------------
                      0.150000    0.000000    0.000000   clock clk (rise edge)
                                  0.000000    0.000000   clock network delay (ideal)
                      0.150000    0.000000    0.000000 ^ _47_/CLK (sky130_fd_sc_hd__dfrtp_2)
     4    0.047363    0.139086    0.532688    0.532688 v _47_/Q (sky130_fd_sc_hd__dfrtp_2)
                                                         q[1] (net)
                      0.139086    0.000000    0.532688 v _26_/B (sky130_fd_sc_hd__and3_2)
     7    0.025050    0.088219    0.292743    0.825431 v _26_/X (sky130_fd_sc_hd__and3_2)
                                                         _16_ (net)
                      0.088219    0.000000    0.825431 v _31_/C (sky130_fd_sc_hd__and3_2)
     1    0.001648    0.034232    0.214701    1.040133 v _31_/X (sky130_fd_sc_hd__and3_2)
                                                         _19_ (net)
                      0.034232    0.000000    1.040133 v _34_/B1 (sky130_fd_sc_hd__o2bb2a_2)
     1    0.001949    0.041203    0.241686    1.281819 v _34_/X (sky130_fd_sc_hd__o2bb2a_2)
                                                         _05_ (net)
                      0.041203    0.000000    1.281819 v _51_/D (sky130_fd_sc_hd__dfrtp_2)
                                              1.281819   data arrival time

                      0.150000   20.000000   20.000000   clock clk (rise edge)
                                  0.000000   20.000000   clock network delay (ideal)
                                 -0.250000   19.750002   clock uncertainty
                                  0.000000   19.750002   clock reconvergence pessimism
                                             19.750002 ^ _51_/CLK (sky130_fd_sc_hd__dfrtp_2)
                                 -0.089551   19.660450   library setup time
                                             19.660450   data required time
---------------------------------------------------------------------------------------------
                                             19.660450   data required time
                                             -1.281819   data arrival time
---------------------------------------------------------------------------------------------
                                             18.378632   slack (MET)


Startpoint: _47_ (rising edge-triggered flip-flop clocked by clk)
Endpoint: _53_ (rising edge-triggered flip-flop clocked by clk)
Path Group: clk
Path Type: max

Fanout         Cap        Slew       Delay        Time   Description
---------------------------------------------------------------------------------------------
                      0.150000    0.000000    0.000000   clock clk (rise edge)
                                  0.000000    0.000000   clock network delay (ideal)
                      0.150000    0.000000    0.000000 ^ _47_/CLK (sky130_fd_sc_hd__dfrtp_2)
     4    0.047363    0.139086    0.532688    0.532688 v _47_/Q (sky130_fd_sc_hd__dfrtp_2)
                                                         q[1] (net)
                      0.139086    0.000000    0.532688 v _26_/B (sky130_fd_sc_hd__and3_2)
     7    0.025050    0.088219    0.292743    0.825431 v _26_/X (sky130_fd_sc_hd__and3_2)
                                                         _16_ (net)
                      0.088219    0.000000    0.825431 v _35_/B (sky130_fd_sc_hd__and3_2)
     2    0.012027    0.061282    0.239738    1.065169 v _35_/X (sky130_fd_sc_hd__and3_2)
                                                         _21_ (net)
                      0.061282    0.000000    1.065169 v _38_/B (sky130_fd_sc_hd__xor2_2)
     1    0.001949    0.051245    0.135898    1.201067 v _38_/X (sky130_fd_sc_hd__xor2_2)
                                                         _07_ (net)
                      0.051245    0.000000    1.201067 v _53_/D (sky130_fd_sc_hd__dfrtp_2)
                                              1.201067   data arrival time

                      0.150000   20.000000   20.000000   clock clk (rise edge)
                                  0.000000   20.000000   clock network delay (ideal)
                                 -0.250000   19.750002   clock uncertainty
                                  0.000000   19.750002   clock reconvergence pessimism
                                             19.750002 ^ _53_/CLK (sky130_fd_sc_hd__dfrtp_2)
                                 -0.093930   19.656071   library setup time
                                             19.656071   data required time
---------------------------------------------------------------------------------------------
                                             19.656071   data required time
                                             -1.201067   data arrival time
---------------------------------------------------------------------------------------------
                                             18.455004   slack (MET)


Startpoint: _46_ (rising edge-triggered flip-flop clocked by clk)
Endpoint: _52_ (rising edge-triggered flip-flop clocked by clk)
Path Group: clk
Path Type: max

Fanout         Cap        Slew       Delay        Time   Description
---------------------------------------------------------------------------------------------
                      0.150000    0.000000    0.000000   clock clk (rise edge)
                                  0.000000    0.000000   clock network delay (ideal)
                      0.150000    0.000000    0.000000 ^ _46_/CLK (sky130_fd_sc_hd__dfrtp_2)
     5    0.053513    0.262315    0.549278    0.549278 ^ _46_/Q (sky130_fd_sc_hd__dfrtp_2)
                                                         q[0] (net)
                      0.262315    0.000000    0.549278 ^ _26_/A (sky130_fd_sc_hd__and3_2)
     7    0.027189    0.154667    0.323676    0.872953 ^ _26_/X (sky130_fd_sc_hd__and3_2)
                                                         _16_ (net)
                      0.154667    0.000000    0.872953 ^ _35_/B (sky130_fd_sc_hd__and3_2)
     2    0.013104    0.091178    0.240567    1.113520 ^ _35_/X (sky130_fd_sc_hd__and3_2)
                                                         _21_ (net)
                      0.091178    0.000000    1.113520 ^ _37_/A (sky130_fd_sc_hd__nor2_2)
     1    0.001949    0.026539    0.042743    1.156263 v _37_/Y (sky130_fd_sc_hd__nor2_2)
                                                         _06_ (net)
                      0.026539    0.000000    1.156263 v _52_/D (sky130_fd_sc_hd__dfrtp_2)
                                              1.156263   data arrival time

                      0.150000   20.000000   20.000000   clock clk (rise edge)
                                  0.000000   20.000000   clock network delay (ideal)
                                 -0.250000   19.750002   clock uncertainty
                                  0.000000   19.750002   clock reconvergence pessimism
                                             19.750002 ^ _52_/CLK (sky130_fd_sc_hd__dfrtp_2)
                                 -0.083155   19.666847   library setup time
                                             19.666847   data required time
---------------------------------------------------------------------------------------------
                                             19.666847   data required time
                                             -1.156263   data arrival time
---------------------------------------------------------------------------------------------
                                             18.510584   slack (MET)


Startpoint: _46_ (rising edge-triggered flip-flop clocked by clk)
Endpoint: _50_ (rising edge-triggered flip-flop clocked by clk)
Path Group: clk
Path Type: max

Fanout         Cap        Slew       Delay        Time   Description
---------------------------------------------------------------------------------------------
                      0.150000    0.000000    0.000000   clock clk (rise edge)
                                  0.000000    0.000000   clock network delay (ideal)
                      0.150000    0.000000    0.000000 ^ _46_/CLK (sky130_fd_sc_hd__dfrtp_2)
     5    0.053513    0.262315    0.549278    0.549278 ^ _46_/Q (sky130_fd_sc_hd__dfrtp_2)
                                                         q[0] (net)
                      0.262315    0.000000    0.549278 ^ _26_/A (sky130_fd_sc_hd__and3_2)
     7    0.027189    0.154667    0.323676    0.872953 ^ _26_/X (sky130_fd_sc_hd__and3_2)
                                                         _16_ (net)
                      0.154667    0.000000    0.872953 ^ _29_/B (sky130_fd_sc_hd__nand2_2)
     1    0.008077    0.078541    0.083718    0.956671 v _29_/Y (sky130_fd_sc_hd__nand2_2)
                                                         _18_ (net)
                      0.078541    0.000000    0.956671 v _32_/B (sky130_fd_sc_hd__xnor2_2)
     1    0.001949    0.051151    0.130553    1.087224 v _32_/Y (sky130_fd_sc_hd__xnor2_2)
                                                         _04_ (net)
                      0.051151    0.000000    1.087224 v _50_/D (sky130_fd_sc_hd__dfrtp_2)
                                              1.087224   data arrival time

                      0.150000   20.000000   20.000000   clock clk (rise edge)
                                  0.000000   20.000000   clock network delay (ideal)
                                 -0.250000   19.750002   clock uncertainty
                                  0.000000   19.750002   clock reconvergence pessimism
                                             19.750002 ^ _50_/CLK (sky130_fd_sc_hd__dfrtp_2)
                                 -0.093889   19.656113   library setup time
                                             19.656113   data required time
---------------------------------------------------------------------------------------------
                                             19.656113   data required time
                                             -1.087224   data arrival time
---------------------------------------------------------------------------------------------
                                             18.568888   slack (MET)


Startpoint: _47_ (rising edge-triggered flip-flop clocked by clk)
Endpoint: _49_ (rising edge-triggered flip-flop clocked by clk)
Path Group: clk
Path Type: max

Fanout         Cap        Slew       Delay        Time   Description
---------------------------------------------------------------------------------------------
                      0.150000    0.000000    0.000000   clock clk (rise edge)
                                  0.000000    0.000000   clock network delay (ideal)
                      0.150000    0.000000    0.000000 ^ _47_/CLK (sky130_fd_sc_hd__dfrtp_2)
     4    0.047363    0.139086    0.532688    0.532688 v _47_/Q (sky130_fd_sc_hd__dfrtp_2)
                                                         q[1] (net)
                      0.139086    0.000000    0.532688 v _26_/B (sky130_fd_sc_hd__and3_2)
     7    0.025050    0.088219    0.292743    0.825431 v _26_/X (sky130_fd_sc_hd__and3_2)
                                                         _16_ (net)
                      0.088219    0.000000    0.825431 v _30_/B (sky130_fd_sc_hd__xor2_2)
     1    0.001949    0.055317    0.146571    0.972002 v _30_/X (sky130_fd_sc_hd__xor2_2)
                                                         _03_ (net)
                      0.055317    0.000000    0.972002 v _49_/D (sky130_fd_sc_hd__dfrtp_2)
                                              0.972002   data arrival time

                      0.150000   20.000000   20.000000   clock clk (rise edge)
                                  0.000000   20.000000   clock network delay (ideal)
                                 -0.250000   19.750002   clock uncertainty
                                  0.000000   19.750002   clock reconvergence pessimism
                                             19.750002 ^ _49_/CLK (sky130_fd_sc_hd__dfrtp_2)
                                 -0.095706   19.654295   library setup time
                                             19.654295   data required time
---------------------------------------------------------------------------------------------
                                             19.654295   data required time
                                             -0.972002   data arrival time
---------------------------------------------------------------------------------------------
                                             18.682291   slack (MET)


Startpoint: _46_ (rising edge-triggered flip-flop clocked by clk)
Endpoint: _48_ (rising edge-triggered flip-flop clocked by clk)
Path Group: clk
Path Type: max

Fanout         Cap        Slew       Delay        Time   Description
---------------------------------------------------------------------------------------------
                      0.150000    0.000000    0.000000   clock clk (rise edge)
                                  0.000000    0.000000   clock network delay (ideal)
                      0.150000    0.000000    0.000000 ^ _46_/CLK (sky130_fd_sc_hd__dfrtp_2)
     5    0.053513    0.262315    0.549278    0.549278 ^ _46_/Q (sky130_fd_sc_hd__dfrtp_2)
                                                         q[0] (net)
                      0.262315    0.000000    0.549278 ^ _26_/A (sky130_fd_sc_hd__and3_2)
     7    0.027189    0.154667    0.323676    0.872953 ^ _26_/X (sky130_fd_sc_hd__and3_2)
                                                         _16_ (net)
                      0.154667    0.000000    0.872953 ^ _28_/A (sky130_fd_sc_hd__nor2_2)
     1    0.001949    0.035960    0.052011    0.924964 v _28_/Y (sky130_fd_sc_hd__nor2_2)
                                                         _02_ (net)
                      0.035960    0.000000    0.924964 v _48_/D (sky130_fd_sc_hd__dfrtp_2)
                                              0.924964   data arrival time

                      0.150000   20.000000   20.000000   clock clk (rise edge)
                                  0.000000   20.000000   clock network delay (ideal)
                                 -0.250000   19.750002   clock uncertainty
                                  0.000000   19.750002   clock reconvergence pessimism
                                             19.750002 ^ _48_/CLK (sky130_fd_sc_hd__dfrtp_2)
                                 -0.087264   19.662737   library setup time
                                             19.662737   data required time
---------------------------------------------------------------------------------------------
                                             19.662737   data required time
                                             -0.924964   data arrival time
---------------------------------------------------------------------------------------------
                                             18.737774   slack (MET)


Startpoint: _46_ (rising edge-triggered flip-flop clocked by clk)
Endpoint: _47_ (rising edge-triggered flip-flop clocked by clk)
Path Group: clk
Path Type: max

Fanout         Cap        Slew       Delay        Time   Description
---------------------------------------------------------------------------------------------
                      0.150000    0.000000    0.000000   clock clk (rise edge)
                                  0.000000    0.000000   clock network delay (ideal)
                      0.150000    0.000000    0.000000 ^ _46_/CLK (sky130_fd_sc_hd__dfrtp_2)
     5    0.051985    0.148618    0.541130    0.541130 v _46_/Q (sky130_fd_sc_hd__dfrtp_2)
                                                         q[0] (net)
                      0.148618    0.000000    0.541130 v _25_/A (sky130_fd_sc_hd__xor2_2)
     1    0.001949    0.061687    0.196791    0.737922 v _25_/X (sky130_fd_sc_hd__xor2_2)
                                                         _01_ (net)
                      0.061687    0.000000    0.737922 v _47_/D (sky130_fd_sc_hd__dfrtp_2)
                                              0.737922   data arrival time

                      0.150000   20.000000   20.000000   clock clk (rise edge)
                                  0.000000   20.000000   clock network delay (ideal)
                                 -0.250000   19.750002   clock uncertainty
                                  0.000000   19.750002   clock reconvergence pessimism
                                             19.750002 ^ _47_/CLK (sky130_fd_sc_hd__dfrtp_2)
                                 -0.098484   19.651516   library setup time
                                             19.651516   data required time
---------------------------------------------------------------------------------------------
                                             19.651516   data required time
                                             -0.737922   data arrival time
---------------------------------------------------------------------------------------------
                                             18.913595   slack (MET)


Startpoint: _46_ (rising edge-triggered flip-flop clocked by clk)
Endpoint: _46_ (rising edge-triggered flip-flop clocked by clk)
Path Group: clk
Path Type: max

Fanout         Cap        Slew       Delay        Time   Description
---------------------------------------------------------------------------------------------
                      0.150000    0.000000    0.000000   clock clk (rise edge)
                                  0.000000    0.000000   clock network delay (ideal)
                      0.150000    0.000000    0.000000 ^ _46_/CLK (sky130_fd_sc_hd__dfrtp_2)
     5    0.053513    0.262315    0.549278    0.549278 ^ _46_/Q (sky130_fd_sc_hd__dfrtp_2)
                                                         q[0] (net)
                      0.262315    0.000000    0.549278 ^ _23_/A (sky130_fd_sc_hd__inv_2)
     1    0.001949    0.041294    0.038045    0.587322 v _23_/Y (sky130_fd_sc_hd__inv_2)
                                                         _00_ (net)
                      0.041294    0.000000    0.587322 v _46_/D (sky130_fd_sc_hd__dfrtp_2)
                                              0.587322   data arrival time

                      0.150000   20.000000   20.000000   clock clk (rise edge)
                                  0.000000   20.000000   clock network delay (ideal)
                                 -0.250000   19.750002   clock uncertainty
                                  0.000000   19.750002   clock reconvergence pessimism
                                             19.750002 ^ _46_/CLK (sky130_fd_sc_hd__dfrtp_2)
                                 -0.089590   19.660410   library setup time
                                             19.660410   data required time
---------------------------------------------------------------------------------------------
                                             19.660410   data required time
                                             -0.587322   data arrival time
---------------------------------------------------------------------------------------------
                                             19.073088   slack (MET)



