
===========================================================================
report_checks -path_delay min (Hold)
============================================================================
======================= nom_tt_025C_1v80 Corner ===================================

Startpoint: _46_ (rising edge-triggered flip-flop clocked by clk)
Endpoint: _46_ (rising edge-triggered flip-flop clocked by clk)
Path Group: clk
Path Type: min

Fanout         Cap        Slew       Delay        Time   Description
---------------------------------------------------------------------------------------------
                      0.150000    0.000000    0.000000   clock clk (rise edge)
                                  0.000000    0.000000   clock network delay (ideal)
                      0.150000    0.000000    0.000000 ^ _46_/CLK (sky130_fd_sc_hd__dfrtp_2)
     5    0.053513    0.262315    0.549278    0.549278 ^ _46_/Q (sky130_fd_sc_hd__dfrtp_2)
                                                         q[0] (net)
                      0.262315    0.000000    0.549278 ^ _23_/A (sky130_fd_sc_hd__inv_2)
     1    0.001949    0.041294    0.038045    0.587322 v _23_/Y (sky130_fd_sc_hd__inv_2)
                                                         _00_ (net)
                      0.041294    0.000000    0.587322 v _46_/D (sky130_fd_sc_hd__dfrtp_2)
                                              0.587322   data arrival time

                      0.150000    0.000000    0.000000   clock clk (rise edge)
                                  0.000000    0.000000   clock network delay (ideal)
                                  0.250000    0.250000   clock uncertainty
                                  0.000000    0.250000   clock reconvergence pessimism
                                              0.250000 ^ _46_/CLK (sky130_fd_sc_hd__dfrtp_2)
                                 -0.016655    0.233345   library hold time
                                              0.233345   data required time
---------------------------------------------------------------------------------------------
                                              0.233345   data required time
                                             -0.587322   data arrival time
---------------------------------------------------------------------------------------------
                                              0.353977   slack (MET)


Startpoint: _53_ (rising edge-triggered flip-flop clocked by clk)
Endpoint: _53_ (rising edge-triggered flip-flop clocked by clk)
Path Group: clk
Path Type: min

Fanout         Cap        Slew       Delay        Time   Description
---------------------------------------------------------------------------------------------
                      0.150000    0.000000    0.000000   clock clk (rise edge)
                                  0.000000    0.000000   clock network delay (ideal)
                      0.150000    0.000000    0.000000 ^ _53_/CLK (sky130_fd_sc_hd__dfrtp_2)
     2    0.042818    0.213630    0.514962    0.514962 ^ _53_/Q (sky130_fd_sc_hd__dfrtp_2)
                                                         q[7] (net)
                      0.213630    0.000000    0.514962 ^ _38_/A (sky130_fd_sc_hd__xor2_2)
     1    0.001949    0.028064    0.088425    0.603386 v _38_/X (sky130_fd_sc_hd__xor2_2)
                                                         _07_ (net)
                      0.028064    0.000000    0.603386 v _53_/D (sky130_fd_sc_hd__dfrtp_2)
                                              0.603386   data arrival time

                      0.150000    0.000000    0.000000   clock clk (rise edge)
                                  0.000000    0.000000   clock network delay (ideal)
                                  0.250000    0.250000   clock uncertainty
                                  0.000000    0.250000   clock reconvergence pessimism
                                              0.250000 ^ _53_/CLK (sky130_fd_sc_hd__dfrtp_2)
                                 -0.011276    0.238724   library hold time
                                              0.238724   data required time
---------------------------------------------------------------------------------------------
                                              0.238724   data required time
                                             -0.603386   data arrival time
---------------------------------------------------------------------------------------------
                                              0.364662   slack (MET)


Startpoint: _50_ (rising edge-triggered flip-flop clocked by clk)
Endpoint: _50_ (rising edge-triggered flip-flop clocked by clk)
Path Group: clk
Path Type: min

Fanout         Cap        Slew       Delay        Time   Description
---------------------------------------------------------------------------------------------
                      0.150000    0.000000    0.000000   clock clk (rise edge)
                                  0.000000    0.000000   clock network delay (ideal)
                      0.150000    0.000000    0.000000 ^ _50_/CLK (sky130_fd_sc_hd__dfrtp_2)
     4    0.045552    0.226076    0.523734    0.523734 ^ _50_/Q (sky130_fd_sc_hd__dfrtp_2)
                                                         q[4] (net)
                      0.226076    0.000000    0.523734 ^ _32_/A (sky130_fd_sc_hd__xnor2_2)
     1    0.001949    0.025986    0.088297    0.612031 v _32_/Y (sky130_fd_sc_hd__xnor2_2)
                                                         _04_ (net)
                      0.025986    0.000000    0.612031 v _50_/D (sky130_fd_sc_hd__dfrtp_2)
                                              0.612031   data arrival time

                      0.150000    0.000000    0.000000   clock clk (rise edge)
                                  0.000000    0.000000   clock network delay (ideal)
                                  0.250000    0.250000   clock uncertainty
                                  0.000000    0.250000   clock reconvergence pessimism
                                              0.250000 ^ _50_/CLK (sky130_fd_sc_hd__dfrtp_2)
                                 -0.010431    0.239569   library hold time
                                              0.239569   data required time
---------------------------------------------------------------------------------------------
                                              0.239569   data required time
                                             -0.612031   data arrival time
---------------------------------------------------------------------------------------------
                                              0.372463   slack (MET)


Startpoint: _47_ (rising edge-triggered flip-flop clocked by clk)
Endpoint: _47_ (rising edge-triggered flip-flop clocked by clk)
Path Group: clk
Path Type: min

Fanout         Cap        Slew       Delay        Time   Description
---------------------------------------------------------------------------------------------
                      0.150000    0.000000    0.000000   clock clk (rise edge)
                                  0.000000    0.000000   clock network delay (ideal)
                      0.150000    0.000000    0.000000 ^ _47_/CLK (sky130_fd_sc_hd__dfrtp_2)
     4    0.048522    0.239596    0.533264    0.533264 ^ _47_/Q (sky130_fd_sc_hd__dfrtp_2)
                                                         q[1] (net)
                      0.239596    0.000000    0.533264 ^ _25_/B (sky130_fd_sc_hd__xor2_2)
     1    0.001949    0.028328    0.085288    0.618551 v _25_/X (sky130_fd_sc_hd__xor2_2)
                                                         _01_ (net)
                      0.028328    0.000000    0.618551 v _47_/D (sky130_fd_sc_hd__dfrtp_2)
                                              0.618551   data arrival time

                      0.150000    0.000000    0.000000   clock clk (rise edge)
                                  0.000000    0.000000   clock network delay (ideal)
                                  0.250000    0.250000   clock uncertainty
                                  0.000000    0.250000   clock reconvergence pessimism
                                              0.250000 ^ _47_/CLK (sky130_fd_sc_hd__dfrtp_2)
                                 -0.011383    0.238617   library hold time
                                              0.238617   data required time
---------------------------------------------------------------------------------------------
                                              0.238617   data required time
                                             -0.618551   data arrival time
---------------------------------------------------------------------------------------------
                                              0.379934   slack (MET)


Startpoint: _52_ (rising edge-triggered flip-flop clocked by clk)
Endpoint: _52_ (rising edge-triggered flip-flop clocked by clk)
Path Group: clk
Path Type: min

Fanout         Cap        Slew       Delay        Time   Description
---------------------------------------------------------------------------------------------
                      0.150000    0.000000    0.000000   clock clk (rise edge)
                                  0.000000    0.000000   clock network delay (ideal)
                      0.150000    0.000000    0.000000 ^ _52_/CLK (sky130_fd_sc_hd__dfrtp_2)
     3    0.039596    0.198963    0.504624    0.504624 ^ _52_/Q (sky130_fd_sc_hd__dfrtp_2)
                                                         q[6] (net)
                      0.198963    0.000000    0.504624 ^ _36_/B1 (sky130_fd_sc_hd__a21oi_2)
     1    0.004136    0.035034    0.050040    0.554663 v _36_/Y (sky130_fd_sc_hd__a21oi_2)
                                                         _22_ (net)
                      0.035034    0.000000    0.554663 v _37_/B (sky130_fd_sc_hd__nor2_2)
     1    0.002005    0.053458    0.059278    0.613941 ^ _37_/Y (sky130_fd_sc_hd__nor2_2)
                                                         _06_ (net)
                      0.053458    0.000000    0.613941 ^ _52_/D (sky130_fd_sc_hd__dfrtp_2)
                                              0.613941   data arrival time

                      0.150000    0.000000    0.000000   clock clk (rise edge)
                                  0.000000    0.000000   clock network delay (ideal)
                                  0.250000    0.250000   clock uncertainty
                                  0.000000    0.250000   clock reconvergence pessimism
                                              0.250000 ^ _52_/CLK (sky130_fd_sc_hd__dfrtp_2)
                                 -0.022058    0.227941   library hold time
                                              0.227941   data required time
---------------------------------------------------------------------------------------------
                                              0.227941   data required time
                                             -0.613941   data arrival time
---------------------------------------------------------------------------------------------
                                              0.386000   slack (MET)


Startpoint: _48_ (rising edge-triggered flip-flop clocked by clk)
Endpoint: _48_ (rising edge-triggered flip-flop clocked by clk)
Path Group: clk
Path Type: min

Fanout         Cap        Slew       Delay        Time   Description
---------------------------------------------------------------------------------------------
                      0.150000    0.000000    0.000000   clock clk (rise edge)
                                  0.000000    0.000000   clock network delay (ideal)
                      0.150000    0.000000    0.000000 ^ _48_/CLK (sky130_fd_sc_hd__dfrtp_2)
     3    0.039742    0.199628    0.505092    0.505092 ^ _48_/Q (sky130_fd_sc_hd__dfrtp_2)
                                                         q[2] (net)
                      0.199628    0.000000    0.505092 ^ _27_/B1 (sky130_fd_sc_hd__a21oi_2)
     1    0.004136    0.053764    0.050082    0.555174 v _27_/Y (sky130_fd_sc_hd__a21oi_2)
                                                         _17_ (net)
                      0.053764    0.000000    0.555174 v _28_/B (sky130_fd_sc_hd__nor2_2)
     1    0.002005    0.053393    0.066237    0.621411 ^ _28_/Y (sky130_fd_sc_hd__nor2_2)
                                                         _02_ (net)
                      0.053393    0.000000    0.621411 ^ _48_/D (sky130_fd_sc_hd__dfrtp_2)
                                              0.621411   data arrival time

                      0.150000    0.000000    0.000000   clock clk (rise edge)
                                  0.000000    0.000000   clock network delay (ideal)
                                  0.250000    0.250000   clock uncertainty
                                  0.000000    0.250000   clock reconvergence pessimism
                                              0.250000 ^ _48_/CLK (sky130_fd_sc_hd__dfrtp_2)
                                 -0.022045    0.227955   library hold time
                                              0.227955   data required time
---------------------------------------------------------------------------------------------
                                              0.227955   data required time
                                             -0.621411   data arrival time
---------------------------------------------------------------------------------------------
                                              0.393457   slack (MET)


Startpoint: _49_ (rising edge-triggered flip-flop clocked by clk)
Endpoint: _49_ (rising edge-triggered flip-flop clocked by clk)
Path Group: clk
Path Type: min

Fanout         Cap        Slew       Delay        Time   Description
---------------------------------------------------------------------------------------------
                      0.150000    0.000000    0.000000   clock clk (rise edge)
                                  0.000000    0.000000   clock network delay (ideal)
                      0.150000    0.000000    0.000000 ^ _49_/CLK (sky130_fd_sc_hd__dfrtp_2)
     5    0.050269    0.247548    0.538869    0.538869 ^ _49_/Q (sky130_fd_sc_hd__dfrtp_2)
                                                         q[3] (net)
                      0.247548    0.000000    0.538869 ^ _30_/A (sky130_fd_sc_hd__xor2_2)
     1    0.001949    0.028059    0.093906    0.632775 v _30_/X (sky130_fd_sc_hd__xor2_2)
                                                         _03_ (net)
                      0.028059    0.000000    0.632775 v _49_/D (sky130_fd_sc_hd__dfrtp_2)
                                              0.632775   data arrival time

                      0.150000    0.000000    0.000000   clock clk (rise edge)
                                  0.000000    0.000000   clock network delay (ideal)
                                  0.250000    0.250000   clock uncertainty
                                  0.000000    0.250000   clock reconvergence pessimism
                                              0.250000 ^ _49_/CLK (sky130_fd_sc_hd__dfrtp_2)
                                 -0.011274    0.238726   library hold time
                                              0.238726   data required time
---------------------------------------------------------------------------------------------
                                              0.238726   data required time
                                             -0.632775   data arrival time
---------------------------------------------------------------------------------------------
                                              0.394049   slack (MET)


Startpoint: _51_ (rising edge-triggered flip-flop clocked by clk)
Endpoint: _51_ (rising edge-triggered flip-flop clocked by clk)
Path Group: clk
Path Type: min

Fanout         Cap        Slew       Delay        Time   Description
---------------------------------------------------------------------------------------------
                      0.150000    0.000000    0.000000   clock clk (rise edge)
                                  0.000000    0.000000   clock network delay (ideal)
                      0.150000    0.000000    0.000000 ^ _51_/CLK (sky130_fd_sc_hd__dfrtp_2)
     3    0.037040    0.187391    0.496362    0.496362 ^ _51_/Q (sky130_fd_sc_hd__dfrtp_2)
                                                         q[5] (net)
                      0.187391    0.000000    0.496362 ^ _34_/B2 (sky130_fd_sc_hd__o2bb2a_2)
     1    0.002005    0.035079    0.177122    0.673484 ^ _34_/X (sky130_fd_sc_hd__o2bb2a_2)
                                                         _05_ (net)
                      0.035079    0.000000    0.673484 ^ _51_/D (sky130_fd_sc_hd__dfrtp_2)
                                              0.673484   data arrival time

                      0.150000    0.000000    0.000000   clock clk (rise edge)
                                  0.000000    0.000000   clock network delay (ideal)
                                  0.250000    0.250000   clock uncertainty
                                  0.000000    0.250000   clock reconvergence pessimism
                                              0.250000 ^ _51_/CLK (sky130_fd_sc_hd__dfrtp_2)
                                 -0.018301    0.231699   library hold time
                                              0.231699   data required time
---------------------------------------------------------------------------------------------
                                              0.231699   data required time
                                             -0.673484   data arrival time
---------------------------------------------------------------------------------------------
                                              0.441785   slack (MET)


Startpoint: rst (input port clocked by clk)
Endpoint: _46_ (removal check against rising-edge clock clk)
Path Group: asynchronous
Path Type: min

Fanout         Cap        Slew       Delay        Time   Description
---------------------------------------------------------------------------------------------
                      0.150000    0.000000    0.000000   clock clk (rise edge)
                                  0.000000    0.000000   clock network delay (ideal)
                                  4.000000    4.000000 v input external delay
     8    0.034208    0.076620    0.054625    4.054625 v rst (in)
                                                         rst (net)
                      0.076620    0.000000    4.054625 v _24_/A (sky130_fd_sc_hd__inv_2)
     1    0.003612    0.032470    0.054714    4.109339 ^ _24_/Y (sky130_fd_sc_hd__inv_2)
                                                         _08_ (net)
                      0.032470    0.000000    4.109339 ^ _46_/RESET_B (sky130_fd_sc_hd__dfrtp_2)
                                              4.109339   data arrival time

                      0.150000    0.000000    0.000000   clock clk (rise edge)
                                  0.000000    0.000000   clock network delay (ideal)
                                  0.250000    0.250000   clock uncertainty
                                  0.000000    0.250000   clock reconvergence pessimism
                                              0.250000 ^ _46_/CLK (sky130_fd_sc_hd__dfrtp_2)
                                  0.345723    0.595723   library removal time
                                              0.595723   data required time
---------------------------------------------------------------------------------------------
                                              0.595723   data required time
                                             -4.109339   data arrival time
---------------------------------------------------------------------------------------------
                                              3.513616   slack (MET)


Startpoint: rst (input port clocked by clk)
Endpoint: _47_ (removal check against rising-edge clock clk)
Path Group: asynchronous
Path Type: min

Fanout         Cap        Slew       Delay        Time   Description
---------------------------------------------------------------------------------------------
                      0.150000    0.000000    0.000000   clock clk (rise edge)
                                  0.000000    0.000000   clock network delay (ideal)
                                  4.000000    4.000000 v input external delay
     8    0.034208    0.076620    0.054625    4.054625 v rst (in)
                                                         rst (net)
                      0.076620    0.000000    4.054625 v _39_/A (sky130_fd_sc_hd__inv_2)
     1    0.003612    0.032470    0.054714    4.109339 ^ _39_/Y (sky130_fd_sc_hd__inv_2)
                                                         _09_ (net)
                      0.032470    0.000000    4.109339 ^ _47_/RESET_B (sky130_fd_sc_hd__dfrtp_2)
                                              4.109339   data arrival time

                      0.150000    0.000000    0.000000   clock clk (rise edge)
                                  0.000000    0.000000   clock network delay (ideal)
                                  0.250000    0.250000   clock uncertainty
                                  0.000000    0.250000   clock reconvergence pessimism
                                              0.250000 ^ _47_/CLK (sky130_fd_sc_hd__dfrtp_2)
                                  0.345723    0.595723   library removal time
                                              0.595723   data required time
---------------------------------------------------------------------------------------------
                                              0.595723   data required time
                                             -4.109339   data arrival time
---------------------------------------------------------------------------------------------
                                              3.513616   slack (MET)


Startpoint: rst (input port clocked by clk)
Endpoint: _48_ (removal check against rising-edge clock clk)
Path Group: asynchronous
Path Type: min

Fanout         Cap        Slew       Delay        Time   Description
---------------------------------------------------------------------------------------------
                      0.150000    0.000000    0.000000   clock clk (rise edge)
                                  0.000000    0.000000   clock network delay (ideal)
                                  4.000000    4.000000 v input external delay
     8    0.034208    0.076620    0.054625    4.054625 v rst (in)
                                                         rst (net)
                      0.076620    0.000000    4.054625 v _40_/A (sky130_fd_sc_hd__inv_2)
     1    0.003612    0.032470    0.054714    4.109339 ^ _40_/Y (sky130_fd_sc_hd__inv_2)
                                                         _10_ (net)
                      0.032470    0.000000    4.109339 ^ _48_/RESET_B (sky130_fd_sc_hd__dfrtp_2)
                                              4.109339   data arrival time

                      0.150000    0.000000    0.000000   clock clk (rise edge)
                                  0.000000    0.000000   clock network delay (ideal)
                                  0.250000    0.250000   clock uncertainty
                                  0.000000    0.250000   clock reconvergence pessimism
                                              0.250000 ^ _48_/CLK (sky130_fd_sc_hd__dfrtp_2)
                                  0.345723    0.595723   library removal time
                                              0.595723   data required time
---------------------------------------------------------------------------------------------
                                              0.595723   data required time
                                             -4.109339   data arrival time
---------------------------------------------------------------------------------------------
                                              3.513616   slack (MET)


Startpoint: rst (input port clocked by clk)
Endpoint: _49_ (removal check against rising-edge clock clk)
Path Group: asynchronous
Path Type: min

Fanout         Cap        Slew       Delay        Time   Description
---------------------------------------------------------------------------------------------
                      0.150000    0.000000    0.000000   clock clk (rise edge)
                                  0.000000    0.000000   clock network delay (ideal)
                                  4.000000    4.000000 v input external delay
     8    0.034208    0.076620    0.054625    4.054625 v rst (in)
                                                         rst (net)
                      0.076620    0.000000    4.054625 v _41_/A (sky130_fd_sc_hd__inv_2)
     1    0.003612    0.032470    0.054714    4.109339 ^ _41_/Y (sky130_fd_sc_hd__inv_2)
                                                         _11_ (net)
                      0.032470    0.000000    4.109339 ^ _49_/RESET_B (sky130_fd_sc_hd__dfrtp_2)
                                              4.109339   data arrival time

                      0.150000    0.000000    0.000000   clock clk (rise edge)
                                  0.000000    0.000000   clock network delay (ideal)
                                  0.250000    0.250000   clock uncertainty
                                  0.000000    0.250000   clock reconvergence pessimism
                                              0.250000 ^ _49_/CLK (sky130_fd_sc_hd__dfrtp_2)
                                  0.345723    0.595723   library removal time
                                              0.595723   data required time
---------------------------------------------------------------------------------------------
                                              0.595723   data required time
                                             -4.109339   data arrival time
---------------------------------------------------------------------------------------------
                                              3.513616   slack (MET)


Startpoint: rst (input port clocked by clk)
Endpoint: _50_ (removal check against rising-edge clock clk)
Path Group: asynchronous
Path Type: min

Fanout         Cap        Slew       Delay        Time   Description
---------------------------------------------------------------------------------------------
                      0.150000    0.000000    0.000000   clock clk (rise edge)
                                  0.000000    0.000000   clock network delay (ideal)
                                  4.000000    4.000000 v input external delay
     8    0.034208    0.076620    0.054625    4.054625 v rst (in)
                                                         rst (net)
                      0.076620    0.000000    4.054625 v _42_/A (sky130_fd_sc_hd__inv_2)
     1    0.003612    0.032470    0.054714    4.109339 ^ _42_/Y (sky130_fd_sc_hd__inv_2)
                                                         _12_ (net)
                      0.032470    0.000000    4.109339 ^ _50_/RESET_B (sky130_fd_sc_hd__dfrtp_2)
                                              4.109339   data arrival time

                      0.150000    0.000000    0.000000   clock clk (rise edge)
                                  0.000000    0.000000   clock network delay (ideal)
                                  0.250000    0.250000   clock uncertainty
                                  0.000000    0.250000   clock reconvergence pessimism
                                              0.250000 ^ _50_/CLK (sky130_fd_sc_hd__dfrtp_2)
                                  0.345723    0.595723   library removal time
                                              0.595723   data required time
---------------------------------------------------------------------------------------------
                                              0.595723   data required time
                                             -4.109339   data arrival time
---------------------------------------------------------------------------------------------
                                              3.513616   slack (MET)


Startpoint: rst (input port clocked by clk)
Endpoint: _51_ (removal check against rising-edge clock clk)
Path Group: asynchronous
Path Type: min

Fanout         Cap        Slew       Delay        Time   Description
---------------------------------------------------------------------------------------------
                      0.150000    0.000000    0.000000   clock clk (rise edge)
                                  0.000000    0.000000   clock network delay (ideal)
                                  4.000000    4.000000 v input external delay
     8    0.034208    0.076620    0.054625    4.054625 v rst (in)
                                                         rst (net)
                      0.076620    0.000000    4.054625 v _43_/A (sky130_fd_sc_hd__inv_2)
     1    0.003612    0.032470    0.054714    4.109339 ^ _43_/Y (sky130_fd_sc_hd__inv_2)
                                                         _13_ (net)
                      0.032470    0.000000    4.109339 ^ _51_/RESET_B (sky130_fd_sc_hd__dfrtp_2)
                                              4.109339   data arrival time

                      0.150000    0.000000    0.000000   clock clk (rise edge)
                                  0.000000    0.000000   clock network delay (ideal)
                                  0.250000    0.250000   clock uncertainty
                                  0.000000    0.250000   clock reconvergence pessimism
                                              0.250000 ^ _51_/CLK (sky130_fd_sc_hd__dfrtp_2)
                                  0.345723    0.595723   library removal time
                                              0.595723   data required time
---------------------------------------------------------------------------------------------
                                              0.595723   data required time
                                             -4.109339   data arrival time
---------------------------------------------------------------------------------------------
                                              3.513616   slack (MET)


Startpoint: rst (input port clocked by clk)
Endpoint: _52_ (removal check against rising-edge clock clk)
Path Group: asynchronous
Path Type: min

Fanout         Cap        Slew       Delay        Time   Description
---------------------------------------------------------------------------------------------
                      0.150000    0.000000    0.000000   clock clk (rise edge)
                                  0.000000    0.000000   clock network delay (ideal)
                                  4.000000    4.000000 v input external delay
     8    0.034208    0.076620    0.054625    4.054625 v rst (in)
                                                         rst (net)
                      0.076620    0.000000    4.054625 v _44_/A (sky130_fd_sc_hd__inv_2)
     1    0.003612    0.032470    0.054714    4.109339 ^ _44_/Y (sky130_fd_sc_hd__inv_2)
                                                         _14_ (net)
                      0.032470    0.000000    4.109339 ^ _52_/RESET_B (sky130_fd_sc_hd__dfrtp_2)
                                              4.109339   data arrival time

                      0.150000    0.000000    0.000000   clock clk (rise edge)
                                  0.000000    0.000000   clock network delay (ideal)
                                  0.250000    0.250000   clock uncertainty
                                  0.000000    0.250000   clock reconvergence pessimism
                                              0.250000 ^ _52_/CLK (sky130_fd_sc_hd__dfrtp_2)
                                  0.345723    0.595723   library removal time
                                              0.595723   data required time
---------------------------------------------------------------------------------------------
                                              0.595723   data required time
                                             -4.109339   data arrival time
---------------------------------------------------------------------------------------------
                                              3.513616   slack (MET)


Startpoint: rst (input port clocked by clk)
Endpoint: _53_ (removal check against rising-edge clock clk)
Path Group: asynchronous
Path Type: min

Fanout         Cap        Slew       Delay        Time   Description
---------------------------------------------------------------------------------------------
                      0.150000    0.000000    0.000000   clock clk (rise edge)
                                  0.000000    0.000000   clock network delay (ideal)
                                  4.000000    4.000000 v input external delay
     8    0.034208    0.076620    0.054625    4.054625 v rst (in)
                                                         rst (net)
                      0.076620    0.000000    4.054625 v _45_/A (sky130_fd_sc_hd__inv_2)
     1    0.003612    0.032470    0.054714    4.109339 ^ _45_/Y (sky130_fd_sc_hd__inv_2)
                                                         _15_ (net)
                      0.032470    0.000000    4.109339 ^ _53_/RESET_B (sky130_fd_sc_hd__dfrtp_2)
                                              4.109339   data arrival time

                      0.150000    0.000000    0.000000   clock clk (rise edge)
                                  0.000000    0.000000   clock network delay (ideal)
                                  0.250000    0.250000   clock uncertainty
                                  0.000000    0.250000   clock reconvergence pessimism
                                              0.250000 ^ _53_/CLK (sky130_fd_sc_hd__dfrtp_2)
                                  0.345723    0.595723   library removal time
                                              0.595723   data required time
---------------------------------------------------------------------------------------------
                                              0.595723   data required time
                                             -4.109339   data arrival time
---------------------------------------------------------------------------------------------
                                              3.513616   slack (MET)


Startpoint: _51_ (rising edge-triggered flip-flop clocked by clk)
Endpoint: q[5] (output port clocked by clk)
Path Group: clk
Path Type: min

Fanout         Cap        Slew       Delay        Time   Description
---------------------------------------------------------------------------------------------
                      0.150000    0.000000    0.000000   clock clk (rise edge)
                                  0.000000    0.000000   clock network delay (ideal)
                      0.150000    0.000000    0.000000 ^ _51_/CLK (sky130_fd_sc_hd__dfrtp_2)
     3    0.037040    0.187391    0.496362    0.496362 ^ _51_/Q (sky130_fd_sc_hd__dfrtp_2)
                                                         q[5] (net)
                      0.187391    0.000000    0.496362 ^ q[5] (out)
                                              0.496362   data arrival time

                      0.150000    0.000000    0.000000   clock clk (rise edge)
                                  0.000000    0.000000   clock network delay (ideal)
                                  0.250000    0.250000   clock uncertainty
                                  0.000000    0.250000   clock reconvergence pessimism
                                 -4.000000   -3.750000   output external delay
                                             -3.750000   data required time
---------------------------------------------------------------------------------------------
                                             -3.750000   data required time
                                             -0.496362   data arrival time
---------------------------------------------------------------------------------------------
                                              4.246362   slack (MET)


Startpoint: _52_ (rising edge-triggered flip-flop clocked by clk)
Endpoint: q[6] (output port clocked by clk)
Path Group: clk
Path Type: min

Fanout         Cap        Slew       Delay        Time   Description
---------------------------------------------------------------------------------------------
                      0.150000    0.000000    0.000000   clock clk (rise edge)
                                  0.000000    0.000000   clock network delay (ideal)
                      0.150000    0.000000    0.000000 ^ _52_/CLK (sky130_fd_sc_hd__dfrtp_2)
     3    0.039596    0.198963    0.504624    0.504624 ^ _52_/Q (sky130_fd_sc_hd__dfrtp_2)
                                                         q[6] (net)
                      0.198963    0.000000    0.504624 ^ q[6] (out)
                                              0.504624   data arrival time

                      0.150000    0.000000    0.000000   clock clk (rise edge)
                                  0.000000    0.000000   clock network delay (ideal)
                                  0.250000    0.250000   clock uncertainty
                                  0.000000    0.250000   clock reconvergence pessimism
                                 -4.000000   -3.750000   output external delay
                                             -3.750000   data required time
---------------------------------------------------------------------------------------------
                                             -3.750000   data required time
                                             -0.504624   data arrival time
---------------------------------------------------------------------------------------------
                                              4.254623   slack (MET)


Startpoint: _48_ (rising edge-triggered flip-flop clocked by clk)
Endpoint: q[2] (output port clocked by clk)
Path Group: clk
Path Type: min

Fanout         Cap        Slew       Delay        Time   Description
---------------------------------------------------------------------------------------------
                      0.150000    0.000000    0.000000   clock clk (rise edge)
                                  0.000000    0.000000   clock network delay (ideal)
                      0.150000    0.000000    0.000000 ^ _48_/CLK (sky130_fd_sc_hd__dfrtp_2)
     3    0.039742    0.199628    0.505092    0.505092 ^ _48_/Q (sky130_fd_sc_hd__dfrtp_2)
                                                         q[2] (net)
                      0.199628    0.000000    0.505092 ^ q[2] (out)
                                              0.505092   data arrival time

                      0.150000    0.000000    0.000000   clock clk (rise edge)
                                  0.000000    0.000000   clock network delay (ideal)
                                  0.250000    0.250000   clock uncertainty
                                  0.000000    0.250000   clock reconvergence pessimism
                                 -4.000000   -3.750000   output external delay
                                             -3.750000   data required time
---------------------------------------------------------------------------------------------
                                             -3.750000   data required time
                                             -0.505092   data arrival time
---------------------------------------------------------------------------------------------
                                              4.255092   slack (MET)


Startpoint: _53_ (rising edge-triggered flip-flop clocked by clk)
Endpoint: q[7] (output port clocked by clk)
Path Group: clk
Path Type: min

Fanout         Cap        Slew       Delay        Time   Description
---------------------------------------------------------------------------------------------
                      0.150000    0.000000    0.000000   clock clk (rise edge)
                                  0.000000    0.000000   clock network delay (ideal)
                      0.150000    0.000000    0.000000 ^ _53_/CLK (sky130_fd_sc_hd__dfrtp_2)
     2    0.042818    0.213630    0.514962    0.514962 ^ _53_/Q (sky130_fd_sc_hd__dfrtp_2)
                                                         q[7] (net)
                      0.213630    0.000000    0.514962 ^ q[7] (out)
                                              0.514962   data arrival time

                      0.150000    0.000000    0.000000   clock clk (rise edge)
                                  0.000000    0.000000   clock network delay (ideal)
                                  0.250000    0.250000   clock uncertainty
                                  0.000000    0.250000   clock reconvergence pessimism
                                 -4.000000   -3.750000   output external delay
                                             -3.750000   data required time
---------------------------------------------------------------------------------------------
                                             -3.750000   data required time
                                             -0.514962   data arrival time
---------------------------------------------------------------------------------------------
                                              4.264962   slack (MET)


Startpoint: _50_ (rising edge-triggered flip-flop clocked by clk)
Endpoint: q[4] (output port clocked by clk)
Path Group: clk
Path Type: min

Fanout         Cap        Slew       Delay        Time   Description
---------------------------------------------------------------------------------------------
                      0.150000    0.000000    0.000000   clock clk (rise edge)
                                  0.000000    0.000000   clock network delay (ideal)
                      0.150000    0.000000    0.000000 ^ _50_/CLK (sky130_fd_sc_hd__dfrtp_2)
     4    0.045552    0.226076    0.523734    0.523734 ^ _50_/Q (sky130_fd_sc_hd__dfrtp_2)
                                                         q[4] (net)
                      0.226076    0.000000    0.523734 ^ q[4] (out)
                                              0.523734   data arrival time

                      0.150000    0.000000    0.000000   clock clk (rise edge)
                                  0.000000    0.000000   clock network delay (ideal)
                                  0.250000    0.250000   clock uncertainty
                                  0.000000    0.250000   clock reconvergence pessimism
                                 -4.000000   -3.750000   output external delay
                                             -3.750000   data required time
---------------------------------------------------------------------------------------------
                                             -3.750000   data required time
                                             -0.523734   data arrival time
---------------------------------------------------------------------------------------------
                                              4.273734   slack (MET)


Startpoint: _47_ (rising edge-triggered flip-flop clocked by clk)
Endpoint: q[1] (output port clocked by clk)
Path Group: clk
Path Type: min

Fanout         Cap        Slew       Delay        Time   Description
---------------------------------------------------------------------------------------------
                      0.150000    0.000000    0.000000   clock clk (rise edge)
                                  0.000000    0.000000   clock network delay (ideal)
                      0.150000    0.000000    0.000000 ^ _47_/CLK (sky130_fd_sc_hd__dfrtp_2)
     4    0.047363    0.139086    0.532688    0.532688 v _47_/Q (sky130_fd_sc_hd__dfrtp_2)
                                                         q[1] (net)
                      0.139086    0.000000    0.532688 v q[1] (out)
                                              0.532688   data arrival time

                      0.150000    0.000000    0.000000   clock clk (rise edge)
                                  0.000000    0.000000   clock network delay (ideal)
                                  0.250000    0.250000   clock uncertainty
                                  0.000000    0.250000   clock reconvergence pessimism
                                 -4.000000   -3.750000   output external delay
                                             -3.750000   data required time
---------------------------------------------------------------------------------------------
                                             -3.750000   data required time
                                             -0.532688   data arrival time
---------------------------------------------------------------------------------------------
                                              4.282688   slack (MET)


Startpoint: _49_ (rising edge-triggered flip-flop clocked by clk)
Endpoint: q[3] (output port clocked by clk)
Path Group: clk
Path Type: min

Fanout         Cap        Slew       Delay        Time   Description
---------------------------------------------------------------------------------------------
                      0.150000    0.000000    0.000000   clock clk (rise edge)
                                  0.000000    0.000000   clock network delay (ideal)
                      0.150000    0.000000    0.000000 ^ _49_/CLK (sky130_fd_sc_hd__dfrtp_2)
     5    0.049138    0.142746    0.535930    0.535930 v _49_/Q (sky130_fd_sc_hd__dfrtp_2)
                                                         q[3] (net)
                      0.142746    0.000000    0.535930 v q[3] (out)
                                              0.535930   data arrival time

                      0.150000    0.000000    0.000000   clock clk (rise edge)
                                  0.000000    0.000000   clock network delay (ideal)
                                  0.250000    0.250000   clock uncertainty
                                  0.000000    0.250000   clock reconvergence pessimism
                                 -4.000000   -3.750000   output external delay
                                             -3.750000   data required time
---------------------------------------------------------------------------------------------
                                             -3.750000   data required time
                                             -0.535930   data arrival time
---------------------------------------------------------------------------------------------
                                              4.285930   slack (MET)


Startpoint: _46_ (rising edge-triggered flip-flop clocked by clk)
Endpoint: q[0] (output port clocked by clk)
Path Group: clk
Path Type: min

Fanout         Cap        Slew       Delay        Time   Description
---------------------------------------------------------------------------------------------
                      0.150000    0.000000    0.000000   clock clk (rise edge)
                                  0.000000    0.000000   clock network delay (ideal)
                      0.150000    0.000000    0.000000 ^ _46_/CLK (sky130_fd_sc_hd__dfrtp_2)
     5    0.051985    0.148618    0.541130    0.541130 v _46_/Q (sky130_fd_sc_hd__dfrtp_2)
                                                         q[0] (net)
                      0.148618    0.000000    0.541130 v q[0] (out)
                                              0.541130   data arrival time

                      0.150000    0.000000    0.000000   clock clk (rise edge)
                                  0.000000    0.000000   clock network delay (ideal)
                                  0.250000    0.250000   clock uncertainty
                                  0.000000    0.250000   clock reconvergence pessimism
                                 -4.000000   -3.750000   output external delay
                                             -3.750000   data required time
---------------------------------------------------------------------------------------------
                                             -3.750000   data required time
                                             -0.541130   data arrival time
---------------------------------------------------------------------------------------------
                                              4.291130   slack (MET)



