Reading OpenROAD database at '/Users/mateuszwitczak/my_counter/runs/RUN_2025-12-14_14-18-52/41-openroad-repairantennas/1-diodeinsertion/counter.odb'…
Reading library file at '/Users/mateuszwitczak/.volare/volare/sky130/versions/0fe599b2afb6708d281543108caf8310912f54af/sky130A/libs.ref/sky130_fd_sc_hd/lib/sky130_fd_sc_hd__tt_025C_1v80.lib'…
Reading design constraints file at '/nix/store/yx6da2d4crhriv6rz5yxm92mbwaqm0bg-python3-3.11.9-env/lib/python3.11/site-packages/openlane/scripts/base.sdc'…
[INFO] Using clock clk…
[INFO] Setting output delay to: 4.0
[INFO] Setting input delay to: 4.0
[INFO] Setting load to: 0.033442
[INFO] Setting clock uncertainty to: 0.25
[INFO] Setting clock transition to: 0.1499999999999999944488848768742172978818416595458984375
[INFO] Setting timing derate to: 5%
[INFO ORD-0030] Using 12 thread(s).
[INFO DRT-0149] Reading tech and libs.
[WARNING DRT-0349] LEF58_ENCLOSURE with no CUTCLASS is not supported. Skipping for layer mcon
[WARNING DRT-0349] LEF58_ENCLOSURE with no CUTCLASS is not supported. Skipping for layer mcon
[WARNING DRT-0349] LEF58_ENCLOSURE with no CUTCLASS is not supported. Skipping for layer via
[WARNING DRT-0349] LEF58_ENCLOSURE with no CUTCLASS is not supported. Skipping for layer via
[WARNING DRT-0349] LEF58_ENCLOSURE with no CUTCLASS is not supported. Skipping for layer via2
[WARNING DRT-0349] LEF58_ENCLOSURE with no CUTCLASS is not supported. Skipping for layer via2
[WARNING DRT-0349] LEF58_ENCLOSURE with no CUTCLASS is not supported. Skipping for layer via3
[WARNING DRT-0349] LEF58_ENCLOSURE with no CUTCLASS is not supported. Skipping for layer via3
[WARNING DRT-0349] LEF58_ENCLOSURE with no CUTCLASS is not supported. Skipping for layer via4
[WARNING DRT-0349] LEF58_ENCLOSURE with no CUTCLASS is not supported. Skipping for layer via4

Units:                1000
Number of layers:     13
Number of macros:     441
Number of vias:       28
Number of viarulegen: 25

[INFO DRT-0150] Reading design.

Design:                   counter
Die area:                 ( 0 0 ) ( 38845 49565 )
Number of track patterns: 12
Number of DEF vias:       0
Number of components:     84
Number of terminals:      12
Number of snets:          2
Number of nets:           54

[INFO DRT-0167] List of default vias:
  Layer via
    default via: M1M2_PR
  Layer via2
    default via: M2M3_PR
  Layer via3
    default via: M3M4_PR
  Layer via4
    default via: M4M5_PR
[INFO DRT-0162] Library cell analysis.
[INFO DRT-0163] Instance analysis.
[INFO DRT-0164] Number of unique instances = 32.
[INFO DRT-0168] Init region query.
[INFO DRT-0024]   Complete FR_MASTERSLICE.
[INFO DRT-0024]   Complete licon.
[INFO DRT-0024]   Complete li1.
[INFO DRT-0024]   Complete mcon.
[INFO DRT-0024]   Complete met1.
[INFO DRT-0024]   Complete via.
[INFO DRT-0024]   Complete met2.
[INFO DRT-0024]   Complete via2.
[INFO DRT-0024]   Complete met3.
[INFO DRT-0024]   Complete via3.
[INFO DRT-0024]   Complete met4.
[INFO DRT-0024]   Complete via4.
[INFO DRT-0024]   Complete met5.
[INFO DRT-0033] FR_MASTERSLICE shape region query size = 0.
[INFO DRT-0033] licon shape region query size = 0.
[INFO DRT-0033] li1 shape region query size = 2213.
[INFO DRT-0033] mcon shape region query size = 0.
[INFO DRT-0033] met1 shape region query size = 302.
[INFO DRT-0033] via shape region query size = 55.
[INFO DRT-0033] met2 shape region query size = 34.
[INFO DRT-0033] via2 shape region query size = 44.
[INFO DRT-0033] met3 shape region query size = 42.
[INFO DRT-0033] via3 shape region query size = 44.
[INFO DRT-0033] met4 shape region query size = 15.
[INFO DRT-0033] via4 shape region query size = 0.
[INFO DRT-0033] met5 shape region query size = 0.
[INFO DRT-0165] Start pin access.
[INFO DRT-0078]   Complete 72 pins.
[INFO DRT-0081]   Complete 26 unique inst patterns.
[INFO DRT-0084]   Complete 24 groups.
#scanned instances     = 84
#unique  instances     = 32
#stdCellGenAp          = 639
#stdCellValidPlanarAp  = 8
#stdCellValidViaAp     = 436
#stdCellPinNoAp        = 0
#stdCellPinCnt         = 142
#instTermValidViaApCnt = 0
#macroGenAp            = 0
#macroValidPlanarAp    = 0
#macroValidViaAp       = 0
#macroNoAp             = 0
[INFO DRT-0166] Complete pin access.
[INFO DRT-0267] cpu time = 00:00:01, elapsed time = 00:00:00, memory = 124.95 (MB), peak = 124.95 (MB)

[INFO DRT-0157] Number of guides:     289

[INFO DRT-0169] Post process guides.
[INFO DRT-0176] GCELLGRID X 0 DO 5 STEP 6900 ;
[INFO DRT-0177] GCELLGRID Y 0 DO 7 STEP 6900 ;
[INFO DRT-0028]   Complete FR_MASTERSLICE.
[INFO DRT-0028]   Complete licon.
[INFO DRT-0028]   Complete li1.
[INFO DRT-0028]   Complete mcon.
[INFO DRT-0028]   Complete met1.
[INFO DRT-0028]   Complete via.
[INFO DRT-0028]   Complete met2.
[INFO DRT-0028]   Complete via2.
[INFO DRT-0028]   Complete met3.
[INFO DRT-0028]   Complete via3.
[INFO DRT-0028]   Complete met4.
[INFO DRT-0028]   Complete via4.
[INFO DRT-0028]   Complete met5.
[INFO DRT-0178] Init guide query.
[INFO DRT-0035]   Complete FR_MASTERSLICE (guide).
[INFO DRT-0035]   Complete licon (guide).
[INFO DRT-0035]   Complete li1 (guide).
[INFO DRT-0035]   Complete mcon (guide).
[INFO DRT-0035]   Complete met1 (guide).
[INFO DRT-0035]   Complete via (guide).
[INFO DRT-0035]   Complete met2 (guide).
[INFO DRT-0035]   Complete via2 (guide).
[INFO DRT-0035]   Complete met3 (guide).
[INFO DRT-0035]   Complete via3 (guide).
[INFO DRT-0035]   Complete met4 (guide).
[INFO DRT-0035]   Complete via4 (guide).
[INFO DRT-0035]   Complete met5 (guide).
[INFO DRT-0036] FR_MASTERSLICE guide region query size = 0.
[INFO DRT-0036] licon guide region query size = 0.
[INFO DRT-0036] li1 guide region query size = 105.
[INFO DRT-0036] mcon guide region query size = 0.
[INFO DRT-0036] met1 guide region query size = 84.
[INFO DRT-0036] via guide region query size = 0.
[INFO DRT-0036] met2 guide region query size = 42.
[INFO DRT-0036] via2 guide region query size = 0.
[INFO DRT-0036] met3 guide region query size = 9.
[INFO DRT-0036] via3 guide region query size = 0.
[INFO DRT-0036] met4 guide region query size = 0.
[INFO DRT-0036] via4 guide region query size = 0.
[INFO DRT-0036] met5 guide region query size = 0.
[INFO DRT-0179] Init gr pin query.
[INFO DRT-0245] skipped writing guide updates to database.
[INFO DRT-0185] Post process initialize RPin region query.
[INFO DRT-0181] Start track assignment.
[INFO DRT-0184] Done with 147 vertical wires in 1 frboxes and 93 horizontal wires in 1 frboxes.
[INFO DRT-0186] Done with 11 vertical wires in 1 frboxes and 21 horizontal wires in 1 frboxes.
[INFO DRT-0182] Complete track assignment.
[INFO DRT-0267] cpu time = 00:00:00, elapsed time = 00:00:00, memory = 126.38 (MB), peak = 126.38 (MB)
[INFO DRT-0187] Start routing data preparation.
[INFO DRT-0267] cpu time = 00:00:00, elapsed time = 00:00:00, memory = 126.41 (MB), peak = 126.41 (MB)
[INFO DRT-0194] Start detail routing.
[INFO DRT-0195] Start 0th optimization iteration.
    Completing 10% with 0 violations.
    elapsed time = 00:00:00, memory = 137.86 (MB).
[INFO DRT-0199]   Number of violations = 5.
Viol/Layer        met1   met2   met3
Metal Spacing        1      2      2
[INFO DRT-0267] cpu time = 00:00:00, elapsed time = 00:00:00, memory = 175.89 (MB), peak = 417.50 (MB)
Total wire length = 773 um.
Total wire length on LAYER li1 = 0 um.
Total wire length on LAYER met1 = 365 um.
Total wire length on LAYER met2 = 336 um.
Total wire length on LAYER met3 = 71 um.
Total wire length on LAYER met4 = 0 um.
Total wire length on LAYER met5 = 0 um.
Total number of vias = 274.
Up-via summary (total 274):

----------------------
 FR_MASTERSLICE      0
            li1    134
           met1    131
           met2      9
           met3      0
           met4      0
----------------------
                   274


[INFO DRT-0195] Start 1st optimization iteration.
    Completing 10% with 5 violations.
    elapsed time = 00:00:00, memory = 176.34 (MB).
    Completing 20% with 0 violations.
    elapsed time = 00:00:00, memory = 176.34 (MB).
[INFO DRT-0199]   Number of violations = 0.
[INFO DRT-0267] cpu time = 00:00:00, elapsed time = 00:00:00, memory = 198.92 (MB), peak = 439.88 (MB)
Total wire length = 774 um.
Total wire length on LAYER li1 = 0 um.
Total wire length on LAYER met1 = 365 um.
Total wire length on LAYER met2 = 335 um.
Total wire length on LAYER met3 = 72 um.
Total wire length on LAYER met4 = 0 um.
Total wire length on LAYER met5 = 0 um.
Total number of vias = 274.
Up-via summary (total 274):

----------------------
 FR_MASTERSLICE      0
            li1    134
           met1    131
           met2      9
           met3      0
           met4      0
----------------------
                   274


[INFO DRT-0198] Complete detail routing.
Total wire length = 774 um.
Total wire length on LAYER li1 = 0 um.
Total wire length on LAYER met1 = 365 um.
Total wire length on LAYER met2 = 335 um.
Total wire length on LAYER met3 = 72 um.
Total wire length on LAYER met4 = 0 um.
Total wire length on LAYER met5 = 0 um.
Total number of vias = 274.
Up-via summary (total 274):

----------------------
 FR_MASTERSLICE      0
            li1    134
           met1    131
           met2      9
           met3      0
           met4      0
----------------------
                   274


[INFO DRT-0267] cpu time = 00:00:00, elapsed time = 00:00:00, memory = 198.92 (MB), peak = 439.88 (MB)

[INFO DRT-0180] Post processing.
Setting global connections for newly added cells…
[INFO] Setting global connections...
Updating metrics…
Cell type report:                       Count       Area
  Fill cell                                20      75.07
  Tap cell                                 12      15.01
  Clock buffer                              3      75.07
  Timing Repair Buffer                     18     137.63
  Inverter                                  9      33.78
  Sequential cell                           8     200.19
  Multi-Input combinational cell           14      92.59
  Total                                    84     629.35
Writing OpenROAD database to '/Users/mateuszwitczak/my_counter/runs/RUN_2025-12-14_14-18-52/43-openroad-detailedrouting/counter.odb'…
Writing netlist to '/Users/mateuszwitczak/my_counter/runs/RUN_2025-12-14_14-18-52/43-openroad-detailedrouting/counter.nl.v'…
Writing powered netlist to '/Users/mateuszwitczak/my_counter/runs/RUN_2025-12-14_14-18-52/43-openroad-detailedrouting/counter.pnl.v'…
Writing layout to '/Users/mateuszwitczak/my_counter/runs/RUN_2025-12-14_14-18-52/43-openroad-detailedrouting/counter.def'…
Writing timing constraints to '/Users/mateuszwitczak/my_counter/runs/RUN_2025-12-14_14-18-52/43-openroad-detailedrouting/counter.sdc'…
