Clock: clk
Sources: clk 
Generated: no
Virtual: yes
Propagated: no
Period: 20.000000

===========================================================================
report_clock_properties
============================================================================
Clock                   Period          Waveform
----------------------------------------------------
clk                  20.000000    0.000000 10.000000

===========================================================================
report_clock_latency
============================================================================
Clock clk
rise -> rise
    min     max
0.000000 0.000000 source latency
0.280895         network latency _53_/CLK
        0.281824 network latency _49_/CLK
---------------
0.280895 0.281824 latency
        0.000929 skew

fall -> fall
    min     max
0.000000 0.000000 source latency
0.287101         network latency _53_/CLK
        0.287915 network latency _49_/CLK
---------------
0.287101 0.287915 latency
        0.000814 skew



===========================================================================
report_clock_min_period
============================================================================
clk period_min = 2.07 fmax = 484.18
