
===========================================================================
report_checks -unconstrained
===========================================================================
======================= nom_tt_025C_1v80 Corner ===================================

Startpoint: rst (input port clocked by clk)
Endpoint: _46_ (recovery check against rising-edge clock clk)
Path Group: asynchronous
Path Type: max

Fanout         Cap        Slew       Delay        Time   Description
---------------------------------------------------------------------------------------------
                                  0.000000    0.000000   clock clk (rise edge)
                                  0.000000    0.000000   clock network delay (propagated)
                                  4.000000    4.000000 v input external delay
     8    0.038422    0.086201    0.061369    4.061369 v rst (in)
                                                         rst (net)
                      0.086202    0.000000    4.061369 v _24_/A (sky130_fd_sc_hd__inv_2)
     1    0.003743    0.034983    0.058653    4.120022 ^ _24_/Y (sky130_fd_sc_hd__inv_2)
                                                         _08_ (net)
                      0.034983    0.000003    4.120025 ^ _46_/RESET_B (sky130_fd_sc_hd__dfrtp_2)
                                              4.120025   data arrival time

                                 20.000000   20.000000   clock clk (rise edge)
                                  0.000000   20.000000   clock source latency
     8    0.019295    0.092503    0.063309   20.063311 ^ clk (in)
                                                         clk (net)
                      0.092503    0.000000   20.063311 ^ _46_/CLK (sky130_fd_sc_hd__dfrtp_2)
                                 -0.250000   19.813311   clock uncertainty
                                  0.000000   19.813311   clock reconvergence pessimism
                                  0.236729   20.050041   library recovery time
                                             20.050041   data required time
---------------------------------------------------------------------------------------------
                                             20.050041   data required time
                                             -4.120025   data arrival time
---------------------------------------------------------------------------------------------
                                             15.930016   slack (MET)


Startpoint: _46_ (rising edge-triggered flip-flop clocked by clk)
Endpoint: q[0] (output port clocked by clk)
Path Group: clk
Path Type: max

Fanout         Cap        Slew       Delay        Time   Description
---------------------------------------------------------------------------------------------
                                  0.000000    0.000000   clock clk (rise edge)
                                  0.000000    0.000000   clock source latency
     8    0.019295    0.092503    0.063310    0.063310 ^ clk (in)
                                                         clk (net)
                      0.092503    0.000000    0.063310 ^ _46_/CLK (sky130_fd_sc_hd__dfrtp_2)
     5    0.055195    0.265785    0.534936    0.598247 ^ _46_/Q (sky130_fd_sc_hd__dfrtp_2)
                                                         q[0] (net)
                      0.265785    0.000310    0.598557 ^ q[0] (out)
                                              0.598557   data arrival time

                                 20.000000   20.000000   clock clk (rise edge)
                                  0.000000   20.000000   clock network delay (propagated)
                                 -0.250000   19.750002   clock uncertainty
                                  0.000000   19.750002   clock reconvergence pessimism
                                 -4.000000   15.750001   output external delay
                                             15.750001   data required time
---------------------------------------------------------------------------------------------
                                             15.750001   data required time
                                             -0.598557   data arrival time
---------------------------------------------------------------------------------------------
                                             15.151443   slack (MET)




===========================================================================
report_checks --slack_max -0.01
============================================================================
======================= nom_tt_025C_1v80 Corner ===================================

No paths found.


===========================================================================
 report_check_types -max_slew -max_cap -max_fanout -violators
============================================================================
======================= nom_tt_025C_1v80 Corner ===================================



===========================================================================
report_parasitic_annotation -report_unannotated
============================================================================
Found 0 unannotated drivers.
Found 0 partially unannotated drivers.

===========================================================================
max slew violation count 0
Writing metric design__max_slew_violation__count__corner:nom_tt_025C_1v80: 0
max fanout violation count 0
Writing metric design__max_fanout_violation__count__corner:nom_tt_025C_1v80: 0
max cap violation count 0
Writing metric design__max_cap_violation__count__corner:nom_tt_025C_1v80: 0
============================================================================

===========================================================================
check_setup -verbose -unconstrained_endpoints -multiple_clock -no_clock -no_input_delay -loops -generated_clocks
===========================================================================
