Clock: clk
Sources: clk 
Generated: no
Virtual: yes
Propagated: no
Period: 20.000000

===========================================================================
report_clock_properties
============================================================================
Clock                   Period          Waveform
----------------------------------------------------
clk                  20.000000    0.000000 10.000000

===========================================================================
report_clock_latency
============================================================================
Clock clk
rise -> rise
    min     max
0.000000 0.000000 source latency
0.063285         network latency _49_/CLK
        0.063322 network latency _53_/CLK
---------------
0.063285 0.063322 latency
        0.000037 skew

fall -> fall
    min     max
0.000000 0.000000 source latency
0.029100         network latency _49_/CLK
        0.029135 network latency _53_/CLK
---------------
0.029100 0.029135 latency
        0.000035 skew



===========================================================================
report_clock_min_period
============================================================================
clk period_min = 1.63 fmax = 613.08
