
===========================================================================
report_checks -path_delay min (Hold)
============================================================================
======================= min_ff_n40C_1v95 Corner ===================================

Startpoint: _49_ (rising edge-triggered flip-flop clocked by clk)
Endpoint: _50_ (rising edge-triggered flip-flop clocked by clk)
Path Group: clk
Path Type: min

Fanout         Cap        Slew       Delay        Time   Description
---------------------------------------------------------------------------------------------
                                  0.000000    0.000000   clock clk (rise edge)
                                  0.000000    0.000000   clock source latency
     1    0.009827    0.037919    0.024638    0.024638 ^ clk (in)
                                                         clk (net)
                      0.037919    0.000000    0.024638 ^ clkbuf_0_clk/A (sky130_fd_sc_hd__clkbuf_16)
     2    0.019974    0.031158    0.086480    0.111118 ^ clkbuf_0_clk/X (sky130_fd_sc_hd__clkbuf_16)
                                                         clknet_0_clk (net)
                      0.031158    0.000243    0.111361 ^ clkbuf_1_0__f_clk/A (sky130_fd_sc_hd__clkbuf_16)
     4    0.011879    0.025773    0.078991    0.190352 ^ clkbuf_1_0__f_clk/X (sky130_fd_sc_hd__clkbuf_16)
                                                         clknet_1_0__leaf_clk (net)
                      0.025773    0.000201    0.190553 ^ _49_/CLK (sky130_fd_sc_hd__dfrtp_1)
     5    0.011274    0.053812    0.250543    0.441096 v _49_/Q (sky130_fd_sc_hd__dfrtp_1)
                                                         net5 (net)
                      0.053812    0.000151    0.441247 v _29_/A (sky130_fd_sc_hd__nand2_1)
     1    0.005685    0.047111    0.060040    0.501286 ^ _29_/Y (sky130_fd_sc_hd__nand2_1)
                                                         _18_ (net)
                      0.047111    0.000073    0.501360 ^ _32_/B (sky130_fd_sc_hd__xnor2_1)
     1    0.002251    0.020393    0.033658    0.535018 v _32_/Y (sky130_fd_sc_hd__xnor2_1)
                                                         _04_ (net)
                      0.020393    0.000018    0.535036 v _50_/D (sky130_fd_sc_hd__dfrtp_1)
                                              0.535036   data arrival time

                                  0.000000    0.000000   clock clk (rise edge)
                                  0.000000    0.000000   clock source latency
     1    0.009827    0.037919    0.024638    0.024638 ^ clk (in)
                                                         clk (net)
                      0.037919    0.000000    0.024638 ^ clkbuf_0_clk/A (sky130_fd_sc_hd__clkbuf_16)
     2    0.019974    0.031158    0.086480    0.111118 ^ clkbuf_0_clk/X (sky130_fd_sc_hd__clkbuf_16)
                                                         clknet_0_clk (net)
                      0.031158    0.000229    0.111347 ^ clkbuf_1_1__f_clk/A (sky130_fd_sc_hd__clkbuf_16)
     4    0.011349    0.025421    0.078622    0.189970 ^ clkbuf_1_1__f_clk/X (sky130_fd_sc_hd__clkbuf_16)
                                                         clknet_1_1__leaf_clk (net)
                      0.025421    0.000208    0.190178 ^ _50_/CLK (sky130_fd_sc_hd__dfrtp_1)
                                  0.250000    0.440178   clock uncertainty
                                  0.000000    0.440178   clock reconvergence pessimism
                                 -0.029158    0.411019   library hold time
                                              0.411019   data required time
---------------------------------------------------------------------------------------------
                                              0.411019   data required time
                                             -0.535036   data arrival time
---------------------------------------------------------------------------------------------
                                              0.124016   slack (MET)


Startpoint: _52_ (rising edge-triggered flip-flop clocked by clk)
Endpoint: _52_ (rising edge-triggered flip-flop clocked by clk)
Path Group: clk
Path Type: min

Fanout         Cap        Slew       Delay        Time   Description
---------------------------------------------------------------------------------------------
                                  0.000000    0.000000   clock clk (rise edge)
                                  0.000000    0.000000   clock source latency
     1    0.009827    0.037919    0.024638    0.024638 ^ clk (in)
                                                         clk (net)
                      0.037919    0.000000    0.024638 ^ clkbuf_0_clk/A (sky130_fd_sc_hd__clkbuf_16)
     2    0.019974    0.031158    0.086480    0.111118 ^ clkbuf_0_clk/X (sky130_fd_sc_hd__clkbuf_16)
                                                         clknet_0_clk (net)
                      0.031158    0.000229    0.111347 ^ clkbuf_1_1__f_clk/A (sky130_fd_sc_hd__clkbuf_16)
     4    0.011349    0.025421    0.078622    0.189970 ^ clkbuf_1_1__f_clk/X (sky130_fd_sc_hd__clkbuf_16)
                                                         clknet_1_1__leaf_clk (net)
                      0.025421    0.000143    0.190113 ^ _52_/CLK (sky130_fd_sc_hd__dfrtp_1)
     3    0.008255    0.063826    0.222075    0.412187 ^ _52_/Q (sky130_fd_sc_hd__dfrtp_1)
                                                         net8 (net)
                      0.063826    0.000045    0.412233 ^ _35_/A (sky130_fd_sc_hd__and3_1)
     2    0.008388    0.071549    0.118041    0.530274 ^ _35_/X (sky130_fd_sc_hd__and3_1)
                                                         _21_ (net)
                      0.071549    0.000106    0.530380 ^ _37_/A (sky130_fd_sc_hd__nor2_1)
     1    0.003356    0.023732    0.032257    0.562636 v _37_/Y (sky130_fd_sc_hd__nor2_1)
                                                         _06_ (net)
                      0.023732    0.000041    0.562677 v _52_/D (sky130_fd_sc_hd__dfrtp_1)
                                              0.562677   data arrival time

                                  0.000000    0.000000   clock clk (rise edge)
                                  0.000000    0.000000   clock source latency
     1    0.009827    0.037919    0.024638    0.024638 ^ clk (in)
                                                         clk (net)
                      0.037919    0.000000    0.024638 ^ clkbuf_0_clk/A (sky130_fd_sc_hd__clkbuf_16)
     2    0.019974    0.031158    0.086480    0.111118 ^ clkbuf_0_clk/X (sky130_fd_sc_hd__clkbuf_16)
                                                         clknet_0_clk (net)
                      0.031158    0.000229    0.111347 ^ clkbuf_1_1__f_clk/A (sky130_fd_sc_hd__clkbuf_16)
     4    0.011349    0.025421    0.078622    0.189970 ^ clkbuf_1_1__f_clk/X (sky130_fd_sc_hd__clkbuf_16)
                                                         clknet_1_1__leaf_clk (net)
                      0.025421    0.000143    0.190113 ^ _52_/CLK (sky130_fd_sc_hd__dfrtp_1)
                                  0.250000    0.440113   clock uncertainty
                                  0.000000    0.440113   clock reconvergence pessimism
                                 -0.030244    0.409869   library hold time
                                              0.409869   data required time
---------------------------------------------------------------------------------------------
                                              0.409869   data required time
                                             -0.562677   data arrival time
---------------------------------------------------------------------------------------------
                                              0.152808   slack (MET)


Startpoint: _52_ (rising edge-triggered flip-flop clocked by clk)
Endpoint: _53_ (rising edge-triggered flip-flop clocked by clk)
Path Group: clk
Path Type: min

Fanout         Cap        Slew       Delay        Time   Description
---------------------------------------------------------------------------------------------
                                  0.000000    0.000000   clock clk (rise edge)
                                  0.000000    0.000000   clock source latency
     1    0.009827    0.037919    0.024638    0.024638 ^ clk (in)
                                                         clk (net)
                      0.037919    0.000000    0.024638 ^ clkbuf_0_clk/A (sky130_fd_sc_hd__clkbuf_16)
     2    0.019974    0.031158    0.086480    0.111118 ^ clkbuf_0_clk/X (sky130_fd_sc_hd__clkbuf_16)
                                                         clknet_0_clk (net)
                      0.031158    0.000229    0.111347 ^ clkbuf_1_1__f_clk/A (sky130_fd_sc_hd__clkbuf_16)
     4    0.011349    0.025421    0.078622    0.189970 ^ clkbuf_1_1__f_clk/X (sky130_fd_sc_hd__clkbuf_16)
                                                         clknet_1_1__leaf_clk (net)
                      0.025421    0.000143    0.190113 ^ _52_/CLK (sky130_fd_sc_hd__dfrtp_1)
     3    0.008255    0.063826    0.222075    0.412187 ^ _52_/Q (sky130_fd_sc_hd__dfrtp_1)
                                                         net8 (net)
                      0.063826    0.000045    0.412233 ^ _35_/A (sky130_fd_sc_hd__and3_1)
     2    0.008388    0.071549    0.118041    0.530274 ^ _35_/X (sky130_fd_sc_hd__and3_1)
                                                         _21_ (net)
                      0.071549    0.000103    0.530377 ^ _38_/B (sky130_fd_sc_hd__xor2_1)
     1    0.002623    0.024559    0.038109    0.568486 v _38_/X (sky130_fd_sc_hd__xor2_1)
                                                         _07_ (net)
                      0.024559    0.000025    0.568511 v _53_/D (sky130_fd_sc_hd__dfrtp_1)
                                              0.568511   data arrival time

                                  0.000000    0.000000   clock clk (rise edge)
                                  0.000000    0.000000   clock source latency
     1    0.009827    0.037919    0.024638    0.024638 ^ clk (in)
                                                         clk (net)
                      0.037919    0.000000    0.024638 ^ clkbuf_0_clk/A (sky130_fd_sc_hd__clkbuf_16)
     2    0.019974    0.031158    0.086480    0.111118 ^ clkbuf_0_clk/X (sky130_fd_sc_hd__clkbuf_16)
                                                         clknet_0_clk (net)
                      0.031158    0.000229    0.111347 ^ clkbuf_1_1__f_clk/A (sky130_fd_sc_hd__clkbuf_16)
     4    0.011349    0.025421    0.078622    0.189970 ^ clkbuf_1_1__f_clk/X (sky130_fd_sc_hd__clkbuf_16)
                                                         clknet_1_1__leaf_clk (net)
                      0.025421    0.000105    0.190074 ^ _53_/CLK (sky130_fd_sc_hd__dfrtp_1)
                                  0.250000    0.440074   clock uncertainty
                                  0.000000    0.440074   clock reconvergence pessimism
                                 -0.030512    0.409562   library hold time
                                              0.409562   data required time
---------------------------------------------------------------------------------------------
                                              0.409562   data required time
                                             -0.568511   data arrival time
---------------------------------------------------------------------------------------------
                                              0.158949   slack (MET)


Startpoint: _49_ (rising edge-triggered flip-flop clocked by clk)
Endpoint: _51_ (rising edge-triggered flip-flop clocked by clk)
Path Group: clk
Path Type: min

Fanout         Cap        Slew       Delay        Time   Description
---------------------------------------------------------------------------------------------
                                  0.000000    0.000000   clock clk (rise edge)
                                  0.000000    0.000000   clock source latency
     1    0.009827    0.037919    0.024638    0.024638 ^ clk (in)
                                                         clk (net)
                      0.037919    0.000000    0.024638 ^ clkbuf_0_clk/A (sky130_fd_sc_hd__clkbuf_16)
     2    0.019974    0.031158    0.086480    0.111118 ^ clkbuf_0_clk/X (sky130_fd_sc_hd__clkbuf_16)
                                                         clknet_0_clk (net)
                      0.031158    0.000243    0.111361 ^ clkbuf_1_0__f_clk/A (sky130_fd_sc_hd__clkbuf_16)
     4    0.011879    0.025773    0.078991    0.190352 ^ clkbuf_1_0__f_clk/X (sky130_fd_sc_hd__clkbuf_16)
                                                         clknet_1_0__leaf_clk (net)
                      0.025773    0.000201    0.190553 ^ _49_/CLK (sky130_fd_sc_hd__dfrtp_1)
     5    0.011853    0.085422    0.239134    0.429686 ^ _49_/Q (sky130_fd_sc_hd__dfrtp_1)
                                                         net5 (net)
                      0.085422    0.000136    0.429822 ^ _31_/A (sky130_fd_sc_hd__and3_1)
     1    0.002387    0.032036    0.090008    0.519830 ^ _31_/X (sky130_fd_sc_hd__and3_1)
                                                         _19_ (net)
                      0.032036    0.000023    0.519853 ^ _34_/B1 (sky130_fd_sc_hd__o2bb2a_1)
     1    0.002524    0.029889    0.082899    0.602752 ^ _34_/X (sky130_fd_sc_hd__o2bb2a_1)
                                                         _05_ (net)
                      0.029889    0.000023    0.602775 ^ _51_/D (sky130_fd_sc_hd__dfrtp_1)
                                              0.602775   data arrival time

                                  0.000000    0.000000   clock clk (rise edge)
                                  0.000000    0.000000   clock source latency
     1    0.009827    0.037919    0.024638    0.024638 ^ clk (in)
                                                         clk (net)
                      0.037919    0.000000    0.024638 ^ clkbuf_0_clk/A (sky130_fd_sc_hd__clkbuf_16)
     2    0.019974    0.031158    0.086480    0.111118 ^ clkbuf_0_clk/X (sky130_fd_sc_hd__clkbuf_16)
                                                         clknet_0_clk (net)
                      0.031158    0.000229    0.111347 ^ clkbuf_1_1__f_clk/A (sky130_fd_sc_hd__clkbuf_16)
     4    0.011349    0.025421    0.078622    0.189970 ^ clkbuf_1_1__f_clk/X (sky130_fd_sc_hd__clkbuf_16)
                                                         clknet_1_1__leaf_clk (net)
                      0.025421    0.000195    0.190165 ^ _51_/CLK (sky130_fd_sc_hd__dfrtp_1)
                                  0.250000    0.440165   clock uncertainty
                                  0.000000    0.440165   clock reconvergence pessimism
                                 -0.019855    0.420310   library hold time
                                              0.420310   data required time
---------------------------------------------------------------------------------------------
                                              0.420310   data required time
                                             -0.602775   data arrival time
---------------------------------------------------------------------------------------------
                                              0.182465   slack (MET)


Startpoint: _48_ (rising edge-triggered flip-flop clocked by clk)
Endpoint: _48_ (rising edge-triggered flip-flop clocked by clk)
Path Group: clk
Path Type: min

Fanout         Cap        Slew       Delay        Time   Description
---------------------------------------------------------------------------------------------
                                  0.000000    0.000000   clock clk (rise edge)
                                  0.000000    0.000000   clock source latency
     1    0.009827    0.037919    0.024638    0.024638 ^ clk (in)
                                                         clk (net)
                      0.037919    0.000000    0.024638 ^ clkbuf_0_clk/A (sky130_fd_sc_hd__clkbuf_16)
     2    0.019974    0.031158    0.086480    0.111118 ^ clkbuf_0_clk/X (sky130_fd_sc_hd__clkbuf_16)
                                                         clknet_0_clk (net)
                      0.031158    0.000243    0.111361 ^ clkbuf_1_0__f_clk/A (sky130_fd_sc_hd__clkbuf_16)
     4    0.011879    0.025773    0.078991    0.190352 ^ clkbuf_1_0__f_clk/X (sky130_fd_sc_hd__clkbuf_16)
                                                         clknet_1_0__leaf_clk (net)
                      0.025773    0.000093    0.190445 ^ _48_/CLK (sky130_fd_sc_hd__dfrtp_1)
     3    0.009452    0.071136    0.227891    0.418336 ^ _48_/Q (sky130_fd_sc_hd__dfrtp_1)
                                                         net4 (net)
                      0.071136    0.000108    0.418444 ^ _26_/C (sky130_fd_sc_hd__and3_2)
     7    0.023986    0.098748    0.165429    0.583873 ^ _26_/X (sky130_fd_sc_hd__and3_2)
                                                         _16_ (net)
                      0.098750    0.000548    0.584422 ^ _28_/A (sky130_fd_sc_hd__nor2_1)
     1    0.002935    0.019096    0.032836    0.617258 v _28_/Y (sky130_fd_sc_hd__nor2_1)
                                                         _02_ (net)
                      0.019096    0.000021    0.617278 v _48_/D (sky130_fd_sc_hd__dfrtp_1)
                                              0.617278   data arrival time

                                  0.000000    0.000000   clock clk (rise edge)
                                  0.000000    0.000000   clock source latency
     1    0.009827    0.037919    0.024638    0.024638 ^ clk (in)
                                                         clk (net)
                      0.037919    0.000000    0.024638 ^ clkbuf_0_clk/A (sky130_fd_sc_hd__clkbuf_16)
     2    0.019974    0.031158    0.086480    0.111118 ^ clkbuf_0_clk/X (sky130_fd_sc_hd__clkbuf_16)
                                                         clknet_0_clk (net)
                      0.031158    0.000243    0.111361 ^ clkbuf_1_0__f_clk/A (sky130_fd_sc_hd__clkbuf_16)
     4    0.011879    0.025773    0.078991    0.190352 ^ clkbuf_1_0__f_clk/X (sky130_fd_sc_hd__clkbuf_16)
                                                         clknet_1_0__leaf_clk (net)
                      0.025773    0.000093    0.190445 ^ _48_/CLK (sky130_fd_sc_hd__dfrtp_1)
                                  0.250000    0.440445   clock uncertainty
                                  0.000000    0.440445   clock reconvergence pessimism
                                 -0.028702    0.411743   library hold time
                                              0.411743   data required time
---------------------------------------------------------------------------------------------
                                              0.411743   data required time
                                             -0.617278   data arrival time
---------------------------------------------------------------------------------------------
                                              0.205535   slack (MET)


Startpoint: _48_ (rising edge-triggered flip-flop clocked by clk)
Endpoint: _49_ (rising edge-triggered flip-flop clocked by clk)
Path Group: clk
Path Type: min

Fanout         Cap        Slew       Delay        Time   Description
---------------------------------------------------------------------------------------------
                                  0.000000    0.000000   clock clk (rise edge)
                                  0.000000    0.000000   clock source latency
     1    0.009827    0.037919    0.024638    0.024638 ^ clk (in)
                                                         clk (net)
                      0.037919    0.000000    0.024638 ^ clkbuf_0_clk/A (sky130_fd_sc_hd__clkbuf_16)
     2    0.019974    0.031158    0.086480    0.111118 ^ clkbuf_0_clk/X (sky130_fd_sc_hd__clkbuf_16)
                                                         clknet_0_clk (net)
                      0.031158    0.000243    0.111361 ^ clkbuf_1_0__f_clk/A (sky130_fd_sc_hd__clkbuf_16)
     4    0.011879    0.025773    0.078991    0.190352 ^ clkbuf_1_0__f_clk/X (sky130_fd_sc_hd__clkbuf_16)
                                                         clknet_1_0__leaf_clk (net)
                      0.025773    0.000093    0.190445 ^ _48_/CLK (sky130_fd_sc_hd__dfrtp_1)
     3    0.009452    0.071136    0.227891    0.418336 ^ _48_/Q (sky130_fd_sc_hd__dfrtp_1)
                                                         net4 (net)
                      0.071136    0.000108    0.418444 ^ _26_/C (sky130_fd_sc_hd__and3_2)
     7    0.023986    0.098748    0.165429    0.583873 ^ _26_/X (sky130_fd_sc_hd__and3_2)
                                                         _16_ (net)
                      0.098750    0.000580    0.584453 ^ _30_/B (sky130_fd_sc_hd__xor2_1)
     1    0.002405    0.023890    0.039841    0.624294 v _30_/X (sky130_fd_sc_hd__xor2_1)
                                                         _03_ (net)
                      0.023890    0.000021    0.624315 v _49_/D (sky130_fd_sc_hd__dfrtp_1)
                                              0.624315   data arrival time

                                  0.000000    0.000000   clock clk (rise edge)
                                  0.000000    0.000000   clock source latency
     1    0.009827    0.037919    0.024638    0.024638 ^ clk (in)
                                                         clk (net)
                      0.037919    0.000000    0.024638 ^ clkbuf_0_clk/A (sky130_fd_sc_hd__clkbuf_16)
     2    0.019974    0.031158    0.086480    0.111118 ^ clkbuf_0_clk/X (sky130_fd_sc_hd__clkbuf_16)
                                                         clknet_0_clk (net)
                      0.031158    0.000243    0.111361 ^ clkbuf_1_0__f_clk/A (sky130_fd_sc_hd__clkbuf_16)
     4    0.011879    0.025773    0.078991    0.190352 ^ clkbuf_1_0__f_clk/X (sky130_fd_sc_hd__clkbuf_16)
                                                         clknet_1_0__leaf_clk (net)
                      0.025773    0.000201    0.190553 ^ _49_/CLK (sky130_fd_sc_hd__dfrtp_1)
                                  0.250000    0.440553   clock uncertainty
                                  0.000000    0.440553   clock reconvergence pessimism
                                 -0.030261    0.410292   library hold time
                                              0.410292   data required time
---------------------------------------------------------------------------------------------
                                              0.410292   data required time
                                             -0.624315   data arrival time
---------------------------------------------------------------------------------------------
                                              0.214023   slack (MET)


Startpoint: _47_ (rising edge-triggered flip-flop clocked by clk)
Endpoint: _47_ (rising edge-triggered flip-flop clocked by clk)
Path Group: clk
Path Type: min

Fanout         Cap        Slew       Delay        Time   Description
---------------------------------------------------------------------------------------------
                                  0.000000    0.000000   clock clk (rise edge)
                                  0.000000    0.000000   clock source latency
     1    0.009827    0.037919    0.024638    0.024638 ^ clk (in)
                                                         clk (net)
                      0.037919    0.000000    0.024638 ^ clkbuf_0_clk/A (sky130_fd_sc_hd__clkbuf_16)
     2    0.019974    0.031158    0.086480    0.111118 ^ clkbuf_0_clk/X (sky130_fd_sc_hd__clkbuf_16)
                                                         clknet_0_clk (net)
                      0.031158    0.000243    0.111361 ^ clkbuf_1_0__f_clk/A (sky130_fd_sc_hd__clkbuf_16)
     4    0.011879    0.025773    0.078991    0.190352 ^ clkbuf_1_0__f_clk/X (sky130_fd_sc_hd__clkbuf_16)
                                                         clknet_1_0__leaf_clk (net)
                      0.025773    0.000110    0.190462 ^ _47_/CLK (sky130_fd_sc_hd__dfrtp_1)
     4    0.012044    0.086629    0.240022    0.430483 ^ _47_/Q (sky130_fd_sc_hd__dfrtp_1)
                                                         net3 (net)
                      0.086629    0.000094    0.430578 ^ hold3/A (sky130_fd_sc_hd__dlygate4sd3_1)
     1    0.005702    0.056845    0.397490    0.828068 ^ hold3/X (sky130_fd_sc_hd__dlygate4sd3_1)
                                                         net12 (net)
                      0.056845    0.000070    0.828138 ^ _25_/B (sky130_fd_sc_hd__xor2_1)
     1    0.002321    0.023723    0.035409    0.863547 v _25_/X (sky130_fd_sc_hd__xor2_1)
                                                         _01_ (net)
                      0.023723    0.000011    0.863558 v _47_/D (sky130_fd_sc_hd__dfrtp_1)
                                              0.863558   data arrival time

                                  0.000000    0.000000   clock clk (rise edge)
                                  0.000000    0.000000   clock source latency
     1    0.009827    0.037919    0.024638    0.024638 ^ clk (in)
                                                         clk (net)
                      0.037919    0.000000    0.024638 ^ clkbuf_0_clk/A (sky130_fd_sc_hd__clkbuf_16)
     2    0.019974    0.031158    0.086480    0.111118 ^ clkbuf_0_clk/X (sky130_fd_sc_hd__clkbuf_16)
                                                         clknet_0_clk (net)
                      0.031158    0.000243    0.111361 ^ clkbuf_1_0__f_clk/A (sky130_fd_sc_hd__clkbuf_16)
     4    0.011879    0.025773    0.078991    0.190352 ^ clkbuf_1_0__f_clk/X (sky130_fd_sc_hd__clkbuf_16)
                                                         clknet_1_0__leaf_clk (net)
                      0.025773    0.000110    0.190462 ^ _47_/CLK (sky130_fd_sc_hd__dfrtp_1)
                                  0.250000    0.440462   clock uncertainty
                                  0.000000    0.440462   clock reconvergence pessimism
                                 -0.030206    0.410256   library hold time
                                              0.410256   data required time
---------------------------------------------------------------------------------------------
                                              0.410256   data required time
                                             -0.863558   data arrival time
---------------------------------------------------------------------------------------------
                                              0.453302   slack (MET)


Startpoint: _46_ (rising edge-triggered flip-flop clocked by clk)
Endpoint: _46_ (rising edge-triggered flip-flop clocked by clk)
Path Group: clk
Path Type: min

Fanout         Cap        Slew       Delay        Time   Description
---------------------------------------------------------------------------------------------
                                  0.000000    0.000000   clock clk (rise edge)
                                  0.000000    0.000000   clock source latency
     1    0.009827    0.037919    0.024638    0.024638 ^ clk (in)
                                                         clk (net)
                      0.037919    0.000000    0.024638 ^ clkbuf_0_clk/A (sky130_fd_sc_hd__clkbuf_16)
     2    0.019974    0.031158    0.086480    0.111118 ^ clkbuf_0_clk/X (sky130_fd_sc_hd__clkbuf_16)
                                                         clknet_0_clk (net)
                      0.031158    0.000243    0.111361 ^ clkbuf_1_0__f_clk/A (sky130_fd_sc_hd__clkbuf_16)
     4    0.011879    0.025773    0.078991    0.190352 ^ clkbuf_1_0__f_clk/X (sky130_fd_sc_hd__clkbuf_16)
                                                         clknet_1_0__leaf_clk (net)
                      0.025773    0.000175    0.190527 ^ _46_/CLK (sky130_fd_sc_hd__dfrtp_1)
     4    0.011700    0.084455    0.238440    0.428967 ^ _46_/Q (sky130_fd_sc_hd__dfrtp_1)
                                                         net2 (net)
                      0.084455    0.000125    0.429092 ^ hold2/A (sky130_fd_sc_hd__dlygate4sd3_1)
     2    0.011041    0.093391    0.425867    0.854958 ^ hold2/X (sky130_fd_sc_hd__dlygate4sd3_1)
                                                         net11 (net)
                      0.093391    0.000142    0.855101 ^ _23_/A (sky130_fd_sc_hd__inv_2)
     1    0.002865    0.020389    0.014186    0.869287 v _23_/Y (sky130_fd_sc_hd__inv_2)
                                                         _00_ (net)
                      0.020389    0.000031    0.869317 v _46_/D (sky130_fd_sc_hd__dfrtp_1)
                                              0.869317   data arrival time

                                  0.000000    0.000000   clock clk (rise edge)
                                  0.000000    0.000000   clock source latency
     1    0.009827    0.037919    0.024638    0.024638 ^ clk (in)
                                                         clk (net)
                      0.037919    0.000000    0.024638 ^ clkbuf_0_clk/A (sky130_fd_sc_hd__clkbuf_16)
     2    0.019974    0.031158    0.086480    0.111118 ^ clkbuf_0_clk/X (sky130_fd_sc_hd__clkbuf_16)
                                                         clknet_0_clk (net)
                      0.031158    0.000243    0.111361 ^ clkbuf_1_0__f_clk/A (sky130_fd_sc_hd__clkbuf_16)
     4    0.011879    0.025773    0.078991    0.190352 ^ clkbuf_1_0__f_clk/X (sky130_fd_sc_hd__clkbuf_16)
                                                         clknet_1_0__leaf_clk (net)
                      0.025773    0.000175    0.190527 ^ _46_/CLK (sky130_fd_sc_hd__dfrtp_1)
                                  0.250000    0.440527   clock uncertainty
                                  0.000000    0.440527   clock reconvergence pessimism
                                 -0.029122    0.411404   library hold time
                                              0.411404   data required time
---------------------------------------------------------------------------------------------
                                              0.411404   data required time
                                             -0.869317   data arrival time
---------------------------------------------------------------------------------------------
                                              0.457913   slack (MET)


Startpoint: rst (input port clocked by clk)
Endpoint: _49_ (removal check against rising-edge clock clk)
Path Group: asynchronous
Path Type: min

Fanout         Cap        Slew       Delay        Time   Description
---------------------------------------------------------------------------------------------
                                  0.000000    0.000000   clock clk (rise edge)
                                  0.000000    0.000000   clock network delay (propagated)
                                  4.000000    4.000000 v input external delay
     1    0.003191    0.005304    0.002601    4.002601 v rst (in)
                                                         rst (net)
                      0.005304    0.000000    4.002601 v input1/A (sky130_fd_sc_hd__clkbuf_4)
     8    0.042520    0.066667    0.121628    4.124229 v input1/X (sky130_fd_sc_hd__clkbuf_4)
                                                         net1 (net)
                      0.066677    0.000810    4.125040 v _41_/A (sky130_fd_sc_hd__inv_2)
     1    0.003872    0.026217    0.042411    4.167450 ^ _41_/Y (sky130_fd_sc_hd__inv_2)
                                                         _11_ (net)
                      0.026217    0.000027    4.167478 ^ _49_/RESET_B (sky130_fd_sc_hd__dfrtp_1)
                                              4.167478   data arrival time

                                  0.000000    0.000000   clock clk (rise edge)
                                  0.000000    0.000000   clock source latency
     1    0.009827    0.037919    0.024638    0.024638 ^ clk (in)
                                                         clk (net)
                      0.037919    0.000000    0.024638 ^ clkbuf_0_clk/A (sky130_fd_sc_hd__clkbuf_16)
     2    0.019974    0.031158    0.086480    0.111118 ^ clkbuf_0_clk/X (sky130_fd_sc_hd__clkbuf_16)
                                                         clknet_0_clk (net)
                      0.031158    0.000243    0.111361 ^ clkbuf_1_0__f_clk/A (sky130_fd_sc_hd__clkbuf_16)
     4    0.011879    0.025773    0.078991    0.190352 ^ clkbuf_1_0__f_clk/X (sky130_fd_sc_hd__clkbuf_16)
                                                         clknet_1_0__leaf_clk (net)
                      0.025773    0.000201    0.190553 ^ _49_/CLK (sky130_fd_sc_hd__dfrtp_1)
                                  0.250000    0.440553   clock uncertainty
                                  0.000000    0.440553   clock reconvergence pessimism
                                  0.195166    0.635719   library removal time
                                              0.635719   data required time
---------------------------------------------------------------------------------------------
                                              0.635719   data required time
                                             -4.167478   data arrival time
---------------------------------------------------------------------------------------------
                                              3.531759   slack (MET)


Startpoint: rst (input port clocked by clk)
Endpoint: _48_ (removal check against rising-edge clock clk)
Path Group: asynchronous
Path Type: min

Fanout         Cap        Slew       Delay        Time   Description
---------------------------------------------------------------------------------------------
                                  0.000000    0.000000   clock clk (rise edge)
                                  0.000000    0.000000   clock network delay (propagated)
                                  4.000000    4.000000 v input external delay
     1    0.003191    0.005304    0.002601    4.002601 v rst (in)
                                                         rst (net)
                      0.005304    0.000000    4.002601 v input1/A (sky130_fd_sc_hd__clkbuf_4)
     8    0.042520    0.066667    0.121628    4.124229 v input1/X (sky130_fd_sc_hd__clkbuf_4)
                                                         net1 (net)
                      0.066673    0.000670    4.124899 v _40_/A (sky130_fd_sc_hd__inv_2)
     1    0.004773    0.028799    0.045656    4.170555 ^ _40_/Y (sky130_fd_sc_hd__inv_2)
                                                         _10_ (net)
                      0.028799    0.000031    4.170586 ^ _48_/RESET_B (sky130_fd_sc_hd__dfrtp_1)
                                              4.170586   data arrival time

                                  0.000000    0.000000   clock clk (rise edge)
                                  0.000000    0.000000   clock source latency
     1    0.009827    0.037919    0.024638    0.024638 ^ clk (in)
                                                         clk (net)
                      0.037919    0.000000    0.024638 ^ clkbuf_0_clk/A (sky130_fd_sc_hd__clkbuf_16)
     2    0.019974    0.031158    0.086480    0.111118 ^ clkbuf_0_clk/X (sky130_fd_sc_hd__clkbuf_16)
                                                         clknet_0_clk (net)
                      0.031158    0.000243    0.111361 ^ clkbuf_1_0__f_clk/A (sky130_fd_sc_hd__clkbuf_16)
     4    0.011879    0.025773    0.078991    0.190352 ^ clkbuf_1_0__f_clk/X (sky130_fd_sc_hd__clkbuf_16)
                                                         clknet_1_0__leaf_clk (net)
                      0.025773    0.000093    0.190445 ^ _48_/CLK (sky130_fd_sc_hd__dfrtp_1)
                                  0.250000    0.440445   clock uncertainty
                                  0.000000    0.440445   clock reconvergence pessimism
                                  0.195838    0.636283   library removal time
                                              0.636283   data required time
---------------------------------------------------------------------------------------------
                                              0.636283   data required time
                                             -4.170586   data arrival time
---------------------------------------------------------------------------------------------
                                              3.534303   slack (MET)


Startpoint: rst (input port clocked by clk)
Endpoint: _51_ (removal check against rising-edge clock clk)
Path Group: asynchronous
Path Type: min

Fanout         Cap        Slew       Delay        Time   Description
---------------------------------------------------------------------------------------------
                                  0.000000    0.000000   clock clk (rise edge)
                                  0.000000    0.000000   clock network delay (propagated)
                                  4.000000    4.000000 v input external delay
     1    0.003191    0.005304    0.002601    4.002601 v rst (in)
                                                         rst (net)
                      0.005304    0.000000    4.002601 v input1/A (sky130_fd_sc_hd__clkbuf_4)
     8    0.042520    0.066667    0.121628    4.124229 v input1/X (sky130_fd_sc_hd__clkbuf_4)
                                                         net1 (net)
                      0.066668    0.000419    4.124649 v _43_/A (sky130_fd_sc_hd__inv_2)
     1    0.004762    0.028765    0.045603    4.170252 ^ _43_/Y (sky130_fd_sc_hd__inv_2)
                                                         _13_ (net)
                      0.028765    0.000053    4.170305 ^ _51_/RESET_B (sky130_fd_sc_hd__dfrtp_1)
                                              4.170305   data arrival time

                                  0.000000    0.000000   clock clk (rise edge)
                                  0.000000    0.000000   clock source latency
     1    0.009827    0.037919    0.024638    0.024638 ^ clk (in)
                                                         clk (net)
                      0.037919    0.000000    0.024638 ^ clkbuf_0_clk/A (sky130_fd_sc_hd__clkbuf_16)
     2    0.019974    0.031158    0.086480    0.111118 ^ clkbuf_0_clk/X (sky130_fd_sc_hd__clkbuf_16)
                                                         clknet_0_clk (net)
                      0.031158    0.000229    0.111347 ^ clkbuf_1_1__f_clk/A (sky130_fd_sc_hd__clkbuf_16)
     4    0.011349    0.025421    0.078622    0.189970 ^ clkbuf_1_1__f_clk/X (sky130_fd_sc_hd__clkbuf_16)
                                                         clknet_1_1__leaf_clk (net)
                      0.025421    0.000195    0.190165 ^ _51_/CLK (sky130_fd_sc_hd__dfrtp_1)
                                  0.250000    0.440165   clock uncertainty
                                  0.000000    0.440165   clock reconvergence pessimism
                                  0.195781    0.635945   library removal time
                                              0.635945   data required time
---------------------------------------------------------------------------------------------
                                              0.635945   data required time
                                             -4.170305   data arrival time
---------------------------------------------------------------------------------------------
                                              3.534360   slack (MET)


Startpoint: rst (input port clocked by clk)
Endpoint: _46_ (removal check against rising-edge clock clk)
Path Group: asynchronous
Path Type: min

Fanout         Cap        Slew       Delay        Time   Description
---------------------------------------------------------------------------------------------
                                  0.000000    0.000000   clock clk (rise edge)
                                  0.000000    0.000000   clock network delay (propagated)
                                  4.000000    4.000000 v input external delay
     1    0.003191    0.005304    0.002601    4.002601 v rst (in)
                                                         rst (net)
                      0.005304    0.000000    4.002601 v input1/A (sky130_fd_sc_hd__clkbuf_4)
     8    0.042520    0.066667    0.121628    4.124229 v input1/X (sky130_fd_sc_hd__clkbuf_4)
                                                         net1 (net)
                      0.066676    0.000789    4.125019 v _24_/A (sky130_fd_sc_hd__inv_2)
     1    0.004864    0.029035    0.045879    4.170897 ^ _24_/Y (sky130_fd_sc_hd__inv_2)
                                                         _08_ (net)
                      0.029035    0.000055    4.170953 ^ _46_/RESET_B (sky130_fd_sc_hd__dfrtp_1)
                                              4.170953   data arrival time

                                  0.000000    0.000000   clock clk (rise edge)
                                  0.000000    0.000000   clock source latency
     1    0.009827    0.037919    0.024638    0.024638 ^ clk (in)
                                                         clk (net)
                      0.037919    0.000000    0.024638 ^ clkbuf_0_clk/A (sky130_fd_sc_hd__clkbuf_16)
     2    0.019974    0.031158    0.086480    0.111118 ^ clkbuf_0_clk/X (sky130_fd_sc_hd__clkbuf_16)
                                                         clknet_0_clk (net)
                      0.031158    0.000243    0.111361 ^ clkbuf_1_0__f_clk/A (sky130_fd_sc_hd__clkbuf_16)
     4    0.011879    0.025773    0.078991    0.190352 ^ clkbuf_1_0__f_clk/X (sky130_fd_sc_hd__clkbuf_16)
                                                         clknet_1_0__leaf_clk (net)
                      0.025773    0.000175    0.190527 ^ _46_/CLK (sky130_fd_sc_hd__dfrtp_1)
                                  0.250000    0.440527   clock uncertainty
                                  0.000000    0.440527   clock reconvergence pessimism
                                  0.195899    0.636426   library removal time
                                              0.636426   data required time
---------------------------------------------------------------------------------------------
                                              0.636426   data required time
                                             -4.170953   data arrival time
---------------------------------------------------------------------------------------------
                                              3.534527   slack (MET)


Startpoint: rst (input port clocked by clk)
Endpoint: _50_ (removal check against rising-edge clock clk)
Path Group: asynchronous
Path Type: min

Fanout         Cap        Slew       Delay        Time   Description
---------------------------------------------------------------------------------------------
                                  0.000000    0.000000   clock clk (rise edge)
                                  0.000000    0.000000   clock network delay (propagated)
                                  4.000000    4.000000 v input external delay
     1    0.003191    0.005304    0.002601    4.002601 v rst (in)
                                                         rst (net)
                      0.005304    0.000000    4.002601 v input1/A (sky130_fd_sc_hd__clkbuf_4)
     8    0.042520    0.066667    0.121628    4.124229 v input1/X (sky130_fd_sc_hd__clkbuf_4)
                                                         net1 (net)
                      0.066679    0.000890    4.125120 v _42_/A (sky130_fd_sc_hd__inv_2)
     1    0.005463    0.030587    0.047387    4.172507 ^ _42_/Y (sky130_fd_sc_hd__inv_2)
                                                         _12_ (net)
                      0.030587    0.000082    4.172589 ^ _50_/RESET_B (sky130_fd_sc_hd__dfrtp_1)
                                              4.172589   data arrival time

                                  0.000000    0.000000   clock clk (rise edge)
                                  0.000000    0.000000   clock source latency
     1    0.009827    0.037919    0.024638    0.024638 ^ clk (in)
                                                         clk (net)
                      0.037919    0.000000    0.024638 ^ clkbuf_0_clk/A (sky130_fd_sc_hd__clkbuf_16)
     2    0.019974    0.031158    0.086480    0.111118 ^ clkbuf_0_clk/X (sky130_fd_sc_hd__clkbuf_16)
                                                         clknet_0_clk (net)
                      0.031158    0.000229    0.111347 ^ clkbuf_1_1__f_clk/A (sky130_fd_sc_hd__clkbuf_16)
     4    0.011349    0.025421    0.078622    0.189970 ^ clkbuf_1_1__f_clk/X (sky130_fd_sc_hd__clkbuf_16)
                                                         clknet_1_1__leaf_clk (net)
                      0.025421    0.000208    0.190178 ^ _50_/CLK (sky130_fd_sc_hd__dfrtp_1)
                                  0.250000    0.440178   clock uncertainty
                                  0.000000    0.440178   clock reconvergence pessimism
                                  0.196255    0.636432   library removal time
                                              0.636432   data required time
---------------------------------------------------------------------------------------------
                                              0.636432   data required time
                                             -4.172589   data arrival time
---------------------------------------------------------------------------------------------
                                              3.536157   slack (MET)


Startpoint: rst (input port clocked by clk)
Endpoint: _47_ (removal check against rising-edge clock clk)
Path Group: asynchronous
Path Type: min

Fanout         Cap        Slew       Delay        Time   Description
---------------------------------------------------------------------------------------------
                                  0.000000    0.000000   clock clk (rise edge)
                                  0.000000    0.000000   clock network delay (propagated)
                                  4.000000    4.000000 v input external delay
     1    0.003191    0.005304    0.002601    4.002601 v rst (in)
                                                         rst (net)
                      0.005304    0.000000    4.002601 v input1/A (sky130_fd_sc_hd__clkbuf_4)
     8    0.042520    0.066667    0.121628    4.124229 v input1/X (sky130_fd_sc_hd__clkbuf_4)
                                                         net1 (net)
                      0.066674    0.000730    4.124959 v _39_/A (sky130_fd_sc_hd__inv_2)
     1    0.005901    0.031724    0.048490    4.173449 ^ _39_/Y (sky130_fd_sc_hd__inv_2)
                                                         _09_ (net)
                      0.031724    0.000096    4.173546 ^ _47_/RESET_B (sky130_fd_sc_hd__dfrtp_1)
                                              4.173546   data arrival time

                                  0.000000    0.000000   clock clk (rise edge)
                                  0.000000    0.000000   clock source latency
     1    0.009827    0.037919    0.024638    0.024638 ^ clk (in)
                                                         clk (net)
                      0.037919    0.000000    0.024638 ^ clkbuf_0_clk/A (sky130_fd_sc_hd__clkbuf_16)
     2    0.019974    0.031158    0.086480    0.111118 ^ clkbuf_0_clk/X (sky130_fd_sc_hd__clkbuf_16)
                                                         clknet_0_clk (net)
                      0.031158    0.000243    0.111361 ^ clkbuf_1_0__f_clk/A (sky130_fd_sc_hd__clkbuf_16)
     4    0.011879    0.025773    0.078991    0.190352 ^ clkbuf_1_0__f_clk/X (sky130_fd_sc_hd__clkbuf_16)
                                                         clknet_1_0__leaf_clk (net)
                      0.025773    0.000110    0.190462 ^ _47_/CLK (sky130_fd_sc_hd__dfrtp_1)
                                  0.250000    0.440462   clock uncertainty
                                  0.000000    0.440462   clock reconvergence pessimism
                                  0.196599    0.637061   library removal time
                                              0.637061   data required time
---------------------------------------------------------------------------------------------
                                              0.637061   data required time
                                             -4.173546   data arrival time
---------------------------------------------------------------------------------------------
                                              3.536485   slack (MET)


Startpoint: rst (input port clocked by clk)
Endpoint: _53_ (removal check against rising-edge clock clk)
Path Group: asynchronous
Path Type: min

Fanout         Cap        Slew       Delay        Time   Description
---------------------------------------------------------------------------------------------
                                  0.000000    0.000000   clock clk (rise edge)
                                  0.000000    0.000000   clock network delay (propagated)
                                  4.000000    4.000000 v input external delay
     1    0.003191    0.005304    0.002601    4.002601 v rst (in)
                                                         rst (net)
                      0.005304    0.000000    4.002601 v input1/A (sky130_fd_sc_hd__clkbuf_4)
     8    0.042520    0.066667    0.121628    4.124229 v input1/X (sky130_fd_sc_hd__clkbuf_4)
                                                         net1 (net)
                      0.066676    0.000772    4.125001 v _45_/A (sky130_fd_sc_hd__inv_2)
     1    0.005746    0.031321    0.048098    4.173099 ^ _45_/Y (sky130_fd_sc_hd__inv_2)
                                                         _15_ (net)
                      0.031321    0.000102    4.173201 ^ _53_/RESET_B (sky130_fd_sc_hd__dfrtp_1)
                                              4.173201   data arrival time

                                  0.000000    0.000000   clock clk (rise edge)
                                  0.000000    0.000000   clock source latency
     1    0.009827    0.037919    0.024638    0.024638 ^ clk (in)
                                                         clk (net)
                      0.037919    0.000000    0.024638 ^ clkbuf_0_clk/A (sky130_fd_sc_hd__clkbuf_16)
     2    0.019974    0.031158    0.086480    0.111118 ^ clkbuf_0_clk/X (sky130_fd_sc_hd__clkbuf_16)
                                                         clknet_0_clk (net)
                      0.031158    0.000229    0.111347 ^ clkbuf_1_1__f_clk/A (sky130_fd_sc_hd__clkbuf_16)
     4    0.011349    0.025421    0.078622    0.189970 ^ clkbuf_1_1__f_clk/X (sky130_fd_sc_hd__clkbuf_16)
                                                         clknet_1_1__leaf_clk (net)
                      0.025421    0.000105    0.190074 ^ _53_/CLK (sky130_fd_sc_hd__dfrtp_1)
                                  0.250000    0.440074   clock uncertainty
                                  0.000000    0.440074   clock reconvergence pessimism
                                  0.196445    0.636520   library removal time
                                              0.636520   data required time
---------------------------------------------------------------------------------------------
                                              0.636520   data required time
                                             -4.173201   data arrival time
---------------------------------------------------------------------------------------------
                                              3.536681   slack (MET)


Startpoint: rst (input port clocked by clk)
Endpoint: _52_ (removal check against rising-edge clock clk)
Path Group: asynchronous
Path Type: min

Fanout         Cap        Slew       Delay        Time   Description
---------------------------------------------------------------------------------------------
                                  0.000000    0.000000   clock clk (rise edge)
                                  0.000000    0.000000   clock network delay (propagated)
                                  4.000000    4.000000 v input external delay
     1    0.003191    0.005304    0.002601    4.002601 v rst (in)
                                                         rst (net)
                      0.005304    0.000000    4.002601 v input1/A (sky130_fd_sc_hd__clkbuf_4)
     8    0.042520    0.066667    0.121628    4.124229 v input1/X (sky130_fd_sc_hd__clkbuf_4)
                                                         net1 (net)
                      0.066680    0.000902    4.125131 v _44_/A (sky130_fd_sc_hd__inv_2)
     1    0.007295    0.035467    0.051994    4.177125 ^ _44_/Y (sky130_fd_sc_hd__inv_2)
                                                         _14_ (net)
                      0.035467    0.000171    4.177296 ^ _52_/RESET_B (sky130_fd_sc_hd__dfrtp_1)
                                              4.177296   data arrival time

                                  0.000000    0.000000   clock clk (rise edge)
                                  0.000000    0.000000   clock source latency
     1    0.009827    0.037919    0.024638    0.024638 ^ clk (in)
                                                         clk (net)
                      0.037919    0.000000    0.024638 ^ clkbuf_0_clk/A (sky130_fd_sc_hd__clkbuf_16)
     2    0.019974    0.031158    0.086480    0.111118 ^ clkbuf_0_clk/X (sky130_fd_sc_hd__clkbuf_16)
                                                         clknet_0_clk (net)
                      0.031158    0.000229    0.111347 ^ clkbuf_1_1__f_clk/A (sky130_fd_sc_hd__clkbuf_16)
     4    0.011349    0.025421    0.078622    0.189970 ^ clkbuf_1_1__f_clk/X (sky130_fd_sc_hd__clkbuf_16)
                                                         clknet_1_1__leaf_clk (net)
                      0.025421    0.000143    0.190113 ^ _52_/CLK (sky130_fd_sc_hd__dfrtp_1)
                                  0.250000    0.440113   clock uncertainty
                                  0.000000    0.440113   clock reconvergence pessimism
                                  0.197524    0.637637   library removal time
                                              0.637637   data required time
---------------------------------------------------------------------------------------------
                                              0.637637   data required time
                                             -4.177296   data arrival time
---------------------------------------------------------------------------------------------
                                              3.539659   slack (MET)


Startpoint: _53_ (rising edge-triggered flip-flop clocked by clk)
Endpoint: q[7] (output port clocked by clk)
Path Group: clk
Path Type: min

Fanout         Cap        Slew       Delay        Time   Description
---------------------------------------------------------------------------------------------
                                  0.000000    0.000000   clock clk (rise edge)
                                  0.000000    0.000000   clock source latency
     1    0.009827    0.037919    0.024638    0.024638 ^ clk (in)
                                                         clk (net)
                      0.037919    0.000000    0.024638 ^ clkbuf_0_clk/A (sky130_fd_sc_hd__clkbuf_16)
     2    0.019974    0.031158    0.086480    0.111118 ^ clkbuf_0_clk/X (sky130_fd_sc_hd__clkbuf_16)
                                                         clknet_0_clk (net)
                      0.031158    0.000229    0.111347 ^ clkbuf_1_1__f_clk/A (sky130_fd_sc_hd__clkbuf_16)
     4    0.011349    0.025421    0.078622    0.189970 ^ clkbuf_1_1__f_clk/X (sky130_fd_sc_hd__clkbuf_16)
                                                         clknet_1_1__leaf_clk (net)
                      0.025421    0.000105    0.190074 ^ _53_/CLK (sky130_fd_sc_hd__dfrtp_1)
     2    0.004006    0.032130    0.224459    0.414533 v _53_/Q (sky130_fd_sc_hd__dfrtp_1)
                                                         net9 (net)
                      0.032130    0.000036    0.414570 v output9/A (sky130_fd_sc_hd__buf_2)
     1    0.034615    0.063122    0.118831    0.533400 v output9/X (sky130_fd_sc_hd__buf_2)
                                                         q[7] (net)
                      0.063122    0.000239    0.533639 v q[7] (out)
                                              0.533639   data arrival time

                                  0.000000    0.000000   clock clk (rise edge)
                                  0.000000    0.000000   clock network delay (propagated)
                                  0.250000    0.250000   clock uncertainty
                                  0.000000    0.250000   clock reconvergence pessimism
                                 -4.000000   -3.750000   output external delay
                                             -3.750000   data required time
---------------------------------------------------------------------------------------------
                                             -3.750000   data required time
                                             -0.533639   data arrival time
---------------------------------------------------------------------------------------------
                                              4.283639   slack (MET)


Startpoint: _52_ (rising edge-triggered flip-flop clocked by clk)
Endpoint: q[6] (output port clocked by clk)
Path Group: clk
Path Type: min

Fanout         Cap        Slew       Delay        Time   Description
---------------------------------------------------------------------------------------------
                                  0.000000    0.000000   clock clk (rise edge)
                                  0.000000    0.000000   clock source latency
     1    0.009827    0.037919    0.024638    0.024638 ^ clk (in)
                                                         clk (net)
                      0.037919    0.000000    0.024638 ^ clkbuf_0_clk/A (sky130_fd_sc_hd__clkbuf_16)
     2    0.019974    0.031158    0.086480    0.111118 ^ clkbuf_0_clk/X (sky130_fd_sc_hd__clkbuf_16)
                                                         clknet_0_clk (net)
                      0.031158    0.000229    0.111347 ^ clkbuf_1_1__f_clk/A (sky130_fd_sc_hd__clkbuf_16)
     4    0.011349    0.025421    0.078622    0.189970 ^ clkbuf_1_1__f_clk/X (sky130_fd_sc_hd__clkbuf_16)
                                                         clknet_1_1__leaf_clk (net)
                      0.025421    0.000143    0.190113 ^ _52_/CLK (sky130_fd_sc_hd__dfrtp_1)
     3    0.007865    0.044283    0.238532    0.428645 v _52_/Q (sky130_fd_sc_hd__dfrtp_1)
                                                         net8 (net)
                      0.044283    0.000052    0.428697 v output8/A (sky130_fd_sc_hd__buf_2)
     1    0.035026    0.063801    0.124099    0.552796 v output8/X (sky130_fd_sc_hd__buf_2)
                                                         q[6] (net)
                      0.063803    0.000402    0.553199 v q[6] (out)
                                              0.553199   data arrival time

                                  0.000000    0.000000   clock clk (rise edge)
                                  0.000000    0.000000   clock network delay (propagated)
                                  0.250000    0.250000   clock uncertainty
                                  0.000000    0.250000   clock reconvergence pessimism
                                 -4.000000   -3.750000   output external delay
                                             -3.750000   data required time
---------------------------------------------------------------------------------------------
                                             -3.750000   data required time
                                             -0.553199   data arrival time
---------------------------------------------------------------------------------------------
                                              4.303199   slack (MET)


Startpoint: _51_ (rising edge-triggered flip-flop clocked by clk)
Endpoint: q[5] (output port clocked by clk)
Path Group: clk
Path Type: min

Fanout         Cap        Slew       Delay        Time   Description
---------------------------------------------------------------------------------------------
                                  0.000000    0.000000   clock clk (rise edge)
                                  0.000000    0.000000   clock source latency
     1    0.009827    0.037919    0.024638    0.024638 ^ clk (in)
                                                         clk (net)
                      0.037919    0.000000    0.024638 ^ clkbuf_0_clk/A (sky130_fd_sc_hd__clkbuf_16)
     2    0.019974    0.031158    0.086480    0.111118 ^ clkbuf_0_clk/X (sky130_fd_sc_hd__clkbuf_16)
                                                         clknet_0_clk (net)
                      0.031158    0.000229    0.111347 ^ clkbuf_1_1__f_clk/A (sky130_fd_sc_hd__clkbuf_16)
     4    0.011349    0.025421    0.078622    0.189970 ^ clkbuf_1_1__f_clk/X (sky130_fd_sc_hd__clkbuf_16)
                                                         clknet_1_1__leaf_clk (net)
                      0.025421    0.000195    0.190165 ^ _51_/CLK (sky130_fd_sc_hd__dfrtp_1)
     3    0.008487    0.046430    0.240798    0.430962 v _51_/Q (sky130_fd_sc_hd__dfrtp_1)
                                                         net7 (net)
                      0.046430    0.000038    0.431000 v output7/A (sky130_fd_sc_hd__buf_2)
     1    0.033907    0.062044    0.123710    0.554710 v output7/X (sky130_fd_sc_hd__buf_2)
                                                         q[5] (net)
                      0.062044    0.000165    0.554876 v q[5] (out)
                                              0.554876   data arrival time

                                  0.000000    0.000000   clock clk (rise edge)
                                  0.000000    0.000000   clock network delay (propagated)
                                  0.250000    0.250000   clock uncertainty
                                  0.000000    0.250000   clock reconvergence pessimism
                                 -4.000000   -3.750000   output external delay
                                             -3.750000   data required time
---------------------------------------------------------------------------------------------
                                             -3.750000   data required time
                                             -0.554876   data arrival time
---------------------------------------------------------------------------------------------
                                              4.304876   slack (MET)


Startpoint: _48_ (rising edge-triggered flip-flop clocked by clk)
Endpoint: q[2] (output port clocked by clk)
Path Group: clk
Path Type: min

Fanout         Cap        Slew       Delay        Time   Description
---------------------------------------------------------------------------------------------
                                  0.000000    0.000000   clock clk (rise edge)
                                  0.000000    0.000000   clock source latency
     1    0.009827    0.037919    0.024638    0.024638 ^ clk (in)
                                                         clk (net)
                      0.037919    0.000000    0.024638 ^ clkbuf_0_clk/A (sky130_fd_sc_hd__clkbuf_16)
     2    0.019974    0.031158    0.086480    0.111118 ^ clkbuf_0_clk/X (sky130_fd_sc_hd__clkbuf_16)
                                                         clknet_0_clk (net)
                      0.031158    0.000243    0.111361 ^ clkbuf_1_0__f_clk/A (sky130_fd_sc_hd__clkbuf_16)
     4    0.011879    0.025773    0.078991    0.190352 ^ clkbuf_1_0__f_clk/X (sky130_fd_sc_hd__clkbuf_16)
                                                         clknet_1_0__leaf_clk (net)
                      0.025773    0.000093    0.190445 ^ _48_/CLK (sky130_fd_sc_hd__dfrtp_1)
     3    0.008978    0.048175    0.242641    0.433086 v _48_/Q (sky130_fd_sc_hd__dfrtp_1)
                                                         net4 (net)
                      0.048175    0.000136    0.433222 v output4/A (sky130_fd_sc_hd__buf_2)
     1    0.037216    0.067014    0.128526    0.561748 v output4/X (sky130_fd_sc_hd__buf_2)
                                                         q[2] (net)
                      0.067015    0.000325    0.562072 v q[2] (out)
                                              0.562072   data arrival time

                                  0.000000    0.000000   clock clk (rise edge)
                                  0.000000    0.000000   clock network delay (propagated)
                                  0.250000    0.250000   clock uncertainty
                                  0.000000    0.250000   clock reconvergence pessimism
                                 -4.000000   -3.750000   output external delay
                                             -3.750000   data required time
---------------------------------------------------------------------------------------------
                                             -3.750000   data required time
                                             -0.562072   data arrival time
---------------------------------------------------------------------------------------------
                                              4.312072   slack (MET)


Startpoint: _50_ (rising edge-triggered flip-flop clocked by clk)
Endpoint: q[4] (output port clocked by clk)
Path Group: clk
Path Type: min

Fanout         Cap        Slew       Delay        Time   Description
---------------------------------------------------------------------------------------------
                                  0.000000    0.000000   clock clk (rise edge)
                                  0.000000    0.000000   clock source latency
     1    0.009827    0.037919    0.024638    0.024638 ^ clk (in)
                                                         clk (net)
                      0.037919    0.000000    0.024638 ^ clkbuf_0_clk/A (sky130_fd_sc_hd__clkbuf_16)
     2    0.019974    0.031158    0.086480    0.111118 ^ clkbuf_0_clk/X (sky130_fd_sc_hd__clkbuf_16)
                                                         clknet_0_clk (net)
                      0.031158    0.000229    0.111347 ^ clkbuf_1_1__f_clk/A (sky130_fd_sc_hd__clkbuf_16)
     4    0.011349    0.025421    0.078622    0.189970 ^ clkbuf_1_1__f_clk/X (sky130_fd_sc_hd__clkbuf_16)
                                                         clknet_1_1__leaf_clk (net)
                      0.025421    0.000208    0.190178 ^ _50_/CLK (sky130_fd_sc_hd__dfrtp_1)
     4    0.010975    0.052946    0.249657    0.439835 v _50_/Q (sky130_fd_sc_hd__dfrtp_1)
                                                         net6 (net)
                      0.052946    0.000041    0.439875 v output6/A (sky130_fd_sc_hd__buf_2)
     1    0.034100    0.062365    0.126510    0.566386 v output6/X (sky130_fd_sc_hd__buf_2)
                                                         q[4] (net)
                      0.062365    0.000242    0.566628 v q[4] (out)
                                              0.566628   data arrival time

                                  0.000000    0.000000   clock clk (rise edge)
                                  0.000000    0.000000   clock network delay (propagated)
                                  0.250000    0.250000   clock uncertainty
                                  0.000000    0.250000   clock reconvergence pessimism
                                 -4.000000   -3.750000   output external delay
                                             -3.750000   data required time
---------------------------------------------------------------------------------------------
                                             -3.750000   data required time
                                             -0.566628   data arrival time
---------------------------------------------------------------------------------------------
                                              4.316628   slack (MET)


Startpoint: _49_ (rising edge-triggered flip-flop clocked by clk)
Endpoint: q[3] (output port clocked by clk)
Path Group: clk
Path Type: min

Fanout         Cap        Slew       Delay        Time   Description
---------------------------------------------------------------------------------------------
                                  0.000000    0.000000   clock clk (rise edge)
                                  0.000000    0.000000   clock source latency
     1    0.009827    0.037919    0.024638    0.024638 ^ clk (in)
                                                         clk (net)
                      0.037919    0.000000    0.024638 ^ clkbuf_0_clk/A (sky130_fd_sc_hd__clkbuf_16)
     2    0.019974    0.031158    0.086480    0.111118 ^ clkbuf_0_clk/X (sky130_fd_sc_hd__clkbuf_16)
                                                         clknet_0_clk (net)
                      0.031158    0.000243    0.111361 ^ clkbuf_1_0__f_clk/A (sky130_fd_sc_hd__clkbuf_16)
     4    0.011879    0.025773    0.078991    0.190352 ^ clkbuf_1_0__f_clk/X (sky130_fd_sc_hd__clkbuf_16)
                                                         clknet_1_0__leaf_clk (net)
                      0.025773    0.000201    0.190553 ^ _49_/CLK (sky130_fd_sc_hd__dfrtp_1)
     5    0.011274    0.053812    0.250543    0.441096 v _49_/Q (sky130_fd_sc_hd__dfrtp_1)
                                                         net5 (net)
                      0.053812    0.000136    0.441232 v output5/A (sky130_fd_sc_hd__buf_2)
     1    0.034152    0.062450    0.126913    0.568145 v output5/X (sky130_fd_sc_hd__buf_2)
                                                         q[3] (net)
                      0.062451    0.000260    0.568405 v q[3] (out)
                                              0.568405   data arrival time

                                  0.000000    0.000000   clock clk (rise edge)
                                  0.000000    0.000000   clock network delay (propagated)
                                  0.250000    0.250000   clock uncertainty
                                  0.000000    0.250000   clock reconvergence pessimism
                                 -4.000000   -3.750000   output external delay
                                             -3.750000   data required time
---------------------------------------------------------------------------------------------
                                             -3.750000   data required time
                                             -0.568405   data arrival time
---------------------------------------------------------------------------------------------
                                              4.318405   slack (MET)


Startpoint: _46_ (rising edge-triggered flip-flop clocked by clk)
Endpoint: q[0] (output port clocked by clk)
Path Group: clk
Path Type: min

Fanout         Cap        Slew       Delay        Time   Description
---------------------------------------------------------------------------------------------
                                  0.000000    0.000000   clock clk (rise edge)
                                  0.000000    0.000000   clock source latency
     1    0.009827    0.037919    0.024638    0.024638 ^ clk (in)
                                                         clk (net)
                      0.037919    0.000000    0.024638 ^ clkbuf_0_clk/A (sky130_fd_sc_hd__clkbuf_16)
     2    0.019974    0.031158    0.086480    0.111118 ^ clkbuf_0_clk/X (sky130_fd_sc_hd__clkbuf_16)
                                                         clknet_0_clk (net)
                      0.031158    0.000243    0.111361 ^ clkbuf_1_0__f_clk/A (sky130_fd_sc_hd__clkbuf_16)
     4    0.011879    0.025773    0.078991    0.190352 ^ clkbuf_1_0__f_clk/X (sky130_fd_sc_hd__clkbuf_16)
                                                         clknet_1_0__leaf_clk (net)
                      0.025773    0.000175    0.190527 ^ _46_/CLK (sky130_fd_sc_hd__dfrtp_1)
     4    0.011156    0.053475    0.250221    0.440748 v _46_/Q (sky130_fd_sc_hd__dfrtp_1)
                                                         net2 (net)
                      0.053475    0.000138    0.440886 v output2/A (sky130_fd_sc_hd__buf_2)
     1    0.034602    0.063181    0.127232    0.568118 v output2/X (sky130_fd_sc_hd__buf_2)
                                                         q[0] (net)
                      0.063183    0.000417    0.568535 v q[0] (out)
                                              0.568535   data arrival time

                                  0.000000    0.000000   clock clk (rise edge)
                                  0.000000    0.000000   clock network delay (propagated)
                                  0.250000    0.250000   clock uncertainty
                                  0.000000    0.250000   clock reconvergence pessimism
                                 -4.000000   -3.750000   output external delay
                                             -3.750000   data required time
---------------------------------------------------------------------------------------------
                                             -3.750000   data required time
                                             -0.568535   data arrival time
---------------------------------------------------------------------------------------------
                                              4.318534   slack (MET)


Startpoint: _47_ (rising edge-triggered flip-flop clocked by clk)
Endpoint: q[1] (output port clocked by clk)
Path Group: clk
Path Type: min

Fanout         Cap        Slew       Delay        Time   Description
---------------------------------------------------------------------------------------------
                                  0.000000    0.000000   clock clk (rise edge)
                                  0.000000    0.000000   clock source latency
     1    0.009827    0.037919    0.024638    0.024638 ^ clk (in)
                                                         clk (net)
                      0.037919    0.000000    0.024638 ^ clkbuf_0_clk/A (sky130_fd_sc_hd__clkbuf_16)
     2    0.019974    0.031158    0.086480    0.111118 ^ clkbuf_0_clk/X (sky130_fd_sc_hd__clkbuf_16)
                                                         clknet_0_clk (net)
                      0.031158    0.000243    0.111361 ^ clkbuf_1_0__f_clk/A (sky130_fd_sc_hd__clkbuf_16)
     4    0.011879    0.025773    0.078991    0.190352 ^ clkbuf_1_0__f_clk/X (sky130_fd_sc_hd__clkbuf_16)
                                                         clknet_1_0__leaf_clk (net)
                      0.025773    0.000110    0.190462 ^ _47_/CLK (sky130_fd_sc_hd__dfrtp_1)
     4    0.011435    0.054267    0.251000    0.441462 v _47_/Q (sky130_fd_sc_hd__dfrtp_1)
                                                         net3 (net)
                      0.054267    0.000094    0.441556 v output3/A (sky130_fd_sc_hd__buf_2)
     1    0.036845    0.066580    0.130290    0.571846 v output3/X (sky130_fd_sc_hd__buf_2)
                                                         q[1] (net)
                      0.066585    0.000589    0.572435 v q[1] (out)
                                              0.572435   data arrival time

                                  0.000000    0.000000   clock clk (rise edge)
                                  0.000000    0.000000   clock network delay (propagated)
                                  0.250000    0.250000   clock uncertainty
                                  0.000000    0.250000   clock reconvergence pessimism
                                 -4.000000   -3.750000   output external delay
                                             -3.750000   data required time
---------------------------------------------------------------------------------------------
                                             -3.750000   data required time
                                             -0.572435   data arrival time
---------------------------------------------------------------------------------------------
                                              4.322434   slack (MET)



