
===========================================================================
report_checks -path_delay max (Setup)
============================================================================
======================= nom_tt_025C_1v80 Corner ===================================

Startpoint: _49_ (rising edge-triggered flip-flop clocked by clk)
Endpoint: q[3] (output port clocked by clk)
Path Group: clk
Path Type: max

Fanout         Cap        Slew       Delay        Time   Description
---------------------------------------------------------------------------------------------
                                  0.000000    0.000000   clock clk (rise edge)
                                  0.000000    0.000000   clock source latency
     1    0.009204    0.047862    0.031412    0.031412 ^ clk (in)
                                                         clk (net)
                      0.047862    0.000000    0.031412 ^ clkbuf_0_clk/A (sky130_fd_sc_hd__clkbuf_16)
     2    0.017860    0.040023    0.124461    0.155873 ^ clkbuf_0_clk/X (sky130_fd_sc_hd__clkbuf_16)
                                                         clknet_0_clk (net)
                      0.040024    0.000072    0.155946 ^ clkbuf_1_0__f_clk/A (sky130_fd_sc_hd__clkbuf_16)
     4    0.009645    0.033028    0.113729    0.269675 ^ clkbuf_1_0__f_clk/X (sky130_fd_sc_hd__clkbuf_16)
                                                         clknet_1_0__leaf_clk (net)
                      0.033028    0.000050    0.269724 ^ _49_/CLK (sky130_fd_sc_hd__dfrtp_1)
     5    0.010521    0.107505    0.361902    0.631626 ^ _49_/Q (sky130_fd_sc_hd__dfrtp_1)
                                                         net5 (net)
                      0.107505    0.000043    0.631670 ^ output5/A (sky130_fd_sc_hd__buf_2)
     1    0.034093    0.169581    0.220929    0.852598 ^ output5/X (sky130_fd_sc_hd__buf_2)
                                                         q[3] (net)
                      0.169581    0.000107    0.852705 ^ q[3] (out)
                                              0.852705   data arrival time

                                 20.000000   20.000000   clock clk (rise edge)
                                  0.000000   20.000000   clock network delay (propagated)
                                 -0.250000   19.750002   clock uncertainty
                                  0.000000   19.750002   clock reconvergence pessimism
                                 -4.000000   15.750001   output external delay
                                             15.750001   data required time
---------------------------------------------------------------------------------------------
                                             15.750001   data required time
                                             -0.852705   data arrival time
---------------------------------------------------------------------------------------------
                                             14.897296   slack (MET)


Startpoint: _47_ (rising edge-triggered flip-flop clocked by clk)
Endpoint: q[1] (output port clocked by clk)
Path Group: clk
Path Type: max

Fanout         Cap        Slew       Delay        Time   Description
---------------------------------------------------------------------------------------------
                                  0.000000    0.000000   clock clk (rise edge)
                                  0.000000    0.000000   clock source latency
     1    0.009204    0.047862    0.031412    0.031412 ^ clk (in)
                                                         clk (net)
                      0.047862    0.000000    0.031412 ^ clkbuf_0_clk/A (sky130_fd_sc_hd__clkbuf_16)
     2    0.017860    0.040023    0.124461    0.155873 ^ clkbuf_0_clk/X (sky130_fd_sc_hd__clkbuf_16)
                                                         clknet_0_clk (net)
                      0.040024    0.000072    0.155946 ^ clkbuf_1_0__f_clk/A (sky130_fd_sc_hd__clkbuf_16)
     4    0.009645    0.033028    0.113729    0.269675 ^ clkbuf_1_0__f_clk/X (sky130_fd_sc_hd__clkbuf_16)
                                                         clknet_1_0__leaf_clk (net)
                      0.033028    0.000029    0.269704 ^ _47_/CLK (sky130_fd_sc_hd__dfrtp_1)
     4    0.009864    0.102116    0.357918    0.627622 ^ _47_/Q (sky130_fd_sc_hd__dfrtp_1)
                                                         net3 (net)
                      0.102116    0.000017    0.627639 ^ output3/A (sky130_fd_sc_hd__buf_2)
     1    0.035377    0.175582    0.223071    0.850711 ^ output3/X (sky130_fd_sc_hd__buf_2)
                                                         q[1] (net)
                      0.175582    0.000298    0.851008 ^ q[1] (out)
                                              0.851008   data arrival time

                                 20.000000   20.000000   clock clk (rise edge)
                                  0.000000   20.000000   clock network delay (propagated)
                                 -0.250000   19.750002   clock uncertainty
                                  0.000000   19.750002   clock reconvergence pessimism
                                 -4.000000   15.750001   output external delay
                                             15.750001   data required time
---------------------------------------------------------------------------------------------
                                             15.750001   data required time
                                             -0.851008   data arrival time
---------------------------------------------------------------------------------------------
                                             14.898993   slack (MET)


Startpoint: _46_ (rising edge-triggered flip-flop clocked by clk)
Endpoint: q[0] (output port clocked by clk)
Path Group: clk
Path Type: max

Fanout         Cap        Slew       Delay        Time   Description
---------------------------------------------------------------------------------------------
                                  0.000000    0.000000   clock clk (rise edge)
                                  0.000000    0.000000   clock source latency
     1    0.009204    0.047862    0.031412    0.031412 ^ clk (in)
                                                         clk (net)
                      0.047862    0.000000    0.031412 ^ clkbuf_0_clk/A (sky130_fd_sc_hd__clkbuf_16)
     2    0.017860    0.040023    0.124461    0.155873 ^ clkbuf_0_clk/X (sky130_fd_sc_hd__clkbuf_16)
                                                         clknet_0_clk (net)
                      0.040024    0.000072    0.155946 ^ clkbuf_1_0__f_clk/A (sky130_fd_sc_hd__clkbuf_16)
     4    0.009645    0.033028    0.113729    0.269675 ^ clkbuf_1_0__f_clk/X (sky130_fd_sc_hd__clkbuf_16)
                                                         clknet_1_0__leaf_clk (net)
                      0.033028    0.000048    0.269722 ^ _46_/CLK (sky130_fd_sc_hd__dfrtp_1)
     4    0.009302    0.097524    0.354475    0.624197 ^ _46_/Q (sky130_fd_sc_hd__dfrtp_1)
                                                         net2 (net)
                      0.097524    0.000016    0.624214 ^ output2/A (sky130_fd_sc_hd__buf_2)
     1    0.034522    0.171552    0.218576    0.842790 ^ output2/X (sky130_fd_sc_hd__buf_2)
                                                         q[0] (net)
                      0.171552    0.000244    0.843034 ^ q[0] (out)
                                              0.843034   data arrival time

                                 20.000000   20.000000   clock clk (rise edge)
                                  0.000000   20.000000   clock network delay (propagated)
                                 -0.250000   19.750002   clock uncertainty
                                  0.000000   19.750002   clock reconvergence pessimism
                                 -4.000000   15.750001   output external delay
                                             15.750001   data required time
---------------------------------------------------------------------------------------------
                                             15.750001   data required time
                                             -0.843034   data arrival time
---------------------------------------------------------------------------------------------
                                             14.906967   slack (MET)


Startpoint: _50_ (rising edge-triggered flip-flop clocked by clk)
Endpoint: q[4] (output port clocked by clk)
Path Group: clk
Path Type: max

Fanout         Cap        Slew       Delay        Time   Description
---------------------------------------------------------------------------------------------
                                  0.000000    0.000000   clock clk (rise edge)
                                  0.000000    0.000000   clock source latency
     1    0.009204    0.047862    0.031412    0.031412 ^ clk (in)
                                                         clk (net)
                      0.047862    0.000000    0.031412 ^ clkbuf_0_clk/A (sky130_fd_sc_hd__clkbuf_16)
     2    0.017860    0.040023    0.124461    0.155873 ^ clkbuf_0_clk/X (sky130_fd_sc_hd__clkbuf_16)
                                                         clknet_0_clk (net)
                      0.040024    0.000059    0.155933 ^ clkbuf_1_1__f_clk/A (sky130_fd_sc_hd__clkbuf_16)
     4    0.009666    0.033045    0.113747    0.269679 ^ clkbuf_1_1__f_clk/X (sky130_fd_sc_hd__clkbuf_16)
                                                         clknet_1_1__leaf_clk (net)
                      0.033045    0.000056    0.269735 ^ _50_/CLK (sky130_fd_sc_hd__dfrtp_1)
     4    0.008453    0.066477    0.379911    0.649646 v _50_/Q (sky130_fd_sc_hd__dfrtp_1)
                                                         net6 (net)
                      0.066477    0.000007    0.649653 v output6/A (sky130_fd_sc_hd__buf_2)
     1    0.033953    0.088525    0.189556    0.839210 v output6/X (sky130_fd_sc_hd__buf_2)
                                                         q[4] (net)
                      0.088525    0.000074    0.839284 v q[4] (out)
                                              0.839284   data arrival time

                                 20.000000   20.000000   clock clk (rise edge)
                                  0.000000   20.000000   clock network delay (propagated)
                                 -0.250000   19.750002   clock uncertainty
                                  0.000000   19.750002   clock reconvergence pessimism
                                 -4.000000   15.750001   output external delay
                                             15.750001   data required time
---------------------------------------------------------------------------------------------
                                             15.750001   data required time
                                             -0.839284   data arrival time
---------------------------------------------------------------------------------------------
                                             14.910717   slack (MET)


Startpoint: _48_ (rising edge-triggered flip-flop clocked by clk)
Endpoint: q[2] (output port clocked by clk)
Path Group: clk
Path Type: max

Fanout         Cap        Slew       Delay        Time   Description
---------------------------------------------------------------------------------------------
                                  0.000000    0.000000   clock clk (rise edge)
                                  0.000000    0.000000   clock source latency
     1    0.009204    0.047862    0.031412    0.031412 ^ clk (in)
                                                         clk (net)
                      0.047862    0.000000    0.031412 ^ clkbuf_0_clk/A (sky130_fd_sc_hd__clkbuf_16)
     2    0.017860    0.040023    0.124461    0.155873 ^ clkbuf_0_clk/X (sky130_fd_sc_hd__clkbuf_16)
                                                         clknet_0_clk (net)
                      0.040024    0.000072    0.155946 ^ clkbuf_1_0__f_clk/A (sky130_fd_sc_hd__clkbuf_16)
     4    0.009645    0.033028    0.113729    0.269675 ^ clkbuf_1_0__f_clk/X (sky130_fd_sc_hd__clkbuf_16)
                                                         clknet_1_0__leaf_clk (net)
                      0.033028    0.000020    0.269695 ^ _48_/CLK (sky130_fd_sc_hd__dfrtp_1)
     3    0.006890    0.058157    0.371442    0.641137 v _48_/Q (sky130_fd_sc_hd__dfrtp_1)
                                                         net4 (net)
                      0.058157    0.000046    0.641184 v output4/A (sky130_fd_sc_hd__buf_2)
     1    0.035773    0.092551    0.188947    0.830131 v output4/X (sky130_fd_sc_hd__buf_2)
                                                         q[2] (net)
                      0.092551    0.000356    0.830487 v q[2] (out)
                                              0.830487   data arrival time

                                 20.000000   20.000000   clock clk (rise edge)
                                  0.000000   20.000000   clock network delay (propagated)
                                 -0.250000   19.750002   clock uncertainty
                                  0.000000   19.750002   clock reconvergence pessimism
                                 -4.000000   15.750001   output external delay
                                             15.750001   data required time
---------------------------------------------------------------------------------------------
                                             15.750001   data required time
                                             -0.830487   data arrival time
---------------------------------------------------------------------------------------------
                                             14.919513   slack (MET)


Startpoint: _52_ (rising edge-triggered flip-flop clocked by clk)
Endpoint: q[6] (output port clocked by clk)
Path Group: clk
Path Type: max

Fanout         Cap        Slew       Delay        Time   Description
---------------------------------------------------------------------------------------------
                                  0.000000    0.000000   clock clk (rise edge)
                                  0.000000    0.000000   clock source latency
     1    0.009204    0.047862    0.031412    0.031412 ^ clk (in)
                                                         clk (net)
                      0.047862    0.000000    0.031412 ^ clkbuf_0_clk/A (sky130_fd_sc_hd__clkbuf_16)
     2    0.017860    0.040023    0.124461    0.155873 ^ clkbuf_0_clk/X (sky130_fd_sc_hd__clkbuf_16)
                                                         clknet_0_clk (net)
                      0.040024    0.000059    0.155933 ^ clkbuf_1_1__f_clk/A (sky130_fd_sc_hd__clkbuf_16)
     4    0.009666    0.033045    0.113747    0.269679 ^ clkbuf_1_1__f_clk/X (sky130_fd_sc_hd__clkbuf_16)
                                                         clknet_1_1__leaf_clk (net)
                      0.033045    0.000038    0.269717 ^ _52_/CLK (sky130_fd_sc_hd__dfrtp_1)
     3    0.006496    0.057709    0.369345    0.639062 v _52_/Q (sky130_fd_sc_hd__dfrtp_1)
                                                         net8 (net)
                      0.057709    0.000013    0.639075 v output8/A (sky130_fd_sc_hd__buf_2)
     1    0.034809    0.090438    0.187019    0.826094 v output8/X (sky130_fd_sc_hd__buf_2)
                                                         q[6] (net)
                      0.090438    0.000258    0.826352 v q[6] (out)
                                              0.826352   data arrival time

                                 20.000000   20.000000   clock clk (rise edge)
                                  0.000000   20.000000   clock network delay (propagated)
                                 -0.250000   19.750002   clock uncertainty
                                  0.000000   19.750002   clock reconvergence pessimism
                                 -4.000000   15.750001   output external delay
                                             15.750001   data required time
---------------------------------------------------------------------------------------------
                                             15.750001   data required time
                                             -0.826352   data arrival time
---------------------------------------------------------------------------------------------
                                             14.923649   slack (MET)


Startpoint: _51_ (rising edge-triggered flip-flop clocked by clk)
Endpoint: q[5] (output port clocked by clk)
Path Group: clk
Path Type: max

Fanout         Cap        Slew       Delay        Time   Description
---------------------------------------------------------------------------------------------
                                  0.000000    0.000000   clock clk (rise edge)
                                  0.000000    0.000000   clock source latency
     1    0.009204    0.047862    0.031412    0.031412 ^ clk (in)
                                                         clk (net)
                      0.047862    0.000000    0.031412 ^ clkbuf_0_clk/A (sky130_fd_sc_hd__clkbuf_16)
     2    0.017860    0.040023    0.124461    0.155873 ^ clkbuf_0_clk/X (sky130_fd_sc_hd__clkbuf_16)
                                                         clknet_0_clk (net)
                      0.040024    0.000059    0.155933 ^ clkbuf_1_1__f_clk/A (sky130_fd_sc_hd__clkbuf_16)
     4    0.009666    0.033045    0.113747    0.269679 ^ clkbuf_1_1__f_clk/X (sky130_fd_sc_hd__clkbuf_16)
                                                         clknet_1_1__leaf_clk (net)
                      0.033045    0.000058    0.269738 ^ _51_/CLK (sky130_fd_sc_hd__dfrtp_1)
     3    0.006462    0.057559    0.369164    0.638902 v _51_/Q (sky130_fd_sc_hd__dfrtp_1)
                                                         net7 (net)
                      0.057559    0.000007    0.638909 v output7/A (sky130_fd_sc_hd__buf_2)
     1    0.033989    0.088596    0.185559    0.824468 v output7/X (sky130_fd_sc_hd__buf_2)
                                                         q[5] (net)
                      0.088596    0.000083    0.824551 v q[5] (out)
                                              0.824551   data arrival time

                                 20.000000   20.000000   clock clk (rise edge)
                                  0.000000   20.000000   clock network delay (propagated)
                                 -0.250000   19.750002   clock uncertainty
                                  0.000000   19.750002   clock reconvergence pessimism
                                 -4.000000   15.750001   output external delay
                                             15.750001   data required time
---------------------------------------------------------------------------------------------
                                             15.750001   data required time
                                             -0.824551   data arrival time
---------------------------------------------------------------------------------------------
                                             14.925449   slack (MET)


Startpoint: _53_ (rising edge-triggered flip-flop clocked by clk)
Endpoint: q[7] (output port clocked by clk)
Path Group: clk
Path Type: max

Fanout         Cap        Slew       Delay        Time   Description
---------------------------------------------------------------------------------------------
                                  0.000000    0.000000   clock clk (rise edge)
                                  0.000000    0.000000   clock source latency
     1    0.009204    0.047862    0.031412    0.031412 ^ clk (in)
                                                         clk (net)
                      0.047862    0.000000    0.031412 ^ clkbuf_0_clk/A (sky130_fd_sc_hd__clkbuf_16)
     2    0.017860    0.040023    0.124461    0.155873 ^ clkbuf_0_clk/X (sky130_fd_sc_hd__clkbuf_16)
                                                         clknet_0_clk (net)
                      0.040024    0.000059    0.155933 ^ clkbuf_1_1__f_clk/A (sky130_fd_sc_hd__clkbuf_16)
     4    0.009666    0.033045    0.113747    0.269679 ^ clkbuf_1_1__f_clk/X (sky130_fd_sc_hd__clkbuf_16)
                                                         clknet_1_1__leaf_clk (net)
                      0.033045    0.000034    0.269713 ^ _53_/CLK (sky130_fd_sc_hd__dfrtp_1)
     2    0.003720    0.045272    0.354359    0.624072 v _53_/Q (sky130_fd_sc_hd__dfrtp_1)
                                                         net9 (net)
                      0.045272    0.000007    0.624079 v output9/A (sky130_fd_sc_hd__buf_2)
     1    0.034568    0.089935    0.181164    0.805243 v output9/X (sky130_fd_sc_hd__buf_2)
                                                         q[7] (net)
                      0.089935    0.000179    0.805423 v q[7] (out)
                                              0.805423   data arrival time

                                 20.000000   20.000000   clock clk (rise edge)
                                  0.000000   20.000000   clock network delay (propagated)
                                 -0.250000   19.750002   clock uncertainty
                                  0.000000   19.750002   clock reconvergence pessimism
                                 -4.000000   15.750001   output external delay
                                             15.750001   data required time
---------------------------------------------------------------------------------------------
                                             15.750001   data required time
                                             -0.805423   data arrival time
---------------------------------------------------------------------------------------------
                                             14.944577   slack (MET)


Startpoint: rst (input port clocked by clk)
Endpoint: _52_ (recovery check against rising-edge clock clk)
Path Group: asynchronous
Path Type: max

Fanout         Cap        Slew       Delay        Time   Description
---------------------------------------------------------------------------------------------
                                  0.000000    0.000000   clock clk (rise edge)
                                  0.000000    0.000000   clock network delay (propagated)
                                  4.000000    4.000000 v input external delay
     1    0.002987    0.009065    0.004728    4.004728 v rst (in)
                                                         rst (net)
                      0.009065    0.000000    4.004728 v input1/A (sky130_fd_sc_hd__clkbuf_4)
     8    0.038925    0.087797    0.174449    4.179178 v input1/X (sky130_fd_sc_hd__clkbuf_4)
                                                         net1 (net)
                      0.087797    0.000331    4.179508 v _44_/A (sky130_fd_sc_hd__inv_2)
     1    0.005549    0.040486    0.066300    4.245809 ^ _44_/Y (sky130_fd_sc_hd__inv_2)
                                                         _14_ (net)
                      0.040486    0.000041    4.245850 ^ _52_/RESET_B (sky130_fd_sc_hd__dfrtp_1)
                                              4.245850   data arrival time

                                 20.000000   20.000000   clock clk (rise edge)
                                  0.000000   20.000000   clock source latency
     1    0.009204    0.047862    0.031413   20.031414 ^ clk (in)
                                                         clk (net)
                      0.047862    0.000000   20.031414 ^ clkbuf_0_clk/A (sky130_fd_sc_hd__clkbuf_16)
     2    0.017860    0.040023    0.124460   20.155874 ^ clkbuf_0_clk/X (sky130_fd_sc_hd__clkbuf_16)
                                                         clknet_0_clk (net)
                      0.040024    0.000059   20.155933 ^ clkbuf_1_1__f_clk/A (sky130_fd_sc_hd__clkbuf_16)
     4    0.009666    0.033045    0.113747   20.269680 ^ clkbuf_1_1__f_clk/X (sky130_fd_sc_hd__clkbuf_16)
                                                         clknet_1_1__leaf_clk (net)
                      0.033045    0.000037   20.269716 ^ _52_/CLK (sky130_fd_sc_hd__dfrtp_1)
                                 -0.250000   20.019718   clock uncertainty
                                  0.000000   20.019718   clock reconvergence pessimism
                                  0.227838   20.247555   library recovery time
                                             20.247555   data required time
---------------------------------------------------------------------------------------------
                                             20.247555   data required time
                                             -4.245850   data arrival time
---------------------------------------------------------------------------------------------
                                             16.001705   slack (MET)


Startpoint: rst (input port clocked by clk)
Endpoint: _53_ (recovery check against rising-edge clock clk)
Path Group: asynchronous
Path Type: max

Fanout         Cap        Slew       Delay        Time   Description
---------------------------------------------------------------------------------------------
                                  0.000000    0.000000   clock clk (rise edge)
                                  0.000000    0.000000   clock network delay (propagated)
                                  4.000000    4.000000 v input external delay
     1    0.002987    0.009065    0.004728    4.004728 v rst (in)
                                                         rst (net)
                      0.009065    0.000000    4.004728 v input1/A (sky130_fd_sc_hd__clkbuf_4)
     8    0.038925    0.087797    0.174449    4.179178 v input1/X (sky130_fd_sc_hd__clkbuf_4)
                                                         net1 (net)
                      0.087797    0.000200    4.179378 v _45_/A (sky130_fd_sc_hd__inv_2)
     1    0.005360    0.039851    0.065640    4.245018 ^ _45_/Y (sky130_fd_sc_hd__inv_2)
                                                         _15_ (net)
                      0.039851    0.000050    4.245068 ^ _53_/RESET_B (sky130_fd_sc_hd__dfrtp_1)
                                              4.245068   data arrival time

                                 20.000000   20.000000   clock clk (rise edge)
                                  0.000000   20.000000   clock source latency
     1    0.009204    0.047862    0.031413   20.031414 ^ clk (in)
                                                         clk (net)
                      0.047862    0.000000   20.031414 ^ clkbuf_0_clk/A (sky130_fd_sc_hd__clkbuf_16)
     2    0.017860    0.040023    0.124460   20.155874 ^ clkbuf_0_clk/X (sky130_fd_sc_hd__clkbuf_16)
                                                         clknet_0_clk (net)
                      0.040024    0.000059   20.155933 ^ clkbuf_1_1__f_clk/A (sky130_fd_sc_hd__clkbuf_16)
     4    0.009666    0.033045    0.113747   20.269680 ^ clkbuf_1_1__f_clk/X (sky130_fd_sc_hd__clkbuf_16)
                                                         clknet_1_1__leaf_clk (net)
                      0.033045    0.000034   20.269714 ^ _53_/CLK (sky130_fd_sc_hd__dfrtp_1)
                                 -0.250000   20.019714   clock uncertainty
                                  0.000000   20.019714   clock reconvergence pessimism
                                  0.228003   20.247717   library recovery time
                                             20.247717   data required time
---------------------------------------------------------------------------------------------
                                             20.247717   data required time
                                             -4.245068   data arrival time
---------------------------------------------------------------------------------------------
                                             16.002649   slack (MET)


Startpoint: rst (input port clocked by clk)
Endpoint: _47_ (recovery check against rising-edge clock clk)
Path Group: asynchronous
Path Type: max

Fanout         Cap        Slew       Delay        Time   Description
---------------------------------------------------------------------------------------------
                                  0.000000    0.000000   clock clk (rise edge)
                                  0.000000    0.000000   clock network delay (propagated)
                                  4.000000    4.000000 v input external delay
     1    0.002987    0.009065    0.004728    4.004728 v rst (in)
                                                         rst (net)
                      0.009065    0.000000    4.004728 v input1/A (sky130_fd_sc_hd__clkbuf_4)
     8    0.038925    0.087797    0.174449    4.179178 v input1/X (sky130_fd_sc_hd__clkbuf_4)
                                                         net1 (net)
                      0.087797    0.000273    4.179451 v _39_/A (sky130_fd_sc_hd__inv_2)
     1    0.004952    0.038490    0.064232    4.243683 ^ _39_/Y (sky130_fd_sc_hd__inv_2)
                                                         _09_ (net)
                      0.038490    0.000028    4.243711 ^ _47_/RESET_B (sky130_fd_sc_hd__dfrtp_1)
                                              4.243711   data arrival time

                                 20.000000   20.000000   clock clk (rise edge)
                                  0.000000   20.000000   clock source latency
     1    0.009204    0.047862    0.031413   20.031414 ^ clk (in)
                                                         clk (net)
                      0.047862    0.000000   20.031414 ^ clkbuf_0_clk/A (sky130_fd_sc_hd__clkbuf_16)
     2    0.017860    0.040023    0.124460   20.155874 ^ clkbuf_0_clk/X (sky130_fd_sc_hd__clkbuf_16)
                                                         clknet_0_clk (net)
                      0.040024    0.000073   20.155947 ^ clkbuf_1_0__f_clk/A (sky130_fd_sc_hd__clkbuf_16)
     4    0.009645    0.033028    0.113728   20.269674 ^ clkbuf_1_0__f_clk/X (sky130_fd_sc_hd__clkbuf_16)
                                                         clknet_1_0__leaf_clk (net)
                      0.033028    0.000030   20.269705 ^ _47_/CLK (sky130_fd_sc_hd__dfrtp_1)
                                 -0.250000   20.019705   clock uncertainty
                                  0.000000   20.019705   clock reconvergence pessimism
                                  0.228350   20.248056   library recovery time
                                             20.248056   data required time
---------------------------------------------------------------------------------------------
                                             20.248056   data required time
                                             -4.243711   data arrival time
---------------------------------------------------------------------------------------------
                                             16.004345   slack (MET)


Startpoint: rst (input port clocked by clk)
Endpoint: _50_ (recovery check against rising-edge clock clk)
Path Group: asynchronous
Path Type: max

Fanout         Cap        Slew       Delay        Time   Description
---------------------------------------------------------------------------------------------
                                  0.000000    0.000000   clock clk (rise edge)
                                  0.000000    0.000000   clock network delay (propagated)
                                  4.000000    4.000000 v input external delay
     1    0.002987    0.009065    0.004728    4.004728 v rst (in)
                                                         rst (net)
                      0.009065    0.000000    4.004728 v input1/A (sky130_fd_sc_hd__clkbuf_4)
     8    0.038925    0.087797    0.174449    4.179178 v input1/X (sky130_fd_sc_hd__clkbuf_4)
                                                         net1 (net)
                      0.087797    0.000325    4.179502 v _42_/A (sky130_fd_sc_hd__inv_2)
     1    0.004791    0.037950    0.063669    4.243171 ^ _42_/Y (sky130_fd_sc_hd__inv_2)
                                                         _12_ (net)
                      0.037950    0.000030    4.243201 ^ _50_/RESET_B (sky130_fd_sc_hd__dfrtp_1)
                                              4.243201   data arrival time

                                 20.000000   20.000000   clock clk (rise edge)
                                  0.000000   20.000000   clock source latency
     1    0.009204    0.047862    0.031413   20.031414 ^ clk (in)
                                                         clk (net)
                      0.047862    0.000000   20.031414 ^ clkbuf_0_clk/A (sky130_fd_sc_hd__clkbuf_16)
     2    0.017860    0.040023    0.124460   20.155874 ^ clkbuf_0_clk/X (sky130_fd_sc_hd__clkbuf_16)
                                                         clknet_0_clk (net)
                      0.040024    0.000059   20.155933 ^ clkbuf_1_1__f_clk/A (sky130_fd_sc_hd__clkbuf_16)
     4    0.009666    0.033045    0.113747   20.269680 ^ clkbuf_1_1__f_clk/X (sky130_fd_sc_hd__clkbuf_16)
                                                         clknet_1_1__leaf_clk (net)
                      0.033045    0.000055   20.269735 ^ _50_/CLK (sky130_fd_sc_hd__dfrtp_1)
                                 -0.250000   20.019735   clock uncertainty
                                  0.000000   20.019735   clock reconvergence pessimism
                                  0.228496   20.248232   library recovery time
                                             20.248232   data required time
---------------------------------------------------------------------------------------------
                                             20.248232   data required time
                                             -4.243201   data arrival time
---------------------------------------------------------------------------------------------
                                             16.005032   slack (MET)


Startpoint: rst (input port clocked by clk)
Endpoint: _46_ (recovery check against rising-edge clock clk)
Path Group: asynchronous
Path Type: max

Fanout         Cap        Slew       Delay        Time   Description
---------------------------------------------------------------------------------------------
                                  0.000000    0.000000   clock clk (rise edge)
                                  0.000000    0.000000   clock network delay (propagated)
                                  4.000000    4.000000 v input external delay
     1    0.002987    0.009065    0.004728    4.004728 v rst (in)
                                                         rst (net)
                      0.009065    0.000000    4.004728 v input1/A (sky130_fd_sc_hd__clkbuf_4)
     8    0.038925    0.087797    0.174449    4.179178 v input1/X (sky130_fd_sc_hd__clkbuf_4)
                                                         net1 (net)
                      0.087797    0.000284    4.179461 v _24_/A (sky130_fd_sc_hd__inv_2)
     1    0.004491    0.036950    0.062632    4.242093 ^ _24_/Y (sky130_fd_sc_hd__inv_2)
                                                         _08_ (net)
                      0.036950    0.000019    4.242112 ^ _46_/RESET_B (sky130_fd_sc_hd__dfrtp_1)
                                              4.242112   data arrival time

                                 20.000000   20.000000   clock clk (rise edge)
                                  0.000000   20.000000   clock source latency
     1    0.009204    0.047862    0.031413   20.031414 ^ clk (in)
                                                         clk (net)
                      0.047862    0.000000   20.031414 ^ clkbuf_0_clk/A (sky130_fd_sc_hd__clkbuf_16)
     2    0.017860    0.040023    0.124460   20.155874 ^ clkbuf_0_clk/X (sky130_fd_sc_hd__clkbuf_16)
                                                         clknet_0_clk (net)
                      0.040024    0.000073   20.155947 ^ clkbuf_1_0__f_clk/A (sky130_fd_sc_hd__clkbuf_16)
     4    0.009645    0.033028    0.113728   20.269674 ^ clkbuf_1_0__f_clk/X (sky130_fd_sc_hd__clkbuf_16)
                                                         clknet_1_0__leaf_clk (net)
                      0.033028    0.000048   20.269722 ^ _46_/CLK (sky130_fd_sc_hd__dfrtp_1)
                                 -0.250000   20.019724   clock uncertainty
                                  0.000000   20.019724   clock reconvergence pessimism
                                  0.228750   20.248474   library recovery time
                                             20.248474   data required time
---------------------------------------------------------------------------------------------
                                             20.248474   data required time
                                             -4.242112   data arrival time
---------------------------------------------------------------------------------------------
                                             16.006361   slack (MET)


Startpoint: rst (input port clocked by clk)
Endpoint: _51_ (recovery check against rising-edge clock clk)
Path Group: asynchronous
Path Type: max

Fanout         Cap        Slew       Delay        Time   Description
---------------------------------------------------------------------------------------------
                                  0.000000    0.000000   clock clk (rise edge)
                                  0.000000    0.000000   clock network delay (propagated)
                                  4.000000    4.000000 v input external delay
     1    0.002987    0.009065    0.004728    4.004728 v rst (in)
                                                         rst (net)
                      0.009065    0.000000    4.004728 v input1/A (sky130_fd_sc_hd__clkbuf_4)
     8    0.038925    0.087797    0.174449    4.179178 v input1/X (sky130_fd_sc_hd__clkbuf_4)
                                                         net1 (net)
                      0.087797    0.000030    4.179208 v _43_/A (sky130_fd_sc_hd__inv_2)
     1    0.004492    0.036952    0.062634    4.241842 ^ _43_/Y (sky130_fd_sc_hd__inv_2)
                                                         _13_ (net)
                      0.036952    0.000019    4.241861 ^ _51_/RESET_B (sky130_fd_sc_hd__dfrtp_1)
                                              4.241861   data arrival time

                                 20.000000   20.000000   clock clk (rise edge)
                                  0.000000   20.000000   clock source latency
     1    0.009204    0.047862    0.031413   20.031414 ^ clk (in)
                                                         clk (net)
                      0.047862    0.000000   20.031414 ^ clkbuf_0_clk/A (sky130_fd_sc_hd__clkbuf_16)
     2    0.017860    0.040023    0.124460   20.155874 ^ clkbuf_0_clk/X (sky130_fd_sc_hd__clkbuf_16)
                                                         clknet_0_clk (net)
                      0.040024    0.000059   20.155933 ^ clkbuf_1_1__f_clk/A (sky130_fd_sc_hd__clkbuf_16)
     4    0.009666    0.033045    0.113747   20.269680 ^ clkbuf_1_1__f_clk/X (sky130_fd_sc_hd__clkbuf_16)
                                                         clknet_1_1__leaf_clk (net)
                      0.033045    0.000059   20.269739 ^ _51_/CLK (sky130_fd_sc_hd__dfrtp_1)
                                 -0.250000   20.019739   clock uncertainty
                                  0.000000   20.019739   clock reconvergence pessimism
                                  0.228755   20.248493   library recovery time
                                             20.248493   data required time
---------------------------------------------------------------------------------------------
                                             20.248493   data required time
                                             -4.241861   data arrival time
---------------------------------------------------------------------------------------------
                                             16.006632   slack (MET)


Startpoint: rst (input port clocked by clk)
Endpoint: _48_ (recovery check against rising-edge clock clk)
Path Group: asynchronous
Path Type: max

Fanout         Cap        Slew       Delay        Time   Description
---------------------------------------------------------------------------------------------
                                  0.000000    0.000000   clock clk (rise edge)
                                  0.000000    0.000000   clock network delay (propagated)
                                  4.000000    4.000000 v input external delay
     1    0.002987    0.009065    0.004728    4.004728 v rst (in)
                                                         rst (net)
                      0.009065    0.000000    4.004728 v input1/A (sky130_fd_sc_hd__clkbuf_4)
     8    0.038925    0.087797    0.174449    4.179178 v input1/X (sky130_fd_sc_hd__clkbuf_4)
                                                         net1 (net)
                      0.087797    0.000255    4.179432 v _40_/A (sky130_fd_sc_hd__inv_2)
     1    0.004390    0.036611    0.062281    4.241714 ^ _40_/Y (sky130_fd_sc_hd__inv_2)
                                                         _10_ (net)
                      0.036611    0.000013    4.241726 ^ _48_/RESET_B (sky130_fd_sc_hd__dfrtp_1)
                                              4.241726   data arrival time

                                 20.000000   20.000000   clock clk (rise edge)
                                  0.000000   20.000000   clock source latency
     1    0.009204    0.047862    0.031413   20.031414 ^ clk (in)
                                                         clk (net)
                      0.047862    0.000000   20.031414 ^ clkbuf_0_clk/A (sky130_fd_sc_hd__clkbuf_16)
     2    0.017860    0.040023    0.124460   20.155874 ^ clkbuf_0_clk/X (sky130_fd_sc_hd__clkbuf_16)
                                                         clknet_0_clk (net)
                      0.040024    0.000073   20.155947 ^ clkbuf_1_0__f_clk/A (sky130_fd_sc_hd__clkbuf_16)
     4    0.009645    0.033028    0.113728   20.269674 ^ clkbuf_1_0__f_clk/X (sky130_fd_sc_hd__clkbuf_16)
                                                         clknet_1_0__leaf_clk (net)
                      0.033028    0.000021   20.269695 ^ _48_/CLK (sky130_fd_sc_hd__dfrtp_1)
                                 -0.250000   20.019697   clock uncertainty
                                  0.000000   20.019697   clock reconvergence pessimism
                                  0.228838   20.248533   library recovery time
                                             20.248533   data required time
---------------------------------------------------------------------------------------------
                                             20.248533   data required time
                                             -4.241726   data arrival time
---------------------------------------------------------------------------------------------
                                             16.006809   slack (MET)


Startpoint: rst (input port clocked by clk)
Endpoint: _49_ (recovery check against rising-edge clock clk)
Path Group: asynchronous
Path Type: max

Fanout         Cap        Slew       Delay        Time   Description
---------------------------------------------------------------------------------------------
                                  0.000000    0.000000   clock clk (rise edge)
                                  0.000000    0.000000   clock network delay (propagated)
                                  4.000000    4.000000 v input external delay
     1    0.002987    0.009065    0.004728    4.004728 v rst (in)
                                                         rst (net)
                      0.009065    0.000000    4.004728 v input1/A (sky130_fd_sc_hd__clkbuf_4)
     8    0.038925    0.087797    0.174449    4.179178 v input1/X (sky130_fd_sc_hd__clkbuf_4)
                                                         net1 (net)
                      0.087797    0.000293    4.179471 v _41_/A (sky130_fd_sc_hd__inv_2)
     1    0.003815    0.035581    0.059556    4.239027 ^ _41_/Y (sky130_fd_sc_hd__inv_2)
                                                         _11_ (net)
                      0.035581    0.000004    4.239031 ^ _49_/RESET_B (sky130_fd_sc_hd__dfrtp_1)
                                              4.239031   data arrival time

                                 20.000000   20.000000   clock clk (rise edge)
                                  0.000000   20.000000   clock source latency
     1    0.009204    0.047862    0.031413   20.031414 ^ clk (in)
                                                         clk (net)
                      0.047862    0.000000   20.031414 ^ clkbuf_0_clk/A (sky130_fd_sc_hd__clkbuf_16)
     2    0.017860    0.040023    0.124460   20.155874 ^ clkbuf_0_clk/X (sky130_fd_sc_hd__clkbuf_16)
                                                         clknet_0_clk (net)
                      0.040024    0.000073   20.155947 ^ clkbuf_1_0__f_clk/A (sky130_fd_sc_hd__clkbuf_16)
     4    0.009645    0.033028    0.113728   20.269674 ^ clkbuf_1_0__f_clk/X (sky130_fd_sc_hd__clkbuf_16)
                                                         clknet_1_0__leaf_clk (net)
                      0.033028    0.000050   20.269724 ^ _49_/CLK (sky130_fd_sc_hd__dfrtp_1)
                                 -0.250000   20.019726   clock uncertainty
                                  0.000000   20.019726   clock reconvergence pessimism
                                  0.229105   20.248831   library recovery time
                                             20.248831   data required time
---------------------------------------------------------------------------------------------
                                             20.248831   data required time
                                             -4.239031   data arrival time
---------------------------------------------------------------------------------------------
                                             16.009800   slack (MET)


Startpoint: _48_ (rising edge-triggered flip-flop clocked by clk)
Endpoint: _48_ (rising edge-triggered flip-flop clocked by clk)
Path Group: clk
Path Type: max

Fanout         Cap        Slew       Delay        Time   Description
---------------------------------------------------------------------------------------------
                                  0.000000    0.000000   clock clk (rise edge)
                                  0.000000    0.000000   clock source latency
     1    0.009204    0.047862    0.031412    0.031412 ^ clk (in)
                                                         clk (net)
                      0.047862    0.000000    0.031412 ^ clkbuf_0_clk/A (sky130_fd_sc_hd__clkbuf_16)
     2    0.017860    0.040023    0.124461    0.155873 ^ clkbuf_0_clk/X (sky130_fd_sc_hd__clkbuf_16)
                                                         clknet_0_clk (net)
                      0.040024    0.000072    0.155946 ^ clkbuf_1_0__f_clk/A (sky130_fd_sc_hd__clkbuf_16)
     4    0.009645    0.033028    0.113729    0.269675 ^ clkbuf_1_0__f_clk/X (sky130_fd_sc_hd__clkbuf_16)
                                                         clknet_1_0__leaf_clk (net)
                      0.033028    0.000020    0.269695 ^ _48_/CLK (sky130_fd_sc_hd__dfrtp_1)
     3    0.006890    0.058157    0.371442    0.641137 v _48_/Q (sky130_fd_sc_hd__dfrtp_1)
                                                         net4 (net)
                      0.058157    0.000031    0.641168 v hold6/A (sky130_fd_sc_hd__dlygate4sd3_1)
     1    0.003177    0.055417    0.557075    1.198243 v hold6/X (sky130_fd_sc_hd__dlygate4sd3_1)
                                                         net15 (net)
                      0.055417    0.000017    1.198261 v _27_/B1 (sky130_fd_sc_hd__a21oi_1)
     1    0.002634    0.103537    0.110277    1.308538 ^ _27_/Y (sky130_fd_sc_hd__a21oi_1)
                                                         _17_ (net)
                      0.103537    0.000012    1.308550 ^ hold7/A (sky130_fd_sc_hd__dlygate4sd3_1)
     1    0.003358    0.060257    0.557265    1.865815 ^ hold7/X (sky130_fd_sc_hd__dlygate4sd3_1)
                                                         net16 (net)
                      0.060257    0.000014    1.865829 ^ _28_/B (sky130_fd_sc_hd__nor2_1)
     1    0.002426    0.037344    0.038659    1.904488 v _28_/Y (sky130_fd_sc_hd__nor2_1)
                                                         _02_ (net)
                      0.037344    0.000004    1.904493 v _48_/D (sky130_fd_sc_hd__dfrtp_1)
                                              1.904493   data arrival time

                                 20.000000   20.000000   clock clk (rise edge)
                                  0.000000   20.000000   clock source latency
     1    0.009204    0.047862    0.031413   20.031414 ^ clk (in)
                                                         clk (net)
                      0.047862    0.000000   20.031414 ^ clkbuf_0_clk/A (sky130_fd_sc_hd__clkbuf_16)
     2    0.017860    0.040023    0.124460   20.155874 ^ clkbuf_0_clk/X (sky130_fd_sc_hd__clkbuf_16)
                                                         clknet_0_clk (net)
                      0.040024    0.000073   20.155947 ^ clkbuf_1_0__f_clk/A (sky130_fd_sc_hd__clkbuf_16)
     4    0.009645    0.033028    0.113728   20.269674 ^ clkbuf_1_0__f_clk/X (sky130_fd_sc_hd__clkbuf_16)
                                                         clknet_1_0__leaf_clk (net)
                      0.033028    0.000021   20.269695 ^ _48_/CLK (sky130_fd_sc_hd__dfrtp_1)
                                 -0.250000   20.019697   clock uncertainty
                                  0.000000   20.019697   clock reconvergence pessimism
                                 -0.113670   19.906025   library setup time
                                             19.906025   data required time
---------------------------------------------------------------------------------------------
                                             19.906025   data required time
                                             -1.904493   data arrival time
---------------------------------------------------------------------------------------------
                                             18.001534   slack (MET)


Startpoint: _51_ (rising edge-triggered flip-flop clocked by clk)
Endpoint: _51_ (rising edge-triggered flip-flop clocked by clk)
Path Group: clk
Path Type: max

Fanout         Cap        Slew       Delay        Time   Description
---------------------------------------------------------------------------------------------
                                  0.000000    0.000000   clock clk (rise edge)
                                  0.000000    0.000000   clock source latency
     1    0.009204    0.047862    0.031412    0.031412 ^ clk (in)
                                                         clk (net)
                      0.047862    0.000000    0.031412 ^ clkbuf_0_clk/A (sky130_fd_sc_hd__clkbuf_16)
     2    0.017860    0.040023    0.124461    0.155873 ^ clkbuf_0_clk/X (sky130_fd_sc_hd__clkbuf_16)
                                                         clknet_0_clk (net)
                      0.040024    0.000059    0.155933 ^ clkbuf_1_1__f_clk/A (sky130_fd_sc_hd__clkbuf_16)
     4    0.009666    0.033045    0.113747    0.269679 ^ clkbuf_1_1__f_clk/X (sky130_fd_sc_hd__clkbuf_16)
                                                         clknet_1_1__leaf_clk (net)
                      0.033045    0.000058    0.269738 ^ _51_/CLK (sky130_fd_sc_hd__dfrtp_1)
     3    0.006462    0.057559    0.369164    0.638902 v _51_/Q (sky130_fd_sc_hd__dfrtp_1)
                                                         net7 (net)
                      0.057559    0.000007    0.638909 v hold8/A (sky130_fd_sc_hd__dlygate4sd3_1)
     1    0.002290    0.051787    0.548734    1.187643 v hold8/X (sky130_fd_sc_hd__dlygate4sd3_1)
                                                         net17 (net)
                      0.051787    0.000008    1.187652 v _34_/B2 (sky130_fd_sc_hd__o2bb2a_1)
     1    0.002294    0.051518    0.269486    1.457137 v _34_/X (sky130_fd_sc_hd__o2bb2a_1)
                                                         _05_ (net)
                      0.051518    0.000004    1.457142 v _51_/D (sky130_fd_sc_hd__dfrtp_1)
                                              1.457142   data arrival time

                                 20.000000   20.000000   clock clk (rise edge)
                                  0.000000   20.000000   clock source latency
     1    0.009204    0.047862    0.031413   20.031414 ^ clk (in)
                                                         clk (net)
                      0.047862    0.000000   20.031414 ^ clkbuf_0_clk/A (sky130_fd_sc_hd__clkbuf_16)
     2    0.017860    0.040023    0.124460   20.155874 ^ clkbuf_0_clk/X (sky130_fd_sc_hd__clkbuf_16)
                                                         clknet_0_clk (net)
                      0.040024    0.000059   20.155933 ^ clkbuf_1_1__f_clk/A (sky130_fd_sc_hd__clkbuf_16)
     4    0.009666    0.033045    0.113747   20.269680 ^ clkbuf_1_1__f_clk/X (sky130_fd_sc_hd__clkbuf_16)
                                                         clknet_1_1__leaf_clk (net)
                      0.033045    0.000059   20.269739 ^ _51_/CLK (sky130_fd_sc_hd__dfrtp_1)
                                 -0.250000   20.019739   clock uncertainty
                                  0.000000   20.019739   clock reconvergence pessimism
                                 -0.119855   19.899885   library setup time
                                             19.899885   data required time
---------------------------------------------------------------------------------------------
                                             19.899885   data required time
                                             -1.457142   data arrival time
---------------------------------------------------------------------------------------------
                                             18.442743   slack (MET)


Startpoint: _46_ (rising edge-triggered flip-flop clocked by clk)
Endpoint: _47_ (rising edge-triggered flip-flop clocked by clk)
Path Group: clk
Path Type: max

Fanout         Cap        Slew       Delay        Time   Description
---------------------------------------------------------------------------------------------
                                  0.000000    0.000000   clock clk (rise edge)
                                  0.000000    0.000000   clock source latency
     1    0.009204    0.047862    0.031412    0.031412 ^ clk (in)
                                                         clk (net)
                      0.047862    0.000000    0.031412 ^ clkbuf_0_clk/A (sky130_fd_sc_hd__clkbuf_16)
     2    0.017860    0.040023    0.124461    0.155873 ^ clkbuf_0_clk/X (sky130_fd_sc_hd__clkbuf_16)
                                                         clknet_0_clk (net)
                      0.040024    0.000072    0.155946 ^ clkbuf_1_0__f_clk/A (sky130_fd_sc_hd__clkbuf_16)
     4    0.009645    0.033028    0.113729    0.269675 ^ clkbuf_1_0__f_clk/X (sky130_fd_sc_hd__clkbuf_16)
                                                         clknet_1_0__leaf_clk (net)
                      0.033028    0.000048    0.269722 ^ _46_/CLK (sky130_fd_sc_hd__dfrtp_1)
     4    0.008787    0.067973    0.381706    0.651429 v _46_/Q (sky130_fd_sc_hd__dfrtp_1)
                                                         net2 (net)
                      0.067973    0.000006    0.651435 v hold2/A (sky130_fd_sc_hd__dlygate4sd3_1)
     2    0.009493    0.084525    0.601935    1.253369 v hold2/X (sky130_fd_sc_hd__dlygate4sd3_1)
                                                         net11 (net)
                      0.084525    0.000030    1.253399 v _25_/A (sky130_fd_sc_hd__xor2_1)
     1    0.002166    0.045199    0.165663    1.419062 v _25_/X (sky130_fd_sc_hd__xor2_1)
                                                         _01_ (net)
                      0.045199    0.000002    1.419064 v _47_/D (sky130_fd_sc_hd__dfrtp_1)
                                              1.419064   data arrival time

                                 20.000000   20.000000   clock clk (rise edge)
                                  0.000000   20.000000   clock source latency
     1    0.009204    0.047862    0.031413   20.031414 ^ clk (in)
                                                         clk (net)
                      0.047862    0.000000   20.031414 ^ clkbuf_0_clk/A (sky130_fd_sc_hd__clkbuf_16)
     2    0.017860    0.040023    0.124460   20.155874 ^ clkbuf_0_clk/X (sky130_fd_sc_hd__clkbuf_16)
                                                         clknet_0_clk (net)
                      0.040024    0.000073   20.155947 ^ clkbuf_1_0__f_clk/A (sky130_fd_sc_hd__clkbuf_16)
     4    0.009645    0.033028    0.113728   20.269674 ^ clkbuf_1_0__f_clk/X (sky130_fd_sc_hd__clkbuf_16)
                                                         clknet_1_0__leaf_clk (net)
                      0.033028    0.000030   20.269705 ^ _47_/CLK (sky130_fd_sc_hd__dfrtp_1)
                                 -0.250000   20.019705   clock uncertainty
                                  0.000000   20.019705   clock reconvergence pessimism
                                 -0.117100   19.902607   library setup time
                                             19.902607   data required time
---------------------------------------------------------------------------------------------
                                             19.902607   data required time
                                             -1.419064   data arrival time
---------------------------------------------------------------------------------------------
                                             18.483541   slack (MET)


Startpoint: _49_ (rising edge-triggered flip-flop clocked by clk)
Endpoint: _49_ (rising edge-triggered flip-flop clocked by clk)
Path Group: clk
Path Type: max

Fanout         Cap        Slew       Delay        Time   Description
---------------------------------------------------------------------------------------------
                                  0.000000    0.000000   clock clk (rise edge)
                                  0.000000    0.000000   clock source latency
     1    0.009204    0.047862    0.031412    0.031412 ^ clk (in)
                                                         clk (net)
                      0.047862    0.000000    0.031412 ^ clkbuf_0_clk/A (sky130_fd_sc_hd__clkbuf_16)
     2    0.017860    0.040023    0.124461    0.155873 ^ clkbuf_0_clk/X (sky130_fd_sc_hd__clkbuf_16)
                                                         clknet_0_clk (net)
                      0.040024    0.000072    0.155946 ^ clkbuf_1_0__f_clk/A (sky130_fd_sc_hd__clkbuf_16)
     4    0.009645    0.033028    0.113729    0.269675 ^ clkbuf_1_0__f_clk/X (sky130_fd_sc_hd__clkbuf_16)
                                                         clknet_1_0__leaf_clk (net)
                      0.033028    0.000050    0.269724 ^ _49_/CLK (sky130_fd_sc_hd__dfrtp_1)
     5    0.009983    0.070713    0.387290    0.657014 v _49_/Q (sky130_fd_sc_hd__dfrtp_1)
                                                         net5 (net)
                      0.070713    0.000027    0.657041 v hold9/A (sky130_fd_sc_hd__dlygate4sd3_1)
     1    0.004711    0.064767    0.573308    1.230349 v hold9/X (sky130_fd_sc_hd__dlygate4sd3_1)
                                                         net18 (net)
                      0.064767    0.000011    1.230361 v _30_/A (sky130_fd_sc_hd__xor2_1)
     1    0.002239    0.049688    0.158203    1.388564 v _30_/X (sky130_fd_sc_hd__xor2_1)
                                                         _03_ (net)
                      0.049688    0.000004    1.388567 v _49_/D (sky130_fd_sc_hd__dfrtp_1)
                                              1.388567   data arrival time

                                 20.000000   20.000000   clock clk (rise edge)
                                  0.000000   20.000000   clock source latency
     1    0.009204    0.047862    0.031413   20.031414 ^ clk (in)
                                                         clk (net)
                      0.047862    0.000000   20.031414 ^ clkbuf_0_clk/A (sky130_fd_sc_hd__clkbuf_16)
     2    0.017860    0.040023    0.124460   20.155874 ^ clkbuf_0_clk/X (sky130_fd_sc_hd__clkbuf_16)
                                                         clknet_0_clk (net)
                      0.040024    0.000073   20.155947 ^ clkbuf_1_0__f_clk/A (sky130_fd_sc_hd__clkbuf_16)
     4    0.009645    0.033028    0.113728   20.269674 ^ clkbuf_1_0__f_clk/X (sky130_fd_sc_hd__clkbuf_16)
                                                         clknet_1_0__leaf_clk (net)
                      0.033028    0.000050   20.269724 ^ _49_/CLK (sky130_fd_sc_hd__dfrtp_1)
                                 -0.250000   20.019726   clock uncertainty
                                  0.000000   20.019726   clock reconvergence pessimism
                                 -0.119060   19.900665   library setup time
                                             19.900665   data required time
---------------------------------------------------------------------------------------------
                                             19.900665   data required time
                                             -1.388567   data arrival time
---------------------------------------------------------------------------------------------
                                             18.512096   slack (MET)


Startpoint: _52_ (rising edge-triggered flip-flop clocked by clk)
Endpoint: _52_ (rising edge-triggered flip-flop clocked by clk)
Path Group: clk
Path Type: max

Fanout         Cap        Slew       Delay        Time   Description
---------------------------------------------------------------------------------------------
                                  0.000000    0.000000   clock clk (rise edge)
                                  0.000000    0.000000   clock source latency
     1    0.009204    0.047862    0.031412    0.031412 ^ clk (in)
                                                         clk (net)
                      0.047862    0.000000    0.031412 ^ clkbuf_0_clk/A (sky130_fd_sc_hd__clkbuf_16)
     2    0.017860    0.040023    0.124461    0.155873 ^ clkbuf_0_clk/X (sky130_fd_sc_hd__clkbuf_16)
                                                         clknet_0_clk (net)
                      0.040024    0.000059    0.155933 ^ clkbuf_1_1__f_clk/A (sky130_fd_sc_hd__clkbuf_16)
     4    0.009666    0.033045    0.113747    0.269679 ^ clkbuf_1_1__f_clk/X (sky130_fd_sc_hd__clkbuf_16)
                                                         clknet_1_1__leaf_clk (net)
                      0.033045    0.000038    0.269717 ^ _52_/CLK (sky130_fd_sc_hd__dfrtp_1)
     3    0.006496    0.057709    0.369345    0.639062 v _52_/Q (sky130_fd_sc_hd__dfrtp_1)
                                                         net8 (net)
                      0.057709    0.000002    0.639065 v hold5/A (sky130_fd_sc_hd__dlygate4sd3_1)
     1    0.003249    0.055913    0.557523    1.196588 v hold5/X (sky130_fd_sc_hd__dlygate4sd3_1)
                                                         net14 (net)
                      0.055913    0.000014    1.196602 v _36_/B1 (sky130_fd_sc_hd__a21oi_1)
     1    0.003603    0.122231    0.124569    1.321171 ^ _36_/Y (sky130_fd_sc_hd__a21oi_1)
                                                         _22_ (net)
                      0.122231    0.000021    1.321192 ^ _37_/B (sky130_fd_sc_hd__nor2_1)
     1    0.002519    0.036049    0.051943    1.373135 v _37_/Y (sky130_fd_sc_hd__nor2_1)
                                                         _06_ (net)
                      0.036049    0.000008    1.373143 v _52_/D (sky130_fd_sc_hd__dfrtp_1)
                                              1.373143   data arrival time

                                 20.000000   20.000000   clock clk (rise edge)
                                  0.000000   20.000000   clock source latency
     1    0.009204    0.047862    0.031413   20.031414 ^ clk (in)
                                                         clk (net)
                      0.047862    0.000000   20.031414 ^ clkbuf_0_clk/A (sky130_fd_sc_hd__clkbuf_16)
     2    0.017860    0.040023    0.124460   20.155874 ^ clkbuf_0_clk/X (sky130_fd_sc_hd__clkbuf_16)
                                                         clknet_0_clk (net)
                      0.040024    0.000059   20.155933 ^ clkbuf_1_1__f_clk/A (sky130_fd_sc_hd__clkbuf_16)
     4    0.009666    0.033045    0.113747   20.269680 ^ clkbuf_1_1__f_clk/X (sky130_fd_sc_hd__clkbuf_16)
                                                         clknet_1_1__leaf_clk (net)
                      0.033045    0.000037   20.269716 ^ _52_/CLK (sky130_fd_sc_hd__dfrtp_1)
                                 -0.250000   20.019718   clock uncertainty
                                  0.000000   20.019718   clock reconvergence pessimism
                                 -0.113101   19.906618   library setup time
                                             19.906618   data required time
---------------------------------------------------------------------------------------------
                                             19.906618   data required time
                                             -1.373143   data arrival time
---------------------------------------------------------------------------------------------
                                             18.533474   slack (MET)


Startpoint: _50_ (rising edge-triggered flip-flop clocked by clk)
Endpoint: _50_ (rising edge-triggered flip-flop clocked by clk)
Path Group: clk
Path Type: max

Fanout         Cap        Slew       Delay        Time   Description
---------------------------------------------------------------------------------------------
                                  0.000000    0.000000   clock clk (rise edge)
                                  0.000000    0.000000   clock source latency
     1    0.009204    0.047862    0.031412    0.031412 ^ clk (in)
                                                         clk (net)
                      0.047862    0.000000    0.031412 ^ clkbuf_0_clk/A (sky130_fd_sc_hd__clkbuf_16)
     2    0.017860    0.040023    0.124461    0.155873 ^ clkbuf_0_clk/X (sky130_fd_sc_hd__clkbuf_16)
                                                         clknet_0_clk (net)
                      0.040024    0.000059    0.155933 ^ clkbuf_1_1__f_clk/A (sky130_fd_sc_hd__clkbuf_16)
     4    0.009666    0.033045    0.113747    0.269679 ^ clkbuf_1_1__f_clk/X (sky130_fd_sc_hd__clkbuf_16)
                                                         clknet_1_1__leaf_clk (net)
                      0.033045    0.000056    0.269735 ^ _50_/CLK (sky130_fd_sc_hd__dfrtp_1)
     4    0.008453    0.066477    0.379911    0.649646 v _50_/Q (sky130_fd_sc_hd__dfrtp_1)
                                                         net6 (net)
                      0.066477    0.000004    0.649650 v hold4/A (sky130_fd_sc_hd__dlygate4sd3_1)
     1    0.004770    0.065037    0.571776    1.221426 v hold4/X (sky130_fd_sc_hd__dlygate4sd3_1)
                                                         net13 (net)
                      0.065037    0.000008    1.221434 v _32_/A (sky130_fd_sc_hd__xnor2_1)
     1    0.002211    0.042145    0.124190    1.345624 v _32_/Y (sky130_fd_sc_hd__xnor2_1)
                                                         _04_ (net)
                      0.042145    0.000004    1.345628 v _50_/D (sky130_fd_sc_hd__dfrtp_1)
                                              1.345628   data arrival time

                                 20.000000   20.000000   clock clk (rise edge)
                                  0.000000   20.000000   clock source latency
     1    0.009204    0.047862    0.031413   20.031414 ^ clk (in)
                                                         clk (net)
                      0.047862    0.000000   20.031414 ^ clkbuf_0_clk/A (sky130_fd_sc_hd__clkbuf_16)
     2    0.017860    0.040023    0.124460   20.155874 ^ clkbuf_0_clk/X (sky130_fd_sc_hd__clkbuf_16)
                                                         clknet_0_clk (net)
                      0.040024    0.000059   20.155933 ^ clkbuf_1_1__f_clk/A (sky130_fd_sc_hd__clkbuf_16)
     4    0.009666    0.033045    0.113747   20.269680 ^ clkbuf_1_1__f_clk/X (sky130_fd_sc_hd__clkbuf_16)
                                                         clknet_1_1__leaf_clk (net)
                      0.033045    0.000055   20.269735 ^ _50_/CLK (sky130_fd_sc_hd__dfrtp_1)
                                 -0.250000   20.019735   clock uncertainty
                                  0.000000   20.019735   clock reconvergence pessimism
                                 -0.115763   19.903973   library setup time
                                             19.903973   data required time
---------------------------------------------------------------------------------------------
                                             19.903973   data required time
                                             -1.345628   data arrival time
---------------------------------------------------------------------------------------------
                                             18.558344   slack (MET)


Startpoint: _53_ (rising edge-triggered flip-flop clocked by clk)
Endpoint: _53_ (rising edge-triggered flip-flop clocked by clk)
Path Group: clk
Path Type: max

Fanout         Cap        Slew       Delay        Time   Description
---------------------------------------------------------------------------------------------
                                  0.000000    0.000000   clock clk (rise edge)
                                  0.000000    0.000000   clock source latency
     1    0.009204    0.047862    0.031412    0.031412 ^ clk (in)
                                                         clk (net)
                      0.047862    0.000000    0.031412 ^ clkbuf_0_clk/A (sky130_fd_sc_hd__clkbuf_16)
     2    0.017860    0.040023    0.124461    0.155873 ^ clkbuf_0_clk/X (sky130_fd_sc_hd__clkbuf_16)
                                                         clknet_0_clk (net)
                      0.040024    0.000059    0.155933 ^ clkbuf_1_1__f_clk/A (sky130_fd_sc_hd__clkbuf_16)
     4    0.009666    0.033045    0.113747    0.269679 ^ clkbuf_1_1__f_clk/X (sky130_fd_sc_hd__clkbuf_16)
                                                         clknet_1_1__leaf_clk (net)
                      0.033045    0.000034    0.269713 ^ _53_/CLK (sky130_fd_sc_hd__dfrtp_1)
     2    0.003720    0.045272    0.354359    0.624072 v _53_/Q (sky130_fd_sc_hd__dfrtp_1)
                                                         net9 (net)
                      0.045272    0.000005    0.624077 v hold1/A (sky130_fd_sc_hd__dlygate4sd3_1)
     1    0.004530    0.063874    0.561110    1.185187 v hold1/X (sky130_fd_sc_hd__dlygate4sd3_1)
                                                         net10 (net)
                      0.063874    0.000006    1.185193 v _38_/A (sky130_fd_sc_hd__xor2_1)
     1    0.002250    0.045683    0.157911    1.343104 v _38_/X (sky130_fd_sc_hd__xor2_1)
                                                         _07_ (net)
                      0.045683    0.000004    1.343108 v _53_/D (sky130_fd_sc_hd__dfrtp_1)
                                              1.343108   data arrival time

                                 20.000000   20.000000   clock clk (rise edge)
                                  0.000000   20.000000   clock source latency
     1    0.009204    0.047862    0.031413   20.031414 ^ clk (in)
                                                         clk (net)
                      0.047862    0.000000   20.031414 ^ clkbuf_0_clk/A (sky130_fd_sc_hd__clkbuf_16)
     2    0.017860    0.040023    0.124460   20.155874 ^ clkbuf_0_clk/X (sky130_fd_sc_hd__clkbuf_16)
                                                         clknet_0_clk (net)
                      0.040024    0.000059   20.155933 ^ clkbuf_1_1__f_clk/A (sky130_fd_sc_hd__clkbuf_16)
     4    0.009666    0.033045    0.113747   20.269680 ^ clkbuf_1_1__f_clk/X (sky130_fd_sc_hd__clkbuf_16)
                                                         clknet_1_1__leaf_clk (net)
                      0.033045    0.000034   20.269714 ^ _53_/CLK (sky130_fd_sc_hd__dfrtp_1)
                                 -0.250000   20.019714   clock uncertainty
                                  0.000000   20.019714   clock reconvergence pessimism
                                 -0.117307   19.902407   library setup time
                                             19.902407   data required time
---------------------------------------------------------------------------------------------
                                             19.902407   data required time
                                             -1.343108   data arrival time
---------------------------------------------------------------------------------------------
                                             18.559299   slack (MET)


Startpoint: _46_ (rising edge-triggered flip-flop clocked by clk)
Endpoint: _46_ (rising edge-triggered flip-flop clocked by clk)
Path Group: clk
Path Type: max

Fanout         Cap        Slew       Delay        Time   Description
---------------------------------------------------------------------------------------------
                                  0.000000    0.000000   clock clk (rise edge)
                                  0.000000    0.000000   clock source latency
     1    0.009204    0.047862    0.031412    0.031412 ^ clk (in)
                                                         clk (net)
                      0.047862    0.000000    0.031412 ^ clkbuf_0_clk/A (sky130_fd_sc_hd__clkbuf_16)
     2    0.017860    0.040023    0.124461    0.155873 ^ clkbuf_0_clk/X (sky130_fd_sc_hd__clkbuf_16)
                                                         clknet_0_clk (net)
                      0.040024    0.000072    0.155946 ^ clkbuf_1_0__f_clk/A (sky130_fd_sc_hd__clkbuf_16)
     4    0.009645    0.033028    0.113729    0.269675 ^ clkbuf_1_0__f_clk/X (sky130_fd_sc_hd__clkbuf_16)
                                                         clknet_1_0__leaf_clk (net)
                      0.033028    0.000048    0.269722 ^ _46_/CLK (sky130_fd_sc_hd__dfrtp_1)
     4    0.009302    0.097524    0.354475    0.624197 ^ _46_/Q (sky130_fd_sc_hd__dfrtp_1)
                                                         net2 (net)
                      0.097524    0.000006    0.624204 ^ hold2/A (sky130_fd_sc_hd__dlygate4sd3_1)
     2    0.010193    0.121232    0.607080    1.231284 ^ hold2/X (sky130_fd_sc_hd__dlygate4sd3_1)
                                                         net11 (net)
                      0.121232    0.000045    1.231328 ^ _23_/A (sky130_fd_sc_hd__inv_2)
     1    0.002420    0.026582    0.034922    1.266251 v _23_/Y (sky130_fd_sc_hd__inv_2)
                                                         _00_ (net)
                      0.026582    0.000007    1.266257 v _46_/D (sky130_fd_sc_hd__dfrtp_1)
                                              1.266257   data arrival time

                                 20.000000   20.000000   clock clk (rise edge)
                                  0.000000   20.000000   clock source latency
     1    0.009204    0.047862    0.031413   20.031414 ^ clk (in)
                                                         clk (net)
                      0.047862    0.000000   20.031414 ^ clkbuf_0_clk/A (sky130_fd_sc_hd__clkbuf_16)
     2    0.017860    0.040023    0.124460   20.155874 ^ clkbuf_0_clk/X (sky130_fd_sc_hd__clkbuf_16)
                                                         clknet_0_clk (net)
                      0.040024    0.000073   20.155947 ^ clkbuf_1_0__f_clk/A (sky130_fd_sc_hd__clkbuf_16)
     4    0.009645    0.033028    0.113728   20.269674 ^ clkbuf_1_0__f_clk/X (sky130_fd_sc_hd__clkbuf_16)
                                                         clknet_1_0__leaf_clk (net)
                      0.033028    0.000048   20.269722 ^ _46_/CLK (sky130_fd_sc_hd__dfrtp_1)
                                 -0.250000   20.019724   clock uncertainty
                                  0.000000   20.019724   clock reconvergence pessimism
                                 -0.108971   19.910753   library setup time
                                             19.910753   data required time
---------------------------------------------------------------------------------------------
                                             19.910753   data required time
                                             -1.266257   data arrival time
---------------------------------------------------------------------------------------------
                                             18.644497   slack (MET)



