Reading OpenROAD database at '/Users/mateuszwitczak/my_counter/runs/RUN_2025-12-14_14-18-52/24-openroad-ioplacement/counter.odb'…
Reading library file at '/Users/mateuszwitczak/.volare/volare/sky130/versions/0fe599b2afb6708d281543108caf8310912f54af/sky130A/libs.ref/sky130_fd_sc_hd/lib/sky130_fd_sc_hd__tt_025C_1v80.lib'…
Reading design constraints file at '/nix/store/yx6da2d4crhriv6rz5yxm92mbwaqm0bg-python3-3.11.9-env/lib/python3.11/site-packages/openlane/scripts/base.sdc'…
[INFO] Using clock clk…
[INFO] Setting output delay to: 4.0
[INFO] Setting input delay to: 4.0
[INFO] Setting load to: 0.033442
[INFO] Setting clock uncertainty to: 0.25
[INFO] Setting clock transition to: 0.1499999999999999944488848768742172978818416595458984375
[INFO] Setting timing derate to: 5%
[INFO] Setting RC values…
[INFO] Setting signal min routing layer to: met1 and clock min routing layer to met1. 
[INFO] Setting signal max routing layer to: met5 and clock max routing layer to met5. 
+ global_placement -density 0.635 -timing_driven -routability_driven -pad_right 0 -pad_left 0 -init_wirelength_coef 0.25
[INFO GPL-0002] DBU: 1000
[INFO GPL-0003] SiteSize: (  0.460  2.720 ) um
[INFO GPL-0004] CoreBBox: (  5.520 10.880 ) ( 33.120 38.080 ) um
[INFO GPL-0006] NumInstances:                63
[INFO GPL-0007] NumPlaceInstances:           31
[INFO GPL-0008] NumFixedInstances:           32
[INFO GPL-0009] NumDummyInstances:            0
[INFO GPL-0010] NumNets:                     33
[INFO GPL-0011] NumPins:                    110
[INFO GPL-0012] DieBBox:  (  0.000  0.000 ) ( 38.845 49.565 ) um
[INFO GPL-0013] CoreBBox: (  5.520 10.880 ) ( 33.120 38.080 ) um
[INFO GPL-0016] CoreArea:               750.720 um^2
[INFO GPL-0017] NonPlaceInstsArea:       90.086 um^2
[INFO GPL-0018] PlaceInstsArea:         386.621 um^2
[INFO GPL-0019] Util:                    58.523 %
[INFO GPL-0020] StdInstsArea:           386.621 um^2
[INFO GPL-0021] MacroInstsArea:           0.000 um^2
[InitialPlace]  Iter: 1 CG residual: 0.00000004 HPWL: 583139
[InitialPlace]  Iter: 2 CG residual: 0.00000005 HPWL: 554438
[InitialPlace]  Iter: 3 CG residual: 0.00000008 HPWL: 553062
[InitialPlace]  Iter: 4 CG residual: 0.00000009 HPWL: 559228
[InitialPlace]  Iter: 5 CG residual: 0.00000008 HPWL: 560010
[INFO GPL-0031] FillerInit:NumGCells:        33
[INFO GPL-0032] FillerInit:NumGNets:         33
[INFO GPL-0033] FillerInit:NumGPins:        110
[INFO GPL-0023] TargetDensity:            0.635
[INFO GPL-0024] AvrgPlaceInstArea:       12.472 um^2
[INFO GPL-0025] IdealBinArea:            19.640 um^2
[INFO GPL-0026] IdealBinCnt:                 38
[INFO GPL-0027] TotalBinArea:           750.720 um^2
[INFO GPL-0028] BinCnt:         4      4
[INFO GPL-0029] BinSize: (  6.900  6.800 )
[INFO GPL-0030] NumBins: 16
[NesterovSolve] Iter:    1 overflow: 0.542 HPWL: 284657
[INFO GPL-0100] Timing-driven: executing resizer for reweighting nets.
[INFO GPL-0101] Timing-driven: worst slack 1.51e-08
[INFO GPL-0103] Timing-driven: weighted 3 nets.
[NesterovSolve] Snapshot saved at iter = 0
[INFO GPL-0100] Timing-driven: executing resizer for reweighting nets.
[INFO GPL-0101] Timing-driven: worst slack 1.51e-08
[INFO GPL-0103] Timing-driven: weighted 3 nets.
[NesterovSolve] Iter:   10 overflow: 0.337 HPWL: 295369
[NesterovSolve] Iter:   20 overflow: 0.328 HPWL: 295597
[NesterovSolve] Iter:   30 overflow: 0.325 HPWL: 295151
[NesterovSolve] Iter:   40 overflow: 0.326 HPWL: 295356
[NesterovSolve] Iter:   50 overflow: 0.326 HPWL: 295306
[NesterovSolve] Iter:   60 overflow: 0.326 HPWL: 295282
[NesterovSolve] Iter:   70 overflow: 0.326 HPWL: 295314
[NesterovSolve] Iter:   80 overflow: 0.325 HPWL: 295276
[NesterovSolve] Iter:   90 overflow: 0.326 HPWL: 295284
[NesterovSolve] Iter:  100 overflow: 0.325 HPWL: 295264
[NesterovSolve] Iter:  110 overflow: 0.325 HPWL: 295274
[NesterovSolve] Iter:  120 overflow: 0.325 HPWL: 295258
[NesterovSolve] Iter:  130 overflow: 0.324 HPWL: 295259
[NesterovSolve] Iter:  140 overflow: 0.323 HPWL: 295230
[NesterovSolve] Iter:  150 overflow: 0.322 HPWL: 295212
[NesterovSolve] Iter:  160 overflow: 0.322 HPWL: 295206
[NesterovSolve] Iter:  170 overflow: 0.322 HPWL: 295146
[NesterovSolve] Iter:  180 overflow: 0.322 HPWL: 295184
[NesterovSolve] Iter:  190 overflow: 0.322 HPWL: 295203
[NesterovSolve] Iter:  200 overflow: 0.320 HPWL: 295209
[NesterovSolve] Iter:  210 overflow: 0.318 HPWL: 295236
[NesterovSolve] Iter:  220 overflow: 0.315 HPWL: 295419
[NesterovSolve] Iter:  230 overflow: 0.310 HPWL: 295680
[NesterovSolve] Iter:  240 overflow: 0.299 HPWL: 295814
[INFO GPL-0075] Routability numCall: 1 inflationIterCnt: 1 bloatIterCnt: 0
[INFO GPL-0036] TileBBox: (    0    0 ) ( 6900 6900 ) DBU
[INFO GPL-0038] TileCnt:       5    7
[INFO GPL-0040] NumTiles: 35
[INFO GPL-0081] TotalRouteOverflow: 0
[INFO GPL-0082] OverflowTileCnt: 0
[INFO GPL-0083] 0.5%RC: 0.6539475917816162
[INFO GPL-0084] 1.0%RC: 0.6539475917816162
[INFO GPL-0085] 2.0%RC: 0.6539475917816162
[INFO GPL-0086] 5.0%RC: 0.6328935623168945
[INFO GPL-0087] FinalRC: 0.6539476
[INFO GPL-0077] FinalRC lower than targetRC(1.01), routability not needed.
[NesterovSolve] Iter:  250 overflow: 0.284 HPWL: 295596
[INFO GPL-0100] Timing-driven: executing resizer for reweighting nets.
[INFO GPL-0101] Timing-driven: worst slack 1.51e-08
[INFO GPL-0103] Timing-driven: weighted 3 nets.
[NesterovSolve] Iter:  260 overflow: 0.267 HPWL: 295303
[NesterovSolve] Iter:  270 overflow: 0.244 HPWL: 294499
[NesterovSolve] Iter:  280 overflow: 0.217 HPWL: 293423
[INFO GPL-0100] Timing-driven: executing resizer for reweighting nets.
[INFO GPL-0101] Timing-driven: worst slack 1.51e-08
[INFO GPL-0103] Timing-driven: weighted 3 nets.
[NesterovSolve] Iter:  290 overflow: 0.183 HPWL: 292361
[INFO GPL-0100] Timing-driven: executing resizer for reweighting nets.
[INFO GPL-0101] Timing-driven: worst slack 1.51e-08
[INFO GPL-0103] Timing-driven: weighted 3 nets.
[NesterovSolve] Iter:  300 overflow: 0.138 HPWL: 288269
[NesterovSolve] Iter:  310 overflow: 0.100 HPWL: 284236
[NesterovSolve] Finished with Overflow: 0.096835
[INFO] Setting RC values…
Setting global connections for newly added cells…
[INFO] Setting global connections...
Updating metrics…
Cell type report:                       Count       Area
  Fill cell                                20      75.07
  Tap cell                                 12      15.01
  Inverter                                  9      33.78
  Sequential cell                           8     210.20
  Multi-Input combinational cell           14     142.64
  Total                                    63     476.71
Writing OpenROAD database to '/Users/mateuszwitczak/my_counter/runs/RUN_2025-12-14_14-18-52/27-openroad-globalplacement/counter.odb'…
Writing netlist to '/Users/mateuszwitczak/my_counter/runs/RUN_2025-12-14_14-18-52/27-openroad-globalplacement/counter.nl.v'…
Writing powered netlist to '/Users/mateuszwitczak/my_counter/runs/RUN_2025-12-14_14-18-52/27-openroad-globalplacement/counter.pnl.v'…
Writing layout to '/Users/mateuszwitczak/my_counter/runs/RUN_2025-12-14_14-18-52/27-openroad-globalplacement/counter.def'…
Writing timing constraints to '/Users/mateuszwitczak/my_counter/runs/RUN_2025-12-14_14-18-52/27-openroad-globalplacement/counter.sdc'…
