
===========================================================================
report_checks -unconstrained
===========================================================================
======================= max_ff_n40C_1v95 Corner ===================================

Startpoint: rst (input port clocked by clk)
Endpoint: _52_ (recovery check against rising-edge clock clk)
Path Group: asynchronous
Path Type: max

Fanout         Cap        Slew       Delay        Time   Description
---------------------------------------------------------------------------------------------
                                  0.000000    0.000000   clock clk (rise edge)
                                  0.000000    0.000000   clock network delay (propagated)
                                  4.000000    4.000000 v input external delay
     1    0.003371    0.005548    0.002829    4.002829 v rst (in)
                                                         rst (net)
                      0.005557    0.000000    4.002829 v input1/A (sky130_fd_sc_hd__clkbuf_4)
     8    0.044378    0.069603    0.122189    4.125018 v input1/X (sky130_fd_sc_hd__clkbuf_4)
                                                         net1 (net)
                      0.069852    0.003228    4.128245 v _44_/A (sky130_fd_sc_hd__inv_2)
     1    0.008090    0.038271    0.054845    4.183090 ^ _44_/Y (sky130_fd_sc_hd__inv_2)
                                                         _14_ (net)
                      0.038311    0.000716    4.183807 ^ _52_/RESET_B (sky130_fd_sc_hd__dfrtp_1)
                                              4.183807   data arrival time

                                 20.000000   20.000000   clock clk (rise edge)
                                  0.000000   20.000000   clock source latency
     1    0.010065    0.038765    0.025382   20.025383 ^ clk (in)
                                                         clk (net)
                      0.038772    0.000000   20.025383 ^ clkbuf_0_clk/A (sky130_fd_sc_hd__clkbuf_16)
     2    0.021076    0.031901    0.087075   20.112457 ^ clkbuf_0_clk/X (sky130_fd_sc_hd__clkbuf_16)
                                                         clknet_0_clk (net)
                      0.031955    0.001291   20.113749 ^ clkbuf_1_1__f_clk/A (sky130_fd_sc_hd__clkbuf_16)
     4    0.012181    0.025989    0.079277   20.193026 ^ clkbuf_1_1__f_clk/X (sky130_fd_sc_hd__clkbuf_16)
                                                         clknet_1_1__leaf_clk (net)
                      0.025993    0.000746   20.193773 ^ _52_/CLK (sky130_fd_sc_hd__dfrtp_1)
                                 -0.250000   19.943773   clock uncertainty
                                  0.000000   19.943773   clock reconvergence pessimism
                                  0.141551   20.085323   library recovery time
                                             20.085323   data required time
---------------------------------------------------------------------------------------------
                                             20.085323   data required time
                                             -4.183807   data arrival time
---------------------------------------------------------------------------------------------
                                             15.901517   slack (MET)


Startpoint: _47_ (rising edge-triggered flip-flop clocked by clk)
Endpoint: q[1] (output port clocked by clk)
Path Group: clk
Path Type: max

Fanout         Cap        Slew       Delay        Time   Description
---------------------------------------------------------------------------------------------
                                  0.000000    0.000000   clock clk (rise edge)
                                  0.000000    0.000000   clock source latency
     1    0.010065    0.038765    0.025382    0.025382 ^ clk (in)
                                                         clk (net)
                      0.038772    0.000000    0.025382 ^ clkbuf_0_clk/A (sky130_fd_sc_hd__clkbuf_16)
     2    0.021076    0.031901    0.087075    0.112457 ^ clkbuf_0_clk/X (sky130_fd_sc_hd__clkbuf_16)
                                                         clknet_0_clk (net)
                      0.031958    0.001321    0.113778 ^ clkbuf_1_0__f_clk/A (sky130_fd_sc_hd__clkbuf_16)
     4    0.012833    0.026419    0.079724    0.193503 ^ clkbuf_1_0__f_clk/X (sky130_fd_sc_hd__clkbuf_16)
                                                         clknet_1_0__leaf_clk (net)
                      0.026421    0.000641    0.194144 ^ _47_/CLK (sky130_fd_sc_hd__dfrtp_1)
     4    0.013110    0.093447    0.244756    0.438900 ^ _47_/Q (sky130_fd_sc_hd__dfrtp_1)
                                                         net3 (net)
                      0.093448    0.000530    0.439431 ^ output3/A (sky130_fd_sc_hd__buf_2)
     1    0.037538    0.139874    0.160121    0.599551 ^ output3/X (sky130_fd_sc_hd__buf_2)
                                                         q[1] (net)
                      0.139928    0.002288    0.601839 ^ q[1] (out)
                                              0.601839   data arrival time

                                 20.000000   20.000000   clock clk (rise edge)
                                  0.000000   20.000000   clock network delay (propagated)
                                 -0.250000   19.750002   clock uncertainty
                                  0.000000   19.750002   clock reconvergence pessimism
                                 -4.000000   15.750001   output external delay
                                             15.750001   data required time
---------------------------------------------------------------------------------------------
                                             15.750001   data required time
                                             -0.601839   data arrival time
---------------------------------------------------------------------------------------------
                                             15.148162   slack (MET)




===========================================================================
report_checks --slack_max -0.01
============================================================================
======================= max_ff_n40C_1v95 Corner ===================================

No paths found.


===========================================================================
 report_check_types -max_slew -max_cap -max_fanout -violators
============================================================================
======================= max_ff_n40C_1v95 Corner ===================================



===========================================================================
report_parasitic_annotation -report_unannotated
============================================================================
Found 0 unannotated drivers.
Found 0 partially unannotated drivers.

===========================================================================
max slew violation count 0
max fanout violation count 0
max cap violation count 0
============================================================================

===========================================================================
check_setup -verbose -unconstrained_endpoints -multiple_clock -no_clock -no_input_delay -loops -generated_clocks
===========================================================================
