
===========================================================================
report_checks -unconstrained
===========================================================================
======================= nom_tt_025C_1v80 Corner ===================================

Startpoint: rst (input port clocked by clk)
Endpoint: _52_ (recovery check against rising-edge clock clk)
Path Group: asynchronous
Path Type: max

Fanout         Cap        Slew       Delay        Time   Description
---------------------------------------------------------------------------------------------
                                  0.000000    0.000000   clock clk (rise edge)
                                  0.000000    0.000000   clock network delay (propagated)
                                  4.000000    4.000000 v input external delay
     1    0.003247    0.009670    0.005189    4.005189 v rst (in)
                                                         rst (net)
                      0.009670    0.000000    4.005189 v input1/A (sky130_fd_sc_hd__clkbuf_4)
     8    0.043309    0.096093    0.180639    4.185827 v input1/X (sky130_fd_sc_hd__clkbuf_4)
                                                         net1 (net)
                      0.096124    0.001600    4.187427 v _44_/A (sky130_fd_sc_hd__inv_2)
     1    0.007790    0.049857    0.077338    4.264765 ^ _44_/Y (sky130_fd_sc_hd__inv_2)
                                                         _14_ (net)
                      0.049858    0.000318    4.265083 ^ _52_/RESET_B (sky130_fd_sc_hd__dfrtp_1)
                                              4.265083   data arrival time

                                 20.000000   20.000000   clock clk (rise edge)
                                  0.000000   20.000000   clock source latency
     1    0.009869    0.050839    0.033616   20.033617 ^ clk (in)
                                                         clk (net)
                      0.050840    0.000000   20.033617 ^ clkbuf_0_clk/A (sky130_fd_sc_hd__clkbuf_16)
     2    0.020299    0.042091    0.127685   20.161301 ^ clkbuf_0_clk/X (sky130_fd_sc_hd__clkbuf_16)
                                                         clknet_0_clk (net)
                      0.042094    0.000554   20.161856 ^ clkbuf_1_1__f_clk/A (sky130_fd_sc_hd__clkbuf_16)
     4    0.011415    0.034549    0.116113   20.277967 ^ clkbuf_1_1__f_clk/X (sky130_fd_sc_hd__clkbuf_16)
                                                         clknet_1_1__leaf_clk (net)
                      0.034549    0.000306   20.278275 ^ _52_/CLK (sky130_fd_sc_hd__dfrtp_1)
                                 -0.250000   20.028275   clock uncertainty
                                  0.000000   20.028275   clock reconvergence pessimism
                                  0.225868   20.254145   library recovery time
                                             20.254145   data required time
---------------------------------------------------------------------------------------------
                                             20.254145   data required time
                                             -4.265083   data arrival time
---------------------------------------------------------------------------------------------
                                             15.989061   slack (MET)


Startpoint: _47_ (rising edge-triggered flip-flop clocked by clk)
Endpoint: q[1] (output port clocked by clk)
Path Group: clk
Path Type: max

Fanout         Cap        Slew       Delay        Time   Description
---------------------------------------------------------------------------------------------
                                  0.000000    0.000000   clock clk (rise edge)
                                  0.000000    0.000000   clock source latency
     1    0.009869    0.050839    0.033616    0.033616 ^ clk (in)
                                                         clk (net)
                      0.050840    0.000000    0.033616 ^ clkbuf_0_clk/A (sky130_fd_sc_hd__clkbuf_16)
     2    0.020299    0.042091    0.127685    0.161301 ^ clkbuf_0_clk/X (sky130_fd_sc_hd__clkbuf_16)
                                                         clknet_0_clk (net)
                      0.042095    0.000577    0.161877 ^ clkbuf_1_0__f_clk/A (sky130_fd_sc_hd__clkbuf_16)
     4    0.012057    0.035096    0.116730    0.278607 ^ clkbuf_1_0__f_clk/X (sky130_fd_sc_hd__clkbuf_16)
                                                         clknet_1_0__leaf_clk (net)
                      0.035096    0.000262    0.278870 ^ _47_/CLK (sky130_fd_sc_hd__dfrtp_1)
     4    0.012272    0.118844    0.373151    0.652021 ^ _47_/Q (sky130_fd_sc_hd__dfrtp_1)
                                                         net3 (net)
                      0.118844    0.000246    0.652267 ^ output3/A (sky130_fd_sc_hd__buf_2)
     1    0.037253    0.184122    0.234860    0.887127 ^ output3/X (sky130_fd_sc_hd__buf_2)
                                                         q[1] (net)
                      0.184126    0.001153    0.888280 ^ q[1] (out)
                                              0.888280   data arrival time

                                 20.000000   20.000000   clock clk (rise edge)
                                  0.000000   20.000000   clock network delay (propagated)
                                 -0.250000   19.750002   clock uncertainty
                                  0.000000   19.750002   clock reconvergence pessimism
                                 -4.000000   15.750001   output external delay
                                             15.750001   data required time
---------------------------------------------------------------------------------------------
                                             15.750001   data required time
                                             -0.888280   data arrival time
---------------------------------------------------------------------------------------------
                                             14.861721   slack (MET)




===========================================================================
report_checks --slack_max -0.01
============================================================================
======================= nom_tt_025C_1v80 Corner ===================================

No paths found.


===========================================================================
 report_check_types -max_slew -max_cap -max_fanout -violators
============================================================================
======================= nom_tt_025C_1v80 Corner ===================================



===========================================================================
report_parasitic_annotation -report_unannotated
============================================================================
Found 0 unannotated drivers.
Found 0 partially unannotated drivers.

===========================================================================
max slew violation count 0
max fanout violation count 0
max cap violation count 0
============================================================================

===========================================================================
check_setup -verbose -unconstrained_endpoints -multiple_clock -no_clock -no_input_delay -loops -generated_clocks
===========================================================================
