Reading timing models for corner nom_tt_025C_1v80…
Reading timing library for the 'nom_tt_025C_1v80' corner at '/Users/mateuszwitczak/.volare/volare/sky130/versions/0fe599b2afb6708d281543108caf8310912f54af/sky130A/libs.ref/sky130_fd_sc_hd/lib/sky130_fd_sc_hd__tt_025C_1v80.lib'…
Reading timing models for corner nom_ff_n40C_1v95…
Reading timing library for the 'nom_ff_n40C_1v95' corner at '/Users/mateuszwitczak/.volare/volare/sky130/versions/0fe599b2afb6708d281543108caf8310912f54af/sky130A/libs.ref/sky130_fd_sc_hd/lib/sky130_fd_sc_hd__ff_n40C_1v95.lib'…
Reading timing models for corner nom_ss_100C_1v60…
Reading timing library for the 'nom_ss_100C_1v60' corner at '/Users/mateuszwitczak/.volare/volare/sky130/versions/0fe599b2afb6708d281543108caf8310912f54af/sky130A/libs.ref/sky130_fd_sc_hd/lib/sky130_fd_sc_hd__ss_100C_1v60.lib'…
Reading OpenROAD database at '/Users/mateuszwitczak/my_counter/runs/RUN_2025-12-14_14-18-52/27-openroad-globalplacement/counter.odb'…
Reading design constraints file at '/nix/store/yx6da2d4crhriv6rz5yxm92mbwaqm0bg-python3-3.11.9-env/lib/python3.11/site-packages/openlane/scripts/base.sdc'…
[INFO] Using clock clk…
[INFO] Setting output delay to: 4.0
[INFO] Setting input delay to: 4.0
[INFO] Setting load to: 0.033442
[INFO] Setting clock uncertainty to: 0.25
[INFO] Setting clock transition to: 0.1499999999999999944488848768742172978818416595458984375
[INFO] Setting timing derate to: 5%
[INFO] Setting RC values…
[INFO RSZ-0027] Inserted 1 input buffers.
[INFO RSZ-0028] Inserted 8 output buffers.
[INFO RSZ-0058] Using max wire length 6335um.
Iteration | Resized | Buffers | Nets repaired | Remaining
---------------------------------------------------------
        0 |       0 |       0 |             0 |        42
       10 |       9 |       0 |             0 |        32
       20 |      17 |       0 |             0 |        22
       30 |      27 |       0 |             0 |        12
       40 |      29 |       0 |             0 |         2
    final |      30 |       0 |             0 |         0
---------------------------------------------------------
[INFO RSZ-0039] Resized 30 instances.
Placement Analysis
---------------------------------
total displacement        134.8 u
average displacement        1.9 u
max displacement            8.1 u
original HPWL             297.1 u
legalized HPWL            443.8 u
delta HPWL                   49 %

[INFO DPL-0020] Mirrored 18 instances
[INFO DPL-0021] HPWL before             443.8 u
[INFO DPL-0022] HPWL after              428.1 u
[INFO DPL-0023] HPWL delta               -3.5 %
[INFO] Setting RC values…
Setting global connections for newly added cells…
[INFO] Setting global connections...
Updating metrics…
Cell type report:                       Count       Area
  Fill cell                                20      75.07
  Tap cell                                 12      15.01
  Timing Repair Buffer                      9      47.55
  Inverter                                  9      33.78
  Sequential cell                           8     200.19
  Multi-Input combinational cell           14      92.59
  Total                                    72     464.20
Writing OpenROAD database to '/Users/mateuszwitczak/my_counter/runs/RUN_2025-12-14_14-18-52/31-openroad-repairdesignpostgpl/counter.odb'…
Writing netlist to '/Users/mateuszwitczak/my_counter/runs/RUN_2025-12-14_14-18-52/31-openroad-repairdesignpostgpl/counter.nl.v'…
Writing powered netlist to '/Users/mateuszwitczak/my_counter/runs/RUN_2025-12-14_14-18-52/31-openroad-repairdesignpostgpl/counter.pnl.v'…
Writing layout to '/Users/mateuszwitczak/my_counter/runs/RUN_2025-12-14_14-18-52/31-openroad-repairdesignpostgpl/counter.def'…
Writing timing constraints to '/Users/mateuszwitczak/my_counter/runs/RUN_2025-12-14_14-18-52/31-openroad-repairdesignpostgpl/counter.sdc'…
