Clock: clk
Sources: clk 
Generated: no
Virtual: yes
Propagated: no
Period: 20.000000

===========================================================================
report_clock_properties
============================================================================
Clock                   Period          Waveform
----------------------------------------------------
clk                  20.000000    0.000000 10.000000

===========================================================================
report_clock_latency
============================================================================
Clock clk
rise -> rise
    min     max
0.000000 0.000000 source latency
0.490644         network latency _53_/CLK
        0.491868 network latency _49_/CLK
---------------
0.490644 0.491868 latency
        0.001224 skew

fall -> fall
    min     max
0.000000 0.000000 source latency
0.513865         network latency _53_/CLK
        0.514928 network latency _49_/CLK
---------------
0.513865 0.514928 latency
        0.001063 skew



===========================================================================
report_clock_min_period
============================================================================
clk period_min = 3.93 fmax = 254.60
