
===========================================================================
report_checks -unconstrained
===========================================================================
======================= nom_tt_025C_1v80 Corner ===================================

Startpoint: rst (input port clocked by clk)
Endpoint: _52_ (recovery check against rising-edge clock clk)
Path Group: asynchronous
Path Type: max

Fanout         Cap        Slew       Delay        Time   Description
---------------------------------------------------------------------------------------------
                                  0.000000    0.000000   clock clk (rise edge)
                                  0.000000    0.000000   clock network delay (propagated)
                                  4.000000    4.000000 v input external delay
     1    0.002987    0.009065    0.004728    4.004728 v rst (in)
                                                         rst (net)
                      0.009065    0.000000    4.004728 v input1/A (sky130_fd_sc_hd__clkbuf_4)
     8    0.038925    0.087797    0.174449    4.179178 v input1/X (sky130_fd_sc_hd__clkbuf_4)
                                                         net1 (net)
                      0.087797    0.000331    4.179508 v _44_/A (sky130_fd_sc_hd__inv_2)
     1    0.005549    0.040486    0.066300    4.245809 ^ _44_/Y (sky130_fd_sc_hd__inv_2)
                                                         _14_ (net)
                      0.040486    0.000041    4.245850 ^ _52_/RESET_B (sky130_fd_sc_hd__dfrtp_1)
                                              4.245850   data arrival time

                                 20.000000   20.000000   clock clk (rise edge)
                                  0.000000   20.000000   clock source latency
     1    0.009204    0.047862    0.031413   20.031414 ^ clk (in)
                                                         clk (net)
                      0.047862    0.000000   20.031414 ^ clkbuf_0_clk/A (sky130_fd_sc_hd__clkbuf_16)
     2    0.017860    0.040023    0.124460   20.155874 ^ clkbuf_0_clk/X (sky130_fd_sc_hd__clkbuf_16)
                                                         clknet_0_clk (net)
                      0.040024    0.000059   20.155933 ^ clkbuf_1_1__f_clk/A (sky130_fd_sc_hd__clkbuf_16)
     4    0.009666    0.033045    0.113747   20.269680 ^ clkbuf_1_1__f_clk/X (sky130_fd_sc_hd__clkbuf_16)
                                                         clknet_1_1__leaf_clk (net)
                      0.033045    0.000037   20.269716 ^ _52_/CLK (sky130_fd_sc_hd__dfrtp_1)
                                 -0.250000   20.019718   clock uncertainty
                                  0.000000   20.019718   clock reconvergence pessimism
                                  0.227838   20.247555   library recovery time
                                             20.247555   data required time
---------------------------------------------------------------------------------------------
                                             20.247555   data required time
                                             -4.245850   data arrival time
---------------------------------------------------------------------------------------------
                                             16.001705   slack (MET)


Startpoint: _49_ (rising edge-triggered flip-flop clocked by clk)
Endpoint: q[3] (output port clocked by clk)
Path Group: clk
Path Type: max

Fanout         Cap        Slew       Delay        Time   Description
---------------------------------------------------------------------------------------------
                                  0.000000    0.000000   clock clk (rise edge)
                                  0.000000    0.000000   clock source latency
     1    0.009204    0.047862    0.031412    0.031412 ^ clk (in)
                                                         clk (net)
                      0.047862    0.000000    0.031412 ^ clkbuf_0_clk/A (sky130_fd_sc_hd__clkbuf_16)
     2    0.017860    0.040023    0.124461    0.155873 ^ clkbuf_0_clk/X (sky130_fd_sc_hd__clkbuf_16)
                                                         clknet_0_clk (net)
                      0.040024    0.000072    0.155946 ^ clkbuf_1_0__f_clk/A (sky130_fd_sc_hd__clkbuf_16)
     4    0.009645    0.033028    0.113729    0.269675 ^ clkbuf_1_0__f_clk/X (sky130_fd_sc_hd__clkbuf_16)
                                                         clknet_1_0__leaf_clk (net)
                      0.033028    0.000050    0.269724 ^ _49_/CLK (sky130_fd_sc_hd__dfrtp_1)
     5    0.010521    0.107505    0.361902    0.631626 ^ _49_/Q (sky130_fd_sc_hd__dfrtp_1)
                                                         net5 (net)
                      0.107505    0.000043    0.631670 ^ output5/A (sky130_fd_sc_hd__buf_2)
     1    0.034093    0.169581    0.220929    0.852598 ^ output5/X (sky130_fd_sc_hd__buf_2)
                                                         q[3] (net)
                      0.169581    0.000107    0.852705 ^ q[3] (out)
                                              0.852705   data arrival time

                                 20.000000   20.000000   clock clk (rise edge)
                                  0.000000   20.000000   clock network delay (propagated)
                                 -0.250000   19.750002   clock uncertainty
                                  0.000000   19.750002   clock reconvergence pessimism
                                 -4.000000   15.750001   output external delay
                                             15.750001   data required time
---------------------------------------------------------------------------------------------
                                             15.750001   data required time
                                             -0.852705   data arrival time
---------------------------------------------------------------------------------------------
                                             14.897296   slack (MET)




===========================================================================
report_checks --slack_max -0.01
============================================================================
======================= nom_tt_025C_1v80 Corner ===================================

No paths found.


===========================================================================
 report_check_types -max_slew -max_cap -max_fanout -violators
============================================================================
======================= nom_tt_025C_1v80 Corner ===================================



===========================================================================
report_parasitic_annotation -report_unannotated
============================================================================
Found 0 unannotated drivers.
Found 0 partially unannotated drivers.

===========================================================================
max slew violation count 0
Writing metric design__max_slew_violation__count__corner:nom_tt_025C_1v80: 0
max fanout violation count 0
Writing metric design__max_fanout_violation__count__corner:nom_tt_025C_1v80: 0
max cap violation count 0
Writing metric design__max_cap_violation__count__corner:nom_tt_025C_1v80: 0
============================================================================

===========================================================================
check_setup -verbose -unconstrained_endpoints -multiple_clock -no_clock -no_input_delay -loops -generated_clocks
===========================================================================
