
===========================================================================
report_checks -path_delay min (Hold)
============================================================================
======================= nom_tt_025C_1v80 Corner ===================================

Startpoint: _49_ (rising edge-triggered flip-flop clocked by clk)
Endpoint: _50_ (rising edge-triggered flip-flop clocked by clk)
Path Group: clk
Path Type: min

Fanout         Cap        Slew       Delay        Time   Description
---------------------------------------------------------------------------------------------
                                  0.000000    0.000000   clock clk (rise edge)
                                  0.000000    0.000000   clock source latency
     1    0.009204    0.047862    0.031412    0.031412 ^ clk (in)
                                                         clk (net)
                      0.047862    0.000000    0.031412 ^ clkbuf_0_clk/A (sky130_fd_sc_hd__clkbuf_16)
     2    0.017860    0.040023    0.124461    0.155873 ^ clkbuf_0_clk/X (sky130_fd_sc_hd__clkbuf_16)
                                                         clknet_0_clk (net)
                      0.040024    0.000072    0.155946 ^ clkbuf_1_0__f_clk/A (sky130_fd_sc_hd__clkbuf_16)
     4    0.009645    0.033028    0.113729    0.269675 ^ clkbuf_1_0__f_clk/X (sky130_fd_sc_hd__clkbuf_16)
                                                         clknet_1_0__leaf_clk (net)
                      0.033028    0.000050    0.269724 ^ _49_/CLK (sky130_fd_sc_hd__dfrtp_1)
     5    0.009983    0.070713    0.387290    0.657014 v _49_/Q (sky130_fd_sc_hd__dfrtp_1)
                                                         net5 (net)
                      0.070713    0.000044    0.657058 v _29_/A (sky130_fd_sc_hd__nand2_1)
     1    0.005395    0.061051    0.081134    0.738192 ^ _29_/Y (sky130_fd_sc_hd__nand2_1)
                                                         _18_ (net)
                      0.061051    0.000024    0.738216 ^ _32_/B (sky130_fd_sc_hd__xnor2_1)
     1    0.002211    0.030867    0.056329    0.794544 v _32_/Y (sky130_fd_sc_hd__xnor2_1)
                                                         _04_ (net)
                      0.030867    0.000004    0.794548 v _50_/D (sky130_fd_sc_hd__dfrtp_1)
                                              0.794548   data arrival time

                                  0.000000    0.000000   clock clk (rise edge)
                                  0.000000    0.000000   clock source latency
     1    0.009204    0.047862    0.031412    0.031412 ^ clk (in)
                                                         clk (net)
                      0.047862    0.000000    0.031412 ^ clkbuf_0_clk/A (sky130_fd_sc_hd__clkbuf_16)
     2    0.017860    0.040023    0.124461    0.155873 ^ clkbuf_0_clk/X (sky130_fd_sc_hd__clkbuf_16)
                                                         clknet_0_clk (net)
                      0.040024    0.000059    0.155933 ^ clkbuf_1_1__f_clk/A (sky130_fd_sc_hd__clkbuf_16)
     4    0.009666    0.033045    0.113747    0.269679 ^ clkbuf_1_1__f_clk/X (sky130_fd_sc_hd__clkbuf_16)
                                                         clknet_1_1__leaf_clk (net)
                      0.033045    0.000056    0.269735 ^ _50_/CLK (sky130_fd_sc_hd__dfrtp_1)
                                  0.250000    0.519735   clock uncertainty
                                  0.000000    0.519735   clock reconvergence pessimism
                                 -0.042748    0.476987   library hold time
                                              0.476987   data required time
---------------------------------------------------------------------------------------------
                                              0.476987   data required time
                                             -0.794548   data arrival time
---------------------------------------------------------------------------------------------
                                              0.317561   slack (MET)


Startpoint: _52_ (rising edge-triggered flip-flop clocked by clk)
Endpoint: _52_ (rising edge-triggered flip-flop clocked by clk)
Path Group: clk
Path Type: min

Fanout         Cap        Slew       Delay        Time   Description
---------------------------------------------------------------------------------------------
                                  0.000000    0.000000   clock clk (rise edge)
                                  0.000000    0.000000   clock source latency
     1    0.009204    0.047862    0.031412    0.031412 ^ clk (in)
                                                         clk (net)
                      0.047862    0.000000    0.031412 ^ clkbuf_0_clk/A (sky130_fd_sc_hd__clkbuf_16)
     2    0.017860    0.040023    0.124461    0.155873 ^ clkbuf_0_clk/X (sky130_fd_sc_hd__clkbuf_16)
                                                         clknet_0_clk (net)
                      0.040024    0.000059    0.155933 ^ clkbuf_1_1__f_clk/A (sky130_fd_sc_hd__clkbuf_16)
     4    0.009666    0.033045    0.113747    0.269679 ^ clkbuf_1_1__f_clk/X (sky130_fd_sc_hd__clkbuf_16)
                                                         clknet_1_1__leaf_clk (net)
                      0.033045    0.000038    0.269717 ^ _52_/CLK (sky130_fd_sc_hd__dfrtp_1)
     3    0.006867    0.078554    0.338048    0.607765 ^ _52_/Q (sky130_fd_sc_hd__dfrtp_1)
                                                         net8 (net)
                      0.078554    0.000010    0.607776 ^ _35_/A (sky130_fd_sc_hd__and3_1)
     2    0.007623    0.093205    0.181062    0.788838 ^ _35_/X (sky130_fd_sc_hd__and3_1)
                                                         _21_ (net)
                      0.093205    0.000022    0.788860 ^ _37_/A (sky130_fd_sc_hd__nor2_1)
     1    0.002519    0.032553    0.052926    0.841786 v _37_/Y (sky130_fd_sc_hd__nor2_1)
                                                         _06_ (net)
                      0.032553    0.000008    0.841794 v _52_/D (sky130_fd_sc_hd__dfrtp_1)
                                              0.841794   data arrival time

                                  0.000000    0.000000   clock clk (rise edge)
                                  0.000000    0.000000   clock source latency
     1    0.009204    0.047862    0.031412    0.031412 ^ clk (in)
                                                         clk (net)
                      0.047862    0.000000    0.031412 ^ clkbuf_0_clk/A (sky130_fd_sc_hd__clkbuf_16)
     2    0.017860    0.040023    0.124461    0.155873 ^ clkbuf_0_clk/X (sky130_fd_sc_hd__clkbuf_16)
                                                         clknet_0_clk (net)
                      0.040024    0.000059    0.155933 ^ clkbuf_1_1__f_clk/A (sky130_fd_sc_hd__clkbuf_16)
     4    0.009666    0.033045    0.113747    0.269679 ^ clkbuf_1_1__f_clk/X (sky130_fd_sc_hd__clkbuf_16)
                                                         clknet_1_1__leaf_clk (net)
                      0.033045    0.000038    0.269717 ^ _52_/CLK (sky130_fd_sc_hd__dfrtp_1)
                                  0.250000    0.519717   clock uncertainty
                                  0.000000    0.519717   clock reconvergence pessimism
                                 -0.043434    0.476283   library hold time
                                              0.476283   data required time
---------------------------------------------------------------------------------------------
                                              0.476283   data required time
                                             -0.841794   data arrival time
---------------------------------------------------------------------------------------------
                                              0.365511   slack (MET)


Startpoint: _52_ (rising edge-triggered flip-flop clocked by clk)
Endpoint: _53_ (rising edge-triggered flip-flop clocked by clk)
Path Group: clk
Path Type: min

Fanout         Cap        Slew       Delay        Time   Description
---------------------------------------------------------------------------------------------
                                  0.000000    0.000000   clock clk (rise edge)
                                  0.000000    0.000000   clock source latency
     1    0.009204    0.047862    0.031412    0.031412 ^ clk (in)
                                                         clk (net)
                      0.047862    0.000000    0.031412 ^ clkbuf_0_clk/A (sky130_fd_sc_hd__clkbuf_16)
     2    0.017860    0.040023    0.124461    0.155873 ^ clkbuf_0_clk/X (sky130_fd_sc_hd__clkbuf_16)
                                                         clknet_0_clk (net)
                      0.040024    0.000059    0.155933 ^ clkbuf_1_1__f_clk/A (sky130_fd_sc_hd__clkbuf_16)
     4    0.009666    0.033045    0.113747    0.269679 ^ clkbuf_1_1__f_clk/X (sky130_fd_sc_hd__clkbuf_16)
                                                         clknet_1_1__leaf_clk (net)
                      0.033045    0.000038    0.269717 ^ _52_/CLK (sky130_fd_sc_hd__dfrtp_1)
     3    0.006867    0.078554    0.338048    0.607765 ^ _52_/Q (sky130_fd_sc_hd__dfrtp_1)
                                                         net8 (net)
                      0.078554    0.000010    0.607776 ^ _35_/A (sky130_fd_sc_hd__and3_1)
     2    0.007623    0.093205    0.181062    0.788838 ^ _35_/X (sky130_fd_sc_hd__and3_1)
                                                         _21_ (net)
                      0.093205    0.000026    0.788864 ^ _38_/B (sky130_fd_sc_hd__xor2_1)
     1    0.002250    0.034641    0.066445    0.855309 v _38_/X (sky130_fd_sc_hd__xor2_1)
                                                         _07_ (net)
                      0.034641    0.000004    0.855313 v _53_/D (sky130_fd_sc_hd__dfrtp_1)
                                              0.855313   data arrival time

                                  0.000000    0.000000   clock clk (rise edge)
                                  0.000000    0.000000   clock source latency
     1    0.009204    0.047862    0.031412    0.031412 ^ clk (in)
                                                         clk (net)
                      0.047862    0.000000    0.031412 ^ clkbuf_0_clk/A (sky130_fd_sc_hd__clkbuf_16)
     2    0.017860    0.040023    0.124461    0.155873 ^ clkbuf_0_clk/X (sky130_fd_sc_hd__clkbuf_16)
                                                         clknet_0_clk (net)
                      0.040024    0.000059    0.155933 ^ clkbuf_1_1__f_clk/A (sky130_fd_sc_hd__clkbuf_16)
     4    0.009666    0.033045    0.113747    0.269679 ^ clkbuf_1_1__f_clk/X (sky130_fd_sc_hd__clkbuf_16)
                                                         clknet_1_1__leaf_clk (net)
                      0.033045    0.000034    0.269713 ^ _53_/CLK (sky130_fd_sc_hd__dfrtp_1)
                                  0.250000    0.519713   clock uncertainty
                                  0.000000    0.519713   clock reconvergence pessimism
                                 -0.044285    0.475429   library hold time
                                              0.475429   data required time
---------------------------------------------------------------------------------------------
                                              0.475429   data required time
                                             -0.855313   data arrival time
---------------------------------------------------------------------------------------------
                                              0.379884   slack (MET)


Startpoint: _50_ (rising edge-triggered flip-flop clocked by clk)
Endpoint: _51_ (rising edge-triggered flip-flop clocked by clk)
Path Group: clk
Path Type: min

Fanout         Cap        Slew       Delay        Time   Description
---------------------------------------------------------------------------------------------
                                  0.000000    0.000000   clock clk (rise edge)
                                  0.000000    0.000000   clock source latency
     1    0.009204    0.047862    0.031412    0.031412 ^ clk (in)
                                                         clk (net)
                      0.047862    0.000000    0.031412 ^ clkbuf_0_clk/A (sky130_fd_sc_hd__clkbuf_16)
     2    0.017860    0.040023    0.124461    0.155873 ^ clkbuf_0_clk/X (sky130_fd_sc_hd__clkbuf_16)
                                                         clknet_0_clk (net)
                      0.040024    0.000059    0.155933 ^ clkbuf_1_1__f_clk/A (sky130_fd_sc_hd__clkbuf_16)
     4    0.009666    0.033045    0.113747    0.269679 ^ clkbuf_1_1__f_clk/X (sky130_fd_sc_hd__clkbuf_16)
                                                         clknet_1_1__leaf_clk (net)
                      0.033045    0.000056    0.269735 ^ _50_/CLK (sky130_fd_sc_hd__dfrtp_1)
     4    0.008904    0.094425    0.351797    0.621532 ^ _50_/Q (sky130_fd_sc_hd__dfrtp_1)
                                                         net6 (net)
                      0.094425    0.000020    0.621552 ^ _31_/B (sky130_fd_sc_hd__and3_1)
     1    0.001937    0.043365    0.147024    0.768576 ^ _31_/X (sky130_fd_sc_hd__and3_1)
                                                         _19_ (net)
                      0.043365    0.000004    0.768580 ^ _34_/B1 (sky130_fd_sc_hd__o2bb2a_1)
     1    0.002351    0.043041    0.131582    0.900161 ^ _34_/X (sky130_fd_sc_hd__o2bb2a_1)
                                                         _05_ (net)
                      0.043041    0.000004    0.900166 ^ _51_/D (sky130_fd_sc_hd__dfrtp_1)
                                              0.900166   data arrival time

                                  0.000000    0.000000   clock clk (rise edge)
                                  0.000000    0.000000   clock source latency
     1    0.009204    0.047862    0.031412    0.031412 ^ clk (in)
                                                         clk (net)
                      0.047862    0.000000    0.031412 ^ clkbuf_0_clk/A (sky130_fd_sc_hd__clkbuf_16)
     2    0.017860    0.040023    0.124461    0.155873 ^ clkbuf_0_clk/X (sky130_fd_sc_hd__clkbuf_16)
                                                         clknet_0_clk (net)
                      0.040024    0.000059    0.155933 ^ clkbuf_1_1__f_clk/A (sky130_fd_sc_hd__clkbuf_16)
     4    0.009666    0.033045    0.113747    0.269679 ^ clkbuf_1_1__f_clk/X (sky130_fd_sc_hd__clkbuf_16)
                                                         clknet_1_1__leaf_clk (net)
                      0.033045    0.000058    0.269738 ^ _51_/CLK (sky130_fd_sc_hd__dfrtp_1)
                                  0.250000    0.519738   clock uncertainty
                                  0.000000    0.519738   clock reconvergence pessimism
                                 -0.035987    0.483751   library hold time
                                              0.483751   data required time
---------------------------------------------------------------------------------------------
                                              0.483751   data required time
                                             -0.900166   data arrival time
---------------------------------------------------------------------------------------------
                                              0.416415   slack (MET)


Startpoint: _48_ (rising edge-triggered flip-flop clocked by clk)
Endpoint: _48_ (rising edge-triggered flip-flop clocked by clk)
Path Group: clk
Path Type: min

Fanout         Cap        Slew       Delay        Time   Description
---------------------------------------------------------------------------------------------
                                  0.000000    0.000000   clock clk (rise edge)
                                  0.000000    0.000000   clock source latency
     1    0.009204    0.047862    0.031412    0.031412 ^ clk (in)
                                                         clk (net)
                      0.047862    0.000000    0.031412 ^ clkbuf_0_clk/A (sky130_fd_sc_hd__clkbuf_16)
     2    0.017860    0.040023    0.124461    0.155873 ^ clkbuf_0_clk/X (sky130_fd_sc_hd__clkbuf_16)
                                                         clknet_0_clk (net)
                      0.040024    0.000072    0.155946 ^ clkbuf_1_0__f_clk/A (sky130_fd_sc_hd__clkbuf_16)
     4    0.009645    0.033028    0.113729    0.269675 ^ clkbuf_1_0__f_clk/X (sky130_fd_sc_hd__clkbuf_16)
                                                         clknet_1_0__leaf_clk (net)
                      0.033028    0.000020    0.269695 ^ _48_/CLK (sky130_fd_sc_hd__dfrtp_1)
     3    0.007353    0.080148    0.341298    0.610993 ^ _48_/Q (sky130_fd_sc_hd__dfrtp_1)
                                                         net4 (net)
                      0.080148    0.000036    0.611029 ^ _26_/C (sky130_fd_sc_hd__and3_2)
     7    0.019506    0.115805    0.246252    0.857281 ^ _26_/X (sky130_fd_sc_hd__and3_2)
                                                         _16_ (net)
                      0.115805    0.000067    0.857348 ^ _28_/A (sky130_fd_sc_hd__nor2_1)
     1    0.002426    0.023265    0.058405    0.915753 v _28_/Y (sky130_fd_sc_hd__nor2_1)
                                                         _02_ (net)
                      0.023265    0.000004    0.915757 v _48_/D (sky130_fd_sc_hd__dfrtp_1)
                                              0.915757   data arrival time

                                  0.000000    0.000000   clock clk (rise edge)
                                  0.000000    0.000000   clock source latency
     1    0.009204    0.047862    0.031412    0.031412 ^ clk (in)
                                                         clk (net)
                      0.047862    0.000000    0.031412 ^ clkbuf_0_clk/A (sky130_fd_sc_hd__clkbuf_16)
     2    0.017860    0.040023    0.124461    0.155873 ^ clkbuf_0_clk/X (sky130_fd_sc_hd__clkbuf_16)
                                                         clknet_0_clk (net)
                      0.040024    0.000072    0.155946 ^ clkbuf_1_0__f_clk/A (sky130_fd_sc_hd__clkbuf_16)
     4    0.009645    0.033028    0.113729    0.269675 ^ clkbuf_1_0__f_clk/X (sky130_fd_sc_hd__clkbuf_16)
                                                         clknet_1_0__leaf_clk (net)
                      0.033028    0.000020    0.269695 ^ _48_/CLK (sky130_fd_sc_hd__dfrtp_1)
                                  0.250000    0.519695   clock uncertainty
                                  0.000000    0.519695   clock reconvergence pessimism
                                 -0.039657    0.480039   library hold time
                                              0.480039   data required time
---------------------------------------------------------------------------------------------
                                              0.480039   data required time
                                             -0.915757   data arrival time
---------------------------------------------------------------------------------------------
                                              0.435718   slack (MET)


Startpoint: _48_ (rising edge-triggered flip-flop clocked by clk)
Endpoint: _49_ (rising edge-triggered flip-flop clocked by clk)
Path Group: clk
Path Type: min

Fanout         Cap        Slew       Delay        Time   Description
---------------------------------------------------------------------------------------------
                                  0.000000    0.000000   clock clk (rise edge)
                                  0.000000    0.000000   clock source latency
     1    0.009204    0.047862    0.031412    0.031412 ^ clk (in)
                                                         clk (net)
                      0.047862    0.000000    0.031412 ^ clkbuf_0_clk/A (sky130_fd_sc_hd__clkbuf_16)
     2    0.017860    0.040023    0.124461    0.155873 ^ clkbuf_0_clk/X (sky130_fd_sc_hd__clkbuf_16)
                                                         clknet_0_clk (net)
                      0.040024    0.000072    0.155946 ^ clkbuf_1_0__f_clk/A (sky130_fd_sc_hd__clkbuf_16)
     4    0.009645    0.033028    0.113729    0.269675 ^ clkbuf_1_0__f_clk/X (sky130_fd_sc_hd__clkbuf_16)
                                                         clknet_1_0__leaf_clk (net)
                      0.033028    0.000020    0.269695 ^ _48_/CLK (sky130_fd_sc_hd__dfrtp_1)
     3    0.007353    0.080148    0.341298    0.610993 ^ _48_/Q (sky130_fd_sc_hd__dfrtp_1)
                                                         net4 (net)
                      0.080148    0.000036    0.611029 ^ _26_/C (sky130_fd_sc_hd__and3_2)
     7    0.019506    0.115805    0.246252    0.857281 ^ _26_/X (sky130_fd_sc_hd__and3_2)
                                                         _16_ (net)
                      0.115805    0.000086    0.857367 ^ _30_/B (sky130_fd_sc_hd__xor2_1)
     1    0.002239    0.034592    0.073194    0.930561 v _30_/X (sky130_fd_sc_hd__xor2_1)
                                                         _03_ (net)
                      0.034592    0.000004    0.930565 v _49_/D (sky130_fd_sc_hd__dfrtp_1)
                                              0.930565   data arrival time

                                  0.000000    0.000000   clock clk (rise edge)
                                  0.000000    0.000000   clock source latency
     1    0.009204    0.047862    0.031412    0.031412 ^ clk (in)
                                                         clk (net)
                      0.047862    0.000000    0.031412 ^ clkbuf_0_clk/A (sky130_fd_sc_hd__clkbuf_16)
     2    0.017860    0.040023    0.124461    0.155873 ^ clkbuf_0_clk/X (sky130_fd_sc_hd__clkbuf_16)
                                                         clknet_0_clk (net)
                      0.040024    0.000072    0.155946 ^ clkbuf_1_0__f_clk/A (sky130_fd_sc_hd__clkbuf_16)
     4    0.009645    0.033028    0.113729    0.269675 ^ clkbuf_1_0__f_clk/X (sky130_fd_sc_hd__clkbuf_16)
                                                         clknet_1_0__leaf_clk (net)
                      0.033028    0.000050    0.269724 ^ _49_/CLK (sky130_fd_sc_hd__dfrtp_1)
                                  0.250000    0.519724   clock uncertainty
                                  0.000000    0.519724   clock reconvergence pessimism
                                 -0.044269    0.475456   library hold time
                                              0.475456   data required time
---------------------------------------------------------------------------------------------
                                              0.475456   data required time
                                             -0.930565   data arrival time
---------------------------------------------------------------------------------------------
                                              0.455109   slack (MET)


Startpoint: _47_ (rising edge-triggered flip-flop clocked by clk)
Endpoint: _47_ (rising edge-triggered flip-flop clocked by clk)
Path Group: clk
Path Type: min

Fanout         Cap        Slew       Delay        Time   Description
---------------------------------------------------------------------------------------------
                                  0.000000    0.000000   clock clk (rise edge)
                                  0.000000    0.000000   clock source latency
     1    0.009204    0.047862    0.031412    0.031412 ^ clk (in)
                                                         clk (net)
                      0.047862    0.000000    0.031412 ^ clkbuf_0_clk/A (sky130_fd_sc_hd__clkbuf_16)
     2    0.017860    0.040023    0.124461    0.155873 ^ clkbuf_0_clk/X (sky130_fd_sc_hd__clkbuf_16)
                                                         clknet_0_clk (net)
                      0.040024    0.000072    0.155946 ^ clkbuf_1_0__f_clk/A (sky130_fd_sc_hd__clkbuf_16)
     4    0.009645    0.033028    0.113729    0.269675 ^ clkbuf_1_0__f_clk/X (sky130_fd_sc_hd__clkbuf_16)
                                                         clknet_1_0__leaf_clk (net)
                      0.033028    0.000029    0.269704 ^ _47_/CLK (sky130_fd_sc_hd__dfrtp_1)
     4    0.009864    0.102116    0.357918    0.627622 ^ _47_/Q (sky130_fd_sc_hd__dfrtp_1)
                                                         net3 (net)
                      0.102116    0.000012    0.627634 ^ hold3/A (sky130_fd_sc_hd__dlygate4sd3_1)
     1    0.005280    0.077242    0.571714    1.199348 ^ hold3/X (sky130_fd_sc_hd__dlygate4sd3_1)
                                                         net12 (net)
                      0.077242    0.000019    1.199367 ^ _25_/B (sky130_fd_sc_hd__xor2_1)
     1    0.002166    0.034280    0.061133    1.260499 v _25_/X (sky130_fd_sc_hd__xor2_1)
                                                         _01_ (net)
                      0.034280    0.000002    1.260502 v _47_/D (sky130_fd_sc_hd__dfrtp_1)
                                              1.260502   data arrival time

                                  0.000000    0.000000   clock clk (rise edge)
                                  0.000000    0.000000   clock source latency
     1    0.009204    0.047862    0.031412    0.031412 ^ clk (in)
                                                         clk (net)
                      0.047862    0.000000    0.031412 ^ clkbuf_0_clk/A (sky130_fd_sc_hd__clkbuf_16)
     2    0.017860    0.040023    0.124461    0.155873 ^ clkbuf_0_clk/X (sky130_fd_sc_hd__clkbuf_16)
                                                         clknet_0_clk (net)
                      0.040024    0.000072    0.155946 ^ clkbuf_1_0__f_clk/A (sky130_fd_sc_hd__clkbuf_16)
     4    0.009645    0.033028    0.113729    0.269675 ^ clkbuf_1_0__f_clk/X (sky130_fd_sc_hd__clkbuf_16)
                                                         clknet_1_0__leaf_clk (net)
                      0.033028    0.000029    0.269704 ^ _47_/CLK (sky130_fd_sc_hd__dfrtp_1)
                                  0.250000    0.519704   clock uncertainty
                                  0.000000    0.519704   clock reconvergence pessimism
                                 -0.044142    0.475563   library hold time
                                              0.475563   data required time
---------------------------------------------------------------------------------------------
                                              0.475563   data required time
                                             -1.260502   data arrival time
---------------------------------------------------------------------------------------------
                                              0.784939   slack (MET)


Startpoint: _46_ (rising edge-triggered flip-flop clocked by clk)
Endpoint: _46_ (rising edge-triggered flip-flop clocked by clk)
Path Group: clk
Path Type: min

Fanout         Cap        Slew       Delay        Time   Description
---------------------------------------------------------------------------------------------
                                  0.000000    0.000000   clock clk (rise edge)
                                  0.000000    0.000000   clock source latency
     1    0.009204    0.047862    0.031412    0.031412 ^ clk (in)
                                                         clk (net)
                      0.047862    0.000000    0.031412 ^ clkbuf_0_clk/A (sky130_fd_sc_hd__clkbuf_16)
     2    0.017860    0.040023    0.124461    0.155873 ^ clkbuf_0_clk/X (sky130_fd_sc_hd__clkbuf_16)
                                                         clknet_0_clk (net)
                      0.040024    0.000072    0.155946 ^ clkbuf_1_0__f_clk/A (sky130_fd_sc_hd__clkbuf_16)
     4    0.009645    0.033028    0.113729    0.269675 ^ clkbuf_1_0__f_clk/X (sky130_fd_sc_hd__clkbuf_16)
                                                         clknet_1_0__leaf_clk (net)
                      0.033028    0.000048    0.269722 ^ _46_/CLK (sky130_fd_sc_hd__dfrtp_1)
     4    0.009302    0.097524    0.354475    0.624197 ^ _46_/Q (sky130_fd_sc_hd__dfrtp_1)
                                                         net2 (net)
                      0.097524    0.000006    0.624204 ^ hold2/A (sky130_fd_sc_hd__dlygate4sd3_1)
     2    0.010193    0.121232    0.607080    1.231284 ^ hold2/X (sky130_fd_sc_hd__dlygate4sd3_1)
                                                         net11 (net)
                      0.121232    0.000045    1.231328 ^ _23_/A (sky130_fd_sc_hd__inv_2)
     1    0.002420    0.026582    0.034922    1.266251 v _23_/Y (sky130_fd_sc_hd__inv_2)
                                                         _00_ (net)
                      0.026582    0.000007    1.266257 v _46_/D (sky130_fd_sc_hd__dfrtp_1)
                                              1.266257   data arrival time

                                  0.000000    0.000000   clock clk (rise edge)
                                  0.000000    0.000000   clock source latency
     1    0.009204    0.047862    0.031412    0.031412 ^ clk (in)
                                                         clk (net)
                      0.047862    0.000000    0.031412 ^ clkbuf_0_clk/A (sky130_fd_sc_hd__clkbuf_16)
     2    0.017860    0.040023    0.124461    0.155873 ^ clkbuf_0_clk/X (sky130_fd_sc_hd__clkbuf_16)
                                                         clknet_0_clk (net)
                      0.040024    0.000072    0.155946 ^ clkbuf_1_0__f_clk/A (sky130_fd_sc_hd__clkbuf_16)
     4    0.009645    0.033028    0.113729    0.269675 ^ clkbuf_1_0__f_clk/X (sky130_fd_sc_hd__clkbuf_16)
                                                         clknet_1_0__leaf_clk (net)
                      0.033028    0.000048    0.269722 ^ _46_/CLK (sky130_fd_sc_hd__dfrtp_1)
                                  0.250000    0.519723   clock uncertainty
                                  0.000000    0.519723   clock reconvergence pessimism
                                 -0.041007    0.478716   library hold time
                                              0.478716   data required time
---------------------------------------------------------------------------------------------
                                              0.478716   data required time
                                             -1.266257   data arrival time
---------------------------------------------------------------------------------------------
                                              0.787542   slack (MET)


Startpoint: rst (input port clocked by clk)
Endpoint: _49_ (removal check against rising-edge clock clk)
Path Group: asynchronous
Path Type: min

Fanout         Cap        Slew       Delay        Time   Description
---------------------------------------------------------------------------------------------
                                  0.000000    0.000000   clock clk (rise edge)
                                  0.000000    0.000000   clock network delay (propagated)
                                  4.000000    4.000000 v input external delay
     1    0.002987    0.009065    0.004728    4.004728 v rst (in)
                                                         rst (net)
                      0.009065    0.000000    4.004728 v input1/A (sky130_fd_sc_hd__clkbuf_4)
     8    0.038925    0.087797    0.174449    4.179178 v input1/X (sky130_fd_sc_hd__clkbuf_4)
                                                         net1 (net)
                      0.087797    0.000293    4.179471 v _41_/A (sky130_fd_sc_hd__inv_2)
     1    0.003815    0.035581    0.059556    4.239027 ^ _41_/Y (sky130_fd_sc_hd__inv_2)
                                                         _11_ (net)
                      0.035581    0.000004    4.239031 ^ _49_/RESET_B (sky130_fd_sc_hd__dfrtp_1)
                                              4.239031   data arrival time

                                  0.000000    0.000000   clock clk (rise edge)
                                  0.000000    0.000000   clock source latency
     1    0.009204    0.047862    0.031412    0.031412 ^ clk (in)
                                                         clk (net)
                      0.047862    0.000000    0.031412 ^ clkbuf_0_clk/A (sky130_fd_sc_hd__clkbuf_16)
     2    0.017860    0.040023    0.124461    0.155873 ^ clkbuf_0_clk/X (sky130_fd_sc_hd__clkbuf_16)
                                                         clknet_0_clk (net)
                      0.040024    0.000072    0.155946 ^ clkbuf_1_0__f_clk/A (sky130_fd_sc_hd__clkbuf_16)
     4    0.009645    0.033028    0.113729    0.269675 ^ clkbuf_1_0__f_clk/X (sky130_fd_sc_hd__clkbuf_16)
                                                         clknet_1_0__leaf_clk (net)
                      0.033028    0.000050    0.269724 ^ _49_/CLK (sky130_fd_sc_hd__dfrtp_1)
                                  0.250000    0.519724   clock uncertainty
                                  0.000000    0.519724   clock reconvergence pessimism
                                  0.314393    0.834117   library removal time
                                              0.834117   data required time
---------------------------------------------------------------------------------------------
                                              0.834117   data required time
                                             -4.239031   data arrival time
---------------------------------------------------------------------------------------------
                                              3.404914   slack (MET)


Startpoint: rst (input port clocked by clk)
Endpoint: _51_ (removal check against rising-edge clock clk)
Path Group: asynchronous
Path Type: min

Fanout         Cap        Slew       Delay        Time   Description
---------------------------------------------------------------------------------------------
                                  0.000000    0.000000   clock clk (rise edge)
                                  0.000000    0.000000   clock network delay (propagated)
                                  4.000000    4.000000 v input external delay
     1    0.002987    0.009065    0.004728    4.004728 v rst (in)
                                                         rst (net)
                      0.009065    0.000000    4.004728 v input1/A (sky130_fd_sc_hd__clkbuf_4)
     8    0.038925    0.087797    0.174449    4.179178 v input1/X (sky130_fd_sc_hd__clkbuf_4)
                                                         net1 (net)
                      0.087797    0.000030    4.179208 v _43_/A (sky130_fd_sc_hd__inv_2)
     1    0.004492    0.036952    0.062634    4.241842 ^ _43_/Y (sky130_fd_sc_hd__inv_2)
                                                         _13_ (net)
                      0.036952    0.000019    4.241861 ^ _51_/RESET_B (sky130_fd_sc_hd__dfrtp_1)
                                              4.241861   data arrival time

                                  0.000000    0.000000   clock clk (rise edge)
                                  0.000000    0.000000   clock source latency
     1    0.009204    0.047862    0.031412    0.031412 ^ clk (in)
                                                         clk (net)
                      0.047862    0.000000    0.031412 ^ clkbuf_0_clk/A (sky130_fd_sc_hd__clkbuf_16)
     2    0.017860    0.040023    0.124461    0.155873 ^ clkbuf_0_clk/X (sky130_fd_sc_hd__clkbuf_16)
                                                         clknet_0_clk (net)
                      0.040024    0.000059    0.155933 ^ clkbuf_1_1__f_clk/A (sky130_fd_sc_hd__clkbuf_16)
     4    0.009666    0.033045    0.113747    0.269679 ^ clkbuf_1_1__f_clk/X (sky130_fd_sc_hd__clkbuf_16)
                                                         clknet_1_1__leaf_clk (net)
                      0.033045    0.000058    0.269738 ^ _51_/CLK (sky130_fd_sc_hd__dfrtp_1)
                                  0.250000    0.519738   clock uncertainty
                                  0.000000    0.519738   clock reconvergence pessimism
                                  0.314775    0.834513   library removal time
                                              0.834513   data required time
---------------------------------------------------------------------------------------------
                                              0.834513   data required time
                                             -4.241861   data arrival time
---------------------------------------------------------------------------------------------
                                              3.407348   slack (MET)


Startpoint: rst (input port clocked by clk)
Endpoint: _48_ (removal check against rising-edge clock clk)
Path Group: asynchronous
Path Type: min

Fanout         Cap        Slew       Delay        Time   Description
---------------------------------------------------------------------------------------------
                                  0.000000    0.000000   clock clk (rise edge)
                                  0.000000    0.000000   clock network delay (propagated)
                                  4.000000    4.000000 v input external delay
     1    0.002987    0.009065    0.004728    4.004728 v rst (in)
                                                         rst (net)
                      0.009065    0.000000    4.004728 v input1/A (sky130_fd_sc_hd__clkbuf_4)
     8    0.038925    0.087797    0.174449    4.179178 v input1/X (sky130_fd_sc_hd__clkbuf_4)
                                                         net1 (net)
                      0.087797    0.000255    4.179432 v _40_/A (sky130_fd_sc_hd__inv_2)
     1    0.004390    0.036611    0.062281    4.241714 ^ _40_/Y (sky130_fd_sc_hd__inv_2)
                                                         _10_ (net)
                      0.036611    0.000013    4.241726 ^ _48_/RESET_B (sky130_fd_sc_hd__dfrtp_1)
                                              4.241726   data arrival time

                                  0.000000    0.000000   clock clk (rise edge)
                                  0.000000    0.000000   clock source latency
     1    0.009204    0.047862    0.031412    0.031412 ^ clk (in)
                                                         clk (net)
                      0.047862    0.000000    0.031412 ^ clkbuf_0_clk/A (sky130_fd_sc_hd__clkbuf_16)
     2    0.017860    0.040023    0.124461    0.155873 ^ clkbuf_0_clk/X (sky130_fd_sc_hd__clkbuf_16)
                                                         clknet_0_clk (net)
                      0.040024    0.000072    0.155946 ^ clkbuf_1_0__f_clk/A (sky130_fd_sc_hd__clkbuf_16)
     4    0.009645    0.033028    0.113729    0.269675 ^ clkbuf_1_0__f_clk/X (sky130_fd_sc_hd__clkbuf_16)
                                                         clknet_1_0__leaf_clk (net)
                      0.033028    0.000020    0.269695 ^ _48_/CLK (sky130_fd_sc_hd__dfrtp_1)
                                  0.250000    0.519695   clock uncertainty
                                  0.000000    0.519695   clock reconvergence pessimism
                                  0.314676    0.834372   library removal time
                                              0.834372   data required time
---------------------------------------------------------------------------------------------
                                              0.834372   data required time
                                             -4.241726   data arrival time
---------------------------------------------------------------------------------------------
                                              3.407355   slack (MET)


Startpoint: rst (input port clocked by clk)
Endpoint: _46_ (removal check against rising-edge clock clk)
Path Group: asynchronous
Path Type: min

Fanout         Cap        Slew       Delay        Time   Description
---------------------------------------------------------------------------------------------
                                  0.000000    0.000000   clock clk (rise edge)
                                  0.000000    0.000000   clock network delay (propagated)
                                  4.000000    4.000000 v input external delay
     1    0.002987    0.009065    0.004728    4.004728 v rst (in)
                                                         rst (net)
                      0.009065    0.000000    4.004728 v input1/A (sky130_fd_sc_hd__clkbuf_4)
     8    0.038925    0.087797    0.174449    4.179178 v input1/X (sky130_fd_sc_hd__clkbuf_4)
                                                         net1 (net)
                      0.087797    0.000284    4.179461 v _24_/A (sky130_fd_sc_hd__inv_2)
     1    0.004491    0.036950    0.062632    4.242093 ^ _24_/Y (sky130_fd_sc_hd__inv_2)
                                                         _08_ (net)
                      0.036950    0.000019    4.242112 ^ _46_/RESET_B (sky130_fd_sc_hd__dfrtp_1)
                                              4.242112   data arrival time

                                  0.000000    0.000000   clock clk (rise edge)
                                  0.000000    0.000000   clock source latency
     1    0.009204    0.047862    0.031412    0.031412 ^ clk (in)
                                                         clk (net)
                      0.047862    0.000000    0.031412 ^ clkbuf_0_clk/A (sky130_fd_sc_hd__clkbuf_16)
     2    0.017860    0.040023    0.124461    0.155873 ^ clkbuf_0_clk/X (sky130_fd_sc_hd__clkbuf_16)
                                                         clknet_0_clk (net)
                      0.040024    0.000072    0.155946 ^ clkbuf_1_0__f_clk/A (sky130_fd_sc_hd__clkbuf_16)
     4    0.009645    0.033028    0.113729    0.269675 ^ clkbuf_1_0__f_clk/X (sky130_fd_sc_hd__clkbuf_16)
                                                         clknet_1_0__leaf_clk (net)
                      0.033028    0.000048    0.269722 ^ _46_/CLK (sky130_fd_sc_hd__dfrtp_1)
                                  0.250000    0.519723   clock uncertainty
                                  0.000000    0.519723   clock reconvergence pessimism
                                  0.314770    0.834492   library removal time
                                              0.834492   data required time
---------------------------------------------------------------------------------------------
                                              0.834492   data required time
                                             -4.242112   data arrival time
---------------------------------------------------------------------------------------------
                                              3.407620   slack (MET)


Startpoint: rst (input port clocked by clk)
Endpoint: _50_ (removal check against rising-edge clock clk)
Path Group: asynchronous
Path Type: min

Fanout         Cap        Slew       Delay        Time   Description
---------------------------------------------------------------------------------------------
                                  0.000000    0.000000   clock clk (rise edge)
                                  0.000000    0.000000   clock network delay (propagated)
                                  4.000000    4.000000 v input external delay
     1    0.002987    0.009065    0.004728    4.004728 v rst (in)
                                                         rst (net)
                      0.009065    0.000000    4.004728 v input1/A (sky130_fd_sc_hd__clkbuf_4)
     8    0.038925    0.087797    0.174449    4.179178 v input1/X (sky130_fd_sc_hd__clkbuf_4)
                                                         net1 (net)
                      0.087797    0.000325    4.179502 v _42_/A (sky130_fd_sc_hd__inv_2)
     1    0.004791    0.037950    0.063669    4.243171 ^ _42_/Y (sky130_fd_sc_hd__inv_2)
                                                         _12_ (net)
                      0.037950    0.000030    4.243201 ^ _50_/RESET_B (sky130_fd_sc_hd__dfrtp_1)
                                              4.243201   data arrival time

                                  0.000000    0.000000   clock clk (rise edge)
                                  0.000000    0.000000   clock source latency
     1    0.009204    0.047862    0.031412    0.031412 ^ clk (in)
                                                         clk (net)
                      0.047862    0.000000    0.031412 ^ clkbuf_0_clk/A (sky130_fd_sc_hd__clkbuf_16)
     2    0.017860    0.040023    0.124461    0.155873 ^ clkbuf_0_clk/X (sky130_fd_sc_hd__clkbuf_16)
                                                         clknet_0_clk (net)
                      0.040024    0.000059    0.155933 ^ clkbuf_1_1__f_clk/A (sky130_fd_sc_hd__clkbuf_16)
     4    0.009666    0.033045    0.113747    0.269679 ^ clkbuf_1_1__f_clk/X (sky130_fd_sc_hd__clkbuf_16)
                                                         clknet_1_1__leaf_clk (net)
                      0.033045    0.000056    0.269735 ^ _50_/CLK (sky130_fd_sc_hd__dfrtp_1)
                                  0.250000    0.519735   clock uncertainty
                                  0.000000    0.519735   clock reconvergence pessimism
                                  0.315050    0.834785   library removal time
                                              0.834785   data required time
---------------------------------------------------------------------------------------------
                                              0.834785   data required time
                                             -4.243201   data arrival time
---------------------------------------------------------------------------------------------
                                              3.408416   slack (MET)


Startpoint: rst (input port clocked by clk)
Endpoint: _47_ (removal check against rising-edge clock clk)
Path Group: asynchronous
Path Type: min

Fanout         Cap        Slew       Delay        Time   Description
---------------------------------------------------------------------------------------------
                                  0.000000    0.000000   clock clk (rise edge)
                                  0.000000    0.000000   clock network delay (propagated)
                                  4.000000    4.000000 v input external delay
     1    0.002987    0.009065    0.004728    4.004728 v rst (in)
                                                         rst (net)
                      0.009065    0.000000    4.004728 v input1/A (sky130_fd_sc_hd__clkbuf_4)
     8    0.038925    0.087797    0.174449    4.179178 v input1/X (sky130_fd_sc_hd__clkbuf_4)
                                                         net1 (net)
                      0.087797    0.000273    4.179451 v _39_/A (sky130_fd_sc_hd__inv_2)
     1    0.004952    0.038490    0.064232    4.243683 ^ _39_/Y (sky130_fd_sc_hd__inv_2)
                                                         _09_ (net)
                      0.038490    0.000028    4.243711 ^ _47_/RESET_B (sky130_fd_sc_hd__dfrtp_1)
                                              4.243711   data arrival time

                                  0.000000    0.000000   clock clk (rise edge)
                                  0.000000    0.000000   clock source latency
     1    0.009204    0.047862    0.031412    0.031412 ^ clk (in)
                                                         clk (net)
                      0.047862    0.000000    0.031412 ^ clkbuf_0_clk/A (sky130_fd_sc_hd__clkbuf_16)
     2    0.017860    0.040023    0.124461    0.155873 ^ clkbuf_0_clk/X (sky130_fd_sc_hd__clkbuf_16)
                                                         clknet_0_clk (net)
                      0.040024    0.000072    0.155946 ^ clkbuf_1_0__f_clk/A (sky130_fd_sc_hd__clkbuf_16)
     4    0.009645    0.033028    0.113729    0.269675 ^ clkbuf_1_0__f_clk/X (sky130_fd_sc_hd__clkbuf_16)
                                                         clknet_1_0__leaf_clk (net)
                      0.033028    0.000029    0.269704 ^ _47_/CLK (sky130_fd_sc_hd__dfrtp_1)
                                  0.250000    0.519704   clock uncertainty
                                  0.000000    0.519704   clock reconvergence pessimism
                                  0.315194    0.834898   library removal time
                                              0.834898   data required time
---------------------------------------------------------------------------------------------
                                              0.834898   data required time
                                             -4.243711   data arrival time
---------------------------------------------------------------------------------------------
                                              3.408813   slack (MET)


Startpoint: rst (input port clocked by clk)
Endpoint: _53_ (removal check against rising-edge clock clk)
Path Group: asynchronous
Path Type: min

Fanout         Cap        Slew       Delay        Time   Description
---------------------------------------------------------------------------------------------
                                  0.000000    0.000000   clock clk (rise edge)
                                  0.000000    0.000000   clock network delay (propagated)
                                  4.000000    4.000000 v input external delay
     1    0.002987    0.009065    0.004728    4.004728 v rst (in)
                                                         rst (net)
                      0.009065    0.000000    4.004728 v input1/A (sky130_fd_sc_hd__clkbuf_4)
     8    0.038925    0.087797    0.174449    4.179178 v input1/X (sky130_fd_sc_hd__clkbuf_4)
                                                         net1 (net)
                      0.087797    0.000200    4.179378 v _45_/A (sky130_fd_sc_hd__inv_2)
     1    0.005360    0.039851    0.065640    4.245018 ^ _45_/Y (sky130_fd_sc_hd__inv_2)
                                                         _15_ (net)
                      0.039851    0.000050    4.245068 ^ _53_/RESET_B (sky130_fd_sc_hd__dfrtp_1)
                                              4.245068   data arrival time

                                  0.000000    0.000000   clock clk (rise edge)
                                  0.000000    0.000000   clock source latency
     1    0.009204    0.047862    0.031412    0.031412 ^ clk (in)
                                                         clk (net)
                      0.047862    0.000000    0.031412 ^ clkbuf_0_clk/A (sky130_fd_sc_hd__clkbuf_16)
     2    0.017860    0.040023    0.124461    0.155873 ^ clkbuf_0_clk/X (sky130_fd_sc_hd__clkbuf_16)
                                                         clknet_0_clk (net)
                      0.040024    0.000059    0.155933 ^ clkbuf_1_1__f_clk/A (sky130_fd_sc_hd__clkbuf_16)
     4    0.009666    0.033045    0.113747    0.269679 ^ clkbuf_1_1__f_clk/X (sky130_fd_sc_hd__clkbuf_16)
                                                         clknet_1_1__leaf_clk (net)
                      0.033045    0.000034    0.269713 ^ _53_/CLK (sky130_fd_sc_hd__dfrtp_1)
                                  0.250000    0.519713   clock uncertainty
                                  0.000000    0.519713   clock reconvergence pessimism
                                  0.315573    0.835286   library removal time
                                              0.835286   data required time
---------------------------------------------------------------------------------------------
                                              0.835286   data required time
                                             -4.245068   data arrival time
---------------------------------------------------------------------------------------------
                                              3.409782   slack (MET)


Startpoint: rst (input port clocked by clk)
Endpoint: _52_ (removal check against rising-edge clock clk)
Path Group: asynchronous
Path Type: min

Fanout         Cap        Slew       Delay        Time   Description
---------------------------------------------------------------------------------------------
                                  0.000000    0.000000   clock clk (rise edge)
                                  0.000000    0.000000   clock network delay (propagated)
                                  4.000000    4.000000 v input external delay
     1    0.002987    0.009065    0.004728    4.004728 v rst (in)
                                                         rst (net)
                      0.009065    0.000000    4.004728 v input1/A (sky130_fd_sc_hd__clkbuf_4)
     8    0.038925    0.087797    0.174449    4.179178 v input1/X (sky130_fd_sc_hd__clkbuf_4)
                                                         net1 (net)
                      0.087797    0.000331    4.179508 v _44_/A (sky130_fd_sc_hd__inv_2)
     1    0.005549    0.040486    0.066300    4.245809 ^ _44_/Y (sky130_fd_sc_hd__inv_2)
                                                         _14_ (net)
                      0.040486    0.000041    4.245850 ^ _52_/RESET_B (sky130_fd_sc_hd__dfrtp_1)
                                              4.245850   data arrival time

                                  0.000000    0.000000   clock clk (rise edge)
                                  0.000000    0.000000   clock source latency
     1    0.009204    0.047862    0.031412    0.031412 ^ clk (in)
                                                         clk (net)
                      0.047862    0.000000    0.031412 ^ clkbuf_0_clk/A (sky130_fd_sc_hd__clkbuf_16)
     2    0.017860    0.040023    0.124461    0.155873 ^ clkbuf_0_clk/X (sky130_fd_sc_hd__clkbuf_16)
                                                         clknet_0_clk (net)
                      0.040024    0.000059    0.155933 ^ clkbuf_1_1__f_clk/A (sky130_fd_sc_hd__clkbuf_16)
     4    0.009666    0.033045    0.113747    0.269679 ^ clkbuf_1_1__f_clk/X (sky130_fd_sc_hd__clkbuf_16)
                                                         clknet_1_1__leaf_clk (net)
                      0.033045    0.000038    0.269717 ^ _52_/CLK (sky130_fd_sc_hd__dfrtp_1)
                                  0.250000    0.519717   clock uncertainty
                                  0.000000    0.519717   clock reconvergence pessimism
                                  0.315747    0.835465   library removal time
                                              0.835465   data required time
---------------------------------------------------------------------------------------------
                                              0.835465   data required time
                                             -4.245850   data arrival time
---------------------------------------------------------------------------------------------
                                              3.410385   slack (MET)


Startpoint: _53_ (rising edge-triggered flip-flop clocked by clk)
Endpoint: q[7] (output port clocked by clk)
Path Group: clk
Path Type: min

Fanout         Cap        Slew       Delay        Time   Description
---------------------------------------------------------------------------------------------
                                  0.000000    0.000000   clock clk (rise edge)
                                  0.000000    0.000000   clock source latency
     1    0.009204    0.047862    0.031412    0.031412 ^ clk (in)
                                                         clk (net)
                      0.047862    0.000000    0.031412 ^ clkbuf_0_clk/A (sky130_fd_sc_hd__clkbuf_16)
     2    0.017860    0.040023    0.124461    0.155873 ^ clkbuf_0_clk/X (sky130_fd_sc_hd__clkbuf_16)
                                                         clknet_0_clk (net)
                      0.040024    0.000059    0.155933 ^ clkbuf_1_1__f_clk/A (sky130_fd_sc_hd__clkbuf_16)
     4    0.009666    0.033045    0.113747    0.269679 ^ clkbuf_1_1__f_clk/X (sky130_fd_sc_hd__clkbuf_16)
                                                         clknet_1_1__leaf_clk (net)
                      0.033045    0.000034    0.269713 ^ _53_/CLK (sky130_fd_sc_hd__dfrtp_1)
     2    0.004045    0.056570    0.319003    0.588716 ^ _53_/Q (sky130_fd_sc_hd__dfrtp_1)
                                                         net9 (net)
                      0.056570    0.000008    0.588724 ^ output9/A (sky130_fd_sc_hd__buf_2)
     1    0.034568    0.171515    0.203687    0.792411 ^ output9/X (sky130_fd_sc_hd__buf_2)
                                                         q[7] (net)
                      0.171515    0.000179    0.792590 ^ q[7] (out)
                                              0.792590   data arrival time

                                  0.000000    0.000000   clock clk (rise edge)
                                  0.000000    0.000000   clock network delay (propagated)
                                  0.250000    0.250000   clock uncertainty
                                  0.000000    0.250000   clock reconvergence pessimism
                                 -4.000000   -3.750000   output external delay
                                             -3.750000   data required time
---------------------------------------------------------------------------------------------
                                             -3.750000   data required time
                                             -0.792590   data arrival time
---------------------------------------------------------------------------------------------
                                              4.542590   slack (MET)


Startpoint: _51_ (rising edge-triggered flip-flop clocked by clk)
Endpoint: q[5] (output port clocked by clk)
Path Group: clk
Path Type: min

Fanout         Cap        Slew       Delay        Time   Description
---------------------------------------------------------------------------------------------
                                  0.000000    0.000000   clock clk (rise edge)
                                  0.000000    0.000000   clock source latency
     1    0.009204    0.047862    0.031412    0.031412 ^ clk (in)
                                                         clk (net)
                      0.047862    0.000000    0.031412 ^ clkbuf_0_clk/A (sky130_fd_sc_hd__clkbuf_16)
     2    0.017860    0.040023    0.124461    0.155873 ^ clkbuf_0_clk/X (sky130_fd_sc_hd__clkbuf_16)
                                                         clknet_0_clk (net)
                      0.040024    0.000059    0.155933 ^ clkbuf_1_1__f_clk/A (sky130_fd_sc_hd__clkbuf_16)
     4    0.009666    0.033045    0.113747    0.269679 ^ clkbuf_1_1__f_clk/X (sky130_fd_sc_hd__clkbuf_16)
                                                         clknet_1_1__leaf_clk (net)
                      0.033045    0.000058    0.269738 ^ _51_/CLK (sky130_fd_sc_hd__dfrtp_1)
     3    0.006923    0.078995    0.338430    0.608168 ^ _51_/Q (sky130_fd_sc_hd__dfrtp_1)
                                                         net7 (net)
                      0.078995    0.000007    0.608175 ^ output7/A (sky130_fd_sc_hd__buf_2)
     1    0.033989    0.168923    0.210093    0.818268 ^ output7/X (sky130_fd_sc_hd__buf_2)
                                                         q[5] (net)
                      0.168923    0.000083    0.818351 ^ q[5] (out)
                                              0.818351   data arrival time

                                  0.000000    0.000000   clock clk (rise edge)
                                  0.000000    0.000000   clock network delay (propagated)
                                  0.250000    0.250000   clock uncertainty
                                  0.000000    0.250000   clock reconvergence pessimism
                                 -4.000000   -3.750000   output external delay
                                             -3.750000   data required time
---------------------------------------------------------------------------------------------
                                             -3.750000   data required time
                                             -0.818351   data arrival time
---------------------------------------------------------------------------------------------
                                              4.568351   slack (MET)


Startpoint: _52_ (rising edge-triggered flip-flop clocked by clk)
Endpoint: q[6] (output port clocked by clk)
Path Group: clk
Path Type: min

Fanout         Cap        Slew       Delay        Time   Description
---------------------------------------------------------------------------------------------
                                  0.000000    0.000000   clock clk (rise edge)
                                  0.000000    0.000000   clock source latency
     1    0.009204    0.047862    0.031412    0.031412 ^ clk (in)
                                                         clk (net)
                      0.047862    0.000000    0.031412 ^ clkbuf_0_clk/A (sky130_fd_sc_hd__clkbuf_16)
     2    0.017860    0.040023    0.124461    0.155873 ^ clkbuf_0_clk/X (sky130_fd_sc_hd__clkbuf_16)
                                                         clknet_0_clk (net)
                      0.040024    0.000059    0.155933 ^ clkbuf_1_1__f_clk/A (sky130_fd_sc_hd__clkbuf_16)
     4    0.009666    0.033045    0.113747    0.269679 ^ clkbuf_1_1__f_clk/X (sky130_fd_sc_hd__clkbuf_16)
                                                         clknet_1_1__leaf_clk (net)
                      0.033045    0.000038    0.269717 ^ _52_/CLK (sky130_fd_sc_hd__dfrtp_1)
     3    0.006867    0.078554    0.338048    0.607765 ^ _52_/Q (sky130_fd_sc_hd__dfrtp_1)
                                                         net8 (net)
                      0.078554    0.000013    0.607779 ^ output8/A (sky130_fd_sc_hd__buf_2)
     1    0.034809    0.172785    0.212532    0.820311 ^ output8/X (sky130_fd_sc_hd__buf_2)
                                                         q[6] (net)
                      0.172785    0.000258    0.820569 ^ q[6] (out)
                                              0.820569   data arrival time

                                  0.000000    0.000000   clock clk (rise edge)
                                  0.000000    0.000000   clock network delay (propagated)
                                  0.250000    0.250000   clock uncertainty
                                  0.000000    0.250000   clock reconvergence pessimism
                                 -4.000000   -3.750000   output external delay
                                             -3.750000   data required time
---------------------------------------------------------------------------------------------
                                             -3.750000   data required time
                                             -0.820569   data arrival time
---------------------------------------------------------------------------------------------
                                              4.570570   slack (MET)


Startpoint: _48_ (rising edge-triggered flip-flop clocked by clk)
Endpoint: q[2] (output port clocked by clk)
Path Group: clk
Path Type: min

Fanout         Cap        Slew       Delay        Time   Description
---------------------------------------------------------------------------------------------
                                  0.000000    0.000000   clock clk (rise edge)
                                  0.000000    0.000000   clock source latency
     1    0.009204    0.047862    0.031412    0.031412 ^ clk (in)
                                                         clk (net)
                      0.047862    0.000000    0.031412 ^ clkbuf_0_clk/A (sky130_fd_sc_hd__clkbuf_16)
     2    0.017860    0.040023    0.124461    0.155873 ^ clkbuf_0_clk/X (sky130_fd_sc_hd__clkbuf_16)
                                                         clknet_0_clk (net)
                      0.040024    0.000072    0.155946 ^ clkbuf_1_0__f_clk/A (sky130_fd_sc_hd__clkbuf_16)
     4    0.009645    0.033028    0.113729    0.269675 ^ clkbuf_1_0__f_clk/X (sky130_fd_sc_hd__clkbuf_16)
                                                         clknet_1_0__leaf_clk (net)
                      0.033028    0.000020    0.269695 ^ _48_/CLK (sky130_fd_sc_hd__dfrtp_1)
     3    0.007353    0.080148    0.341298    0.610993 ^ _48_/Q (sky130_fd_sc_hd__dfrtp_1)
                                                         net4 (net)
                      0.080148    0.000049    0.611043 ^ output4/A (sky130_fd_sc_hd__buf_2)
     1    0.035773    0.177310    0.216254    0.827297 ^ output4/X (sky130_fd_sc_hd__buf_2)
                                                         q[2] (net)
                      0.177310    0.000356    0.827653 ^ q[2] (out)
                                              0.827653   data arrival time

                                  0.000000    0.000000   clock clk (rise edge)
                                  0.000000    0.000000   clock network delay (propagated)
                                  0.250000    0.250000   clock uncertainty
                                  0.000000    0.250000   clock reconvergence pessimism
                                 -4.000000   -3.750000   output external delay
                                             -3.750000   data required time
---------------------------------------------------------------------------------------------
                                             -3.750000   data required time
                                             -0.827653   data arrival time
---------------------------------------------------------------------------------------------
                                              4.577653   slack (MET)


Startpoint: _50_ (rising edge-triggered flip-flop clocked by clk)
Endpoint: q[4] (output port clocked by clk)
Path Group: clk
Path Type: min

Fanout         Cap        Slew       Delay        Time   Description
---------------------------------------------------------------------------------------------
                                  0.000000    0.000000   clock clk (rise edge)
                                  0.000000    0.000000   clock source latency
     1    0.009204    0.047862    0.031412    0.031412 ^ clk (in)
                                                         clk (net)
                      0.047862    0.000000    0.031412 ^ clkbuf_0_clk/A (sky130_fd_sc_hd__clkbuf_16)
     2    0.017860    0.040023    0.124461    0.155873 ^ clkbuf_0_clk/X (sky130_fd_sc_hd__clkbuf_16)
                                                         clknet_0_clk (net)
                      0.040024    0.000059    0.155933 ^ clkbuf_1_1__f_clk/A (sky130_fd_sc_hd__clkbuf_16)
     4    0.009666    0.033045    0.113747    0.269679 ^ clkbuf_1_1__f_clk/X (sky130_fd_sc_hd__clkbuf_16)
                                                         clknet_1_1__leaf_clk (net)
                      0.033045    0.000056    0.269735 ^ _50_/CLK (sky130_fd_sc_hd__dfrtp_1)
     4    0.008904    0.094425    0.351797    0.621532 ^ _50_/Q (sky130_fd_sc_hd__dfrtp_1)
                                                         net6 (net)
                      0.094425    0.000008    0.621540 ^ output6/A (sky130_fd_sc_hd__buf_2)
     1    0.033953    0.171393    0.215720    0.837260 ^ output6/X (sky130_fd_sc_hd__buf_2)
                                                         q[4] (net)
                      0.171393    0.000074    0.837335 ^ q[4] (out)
                                              0.837335   data arrival time

                                  0.000000    0.000000   clock clk (rise edge)
                                  0.000000    0.000000   clock network delay (propagated)
                                  0.250000    0.250000   clock uncertainty
                                  0.000000    0.250000   clock reconvergence pessimism
                                 -4.000000   -3.750000   output external delay
                                             -3.750000   data required time
---------------------------------------------------------------------------------------------
                                             -3.750000   data required time
                                             -0.837335   data arrival time
---------------------------------------------------------------------------------------------
                                              4.587335   slack (MET)


Startpoint: _46_ (rising edge-triggered flip-flop clocked by clk)
Endpoint: q[0] (output port clocked by clk)
Path Group: clk
Path Type: min

Fanout         Cap        Slew       Delay        Time   Description
---------------------------------------------------------------------------------------------
                                  0.000000    0.000000   clock clk (rise edge)
                                  0.000000    0.000000   clock source latency
     1    0.009204    0.047862    0.031412    0.031412 ^ clk (in)
                                                         clk (net)
                      0.047862    0.000000    0.031412 ^ clkbuf_0_clk/A (sky130_fd_sc_hd__clkbuf_16)
     2    0.017860    0.040023    0.124461    0.155873 ^ clkbuf_0_clk/X (sky130_fd_sc_hd__clkbuf_16)
                                                         clknet_0_clk (net)
                      0.040024    0.000072    0.155946 ^ clkbuf_1_0__f_clk/A (sky130_fd_sc_hd__clkbuf_16)
     4    0.009645    0.033028    0.113729    0.269675 ^ clkbuf_1_0__f_clk/X (sky130_fd_sc_hd__clkbuf_16)
                                                         clknet_1_0__leaf_clk (net)
                      0.033028    0.000048    0.269722 ^ _46_/CLK (sky130_fd_sc_hd__dfrtp_1)
     4    0.008787    0.067973    0.381706    0.651429 v _46_/Q (sky130_fd_sc_hd__dfrtp_1)
                                                         net2 (net)
                      0.067973    0.000015    0.651444 v output2/A (sky130_fd_sc_hd__buf_2)
     1    0.034522    0.089826    0.191163    0.842607 v output2/X (sky130_fd_sc_hd__buf_2)
                                                         q[0] (net)
                      0.089826    0.000244    0.842850 v q[0] (out)
                                              0.842850   data arrival time

                                  0.000000    0.000000   clock clk (rise edge)
                                  0.000000    0.000000   clock network delay (propagated)
                                  0.250000    0.250000   clock uncertainty
                                  0.000000    0.250000   clock reconvergence pessimism
                                 -4.000000   -3.750000   output external delay
                                             -3.750000   data required time
---------------------------------------------------------------------------------------------
                                             -3.750000   data required time
                                             -0.842850   data arrival time
---------------------------------------------------------------------------------------------
                                              4.592850   slack (MET)


Startpoint: _47_ (rising edge-triggered flip-flop clocked by clk)
Endpoint: q[1] (output port clocked by clk)
Path Group: clk
Path Type: min

Fanout         Cap        Slew       Delay        Time   Description
---------------------------------------------------------------------------------------------
                                  0.000000    0.000000   clock clk (rise edge)
                                  0.000000    0.000000   clock source latency
     1    0.009204    0.047862    0.031412    0.031412 ^ clk (in)
                                                         clk (net)
                      0.047862    0.000000    0.031412 ^ clkbuf_0_clk/A (sky130_fd_sc_hd__clkbuf_16)
     2    0.017860    0.040023    0.124461    0.155873 ^ clkbuf_0_clk/X (sky130_fd_sc_hd__clkbuf_16)
                                                         clknet_0_clk (net)
                      0.040024    0.000072    0.155946 ^ clkbuf_1_0__f_clk/A (sky130_fd_sc_hd__clkbuf_16)
     4    0.009645    0.033028    0.113729    0.269675 ^ clkbuf_1_0__f_clk/X (sky130_fd_sc_hd__clkbuf_16)
                                                         clknet_1_0__leaf_clk (net)
                      0.033028    0.000029    0.269704 ^ _47_/CLK (sky130_fd_sc_hd__dfrtp_1)
     4    0.009272    0.070146    0.384324    0.654029 v _47_/Q (sky130_fd_sc_hd__dfrtp_1)
                                                         net3 (net)
                      0.070146    0.000016    0.654044 v output3/A (sky130_fd_sc_hd__buf_2)
     1    0.035377    0.091687    0.193709    0.847753 v output3/X (sky130_fd_sc_hd__buf_2)
                                                         q[1] (net)
                      0.091688    0.000298    0.848051 v q[1] (out)
                                              0.848051   data arrival time

                                  0.000000    0.000000   clock clk (rise edge)
                                  0.000000    0.000000   clock network delay (propagated)
                                  0.250000    0.250000   clock uncertainty
                                  0.000000    0.250000   clock reconvergence pessimism
                                 -4.000000   -3.750000   output external delay
                                             -3.750000   data required time
---------------------------------------------------------------------------------------------
                                             -3.750000   data required time
                                             -0.848051   data arrival time
---------------------------------------------------------------------------------------------
                                              4.598051   slack (MET)


Startpoint: _49_ (rising edge-triggered flip-flop clocked by clk)
Endpoint: q[3] (output port clocked by clk)
Path Group: clk
Path Type: min

Fanout         Cap        Slew       Delay        Time   Description
---------------------------------------------------------------------------------------------
                                  0.000000    0.000000   clock clk (rise edge)
                                  0.000000    0.000000   clock source latency
     1    0.009204    0.047862    0.031412    0.031412 ^ clk (in)
                                                         clk (net)
                      0.047862    0.000000    0.031412 ^ clkbuf_0_clk/A (sky130_fd_sc_hd__clkbuf_16)
     2    0.017860    0.040023    0.124461    0.155873 ^ clkbuf_0_clk/X (sky130_fd_sc_hd__clkbuf_16)
                                                         clknet_0_clk (net)
                      0.040024    0.000072    0.155946 ^ clkbuf_1_0__f_clk/A (sky130_fd_sc_hd__clkbuf_16)
     4    0.009645    0.033028    0.113729    0.269675 ^ clkbuf_1_0__f_clk/X (sky130_fd_sc_hd__clkbuf_16)
                                                         clknet_1_0__leaf_clk (net)
                      0.033028    0.000050    0.269724 ^ _49_/CLK (sky130_fd_sc_hd__dfrtp_1)
     5    0.009983    0.070713    0.387290    0.657014 v _49_/Q (sky130_fd_sc_hd__dfrtp_1)
                                                         net5 (net)
                      0.070713    0.000041    0.657055 v output5/A (sky130_fd_sc_hd__buf_2)
     1    0.034093    0.088845    0.191719    0.848774 v output5/X (sky130_fd_sc_hd__buf_2)
                                                         q[3] (net)
                      0.088845    0.000107    0.848881 v q[3] (out)
                                              0.848881   data arrival time

                                  0.000000    0.000000   clock clk (rise edge)
                                  0.000000    0.000000   clock network delay (propagated)
                                  0.250000    0.250000   clock uncertainty
                                  0.000000    0.250000   clock reconvergence pessimism
                                 -4.000000   -3.750000   output external delay
                                             -3.750000   data required time
---------------------------------------------------------------------------------------------
                                             -3.750000   data required time
                                             -0.848881   data arrival time
---------------------------------------------------------------------------------------------
                                              4.598880   slack (MET)



