
===========================================================================
report_checks -path_delay min (Hold)
============================================================================
======================= nom_tt_025C_1v80 Corner ===================================

Startpoint: _46_ (rising edge-triggered flip-flop clocked by clk)
Endpoint: _46_ (rising edge-triggered flip-flop clocked by clk)
Path Group: clk
Path Type: min

Fanout         Cap        Slew       Delay        Time   Description
---------------------------------------------------------------------------------------------
                                  0.000000    0.000000   clock clk (rise edge)
                                  0.000000    0.000000   clock source latency
     8    0.019295    0.092503    0.063310    0.063310 ^ clk (in)
                                                         clk (net)
                      0.092503    0.000000    0.063310 ^ _46_/CLK (sky130_fd_sc_hd__dfrtp_2)
     5    0.055195    0.265785    0.534936    0.598247 ^ _46_/Q (sky130_fd_sc_hd__dfrtp_2)
                                                         q[0] (net)
                      0.265785    0.000059    0.598305 ^ _23_/A (sky130_fd_sc_hd__inv_2)
     1    0.002343    0.043424    0.040874    0.639179 v _23_/Y (sky130_fd_sc_hd__inv_2)
                                                         _00_ (net)
                      0.043424    0.000004    0.639183 v _46_/D (sky130_fd_sc_hd__dfrtp_2)
                                              0.639183   data arrival time

                                  0.000000    0.000000   clock clk (rise edge)
                                  0.000000    0.000000   clock source latency
     8    0.019295    0.092503    0.063310    0.063310 ^ clk (in)
                                                         clk (net)
                      0.092503    0.000000    0.063310 ^ _46_/CLK (sky130_fd_sc_hd__dfrtp_2)
                                  0.250000    0.313310   clock uncertainty
                                  0.000000    0.313310   clock reconvergence pessimism
                                 -0.030636    0.282674   library hold time
                                              0.282674   data required time
---------------------------------------------------------------------------------------------
                                              0.282674   data required time
                                             -0.639183   data arrival time
---------------------------------------------------------------------------------------------
                                              0.356510   slack (MET)


Startpoint: _53_ (rising edge-triggered flip-flop clocked by clk)
Endpoint: _53_ (rising edge-triggered flip-flop clocked by clk)
Path Group: clk
Path Type: min

Fanout         Cap        Slew       Delay        Time   Description
---------------------------------------------------------------------------------------------
                                  0.000000    0.000000   clock clk (rise edge)
                                  0.000000    0.000000   clock source latency
     8    0.019295    0.092503    0.063322    0.063322 ^ clk (in)
                                                         clk (net)
                      0.092503    0.000000    0.063322 ^ _53_/CLK (sky130_fd_sc_hd__dfrtp_2)
     2    0.043984    0.218802    0.499078    0.562400 ^ _53_/Q (sky130_fd_sc_hd__dfrtp_2)
                                                         q[7] (net)
                      0.218802    0.000031    0.562432 ^ _38_/A (sky130_fd_sc_hd__xor2_2)
     1    0.002195    0.028803    0.090495    0.652927 v _38_/X (sky130_fd_sc_hd__xor2_2)
                                                         _07_ (net)
                      0.028803    0.000002    0.652929 v _53_/D (sky130_fd_sc_hd__dfrtp_2)
                                              0.652929   data arrival time

                                  0.000000    0.000000   clock clk (rise edge)
                                  0.000000    0.000000   clock source latency
     8    0.019295    0.092503    0.063322    0.063322 ^ clk (in)
                                                         clk (net)
                      0.092503    0.000000    0.063322 ^ _53_/CLK (sky130_fd_sc_hd__dfrtp_2)
                                  0.250000    0.313322   clock uncertainty
                                  0.000000    0.313322   clock reconvergence pessimism
                                 -0.024687    0.288635   library hold time
                                              0.288635   data required time
---------------------------------------------------------------------------------------------
                                              0.288635   data required time
                                             -0.652929   data arrival time
---------------------------------------------------------------------------------------------
                                              0.364295   slack (MET)


Startpoint: _50_ (rising edge-triggered flip-flop clocked by clk)
Endpoint: _50_ (rising edge-triggered flip-flop clocked by clk)
Path Group: clk
Path Type: min

Fanout         Cap        Slew       Delay        Time   Description
---------------------------------------------------------------------------------------------
                                  0.000000    0.000000   clock clk (rise edge)
                                  0.000000    0.000000   clock source latency
     8    0.019295    0.092503    0.063300    0.063300 ^ clk (in)
                                                         clk (net)
                      0.092503    0.000000    0.063300 ^ _50_/CLK (sky130_fd_sc_hd__dfrtp_2)
     4    0.047038    0.228771    0.508747    0.572047 ^ _50_/Q (sky130_fd_sc_hd__dfrtp_2)
                                                         q[4] (net)
                      0.228771    0.000134    0.572181 ^ _32_/A (sky130_fd_sc_hd__xnor2_2)
     1    0.002160    0.027032    0.089763    0.661944 v _32_/Y (sky130_fd_sc_hd__xnor2_2)
                                                         _04_ (net)
                      0.027032    0.000002    0.661946 v _50_/D (sky130_fd_sc_hd__dfrtp_2)
                                              0.661946   data arrival time

                                  0.000000    0.000000   clock clk (rise edge)
                                  0.000000    0.000000   clock source latency
     8    0.019295    0.092503    0.063300    0.063300 ^ clk (in)
                                                         clk (net)
                      0.092503    0.000000    0.063300 ^ _50_/CLK (sky130_fd_sc_hd__dfrtp_2)
                                  0.250000    0.313300   clock uncertainty
                                  0.000000    0.313300   clock reconvergence pessimism
                                 -0.023967    0.289333   library hold time
                                              0.289333   data required time
---------------------------------------------------------------------------------------------
                                              0.289333   data required time
                                             -0.661946   data arrival time
---------------------------------------------------------------------------------------------
                                              0.372612   slack (MET)


Startpoint: _47_ (rising edge-triggered flip-flop clocked by clk)
Endpoint: _47_ (rising edge-triggered flip-flop clocked by clk)
Path Group: clk
Path Type: min

Fanout         Cap        Slew       Delay        Time   Description
---------------------------------------------------------------------------------------------
                                  0.000000    0.000000   clock clk (rise edge)
                                  0.000000    0.000000   clock source latency
     8    0.019295    0.092503    0.063321    0.063321 ^ clk (in)
                                                         clk (net)
                      0.092503    0.000000    0.063321 ^ _47_/CLK (sky130_fd_sc_hd__dfrtp_2)
     4    0.050075    0.246529    0.518637    0.581958 ^ _47_/Q (sky130_fd_sc_hd__dfrtp_2)
                                                         q[1] (net)
                      0.246529    0.000054    0.582012 ^ _25_/B (sky130_fd_sc_hd__xor2_2)
     1    0.002113    0.028823    0.087293    0.669305 v _25_/X (sky130_fd_sc_hd__xor2_2)
                                                         _01_ (net)
                      0.028823    0.000002    0.669307 v _47_/D (sky130_fd_sc_hd__dfrtp_2)
                                              0.669307   data arrival time

                                  0.000000    0.000000   clock clk (rise edge)
                                  0.000000    0.000000   clock source latency
     8    0.019295    0.092503    0.063321    0.063321 ^ clk (in)
                                                         clk (net)
                      0.092503    0.000000    0.063321 ^ _47_/CLK (sky130_fd_sc_hd__dfrtp_2)
                                  0.250000    0.313321   clock uncertainty
                                  0.000000    0.313321   clock reconvergence pessimism
                                 -0.024695    0.288625   library hold time
                                              0.288625   data required time
---------------------------------------------------------------------------------------------
                                              0.288625   data required time
                                             -0.669307   data arrival time
---------------------------------------------------------------------------------------------
                                              0.380681   slack (MET)


Startpoint: _52_ (rising edge-triggered flip-flop clocked by clk)
Endpoint: _52_ (rising edge-triggered flip-flop clocked by clk)
Path Group: clk
Path Type: min

Fanout         Cap        Slew       Delay        Time   Description
---------------------------------------------------------------------------------------------
                                  0.000000    0.000000   clock clk (rise edge)
                                  0.000000    0.000000   clock source latency
     8    0.019295    0.092503    0.063320    0.063320 ^ clk (in)
                                                         clk (net)
                      0.092503    0.000000    0.063320 ^ _52_/CLK (sky130_fd_sc_hd__dfrtp_2)
     3    0.041076    0.201709    0.489672    0.552991 ^ _52_/Q (sky130_fd_sc_hd__dfrtp_2)
                                                         q[6] (net)
                      0.201709    0.000027    0.553018 ^ _36_/B1 (sky130_fd_sc_hd__a21oi_2)
     1    0.004316    0.036030    0.050994    0.604012 v _36_/Y (sky130_fd_sc_hd__a21oi_2)
                                                         _22_ (net)
                      0.036030    0.000004    0.604017 v _37_/B (sky130_fd_sc_hd__nor2_2)
     1    0.002062    0.054040    0.060096    0.664113 ^ _37_/Y (sky130_fd_sc_hd__nor2_2)
                                                         _06_ (net)
                      0.054040    0.000000    0.664114 ^ _52_/D (sky130_fd_sc_hd__dfrtp_2)
                                              0.664114   data arrival time

                                  0.000000    0.000000   clock clk (rise edge)
                                  0.000000    0.000000   clock source latency
     8    0.019295    0.092503    0.063320    0.063320 ^ clk (in)
                                                         clk (net)
                      0.092503    0.000000    0.063320 ^ _52_/CLK (sky130_fd_sc_hd__dfrtp_2)
                                  0.250000    0.313320   clock uncertainty
                                  0.000000    0.313320   clock reconvergence pessimism
                                 -0.030047    0.283272   library hold time
                                              0.283272   data required time
---------------------------------------------------------------------------------------------
                                              0.283272   data required time
                                             -0.664114   data arrival time
---------------------------------------------------------------------------------------------
                                              0.380841   slack (MET)


Startpoint: _48_ (rising edge-triggered flip-flop clocked by clk)
Endpoint: _48_ (rising edge-triggered flip-flop clocked by clk)
Path Group: clk
Path Type: min

Fanout         Cap        Slew       Delay        Time   Description
---------------------------------------------------------------------------------------------
                                  0.000000    0.000000   clock clk (rise edge)
                                  0.000000    0.000000   clock source latency
     8    0.019295    0.092503    0.063320    0.063320 ^ clk (in)
                                                         clk (net)
                      0.092503    0.000000    0.063320 ^ _48_/CLK (sky130_fd_sc_hd__dfrtp_2)
     3    0.040988    0.201309    0.489403    0.552723 ^ _48_/Q (sky130_fd_sc_hd__dfrtp_2)
                                                         q[2] (net)
                      0.201309    0.000024    0.552747 ^ _27_/B1 (sky130_fd_sc_hd__a21oi_2)
     1    0.004300    0.054401    0.050897    0.603643 v _27_/Y (sky130_fd_sc_hd__a21oi_2)
                                                         _17_ (net)
                      0.054401    0.000004    0.603648 v _28_/B (sky130_fd_sc_hd__nor2_2)
     1    0.002029    0.053732    0.066677    0.670325 ^ _28_/Y (sky130_fd_sc_hd__nor2_2)
                                                         _02_ (net)
                      0.053732    0.000000    0.670325 ^ _48_/D (sky130_fd_sc_hd__dfrtp_2)
                                              0.670325   data arrival time

                                  0.000000    0.000000   clock clk (rise edge)
                                  0.000000    0.000000   clock source latency
     8    0.019295    0.092503    0.063320    0.063320 ^ clk (in)
                                                         clk (net)
                      0.092503    0.000000    0.063320 ^ _48_/CLK (sky130_fd_sc_hd__dfrtp_2)
                                  0.250000    0.313320   clock uncertainty
                                  0.000000    0.313320   clock reconvergence pessimism
                                 -0.029984    0.283336   library hold time
                                              0.283336   data required time
---------------------------------------------------------------------------------------------
                                              0.283336   data required time
                                             -0.670325   data arrival time
---------------------------------------------------------------------------------------------
                                              0.386989   slack (MET)


Startpoint: _49_ (rising edge-triggered flip-flop clocked by clk)
Endpoint: _49_ (rising edge-triggered flip-flop clocked by clk)
Path Group: clk
Path Type: min

Fanout         Cap        Slew       Delay        Time   Description
---------------------------------------------------------------------------------------------
                                  0.000000    0.000000   clock clk (rise edge)
                                  0.000000    0.000000   clock source latency
     8    0.019295    0.092503    0.063285    0.063285 ^ clk (in)
                                                         clk (net)
                      0.092503    0.000000    0.063285 ^ _49_/CLK (sky130_fd_sc_hd__dfrtp_2)
     5    0.052309    0.252686    0.525679    0.588964 ^ _49_/Q (sky130_fd_sc_hd__dfrtp_2)
                                                         q[3] (net)
                      0.252686    0.000140    0.589104 ^ _30_/A (sky130_fd_sc_hd__xor2_2)
     1    0.002266    0.029014    0.096438    0.685541 v _30_/X (sky130_fd_sc_hd__xor2_2)
                                                         _03_ (net)
                      0.029014    0.000003    0.685544 v _49_/D (sky130_fd_sc_hd__dfrtp_2)
                                              0.685544   data arrival time

                                  0.000000    0.000000   clock clk (rise edge)
                                  0.000000    0.000000   clock source latency
     8    0.019295    0.092503    0.063285    0.063285 ^ clk (in)
                                                         clk (net)
                      0.092503    0.000000    0.063285 ^ _49_/CLK (sky130_fd_sc_hd__dfrtp_2)
                                  0.250000    0.313285   clock uncertainty
                                  0.000000    0.313285   clock reconvergence pessimism
                                 -0.024773    0.288512   library hold time
                                              0.288512   data required time
---------------------------------------------------------------------------------------------
                                              0.288512   data required time
                                             -0.685544   data arrival time
---------------------------------------------------------------------------------------------
                                              0.397032   slack (MET)


Startpoint: _51_ (rising edge-triggered flip-flop clocked by clk)
Endpoint: _51_ (rising edge-triggered flip-flop clocked by clk)
Path Group: clk
Path Type: min

Fanout         Cap        Slew       Delay        Time   Description
---------------------------------------------------------------------------------------------
                                  0.000000    0.000000   clock clk (rise edge)
                                  0.000000    0.000000   clock source latency
     8    0.019295    0.092503    0.063298    0.063298 ^ clk (in)
                                                         clk (net)
                      0.092503    0.000000    0.063298 ^ _51_/CLK (sky130_fd_sc_hd__dfrtp_2)
     3    0.038543    0.190249    0.481464    0.544762 ^ _51_/Q (sky130_fd_sc_hd__dfrtp_2)
                                                         q[5] (net)
                      0.190249    0.000041    0.544803 ^ _34_/B2 (sky130_fd_sc_hd__o2bb2a_2)
     1    0.002221    0.036176    0.179083    0.723886 ^ _34_/X (sky130_fd_sc_hd__o2bb2a_2)
                                                         _05_ (net)
                      0.036176    0.000002    0.723888 ^ _51_/D (sky130_fd_sc_hd__dfrtp_2)
                                              0.723888   data arrival time

                                  0.000000    0.000000   clock clk (rise edge)
                                  0.000000    0.000000   clock source latency
     8    0.019295    0.092503    0.063298    0.063298 ^ clk (in)
                                                         clk (net)
                      0.092503    0.000000    0.063298 ^ _51_/CLK (sky130_fd_sc_hd__dfrtp_2)
                                  0.250000    0.313298   clock uncertainty
                                  0.000000    0.313298   clock reconvergence pessimism
                                 -0.026369    0.286929   library hold time
                                              0.286929   data required time
---------------------------------------------------------------------------------------------
                                              0.286929   data required time
                                             -0.723888   data arrival time
---------------------------------------------------------------------------------------------
                                              0.436960   slack (MET)


Startpoint: rst (input port clocked by clk)
Endpoint: _52_ (removal check against rising-edge clock clk)
Path Group: asynchronous
Path Type: min

Fanout         Cap        Slew       Delay        Time   Description
---------------------------------------------------------------------------------------------
                                  0.000000    0.000000   clock clk (rise edge)
                                  0.000000    0.000000   clock network delay (propagated)
                                  4.000000    4.000000 v input external delay
     8    0.038422    0.086201    0.061332    4.061332 v rst (in)
                                                         rst (net)
                      0.086201    0.000000    4.061332 v _44_/A (sky130_fd_sc_hd__inv_2)
     1    0.003652    0.034659    0.058218    4.119551 ^ _44_/Y (sky130_fd_sc_hd__inv_2)
                                                         _14_ (net)
                      0.034659    0.000000    4.119552 ^ _52_/RESET_B (sky130_fd_sc_hd__dfrtp_2)
                                              4.119552   data arrival time

                                  0.000000    0.000000   clock clk (rise edge)
                                  0.000000    0.000000   clock source latency
     8    0.019295    0.092503    0.063320    0.063320 ^ clk (in)
                                                         clk (net)
                      0.092503    0.000000    0.063320 ^ _52_/CLK (sky130_fd_sc_hd__dfrtp_2)
                                  0.250000    0.313320   clock uncertainty
                                  0.000000    0.313320   clock reconvergence pessimism
                                  0.330499    0.643819   library removal time
                                              0.643819   data required time
---------------------------------------------------------------------------------------------
                                              0.643819   data required time
                                             -4.119552   data arrival time
---------------------------------------------------------------------------------------------
                                              3.475733   slack (MET)


Startpoint: rst (input port clocked by clk)
Endpoint: _48_ (removal check against rising-edge clock clk)
Path Group: asynchronous
Path Type: min

Fanout         Cap        Slew       Delay        Time   Description
---------------------------------------------------------------------------------------------
                                  0.000000    0.000000   clock clk (rise edge)
                                  0.000000    0.000000   clock network delay (propagated)
                                  4.000000    4.000000 v input external delay
     8    0.038422    0.086201    0.061340    4.061340 v rst (in)
                                                         rst (net)
                      0.086202    0.000000    4.061340 v _40_/A (sky130_fd_sc_hd__inv_2)
     1    0.003672    0.034730    0.058315    4.119655 ^ _40_/Y (sky130_fd_sc_hd__inv_2)
                                                         _10_ (net)
                      0.034730    0.000001    4.119656 ^ _48_/RESET_B (sky130_fd_sc_hd__dfrtp_2)
                                              4.119656   data arrival time

                                  0.000000    0.000000   clock clk (rise edge)
                                  0.000000    0.000000   clock source latency
     8    0.019295    0.092503    0.063320    0.063320 ^ clk (in)
                                                         clk (net)
                      0.092503    0.000000    0.063320 ^ _48_/CLK (sky130_fd_sc_hd__dfrtp_2)
                                  0.250000    0.313320   clock uncertainty
                                  0.000000    0.313320   clock reconvergence pessimism
                                  0.330519    0.643838   library removal time
                                              0.643838   data required time
---------------------------------------------------------------------------------------------
                                              0.643838   data required time
                                             -4.119656   data arrival time
---------------------------------------------------------------------------------------------
                                              3.475818   slack (MET)


Startpoint: rst (input port clocked by clk)
Endpoint: _47_ (removal check against rising-edge clock clk)
Path Group: asynchronous
Path Type: min

Fanout         Cap        Slew       Delay        Time   Description
---------------------------------------------------------------------------------------------
                                  0.000000    0.000000   clock clk (rise edge)
                                  0.000000    0.000000   clock network delay (propagated)
                                  4.000000    4.000000 v input external delay
     8    0.038422    0.086201    0.061335    4.061336 v rst (in)
                                                         rst (net)
                      0.086201    0.000000    4.061336 v _39_/A (sky130_fd_sc_hd__inv_2)
     1    0.003691    0.034796    0.058403    4.119739 ^ _39_/Y (sky130_fd_sc_hd__inv_2)
                                                         _09_ (net)
                      0.034796    0.000002    4.119740 ^ _47_/RESET_B (sky130_fd_sc_hd__dfrtp_2)
                                              4.119740   data arrival time

                                  0.000000    0.000000   clock clk (rise edge)
                                  0.000000    0.000000   clock source latency
     8    0.019295    0.092503    0.063321    0.063321 ^ clk (in)
                                                         clk (net)
                      0.092503    0.000000    0.063321 ^ _47_/CLK (sky130_fd_sc_hd__dfrtp_2)
                                  0.250000    0.313321   clock uncertainty
                                  0.000000    0.313321   clock reconvergence pessimism
                                  0.330537    0.643857   library removal time
                                              0.643857   data required time
---------------------------------------------------------------------------------------------
                                              0.643857   data required time
                                             -4.119740   data arrival time
---------------------------------------------------------------------------------------------
                                              3.475883   slack (MET)


Startpoint: rst (input port clocked by clk)
Endpoint: _51_ (removal check against rising-edge clock clk)
Path Group: asynchronous
Path Type: min

Fanout         Cap        Slew       Delay        Time   Description
---------------------------------------------------------------------------------------------
                                  0.000000    0.000000   clock clk (rise edge)
                                  0.000000    0.000000   clock network delay (propagated)
                                  4.000000    4.000000 v input external delay
     8    0.038422    0.086201    0.061373    4.061373 v rst (in)
                                                         rst (net)
                      0.086202    0.000000    4.061373 v _43_/A (sky130_fd_sc_hd__inv_2)
     1    0.003674    0.034738    0.058325    4.119698 ^ _43_/Y (sky130_fd_sc_hd__inv_2)
                                                         _13_ (net)
                      0.034738    0.000001    4.119699 ^ _51_/RESET_B (sky130_fd_sc_hd__dfrtp_2)
                                              4.119699   data arrival time

                                  0.000000    0.000000   clock clk (rise edge)
                                  0.000000    0.000000   clock source latency
     8    0.019295    0.092503    0.063298    0.063298 ^ clk (in)
                                                         clk (net)
                      0.092503    0.000000    0.063298 ^ _51_/CLK (sky130_fd_sc_hd__dfrtp_2)
                                  0.250000    0.313298   clock uncertainty
                                  0.000000    0.313298   clock reconvergence pessimism
                                  0.330521    0.643819   library removal time
                                              0.643819   data required time
---------------------------------------------------------------------------------------------
                                              0.643819   data required time
                                             -4.119699   data arrival time
---------------------------------------------------------------------------------------------
                                              3.475880   slack (MET)


Startpoint: rst (input port clocked by clk)
Endpoint: _50_ (removal check against rising-edge clock clk)
Path Group: asynchronous
Path Type: min

Fanout         Cap        Slew       Delay        Time   Description
---------------------------------------------------------------------------------------------
                                  0.000000    0.000000   clock clk (rise edge)
                                  0.000000    0.000000   clock network delay (propagated)
                                  4.000000    4.000000 v input external delay
     8    0.038422    0.086201    0.061373    4.061373 v rst (in)
                                                         rst (net)
                      0.086202    0.000000    4.061373 v _42_/A (sky130_fd_sc_hd__inv_2)
     1    0.003710    0.034866    0.058497    4.119870 ^ _42_/Y (sky130_fd_sc_hd__inv_2)
                                                         _12_ (net)
                      0.034866    0.000002    4.119872 ^ _50_/RESET_B (sky130_fd_sc_hd__dfrtp_2)
                                              4.119872   data arrival time

                                  0.000000    0.000000   clock clk (rise edge)
                                  0.000000    0.000000   clock source latency
     8    0.019295    0.092503    0.063300    0.063300 ^ clk (in)
                                                         clk (net)
                      0.092503    0.000000    0.063300 ^ _50_/CLK (sky130_fd_sc_hd__dfrtp_2)
                                  0.250000    0.313300   clock uncertainty
                                  0.000000    0.313300   clock reconvergence pessimism
                                  0.330556    0.643856   library removal time
                                              0.643856   data required time
---------------------------------------------------------------------------------------------
                                              0.643856   data required time
                                             -4.119872   data arrival time
---------------------------------------------------------------------------------------------
                                              3.476016   slack (MET)


Startpoint: rst (input port clocked by clk)
Endpoint: _49_ (removal check against rising-edge clock clk)
Path Group: asynchronous
Path Type: min

Fanout         Cap        Slew       Delay        Time   Description
---------------------------------------------------------------------------------------------
                                  0.000000    0.000000   clock clk (rise edge)
                                  0.000000    0.000000   clock network delay (propagated)
                                  4.000000    4.000000 v input external delay
     8    0.038422    0.086201    0.061378    4.061378 v rst (in)
                                                         rst (net)
                      0.086202    0.000000    4.061378 v _41_/A (sky130_fd_sc_hd__inv_2)
     1    0.003712    0.034874    0.058507    4.119885 ^ _41_/Y (sky130_fd_sc_hd__inv_2)
                                                         _11_ (net)
                      0.034874    0.000002    4.119887 ^ _49_/RESET_B (sky130_fd_sc_hd__dfrtp_2)
                                              4.119887   data arrival time

                                  0.000000    0.000000   clock clk (rise edge)
                                  0.000000    0.000000   clock source latency
     8    0.019295    0.092503    0.063285    0.063285 ^ clk (in)
                                                         clk (net)
                      0.092503    0.000000    0.063285 ^ _49_/CLK (sky130_fd_sc_hd__dfrtp_2)
                                  0.250000    0.313285   clock uncertainty
                                  0.000000    0.313285   clock reconvergence pessimism
                                  0.330558    0.643843   library removal time
                                              0.643843   data required time
---------------------------------------------------------------------------------------------
                                              0.643843   data required time
                                             -4.119887   data arrival time
---------------------------------------------------------------------------------------------
                                              3.476045   slack (MET)


Startpoint: rst (input port clocked by clk)
Endpoint: _53_ (removal check against rising-edge clock clk)
Path Group: asynchronous
Path Type: min

Fanout         Cap        Slew       Delay        Time   Description
---------------------------------------------------------------------------------------------
                                  0.000000    0.000000   clock clk (rise edge)
                                  0.000000    0.000000   clock network delay (propagated)
                                  4.000000    4.000000 v input external delay
     8    0.038422    0.086201    0.061330    4.061330 v rst (in)
                                                         rst (net)
                      0.086201    0.000000    4.061330 v _45_/A (sky130_fd_sc_hd__inv_2)
     1    0.003737    0.034962    0.058625    4.119955 ^ _45_/Y (sky130_fd_sc_hd__inv_2)
                                                         _15_ (net)
                      0.034962    0.000003    4.119957 ^ _53_/RESET_B (sky130_fd_sc_hd__dfrtp_2)
                                              4.119957   data arrival time

                                  0.000000    0.000000   clock clk (rise edge)
                                  0.000000    0.000000   clock source latency
     8    0.019295    0.092503    0.063322    0.063322 ^ clk (in)
                                                         clk (net)
                      0.092503    0.000000    0.063322 ^ _53_/CLK (sky130_fd_sc_hd__dfrtp_2)
                                  0.250000    0.313322   clock uncertainty
                                  0.000000    0.313322   clock reconvergence pessimism
                                  0.330582    0.643904   library removal time
                                              0.643904   data required time
---------------------------------------------------------------------------------------------
                                              0.643904   data required time
                                             -4.119957   data arrival time
---------------------------------------------------------------------------------------------
                                              3.476054   slack (MET)


Startpoint: rst (input port clocked by clk)
Endpoint: _46_ (removal check against rising-edge clock clk)
Path Group: asynchronous
Path Type: min

Fanout         Cap        Slew       Delay        Time   Description
---------------------------------------------------------------------------------------------
                                  0.000000    0.000000   clock clk (rise edge)
                                  0.000000    0.000000   clock network delay (propagated)
                                  4.000000    4.000000 v input external delay
     8    0.038422    0.086201    0.061369    4.061369 v rst (in)
                                                         rst (net)
                      0.086202    0.000000    4.061369 v _24_/A (sky130_fd_sc_hd__inv_2)
     1    0.003743    0.034983    0.058653    4.120022 ^ _24_/Y (sky130_fd_sc_hd__inv_2)
                                                         _08_ (net)
                      0.034983    0.000003    4.120025 ^ _46_/RESET_B (sky130_fd_sc_hd__dfrtp_2)
                                              4.120025   data arrival time

                                  0.000000    0.000000   clock clk (rise edge)
                                  0.000000    0.000000   clock source latency
     8    0.019295    0.092503    0.063310    0.063310 ^ clk (in)
                                                         clk (net)
                      0.092503    0.000000    0.063310 ^ _46_/CLK (sky130_fd_sc_hd__dfrtp_2)
                                  0.250000    0.313310   clock uncertainty
                                  0.000000    0.313310   clock reconvergence pessimism
                                  0.330587    0.643898   library removal time
                                              0.643898   data required time
---------------------------------------------------------------------------------------------
                                              0.643898   data required time
                                             -4.120025   data arrival time
---------------------------------------------------------------------------------------------
                                              3.476128   slack (MET)


Startpoint: _51_ (rising edge-triggered flip-flop clocked by clk)
Endpoint: q[5] (output port clocked by clk)
Path Group: clk
Path Type: min

Fanout         Cap        Slew       Delay        Time   Description
---------------------------------------------------------------------------------------------
                                  0.000000    0.000000   clock clk (rise edge)
                                  0.000000    0.000000   clock source latency
     8    0.019295    0.092503    0.063298    0.063298 ^ clk (in)
                                                         clk (net)
                      0.092503    0.000000    0.063298 ^ _51_/CLK (sky130_fd_sc_hd__dfrtp_2)
     3    0.038543    0.190249    0.481464    0.544762 ^ _51_/Q (sky130_fd_sc_hd__dfrtp_2)
                                                         q[5] (net)
                      0.190249    0.000231    0.544992 ^ q[5] (out)
                                              0.544992   data arrival time

                                  0.000000    0.000000   clock clk (rise edge)
                                  0.000000    0.000000   clock network delay (propagated)
                                  0.250000    0.250000   clock uncertainty
                                  0.000000    0.250000   clock reconvergence pessimism
                                 -4.000000   -3.750000   output external delay
                                             -3.750000   data required time
---------------------------------------------------------------------------------------------
                                             -3.750000   data required time
                                             -0.544992   data arrival time
---------------------------------------------------------------------------------------------
                                              4.294992   slack (MET)


Startpoint: _48_ (rising edge-triggered flip-flop clocked by clk)
Endpoint: q[2] (output port clocked by clk)
Path Group: clk
Path Type: min

Fanout         Cap        Slew       Delay        Time   Description
---------------------------------------------------------------------------------------------
                                  0.000000    0.000000   clock clk (rise edge)
                                  0.000000    0.000000   clock source latency
     8    0.019295    0.092503    0.063320    0.063320 ^ clk (in)
                                                         clk (net)
                      0.092503    0.000000    0.063320 ^ _48_/CLK (sky130_fd_sc_hd__dfrtp_2)
     3    0.040988    0.201309    0.489403    0.552723 ^ _48_/Q (sky130_fd_sc_hd__dfrtp_2)
                                                         q[2] (net)
                      0.201309    0.000095    0.552817 ^ q[2] (out)
                                              0.552817   data arrival time

                                  0.000000    0.000000   clock clk (rise edge)
                                  0.000000    0.000000   clock network delay (propagated)
                                  0.250000    0.250000   clock uncertainty
                                  0.000000    0.250000   clock reconvergence pessimism
                                 -4.000000   -3.750000   output external delay
                                             -3.750000   data required time
---------------------------------------------------------------------------------------------
                                             -3.750000   data required time
                                             -0.552817   data arrival time
---------------------------------------------------------------------------------------------
                                              4.302817   slack (MET)


Startpoint: _52_ (rising edge-triggered flip-flop clocked by clk)
Endpoint: q[6] (output port clocked by clk)
Path Group: clk
Path Type: min

Fanout         Cap        Slew       Delay        Time   Description
---------------------------------------------------------------------------------------------
                                  0.000000    0.000000   clock clk (rise edge)
                                  0.000000    0.000000   clock source latency
     8    0.019295    0.092503    0.063320    0.063320 ^ clk (in)
                                                         clk (net)
                      0.092503    0.000000    0.063320 ^ _52_/CLK (sky130_fd_sc_hd__dfrtp_2)
     3    0.041076    0.201709    0.489672    0.552991 ^ _52_/Q (sky130_fd_sc_hd__dfrtp_2)
                                                         q[6] (net)
                      0.201709    0.000115    0.553107 ^ q[6] (out)
                                              0.553107   data arrival time

                                  0.000000    0.000000   clock clk (rise edge)
                                  0.000000    0.000000   clock network delay (propagated)
                                  0.250000    0.250000   clock uncertainty
                                  0.000000    0.250000   clock reconvergence pessimism
                                 -4.000000   -3.750000   output external delay
                                             -3.750000   data required time
---------------------------------------------------------------------------------------------
                                             -3.750000   data required time
                                             -0.553107   data arrival time
---------------------------------------------------------------------------------------------
                                              4.303107   slack (MET)


Startpoint: _53_ (rising edge-triggered flip-flop clocked by clk)
Endpoint: q[7] (output port clocked by clk)
Path Group: clk
Path Type: min

Fanout         Cap        Slew       Delay        Time   Description
---------------------------------------------------------------------------------------------
                                  0.000000    0.000000   clock clk (rise edge)
                                  0.000000    0.000000   clock source latency
     8    0.019295    0.092503    0.063322    0.063322 ^ clk (in)
                                                         clk (net)
                      0.092503    0.000000    0.063322 ^ _53_/CLK (sky130_fd_sc_hd__dfrtp_2)
     2    0.043984    0.218802    0.499078    0.562400 ^ _53_/Q (sky130_fd_sc_hd__dfrtp_2)
                                                         q[7] (net)
                      0.218802    0.000059    0.562459 ^ q[7] (out)
                                              0.562459   data arrival time

                                  0.000000    0.000000   clock clk (rise edge)
                                  0.000000    0.000000   clock network delay (propagated)
                                  0.250000    0.250000   clock uncertainty
                                  0.000000    0.250000   clock reconvergence pessimism
                                 -4.000000   -3.750000   output external delay
                                             -3.750000   data required time
---------------------------------------------------------------------------------------------
                                             -3.750000   data required time
                                             -0.562459   data arrival time
---------------------------------------------------------------------------------------------
                                              4.312459   slack (MET)


Startpoint: _50_ (rising edge-triggered flip-flop clocked by clk)
Endpoint: q[4] (output port clocked by clk)
Path Group: clk
Path Type: min

Fanout         Cap        Slew       Delay        Time   Description
---------------------------------------------------------------------------------------------
                                  0.000000    0.000000   clock clk (rise edge)
                                  0.000000    0.000000   clock source latency
     8    0.019295    0.092503    0.063300    0.063300 ^ clk (in)
                                                         clk (net)
                      0.092503    0.000000    0.063300 ^ _50_/CLK (sky130_fd_sc_hd__dfrtp_2)
     4    0.047038    0.228771    0.508747    0.572047 ^ _50_/Q (sky130_fd_sc_hd__dfrtp_2)
                                                         q[4] (net)
                      0.228771    0.000233    0.572280 ^ q[4] (out)
                                              0.572280   data arrival time

                                  0.000000    0.000000   clock clk (rise edge)
                                  0.000000    0.000000   clock network delay (propagated)
                                  0.250000    0.250000   clock uncertainty
                                  0.000000    0.250000   clock reconvergence pessimism
                                 -4.000000   -3.750000   output external delay
                                             -3.750000   data required time
---------------------------------------------------------------------------------------------
                                             -3.750000   data required time
                                             -0.572280   data arrival time
---------------------------------------------------------------------------------------------
                                              4.322280   slack (MET)


Startpoint: _47_ (rising edge-triggered flip-flop clocked by clk)
Endpoint: q[1] (output port clocked by clk)
Path Group: clk
Path Type: min

Fanout         Cap        Slew       Delay        Time   Description
---------------------------------------------------------------------------------------------
                                  0.000000    0.000000   clock clk (rise edge)
                                  0.000000    0.000000   clock source latency
     8    0.019295    0.092503    0.063321    0.063321 ^ clk (in)
                                                         clk (net)
                      0.092503    0.000000    0.063321 ^ _47_/CLK (sky130_fd_sc_hd__dfrtp_2)
     4    0.048916    0.139174    0.516079    0.579400 v _47_/Q (sky130_fd_sc_hd__dfrtp_2)
                                                         q[1] (net)
                      0.139174    0.000109    0.579509 v q[1] (out)
                                              0.579509   data arrival time

                                  0.000000    0.000000   clock clk (rise edge)
                                  0.000000    0.000000   clock network delay (propagated)
                                  0.250000    0.250000   clock uncertainty
                                  0.000000    0.250000   clock reconvergence pessimism
                                 -4.000000   -3.750000   output external delay
                                             -3.750000   data required time
---------------------------------------------------------------------------------------------
                                             -3.750000   data required time
                                             -0.579509   data arrival time
---------------------------------------------------------------------------------------------
                                              4.329509   slack (MET)


Startpoint: _49_ (rising edge-triggered flip-flop clocked by clk)
Endpoint: q[3] (output port clocked by clk)
Path Group: clk
Path Type: min

Fanout         Cap        Slew       Delay        Time   Description
---------------------------------------------------------------------------------------------
                                  0.000000    0.000000   clock clk (rise edge)
                                  0.000000    0.000000   clock source latency
     8    0.019295    0.092503    0.063285    0.063285 ^ clk (in)
                                                         clk (net)
                      0.092503    0.000000    0.063285 ^ _49_/CLK (sky130_fd_sc_hd__dfrtp_2)
     5    0.051178    0.144035    0.520145    0.583430 v _49_/Q (sky130_fd_sc_hd__dfrtp_2)
                                                         q[3] (net)
                      0.144035    0.000221    0.583651 v q[3] (out)
                                              0.583651   data arrival time

                                  0.000000    0.000000   clock clk (rise edge)
                                  0.000000    0.000000   clock network delay (propagated)
                                  0.250000    0.250000   clock uncertainty
                                  0.000000    0.250000   clock reconvergence pessimism
                                 -4.000000   -3.750000   output external delay
                                             -3.750000   data required time
---------------------------------------------------------------------------------------------
                                             -3.750000   data required time
                                             -0.583651   data arrival time
---------------------------------------------------------------------------------------------
                                              4.333651   slack (MET)


Startpoint: _46_ (rising edge-triggered flip-flop clocked by clk)
Endpoint: q[0] (output port clocked by clk)
Path Group: clk
Path Type: min

Fanout         Cap        Slew       Delay        Time   Description
---------------------------------------------------------------------------------------------
                                  0.000000    0.000000   clock clk (rise edge)
                                  0.000000    0.000000   clock source latency
     8    0.019295    0.092503    0.063310    0.063310 ^ clk (in)
                                                         clk (net)
                      0.092503    0.000000    0.063310 ^ _46_/CLK (sky130_fd_sc_hd__dfrtp_2)
     5    0.053667    0.149369    0.524677    0.587987 v _46_/Q (sky130_fd_sc_hd__dfrtp_2)
                                                         q[0] (net)
                      0.149369    0.000310    0.588297 v q[0] (out)
                                              0.588297   data arrival time

                                  0.000000    0.000000   clock clk (rise edge)
                                  0.000000    0.000000   clock network delay (propagated)
                                  0.250000    0.250000   clock uncertainty
                                  0.000000    0.250000   clock reconvergence pessimism
                                 -4.000000   -3.750000   output external delay
                                             -3.750000   data required time
---------------------------------------------------------------------------------------------
                                             -3.750000   data required time
                                             -0.588297   data arrival time
---------------------------------------------------------------------------------------------
                                              4.338296   slack (MET)



