Clock: clk
Sources: clk 
Generated: no
Virtual: yes
Propagated: no
Period: 20.000000

===========================================================================
report_clock_properties
============================================================================
Clock                   Period          Waveform
----------------------------------------------------
clk                  20.000000    0.000000 10.000000

===========================================================================
report_clock_latency
============================================================================
Clock clk
rise -> rise
    min     max
0.000000 0.000000 source latency
0.278216         network latency _53_/CLK
        0.279003 network latency _49_/CLK
---------------
0.278216 0.279003 latency
        0.000787 skew

fall -> fall
    min     max
0.000000 0.000000 source latency
0.284975         network latency _53_/CLK
        0.285655 network latency _49_/CLK
---------------
0.284975 0.285655 latency
        0.000680 skew



===========================================================================
report_clock_min_period
============================================================================
clk period_min = 2.05 fmax = 487.00
