Reading OpenROAD database at '/Users/mateuszwitczak/my_counter/runs/RUN_2025-12-14_14-18-52/23-openroad-globalplacementskipio/counter.odb'…
Reading library file at '/Users/mateuszwitczak/.volare/volare/sky130/versions/0fe599b2afb6708d281543108caf8310912f54af/sky130A/libs.ref/sky130_fd_sc_hd/lib/sky130_fd_sc_hd__tt_025C_1v80.lib'…
Reading design constraints file at '/nix/store/yx6da2d4crhriv6rz5yxm92mbwaqm0bg-python3-3.11.9-env/lib/python3.11/site-packages/openlane/scripts/base.sdc'…
[INFO] Using clock clk…
[INFO] Setting output delay to: 4.0
[INFO] Setting input delay to: 4.0
[INFO] Setting load to: 0.033442
[INFO] Setting clock uncertainty to: 0.25
[INFO] Setting clock transition to: 0.1499999999999999944488848768742172978818416595458984375
[INFO] Setting timing derate to: 5%
[INFO] place_pins args: -min_distance 3
Found 0 macro blocks.
[INFO PPL-0010] Tentative 0 to set up sections.
[INFO PPL-0001] Number of slots           54
[INFO PPL-0002] Number of I/O             10
[INFO PPL-0003] Number of I/O w/sink      10
[INFO PPL-0004] Number of I/O w/o sink    0
[INFO PPL-0005] Slots per section         200
[INFO PPL-0006] Slots increase factor     0.01
[INFO PPL-0008] Successfully assigned pins to sections.
[INFO PPL-0012] I/O nets HPWL: 233.90 um.
Setting global connections for newly added cells…
[INFO] Setting global connections...
Updating metrics…
Cell type report:                       Count       Area
  Fill cell                                20      75.07
  Tap cell                                 12      15.01
  Inverter                                  9      33.78
  Sequential cell                           8     210.20
  Multi-Input combinational cell           14     142.64
  Total                                    63     476.71
Writing OpenROAD database to '/Users/mateuszwitczak/my_counter/runs/RUN_2025-12-14_14-18-52/24-openroad-ioplacement/counter.odb'…
Writing netlist to '/Users/mateuszwitczak/my_counter/runs/RUN_2025-12-14_14-18-52/24-openroad-ioplacement/counter.nl.v'…
Writing powered netlist to '/Users/mateuszwitczak/my_counter/runs/RUN_2025-12-14_14-18-52/24-openroad-ioplacement/counter.pnl.v'…
Writing layout to '/Users/mateuszwitczak/my_counter/runs/RUN_2025-12-14_14-18-52/24-openroad-ioplacement/counter.def'…
Writing timing constraints to '/Users/mateuszwitczak/my_counter/runs/RUN_2025-12-14_14-18-52/24-openroad-ioplacement/counter.sdc'…
