
===========================================================================
report_checks -path_delay max (Setup)
============================================================================
======================= nom_ff_n40C_1v95 Corner ===================================

Startpoint: _46_ (rising edge-triggered flip-flop clocked by clk)
Endpoint: q[0] (output port clocked by clk)
Path Group: clk
Path Type: max

Fanout         Cap        Slew       Delay        Time   Description
---------------------------------------------------------------------------------------------
                      0.150000    0.000000    0.000000   clock clk (rise edge)
                                  0.000000    0.000000   clock network delay (ideal)
                      0.150000    0.000000    0.000000 ^ _46_/CLK (sky130_fd_sc_hd__dfrtp_2)
     5    0.053622    0.197272    0.366864    0.366864 ^ _46_/Q (sky130_fd_sc_hd__dfrtp_2)
                                                         q[0] (net)
                      0.197272    0.000000    0.366864 ^ q[0] (out)
                                              0.366864   data arrival time

                      0.150000   20.000000   20.000000   clock clk (rise edge)
                                  0.000000   20.000000   clock network delay (ideal)
                                 -0.250000   19.750002   clock uncertainty
                                  0.000000   19.750002   clock reconvergence pessimism
                                 -4.000000   15.750001   output external delay
                                             15.750001   data required time
---------------------------------------------------------------------------------------------
                                             15.750001   data required time
                                             -0.366864   data arrival time
---------------------------------------------------------------------------------------------
                                             15.383137   slack (MET)


Startpoint: _49_ (rising edge-triggered flip-flop clocked by clk)
Endpoint: q[3] (output port clocked by clk)
Path Group: clk
Path Type: max

Fanout         Cap        Slew       Delay        Time   Description
---------------------------------------------------------------------------------------------
                      0.150000    0.000000    0.000000   clock clk (rise edge)
                                  0.000000    0.000000   clock network delay (ideal)
                      0.150000    0.000000    0.000000 ^ _49_/CLK (sky130_fd_sc_hd__dfrtp_2)
     5    0.050474    0.186283    0.359281    0.359281 ^ _49_/Q (sky130_fd_sc_hd__dfrtp_2)
                                                         q[3] (net)
                      0.186283    0.000000    0.359281 ^ q[3] (out)
                                              0.359281   data arrival time

                      0.150000   20.000000   20.000000   clock clk (rise edge)
                                  0.000000   20.000000   clock network delay (ideal)
                                 -0.250000   19.750002   clock uncertainty
                                  0.000000   19.750002   clock reconvergence pessimism
                                 -4.000000   15.750001   output external delay
                                             15.750001   data required time
---------------------------------------------------------------------------------------------
                                             15.750001   data required time
                                             -0.359281   data arrival time
---------------------------------------------------------------------------------------------
                                             15.390720   slack (MET)


Startpoint: _47_ (rising edge-triggered flip-flop clocked by clk)
Endpoint: q[1] (output port clocked by clk)
Path Group: clk
Path Type: max

Fanout         Cap        Slew       Delay        Time   Description
---------------------------------------------------------------------------------------------
                      0.150000    0.000000    0.000000   clock clk (rise edge)
                                  0.000000    0.000000   clock network delay (ideal)
                      0.150000    0.000000    0.000000 ^ _47_/CLK (sky130_fd_sc_hd__dfrtp_2)
     4    0.048533    0.179507    0.354605    0.354605 ^ _47_/Q (sky130_fd_sc_hd__dfrtp_2)
                                                         q[1] (net)
                      0.179507    0.000000    0.354605 ^ q[1] (out)
                                              0.354605   data arrival time

                      0.150000   20.000000   20.000000   clock clk (rise edge)
                                  0.000000   20.000000   clock network delay (ideal)
                                 -0.250000   19.750002   clock uncertainty
                                  0.000000   19.750002   clock reconvergence pessimism
                                 -4.000000   15.750001   output external delay
                                             15.750001   data required time
---------------------------------------------------------------------------------------------
                                             15.750001   data required time
                                             -0.354605   data arrival time
---------------------------------------------------------------------------------------------
                                             15.395395   slack (MET)


Startpoint: _50_ (rising edge-triggered flip-flop clocked by clk)
Endpoint: q[4] (output port clocked by clk)
Path Group: clk
Path Type: max

Fanout         Cap        Slew       Delay        Time   Description
---------------------------------------------------------------------------------------------
                      0.150000    0.000000    0.000000   clock clk (rise edge)
                                  0.000000    0.000000   clock network delay (ideal)
                      0.150000    0.000000    0.000000 ^ _50_/CLK (sky130_fd_sc_hd__dfrtp_2)
     4    0.045659    0.169475    0.347682    0.347682 ^ _50_/Q (sky130_fd_sc_hd__dfrtp_2)
                                                         q[4] (net)
                      0.169475    0.000000    0.347682 ^ q[4] (out)
                                              0.347682   data arrival time

                      0.150000   20.000000   20.000000   clock clk (rise edge)
                                  0.000000   20.000000   clock network delay (ideal)
                                 -0.250000   19.750002   clock uncertainty
                                  0.000000   19.750002   clock reconvergence pessimism
                                 -4.000000   15.750001   output external delay
                                             15.750001   data required time
---------------------------------------------------------------------------------------------
                                             15.750001   data required time
                                             -0.347682   data arrival time
---------------------------------------------------------------------------------------------
                                             15.402320   slack (MET)


Startpoint: _53_ (rising edge-triggered flip-flop clocked by clk)
Endpoint: q[7] (output port clocked by clk)
Path Group: clk
Path Type: max

Fanout         Cap        Slew       Delay        Time   Description
---------------------------------------------------------------------------------------------
                      0.150000    0.000000    0.000000   clock clk (rise edge)
                                  0.000000    0.000000   clock network delay (ideal)
                      0.150000    0.000000    0.000000 ^ _53_/CLK (sky130_fd_sc_hd__dfrtp_2)
     2    0.042791    0.159725    0.340640    0.340640 ^ _53_/Q (sky130_fd_sc_hd__dfrtp_2)
                                                         q[7] (net)
                      0.159725    0.000000    0.340640 ^ q[7] (out)
                                              0.340640   data arrival time

                      0.150000   20.000000   20.000000   clock clk (rise edge)
                                  0.000000   20.000000   clock network delay (ideal)
                                 -0.250000   19.750002   clock uncertainty
                                  0.000000   19.750002   clock reconvergence pessimism
                                 -4.000000   15.750001   output external delay
                                             15.750001   data required time
---------------------------------------------------------------------------------------------
                                             15.750001   data required time
                                             -0.340640   data arrival time
---------------------------------------------------------------------------------------------
                                             15.409361   slack (MET)


Startpoint: _48_ (rising edge-triggered flip-flop clocked by clk)
Endpoint: q[2] (output port clocked by clk)
Path Group: clk
Path Type: max

Fanout         Cap        Slew       Delay        Time   Description
---------------------------------------------------------------------------------------------
                      0.150000    0.000000    0.000000   clock clk (rise edge)
                                  0.000000    0.000000   clock network delay (ideal)
                      0.150000    0.000000    0.000000 ^ _48_/CLK (sky130_fd_sc_hd__dfrtp_2)
     3    0.039205    0.086789    0.334613    0.334613 v _48_/Q (sky130_fd_sc_hd__dfrtp_2)
                                                         q[2] (net)
                      0.086789    0.000000    0.334613 v q[2] (out)
                                              0.334613   data arrival time

                      0.150000   20.000000   20.000000   clock clk (rise edge)
                                  0.000000   20.000000   clock network delay (ideal)
                                 -0.250000   19.750002   clock uncertainty
                                  0.000000   19.750002   clock reconvergence pessimism
                                 -4.000000   15.750001   output external delay
                                             15.750001   data required time
---------------------------------------------------------------------------------------------
                                             15.750001   data required time
                                             -0.334613   data arrival time
---------------------------------------------------------------------------------------------
                                             15.415388   slack (MET)


Startpoint: _52_ (rising edge-triggered flip-flop clocked by clk)
Endpoint: q[6] (output port clocked by clk)
Path Group: clk
Path Type: max

Fanout         Cap        Slew       Delay        Time   Description
---------------------------------------------------------------------------------------------
                      0.150000    0.000000    0.000000   clock clk (rise edge)
                                  0.000000    0.000000   clock network delay (ideal)
                      0.150000    0.000000    0.000000 ^ _52_/CLK (sky130_fd_sc_hd__dfrtp_2)
     3    0.039152    0.086711    0.334527    0.334527 v _52_/Q (sky130_fd_sc_hd__dfrtp_2)
                                                         q[6] (net)
                      0.086711    0.000000    0.334527 v q[6] (out)
                                              0.334527   data arrival time

                      0.150000   20.000000   20.000000   clock clk (rise edge)
                                  0.000000   20.000000   clock network delay (ideal)
                                 -0.250000   19.750002   clock uncertainty
                                  0.000000   19.750002   clock reconvergence pessimism
                                 -4.000000   15.750001   output external delay
                                             15.750001   data required time
---------------------------------------------------------------------------------------------
                                             15.750001   data required time
                                             -0.334527   data arrival time
---------------------------------------------------------------------------------------------
                                             15.415474   slack (MET)


Startpoint: _51_ (rising edge-triggered flip-flop clocked by clk)
Endpoint: q[5] (output port clocked by clk)
Path Group: clk
Path Type: max

Fanout         Cap        Slew       Delay        Time   Description
---------------------------------------------------------------------------------------------
                      0.150000    0.000000    0.000000   clock clk (rise edge)
                                  0.000000    0.000000   clock network delay (ideal)
                      0.150000    0.000000    0.000000 ^ _51_/CLK (sky130_fd_sc_hd__dfrtp_2)
     3    0.036810    0.083269    0.330713    0.330713 v _51_/Q (sky130_fd_sc_hd__dfrtp_2)
                                                         q[5] (net)
                      0.083269    0.000000    0.330713 v q[5] (out)
                                              0.330713   data arrival time

                      0.150000   20.000000   20.000000   clock clk (rise edge)
                                  0.000000   20.000000   clock network delay (ideal)
                                 -0.250000   19.750002   clock uncertainty
                                  0.000000   19.750002   clock reconvergence pessimism
                                 -4.000000   15.750001   output external delay
                                             15.750001   data required time
---------------------------------------------------------------------------------------------
                                             15.750001   data required time
                                             -0.330713   data arrival time
---------------------------------------------------------------------------------------------
                                             15.419288   slack (MET)


Startpoint: rst (input port clocked by clk)
Endpoint: _46_ (recovery check against rising-edge clock clk)
Path Group: asynchronous
Path Type: max

Fanout         Cap        Slew       Delay        Time   Description
---------------------------------------------------------------------------------------------
                      0.150000    0.000000    0.000000   clock clk (rise edge)
                                  0.000000    0.000000   clock network delay (ideal)
                                  4.000000    4.000000 v input external delay
     8    0.034280    0.053443    0.036795    4.036795 v rst (in)
                                                         rst (net)
                      0.053443    0.000000    4.036795 v _24_/A (sky130_fd_sc_hd__inv_2)
     1    0.003617    0.024040    0.037912    4.074707 ^ _24_/Y (sky130_fd_sc_hd__inv_2)
                                                         _08_ (net)
                      0.024040    0.000000    4.074707 ^ _46_/RESET_B (sky130_fd_sc_hd__dfrtp_2)
                                              4.074707   data arrival time

                      0.150000   20.000000   20.000000   clock clk (rise edge)
                                  0.000000   20.000000   clock network delay (ideal)
                                 -0.250000   19.750002   clock uncertainty
                                  0.000000   19.750002   clock reconvergence pessimism
                                             19.750002 ^ _46_/CLK (sky130_fd_sc_hd__dfrtp_2)
                                  0.153518   19.903519   library recovery time
                                             19.903519   data required time
---------------------------------------------------------------------------------------------
                                             19.903519   data required time
                                             -4.074707   data arrival time
---------------------------------------------------------------------------------------------
                                             15.828813   slack (MET)


Startpoint: rst (input port clocked by clk)
Endpoint: _47_ (recovery check against rising-edge clock clk)
Path Group: asynchronous
Path Type: max

Fanout         Cap        Slew       Delay        Time   Description
---------------------------------------------------------------------------------------------
                      0.150000    0.000000    0.000000   clock clk (rise edge)
                                  0.000000    0.000000   clock network delay (ideal)
                                  4.000000    4.000000 v input external delay
     8    0.034280    0.053443    0.036795    4.036795 v rst (in)
                                                         rst (net)
                      0.053443    0.000000    4.036795 v _39_/A (sky130_fd_sc_hd__inv_2)
     1    0.003617    0.024040    0.037912    4.074707 ^ _39_/Y (sky130_fd_sc_hd__inv_2)
                                                         _09_ (net)
                      0.024040    0.000000    4.074707 ^ _47_/RESET_B (sky130_fd_sc_hd__dfrtp_2)
                                              4.074707   data arrival time

                      0.150000   20.000000   20.000000   clock clk (rise edge)
                                  0.000000   20.000000   clock network delay (ideal)
                                 -0.250000   19.750002   clock uncertainty
                                  0.000000   19.750002   clock reconvergence pessimism
                                             19.750002 ^ _47_/CLK (sky130_fd_sc_hd__dfrtp_2)
                                  0.153518   19.903519   library recovery time
                                             19.903519   data required time
---------------------------------------------------------------------------------------------
                                             19.903519   data required time
                                             -4.074707   data arrival time
---------------------------------------------------------------------------------------------
                                             15.828813   slack (MET)


Startpoint: rst (input port clocked by clk)
Endpoint: _48_ (recovery check against rising-edge clock clk)
Path Group: asynchronous
Path Type: max

Fanout         Cap        Slew       Delay        Time   Description
---------------------------------------------------------------------------------------------
                      0.150000    0.000000    0.000000   clock clk (rise edge)
                                  0.000000    0.000000   clock network delay (ideal)
                                  4.000000    4.000000 v input external delay
     8    0.034280    0.053443    0.036795    4.036795 v rst (in)
                                                         rst (net)
                      0.053443    0.000000    4.036795 v _40_/A (sky130_fd_sc_hd__inv_2)
     1    0.003617    0.024040    0.037912    4.074707 ^ _40_/Y (sky130_fd_sc_hd__inv_2)
                                                         _10_ (net)
                      0.024040    0.000000    4.074707 ^ _48_/RESET_B (sky130_fd_sc_hd__dfrtp_2)
                                              4.074707   data arrival time

                      0.150000   20.000000   20.000000   clock clk (rise edge)
                                  0.000000   20.000000   clock network delay (ideal)
                                 -0.250000   19.750002   clock uncertainty
                                  0.000000   19.750002   clock reconvergence pessimism
                                             19.750002 ^ _48_/CLK (sky130_fd_sc_hd__dfrtp_2)
                                  0.153518   19.903519   library recovery time
                                             19.903519   data required time
---------------------------------------------------------------------------------------------
                                             19.903519   data required time
                                             -4.074707   data arrival time
---------------------------------------------------------------------------------------------
                                             15.828813   slack (MET)


Startpoint: rst (input port clocked by clk)
Endpoint: _49_ (recovery check against rising-edge clock clk)
Path Group: asynchronous
Path Type: max

Fanout         Cap        Slew       Delay        Time   Description
---------------------------------------------------------------------------------------------
                      0.150000    0.000000    0.000000   clock clk (rise edge)
                                  0.000000    0.000000   clock network delay (ideal)
                                  4.000000    4.000000 v input external delay
     8    0.034280    0.053443    0.036795    4.036795 v rst (in)
                                                         rst (net)
                      0.053443    0.000000    4.036795 v _41_/A (sky130_fd_sc_hd__inv_2)
     1    0.003617    0.024040    0.037912    4.074707 ^ _41_/Y (sky130_fd_sc_hd__inv_2)
                                                         _11_ (net)
                      0.024040    0.000000    4.074707 ^ _49_/RESET_B (sky130_fd_sc_hd__dfrtp_2)
                                              4.074707   data arrival time

                      0.150000   20.000000   20.000000   clock clk (rise edge)
                                  0.000000   20.000000   clock network delay (ideal)
                                 -0.250000   19.750002   clock uncertainty
                                  0.000000   19.750002   clock reconvergence pessimism
                                             19.750002 ^ _49_/CLK (sky130_fd_sc_hd__dfrtp_2)
                                  0.153518   19.903519   library recovery time
                                             19.903519   data required time
---------------------------------------------------------------------------------------------
                                             19.903519   data required time
                                             -4.074707   data arrival time
---------------------------------------------------------------------------------------------
                                             15.828813   slack (MET)


Startpoint: rst (input port clocked by clk)
Endpoint: _50_ (recovery check against rising-edge clock clk)
Path Group: asynchronous
Path Type: max

Fanout         Cap        Slew       Delay        Time   Description
---------------------------------------------------------------------------------------------
                      0.150000    0.000000    0.000000   clock clk (rise edge)
                                  0.000000    0.000000   clock network delay (ideal)
                                  4.000000    4.000000 v input external delay
     8    0.034280    0.053443    0.036795    4.036795 v rst (in)
                                                         rst (net)
                      0.053443    0.000000    4.036795 v _42_/A (sky130_fd_sc_hd__inv_2)
     1    0.003617    0.024040    0.037912    4.074707 ^ _42_/Y (sky130_fd_sc_hd__inv_2)
                                                         _12_ (net)
                      0.024040    0.000000    4.074707 ^ _50_/RESET_B (sky130_fd_sc_hd__dfrtp_2)
                                              4.074707   data arrival time

                      0.150000   20.000000   20.000000   clock clk (rise edge)
                                  0.000000   20.000000   clock network delay (ideal)
                                 -0.250000   19.750002   clock uncertainty
                                  0.000000   19.750002   clock reconvergence pessimism
                                             19.750002 ^ _50_/CLK (sky130_fd_sc_hd__dfrtp_2)
                                  0.153518   19.903519   library recovery time
                                             19.903519   data required time
---------------------------------------------------------------------------------------------
                                             19.903519   data required time
                                             -4.074707   data arrival time
---------------------------------------------------------------------------------------------
                                             15.828813   slack (MET)


Startpoint: rst (input port clocked by clk)
Endpoint: _51_ (recovery check against rising-edge clock clk)
Path Group: asynchronous
Path Type: max

Fanout         Cap        Slew       Delay        Time   Description
---------------------------------------------------------------------------------------------
                      0.150000    0.000000    0.000000   clock clk (rise edge)
                                  0.000000    0.000000   clock network delay (ideal)
                                  4.000000    4.000000 v input external delay
     8    0.034280    0.053443    0.036795    4.036795 v rst (in)
                                                         rst (net)
                      0.053443    0.000000    4.036795 v _43_/A (sky130_fd_sc_hd__inv_2)
     1    0.003617    0.024040    0.037912    4.074707 ^ _43_/Y (sky130_fd_sc_hd__inv_2)
                                                         _13_ (net)
                      0.024040    0.000000    4.074707 ^ _51_/RESET_B (sky130_fd_sc_hd__dfrtp_2)
                                              4.074707   data arrival time

                      0.150000   20.000000   20.000000   clock clk (rise edge)
                                  0.000000   20.000000   clock network delay (ideal)
                                 -0.250000   19.750002   clock uncertainty
                                  0.000000   19.750002   clock reconvergence pessimism
                                             19.750002 ^ _51_/CLK (sky130_fd_sc_hd__dfrtp_2)
                                  0.153518   19.903519   library recovery time
                                             19.903519   data required time
---------------------------------------------------------------------------------------------
                                             19.903519   data required time
                                             -4.074707   data arrival time
---------------------------------------------------------------------------------------------
                                             15.828813   slack (MET)


Startpoint: rst (input port clocked by clk)
Endpoint: _52_ (recovery check against rising-edge clock clk)
Path Group: asynchronous
Path Type: max

Fanout         Cap        Slew       Delay        Time   Description
---------------------------------------------------------------------------------------------
                      0.150000    0.000000    0.000000   clock clk (rise edge)
                                  0.000000    0.000000   clock network delay (ideal)
                                  4.000000    4.000000 v input external delay
     8    0.034280    0.053443    0.036795    4.036795 v rst (in)
                                                         rst (net)
                      0.053443    0.000000    4.036795 v _44_/A (sky130_fd_sc_hd__inv_2)
     1    0.003617    0.024040    0.037912    4.074707 ^ _44_/Y (sky130_fd_sc_hd__inv_2)
                                                         _14_ (net)
                      0.024040    0.000000    4.074707 ^ _52_/RESET_B (sky130_fd_sc_hd__dfrtp_2)
                                              4.074707   data arrival time

                      0.150000   20.000000   20.000000   clock clk (rise edge)
                                  0.000000   20.000000   clock network delay (ideal)
                                 -0.250000   19.750002   clock uncertainty
                                  0.000000   19.750002   clock reconvergence pessimism
                                             19.750002 ^ _52_/CLK (sky130_fd_sc_hd__dfrtp_2)
                                  0.153518   19.903519   library recovery time
                                             19.903519   data required time
---------------------------------------------------------------------------------------------
                                             19.903519   data required time
                                             -4.074707   data arrival time
---------------------------------------------------------------------------------------------
                                             15.828813   slack (MET)


Startpoint: rst (input port clocked by clk)
Endpoint: _53_ (recovery check against rising-edge clock clk)
Path Group: asynchronous
Path Type: max

Fanout         Cap        Slew       Delay        Time   Description
---------------------------------------------------------------------------------------------
                      0.150000    0.000000    0.000000   clock clk (rise edge)
                                  0.000000    0.000000   clock network delay (ideal)
                                  4.000000    4.000000 v input external delay
     8    0.034280    0.053443    0.036795    4.036795 v rst (in)
                                                         rst (net)
                      0.053443    0.000000    4.036795 v _45_/A (sky130_fd_sc_hd__inv_2)
     1    0.003617    0.024040    0.037912    4.074707 ^ _45_/Y (sky130_fd_sc_hd__inv_2)
                                                         _15_ (net)
                      0.024040    0.000000    4.074707 ^ _53_/RESET_B (sky130_fd_sc_hd__dfrtp_2)
                                              4.074707   data arrival time

                      0.150000   20.000000   20.000000   clock clk (rise edge)
                                  0.000000   20.000000   clock network delay (ideal)
                                 -0.250000   19.750002   clock uncertainty
                                  0.000000   19.750002   clock reconvergence pessimism
                                             19.750002 ^ _53_/CLK (sky130_fd_sc_hd__dfrtp_2)
                                  0.153518   19.903519   library recovery time
                                             19.903519   data required time
---------------------------------------------------------------------------------------------
                                             19.903519   data required time
                                             -4.074707   data arrival time
---------------------------------------------------------------------------------------------
                                             15.828813   slack (MET)


Startpoint: _47_ (rising edge-triggered flip-flop clocked by clk)
Endpoint: _51_ (rising edge-triggered flip-flop clocked by clk)
Path Group: clk
Path Type: max

Fanout         Cap        Slew       Delay        Time   Description
---------------------------------------------------------------------------------------------
                      0.150000    0.000000    0.000000   clock clk (rise edge)
                                  0.000000    0.000000   clock network delay (ideal)
                      0.150000    0.000000    0.000000 ^ _47_/CLK (sky130_fd_sc_hd__dfrtp_2)
     4    0.047320    0.098685    0.346916    0.346916 v _47_/Q (sky130_fd_sc_hd__dfrtp_2)
                                                         q[1] (net)
                      0.098685    0.000000    0.346916 v _26_/B (sky130_fd_sc_hd__and3_2)
     7    0.025134    0.063833    0.188497    0.535413 v _26_/X (sky130_fd_sc_hd__and3_2)
                                                         _16_ (net)
                      0.063833    0.000000    0.535413 v _31_/C (sky130_fd_sc_hd__and3_2)
     1    0.001694    0.025422    0.134360    0.669773 v _31_/X (sky130_fd_sc_hd__and3_2)
                                                         _19_ (net)
                      0.025422    0.000000    0.669773 v _34_/B1 (sky130_fd_sc_hd__o2bb2a_2)
     1    0.002059    0.029233    0.145215    0.814988 v _34_/X (sky130_fd_sc_hd__o2bb2a_2)
                                                         _05_ (net)
                      0.029233    0.000000    0.814988 v _51_/D (sky130_fd_sc_hd__dfrtp_2)
                                              0.814988   data arrival time

                      0.150000   20.000000   20.000000   clock clk (rise edge)
                                  0.000000   20.000000   clock network delay (ideal)
                                 -0.250000   19.750002   clock uncertainty
                                  0.000000   19.750002   clock reconvergence pessimism
                                             19.750002 ^ _51_/CLK (sky130_fd_sc_hd__dfrtp_2)
                                 -0.061327   19.688675   library setup time
                                             19.688675   data required time
---------------------------------------------------------------------------------------------
                                             19.688675   data required time
                                             -0.814988   data arrival time
---------------------------------------------------------------------------------------------
                                             18.873688   slack (MET)


Startpoint: _47_ (rising edge-triggered flip-flop clocked by clk)
Endpoint: _53_ (rising edge-triggered flip-flop clocked by clk)
Path Group: clk
Path Type: max

Fanout         Cap        Slew       Delay        Time   Description
---------------------------------------------------------------------------------------------
                      0.150000    0.000000    0.000000   clock clk (rise edge)
                                  0.000000    0.000000   clock network delay (ideal)
                      0.150000    0.000000    0.000000 ^ _47_/CLK (sky130_fd_sc_hd__dfrtp_2)
     4    0.047320    0.098685    0.346916    0.346916 v _47_/Q (sky130_fd_sc_hd__dfrtp_2)
                                                         q[1] (net)
                      0.098685    0.000000    0.346916 v _26_/B (sky130_fd_sc_hd__and3_2)
     7    0.025134    0.063833    0.188497    0.535413 v _26_/X (sky130_fd_sc_hd__and3_2)
                                                         _16_ (net)
                      0.063833    0.000000    0.535413 v _35_/B (sky130_fd_sc_hd__and3_2)
     2    0.011909    0.044637    0.151914    0.687327 v _35_/X (sky130_fd_sc_hd__and3_2)
                                                         _21_ (net)
                      0.044637    0.000000    0.687327 v _38_/B (sky130_fd_sc_hd__xor2_2)
     1    0.002059    0.040286    0.086755    0.774082 v _38_/X (sky130_fd_sc_hd__xor2_2)
                                                         _07_ (net)
                      0.040286    0.000000    0.774082 v _53_/D (sky130_fd_sc_hd__dfrtp_2)
                                              0.774082   data arrival time

                      0.150000   20.000000   20.000000   clock clk (rise edge)
                                  0.000000   20.000000   clock network delay (ideal)
                                 -0.250000   19.750002   clock uncertainty
                                  0.000000   19.750002   clock reconvergence pessimism
                                             19.750002 ^ _53_/CLK (sky130_fd_sc_hd__dfrtp_2)
                                 -0.065254   19.684748   library setup time
                                             19.684748   data required time
---------------------------------------------------------------------------------------------
                                             19.684748   data required time
                                             -0.774082   data arrival time
---------------------------------------------------------------------------------------------
                                             18.910666   slack (MET)


Startpoint: _46_ (rising edge-triggered flip-flop clocked by clk)
Endpoint: _52_ (rising edge-triggered flip-flop clocked by clk)
Path Group: clk
Path Type: max

Fanout         Cap        Slew       Delay        Time   Description
---------------------------------------------------------------------------------------------
                      0.150000    0.000000    0.000000   clock clk (rise edge)
                                  0.000000    0.000000   clock network delay (ideal)
                      0.150000    0.000000    0.000000 ^ _46_/CLK (sky130_fd_sc_hd__dfrtp_2)
     5    0.053622    0.197272    0.366864    0.366864 ^ _46_/Q (sky130_fd_sc_hd__dfrtp_2)
                                                         q[0] (net)
                      0.197272    0.000000    0.366864 ^ _26_/A (sky130_fd_sc_hd__and3_2)
     7    0.027338    0.114365    0.195554    0.562418 ^ _26_/X (sky130_fd_sc_hd__and3_2)
                                                         _16_ (net)
                      0.114365    0.000000    0.562418 ^ _35_/B (sky130_fd_sc_hd__and3_2)
     2    0.013031    0.064098    0.145916    0.708334 ^ _35_/X (sky130_fd_sc_hd__and3_2)
                                                         _21_ (net)
                      0.064098    0.000000    0.708334 ^ _37_/A (sky130_fd_sc_hd__nor2_2)
     1    0.002059    0.020588    0.022285    0.730620 v _37_/Y (sky130_fd_sc_hd__nor2_2)
                                                         _06_ (net)
                      0.020588    0.000000    0.730620 v _52_/D (sky130_fd_sc_hd__dfrtp_2)
                                              0.730620   data arrival time

                      0.150000   20.000000   20.000000   clock clk (rise edge)
                                  0.000000   20.000000   clock network delay (ideal)
                                 -0.250000   19.750002   clock uncertainty
                                  0.000000   19.750002   clock reconvergence pessimism
                                             19.750002 ^ _52_/CLK (sky130_fd_sc_hd__dfrtp_2)
                                 -0.058255   19.691746   library setup time
                                             19.691746   data required time
---------------------------------------------------------------------------------------------
                                             19.691746   data required time
                                             -0.730620   data arrival time
---------------------------------------------------------------------------------------------
                                             18.961126   slack (MET)


Startpoint: _46_ (rising edge-triggered flip-flop clocked by clk)
Endpoint: _50_ (rising edge-triggered flip-flop clocked by clk)
Path Group: clk
Path Type: max

Fanout         Cap        Slew       Delay        Time   Description
---------------------------------------------------------------------------------------------
                      0.150000    0.000000    0.000000   clock clk (rise edge)
                                  0.000000    0.000000   clock network delay (ideal)
                      0.150000    0.000000    0.000000 ^ _46_/CLK (sky130_fd_sc_hd__dfrtp_2)
     5    0.053622    0.197272    0.366864    0.366864 ^ _46_/Q (sky130_fd_sc_hd__dfrtp_2)
                                                         q[0] (net)
                      0.197272    0.000000    0.366864 ^ _26_/A (sky130_fd_sc_hd__and3_2)
     7    0.027338    0.114365    0.195554    0.562418 ^ _26_/X (sky130_fd_sc_hd__and3_2)
                                                         _16_ (net)
                      0.114365    0.000000    0.562418 ^ _29_/B (sky130_fd_sc_hd__nand2_2)
     1    0.008002    0.055578    0.045698    0.608116 v _29_/Y (sky130_fd_sc_hd__nand2_2)
                                                         _18_ (net)
                      0.055578    0.000000    0.608116 v _32_/B (sky130_fd_sc_hd__xnor2_2)
     1    0.002059    0.039524    0.083766    0.691882 v _32_/Y (sky130_fd_sc_hd__xnor2_2)
                                                         _04_ (net)
                      0.039524    0.000000    0.691882 v _50_/D (sky130_fd_sc_hd__dfrtp_2)
                                              0.691882   data arrival time

                      0.150000   20.000000   20.000000   clock clk (rise edge)
                                  0.000000   20.000000   clock network delay (ideal)
                                 -0.250000   19.750002   clock uncertainty
                                  0.000000   19.750002   clock reconvergence pessimism
                                             19.750002 ^ _50_/CLK (sky130_fd_sc_hd__dfrtp_2)
                                 -0.064983   19.685019   library setup time
                                             19.685019   data required time
---------------------------------------------------------------------------------------------
                                             19.685019   data required time
                                             -0.691882   data arrival time
---------------------------------------------------------------------------------------------
                                             18.993137   slack (MET)


Startpoint: _47_ (rising edge-triggered flip-flop clocked by clk)
Endpoint: _49_ (rising edge-triggered flip-flop clocked by clk)
Path Group: clk
Path Type: max

Fanout         Cap        Slew       Delay        Time   Description
---------------------------------------------------------------------------------------------
                      0.150000    0.000000    0.000000   clock clk (rise edge)
                                  0.000000    0.000000   clock network delay (ideal)
                      0.150000    0.000000    0.000000 ^ _47_/CLK (sky130_fd_sc_hd__dfrtp_2)
     4    0.047320    0.098685    0.346916    0.346916 v _47_/Q (sky130_fd_sc_hd__dfrtp_2)
                                                         q[1] (net)
                      0.098685    0.000000    0.346916 v _26_/B (sky130_fd_sc_hd__and3_2)
     7    0.025134    0.063833    0.188497    0.535413 v _26_/X (sky130_fd_sc_hd__and3_2)
                                                         _16_ (net)
                      0.063833    0.000000    0.535413 v _30_/B (sky130_fd_sc_hd__xor2_2)
     1    0.002059    0.043533    0.094059    0.629472 v _30_/X (sky130_fd_sc_hd__xor2_2)
                                                         _03_ (net)
                      0.043533    0.000000    0.629472 v _49_/D (sky130_fd_sc_hd__dfrtp_2)
                                              0.629472   data arrival time

                      0.150000   20.000000   20.000000   clock clk (rise edge)
                                  0.000000   20.000000   clock network delay (ideal)
                                 -0.250000   19.750002   clock uncertainty
                                  0.000000   19.750002   clock reconvergence pessimism
                                             19.750002 ^ _49_/CLK (sky130_fd_sc_hd__dfrtp_2)
                                 -0.066408   19.683592   library setup time
                                             19.683592   data required time
---------------------------------------------------------------------------------------------
                                             19.683592   data required time
                                             -0.629472   data arrival time
---------------------------------------------------------------------------------------------
                                             19.054121   slack (MET)


Startpoint: _46_ (rising edge-triggered flip-flop clocked by clk)
Endpoint: _48_ (rising edge-triggered flip-flop clocked by clk)
Path Group: clk
Path Type: max

Fanout         Cap        Slew       Delay        Time   Description
---------------------------------------------------------------------------------------------
                      0.150000    0.000000    0.000000   clock clk (rise edge)
                                  0.000000    0.000000   clock network delay (ideal)
                      0.150000    0.000000    0.000000 ^ _46_/CLK (sky130_fd_sc_hd__dfrtp_2)
     5    0.053622    0.197272    0.366864    0.366864 ^ _46_/Q (sky130_fd_sc_hd__dfrtp_2)
                                                         q[0] (net)
                      0.197272    0.000000    0.366864 ^ _26_/A (sky130_fd_sc_hd__and3_2)
     7    0.027338    0.114365    0.195554    0.562418 ^ _26_/X (sky130_fd_sc_hd__and3_2)
                                                         _16_ (net)
                      0.114365    0.000000    0.562418 ^ _28_/A (sky130_fd_sc_hd__nor2_2)
     1    0.002059    0.028221    0.022985    0.585403 v _28_/Y (sky130_fd_sc_hd__nor2_2)
                                                         _02_ (net)
                      0.028221    0.000000    0.585403 v _48_/D (sky130_fd_sc_hd__dfrtp_2)
                                              0.585403   data arrival time

                      0.150000   20.000000   20.000000   clock clk (rise edge)
                                  0.000000   20.000000   clock network delay (ideal)
                                 -0.250000   19.750002   clock uncertainty
                                  0.000000   19.750002   clock reconvergence pessimism
                                             19.750002 ^ _48_/CLK (sky130_fd_sc_hd__dfrtp_2)
                                 -0.060967   19.689035   library setup time
                                             19.689035   data required time
---------------------------------------------------------------------------------------------
                                             19.689035   data required time
                                             -0.585403   data arrival time
---------------------------------------------------------------------------------------------
                                             19.103632   slack (MET)


Startpoint: _46_ (rising edge-triggered flip-flop clocked by clk)
Endpoint: _47_ (rising edge-triggered flip-flop clocked by clk)
Path Group: clk
Path Type: max

Fanout         Cap        Slew       Delay        Time   Description
---------------------------------------------------------------------------------------------
                      0.150000    0.000000    0.000000   clock clk (rise edge)
                                  0.000000    0.000000   clock network delay (ideal)
                      0.150000    0.000000    0.000000 ^ _46_/CLK (sky130_fd_sc_hd__dfrtp_2)
     5    0.052066    0.105600    0.352845    0.352845 v _46_/Q (sky130_fd_sc_hd__dfrtp_2)
                                                         q[0] (net)
                      0.105600    0.000000    0.352845 v _25_/A (sky130_fd_sc_hd__xor2_2)
     1    0.002059    0.045274    0.127741    0.480586 v _25_/X (sky130_fd_sc_hd__xor2_2)
                                                         _01_ (net)
                      0.045274    0.000000    0.480586 v _47_/D (sky130_fd_sc_hd__dfrtp_2)
                                              0.480586   data arrival time

                      0.150000   20.000000   20.000000   clock clk (rise edge)
                                  0.000000   20.000000   clock network delay (ideal)
                                 -0.250000   19.750002   clock uncertainty
                                  0.000000   19.750002   clock reconvergence pessimism
                                             19.750002 ^ _47_/CLK (sky130_fd_sc_hd__dfrtp_2)
                                 -0.067027   19.682974   library setup time
                                             19.682974   data required time
---------------------------------------------------------------------------------------------
                                             19.682974   data required time
                                             -0.480586   data arrival time
---------------------------------------------------------------------------------------------
                                             19.202387   slack (MET)


Startpoint: _46_ (rising edge-triggered flip-flop clocked by clk)
Endpoint: _46_ (rising edge-triggered flip-flop clocked by clk)
Path Group: clk
Path Type: max

Fanout         Cap        Slew       Delay        Time   Description
---------------------------------------------------------------------------------------------
                      0.150000    0.000000    0.000000   clock clk (rise edge)
                                  0.000000    0.000000   clock network delay (ideal)
                      0.150000    0.000000    0.000000 ^ _46_/CLK (sky130_fd_sc_hd__dfrtp_2)
     5    0.053622    0.197272    0.366864    0.366864 ^ _46_/Q (sky130_fd_sc_hd__dfrtp_2)
                                                         q[0] (net)
                      0.197272    0.000000    0.366864 ^ _23_/A (sky130_fd_sc_hd__inv_2)
     1    0.002059    0.030483    0.004156    0.371020 v _23_/Y (sky130_fd_sc_hd__inv_2)
                                                         _00_ (net)
                      0.030483    0.000000    0.371020 v _46_/D (sky130_fd_sc_hd__dfrtp_2)
                                              0.371020   data arrival time

                      0.150000   20.000000   20.000000   clock clk (rise edge)
                                  0.000000   20.000000   clock network delay (ideal)
                                 -0.250000   19.750002   clock uncertainty
                                  0.000000   19.750002   clock reconvergence pessimism
                                             19.750002 ^ _46_/CLK (sky130_fd_sc_hd__dfrtp_2)
                                 -0.061771   19.688231   library setup time
                                             19.688231   data required time
---------------------------------------------------------------------------------------------
                                             19.688231   data required time
                                             -0.371020   data arrival time
---------------------------------------------------------------------------------------------
                                             19.317209   slack (MET)



