
===========================================================================
report_checks -path_delay min (Hold)
============================================================================
======================= nom_ff_n40C_1v95 Corner ===================================

Startpoint: _46_ (rising edge-triggered flip-flop clocked by clk)
Endpoint: _46_ (rising edge-triggered flip-flop clocked by clk)
Path Group: clk
Path Type: min

Fanout         Cap        Slew       Delay        Time   Description
---------------------------------------------------------------------------------------------
                      0.150000    0.000000    0.000000   clock clk (rise edge)
                                  0.000000    0.000000   clock network delay (ideal)
                      0.150000    0.000000    0.000000 ^ _46_/CLK (sky130_fd_sc_hd__dfrtp_2)
     5    0.053622    0.197272    0.366864    0.366864 ^ _46_/Q (sky130_fd_sc_hd__dfrtp_2)
                                                         q[0] (net)
                      0.197272    0.000000    0.366864 ^ _23_/A (sky130_fd_sc_hd__inv_2)
     1    0.002059    0.030483    0.004156    0.371020 v _23_/Y (sky130_fd_sc_hd__inv_2)
                                                         _00_ (net)
                      0.030483    0.000000    0.371020 v _46_/D (sky130_fd_sc_hd__dfrtp_2)
                                              0.371020   data arrival time

                      0.150000    0.000000    0.000000   clock clk (rise edge)
                                  0.000000    0.000000   clock network delay (ideal)
                                  0.250000    0.250000   clock uncertainty
                                  0.000000    0.250000   clock reconvergence pessimism
                                              0.250000 ^ _46_/CLK (sky130_fd_sc_hd__dfrtp_2)
                                 -0.017304    0.232696   library hold time
                                              0.232696   data required time
---------------------------------------------------------------------------------------------
                                              0.232696   data required time
                                             -0.371020   data arrival time
---------------------------------------------------------------------------------------------
                                              0.138324   slack (MET)


Startpoint: _53_ (rising edge-triggered flip-flop clocked by clk)
Endpoint: _53_ (rising edge-triggered flip-flop clocked by clk)
Path Group: clk
Path Type: min

Fanout         Cap        Slew       Delay        Time   Description
---------------------------------------------------------------------------------------------
                      0.150000    0.000000    0.000000   clock clk (rise edge)
                                  0.000000    0.000000   clock network delay (ideal)
                      0.150000    0.000000    0.000000 ^ _53_/CLK (sky130_fd_sc_hd__dfrtp_2)
     2    0.042791    0.159725    0.340640    0.340640 ^ _53_/Q (sky130_fd_sc_hd__dfrtp_2)
                                                         q[7] (net)
                      0.159725    0.000000    0.340640 ^ _38_/A (sky130_fd_sc_hd__xor2_2)
     1    0.002059    0.020128    0.043536    0.384176 v _38_/X (sky130_fd_sc_hd__xor2_2)
                                                         _07_ (net)
                      0.020128    0.000000    0.384176 v _53_/D (sky130_fd_sc_hd__dfrtp_2)
                                              0.384176   data arrival time

                      0.150000    0.000000    0.000000   clock clk (rise edge)
                                  0.000000    0.000000   clock network delay (ideal)
                                  0.250000    0.250000   clock uncertainty
                                  0.000000    0.250000   clock reconvergence pessimism
                                              0.250000 ^ _53_/CLK (sky130_fd_sc_hd__dfrtp_2)
                                 -0.013982    0.236018   library hold time
                                              0.236018   data required time
---------------------------------------------------------------------------------------------
                                              0.236018   data required time
                                             -0.384176   data arrival time
---------------------------------------------------------------------------------------------
                                              0.148158   slack (MET)


Startpoint: _50_ (rising edge-triggered flip-flop clocked by clk)
Endpoint: _50_ (rising edge-triggered flip-flop clocked by clk)
Path Group: clk
Path Type: min

Fanout         Cap        Slew       Delay        Time   Description
---------------------------------------------------------------------------------------------
                      0.150000    0.000000    0.000000   clock clk (rise edge)
                                  0.000000    0.000000   clock network delay (ideal)
                      0.150000    0.000000    0.000000 ^ _50_/CLK (sky130_fd_sc_hd__dfrtp_2)
     4    0.045659    0.169475    0.347682    0.347682 ^ _50_/Q (sky130_fd_sc_hd__dfrtp_2)
                                                         q[4] (net)
                      0.169475    0.000000    0.347682 ^ _32_/A (sky130_fd_sc_hd__xnor2_2)
     1    0.002059    0.018495    0.040471    0.388152 v _32_/Y (sky130_fd_sc_hd__xnor2_2)
                                                         _04_ (net)
                      0.018495    0.000000    0.388152 v _50_/D (sky130_fd_sc_hd__dfrtp_2)
                                              0.388152   data arrival time

                      0.150000    0.000000    0.000000   clock clk (rise edge)
                                  0.000000    0.000000   clock network delay (ideal)
                                  0.250000    0.250000   clock uncertainty
                                  0.000000    0.250000   clock reconvergence pessimism
                                              0.250000 ^ _50_/CLK (sky130_fd_sc_hd__dfrtp_2)
                                 -0.013458    0.236542   library hold time
                                              0.236542   data required time
---------------------------------------------------------------------------------------------
                                              0.236542   data required time
                                             -0.388152   data arrival time
---------------------------------------------------------------------------------------------
                                              0.151610   slack (MET)


Startpoint: _47_ (rising edge-triggered flip-flop clocked by clk)
Endpoint: _47_ (rising edge-triggered flip-flop clocked by clk)
Path Group: clk
Path Type: min

Fanout         Cap        Slew       Delay        Time   Description
---------------------------------------------------------------------------------------------
                      0.150000    0.000000    0.000000   clock clk (rise edge)
                                  0.000000    0.000000   clock network delay (ideal)
                      0.150000    0.000000    0.000000 ^ _47_/CLK (sky130_fd_sc_hd__dfrtp_2)
     4    0.048533    0.179507    0.354605    0.354605 ^ _47_/Q (sky130_fd_sc_hd__dfrtp_2)
                                                         q[1] (net)
                      0.179507    0.000000    0.354605 ^ _25_/B (sky130_fd_sc_hd__xor2_2)
     1    0.002059    0.020308    0.036973    0.391578 v _25_/X (sky130_fd_sc_hd__xor2_2)
                                                         _01_ (net)
                      0.020308    0.000000    0.391578 v _47_/D (sky130_fd_sc_hd__dfrtp_2)
                                              0.391578   data arrival time

                      0.150000    0.000000    0.000000   clock clk (rise edge)
                                  0.000000    0.000000   clock network delay (ideal)
                                  0.250000    0.250000   clock uncertainty
                                  0.000000    0.250000   clock reconvergence pessimism
                                              0.250000 ^ _47_/CLK (sky130_fd_sc_hd__dfrtp_2)
                                 -0.014040    0.235960   library hold time
                                              0.235960   data required time
---------------------------------------------------------------------------------------------
                                              0.235960   data required time
                                             -0.391578   data arrival time
---------------------------------------------------------------------------------------------
                                              0.155617   slack (MET)


Startpoint: _52_ (rising edge-triggered flip-flop clocked by clk)
Endpoint: _52_ (rising edge-triggered flip-flop clocked by clk)
Path Group: clk
Path Type: min

Fanout         Cap        Slew       Delay        Time   Description
---------------------------------------------------------------------------------------------
                      0.150000    0.000000    0.000000   clock clk (rise edge)
                                  0.000000    0.000000   clock network delay (ideal)
                      0.150000    0.000000    0.000000 ^ _52_/CLK (sky130_fd_sc_hd__dfrtp_2)
     3    0.039757    0.149507    0.333142    0.333142 ^ _52_/Q (sky130_fd_sc_hd__dfrtp_2)
                                                         q[6] (net)
                      0.149507    0.000000    0.333142 ^ _36_/B1 (sky130_fd_sc_hd__a21oi_2)
     1    0.004145    0.023841    0.017147    0.350288 v _36_/Y (sky130_fd_sc_hd__a21oi_2)
                                                         _22_ (net)
                      0.023841    0.000000    0.350288 v _37_/B (sky130_fd_sc_hd__nor2_2)
     1    0.002087    0.038634    0.039811    0.390099 ^ _37_/Y (sky130_fd_sc_hd__nor2_2)
                                                         _06_ (net)
                      0.038634    0.000000    0.390099 ^ _52_/D (sky130_fd_sc_hd__dfrtp_2)
                                              0.390099   data arrival time

                      0.150000    0.000000    0.000000   clock clk (rise edge)
                                  0.000000    0.000000   clock network delay (ideal)
                                  0.250000    0.250000   clock uncertainty
                                  0.000000    0.250000   clock reconvergence pessimism
                                              0.250000 ^ _52_/CLK (sky130_fd_sc_hd__dfrtp_2)
                                 -0.017155    0.232845   library hold time
                                              0.232845   data required time
---------------------------------------------------------------------------------------------
                                              0.232845   data required time
                                             -0.390099   data arrival time
---------------------------------------------------------------------------------------------
                                              0.157254   slack (MET)


Startpoint: _48_ (rising edge-triggered flip-flop clocked by clk)
Endpoint: _48_ (rising edge-triggered flip-flop clocked by clk)
Path Group: clk
Path Type: min

Fanout         Cap        Slew       Delay        Time   Description
---------------------------------------------------------------------------------------------
                      0.150000    0.000000    0.000000   clock clk (rise edge)
                                  0.000000    0.000000   clock network delay (ideal)
                      0.150000    0.000000    0.000000 ^ _48_/CLK (sky130_fd_sc_hd__dfrtp_2)
     3    0.039899    0.149985    0.333493    0.333493 ^ _48_/Q (sky130_fd_sc_hd__dfrtp_2)
                                                         q[2] (net)
                      0.149985    0.000000    0.333493 ^ _27_/B1 (sky130_fd_sc_hd__a21oi_2)
     1    0.004145    0.033261    0.017107    0.350599 v _27_/Y (sky130_fd_sc_hd__a21oi_2)
                                                         _17_ (net)
                      0.033261    0.000000    0.350599 v _28_/B (sky130_fd_sc_hd__nor2_2)
     1    0.002087    0.039197    0.043494    0.394093 ^ _28_/Y (sky130_fd_sc_hd__nor2_2)
                                                         _02_ (net)
                      0.039197    0.000000    0.394093 ^ _48_/D (sky130_fd_sc_hd__dfrtp_2)
                                              0.394093   data arrival time

                      0.150000    0.000000    0.000000   clock clk (rise edge)
                                  0.000000    0.000000   clock network delay (ideal)
                                  0.250000    0.250000   clock uncertainty
                                  0.000000    0.250000   clock reconvergence pessimism
                                              0.250000 ^ _48_/CLK (sky130_fd_sc_hd__dfrtp_2)
                                 -0.017196    0.232804   library hold time
                                              0.232804   data required time
---------------------------------------------------------------------------------------------
                                              0.232804   data required time
                                             -0.394093   data arrival time
---------------------------------------------------------------------------------------------
                                              0.161289   slack (MET)


Startpoint: _49_ (rising edge-triggered flip-flop clocked by clk)
Endpoint: _49_ (rising edge-triggered flip-flop clocked by clk)
Path Group: clk
Path Type: min

Fanout         Cap        Slew       Delay        Time   Description
---------------------------------------------------------------------------------------------
                      0.150000    0.000000    0.000000   clock clk (rise edge)
                                  0.000000    0.000000   clock network delay (ideal)
                      0.150000    0.000000    0.000000 ^ _49_/CLK (sky130_fd_sc_hd__dfrtp_2)
     5    0.050474    0.186283    0.359281    0.359281 ^ _49_/Q (sky130_fd_sc_hd__dfrtp_2)
                                                         q[3] (net)
                      0.186283    0.000000    0.359281 ^ _30_/A (sky130_fd_sc_hd__xor2_2)
     1    0.002059    0.020181    0.043412    0.402693 v _30_/X (sky130_fd_sc_hd__xor2_2)
                                                         _03_ (net)
                      0.020181    0.000000    0.402693 v _49_/D (sky130_fd_sc_hd__dfrtp_2)
                                              0.402693   data arrival time

                      0.150000    0.000000    0.000000   clock clk (rise edge)
                                  0.000000    0.000000   clock network delay (ideal)
                                  0.250000    0.250000   clock uncertainty
                                  0.000000    0.250000   clock reconvergence pessimism
                                              0.250000 ^ _49_/CLK (sky130_fd_sc_hd__dfrtp_2)
                                 -0.013999    0.236001   library hold time
                                              0.236001   data required time
---------------------------------------------------------------------------------------------
                                              0.236001   data required time
                                             -0.402693   data arrival time
---------------------------------------------------------------------------------------------
                                              0.166691   slack (MET)


Startpoint: _51_ (rising edge-triggered flip-flop clocked by clk)
Endpoint: _51_ (rising edge-triggered flip-flop clocked by clk)
Path Group: clk
Path Type: min

Fanout         Cap        Slew       Delay        Time   Description
---------------------------------------------------------------------------------------------
                      0.150000    0.000000    0.000000   clock clk (rise edge)
                                  0.000000    0.000000   clock network delay (ideal)
                      0.150000    0.000000    0.000000 ^ _51_/CLK (sky130_fd_sc_hd__dfrtp_2)
     3    0.037206    0.140915    0.326837    0.326837 ^ _51_/Q (sky130_fd_sc_hd__dfrtp_2)
                                                         q[5] (net)
                      0.140915    0.000000    0.326837 ^ _34_/B2 (sky130_fd_sc_hd__o2bb2a_2)
     1    0.002087    0.021698    0.106564    0.433401 ^ _34_/X (sky130_fd_sc_hd__o2bb2a_2)
                                                         _05_ (net)
                      0.021698    0.000000    0.433401 ^ _51_/D (sky130_fd_sc_hd__dfrtp_2)
                                              0.433401   data arrival time

                      0.150000    0.000000    0.000000   clock clk (rise edge)
                                  0.000000    0.000000   clock network delay (ideal)
                                  0.250000    0.250000   clock uncertainty
                                  0.000000    0.250000   clock reconvergence pessimism
                                              0.250000 ^ _51_/CLK (sky130_fd_sc_hd__dfrtp_2)
                                 -0.015935    0.234065   library hold time
                                              0.234065   data required time
---------------------------------------------------------------------------------------------
                                              0.234065   data required time
                                             -0.433401   data arrival time
---------------------------------------------------------------------------------------------
                                              0.199336   slack (MET)


Startpoint: rst (input port clocked by clk)
Endpoint: _46_ (removal check against rising-edge clock clk)
Path Group: asynchronous
Path Type: min

Fanout         Cap        Slew       Delay        Time   Description
---------------------------------------------------------------------------------------------
                      0.150000    0.000000    0.000000   clock clk (rise edge)
                                  0.000000    0.000000   clock network delay (ideal)
                                  4.000000    4.000000 v input external delay
     8    0.034280    0.053443    0.036795    4.036795 v rst (in)
                                                         rst (net)
                      0.053443    0.000000    4.036795 v _24_/A (sky130_fd_sc_hd__inv_2)
     1    0.003617    0.024040    0.037912    4.074707 ^ _24_/Y (sky130_fd_sc_hd__inv_2)
                                                         _08_ (net)
                      0.024040    0.000000    4.074707 ^ _46_/RESET_B (sky130_fd_sc_hd__dfrtp_2)
                                              4.074707   data arrival time

                      0.150000    0.000000    0.000000   clock clk (rise edge)
                                  0.000000    0.000000   clock network delay (ideal)
                                  0.250000    0.250000   clock uncertainty
                                  0.000000    0.250000   clock reconvergence pessimism
                                              0.250000 ^ _46_/CLK (sky130_fd_sc_hd__dfrtp_2)
                                  0.211748    0.461748   library removal time
                                              0.461748   data required time
---------------------------------------------------------------------------------------------
                                              0.461748   data required time
                                             -4.074707   data arrival time
---------------------------------------------------------------------------------------------
                                              3.612959   slack (MET)


Startpoint: rst (input port clocked by clk)
Endpoint: _47_ (removal check against rising-edge clock clk)
Path Group: asynchronous
Path Type: min

Fanout         Cap        Slew       Delay        Time   Description
---------------------------------------------------------------------------------------------
                      0.150000    0.000000    0.000000   clock clk (rise edge)
                                  0.000000    0.000000   clock network delay (ideal)
                                  4.000000    4.000000 v input external delay
     8    0.034280    0.053443    0.036795    4.036795 v rst (in)
                                                         rst (net)
                      0.053443    0.000000    4.036795 v _39_/A (sky130_fd_sc_hd__inv_2)
     1    0.003617    0.024040    0.037912    4.074707 ^ _39_/Y (sky130_fd_sc_hd__inv_2)
                                                         _09_ (net)
                      0.024040    0.000000    4.074707 ^ _47_/RESET_B (sky130_fd_sc_hd__dfrtp_2)
                                              4.074707   data arrival time

                      0.150000    0.000000    0.000000   clock clk (rise edge)
                                  0.000000    0.000000   clock network delay (ideal)
                                  0.250000    0.250000   clock uncertainty
                                  0.000000    0.250000   clock reconvergence pessimism
                                              0.250000 ^ _47_/CLK (sky130_fd_sc_hd__dfrtp_2)
                                  0.211748    0.461748   library removal time
                                              0.461748   data required time
---------------------------------------------------------------------------------------------
                                              0.461748   data required time
                                             -4.074707   data arrival time
---------------------------------------------------------------------------------------------
                                              3.612959   slack (MET)


Startpoint: rst (input port clocked by clk)
Endpoint: _48_ (removal check against rising-edge clock clk)
Path Group: asynchronous
Path Type: min

Fanout         Cap        Slew       Delay        Time   Description
---------------------------------------------------------------------------------------------
                      0.150000    0.000000    0.000000   clock clk (rise edge)
                                  0.000000    0.000000   clock network delay (ideal)
                                  4.000000    4.000000 v input external delay
     8    0.034280    0.053443    0.036795    4.036795 v rst (in)
                                                         rst (net)
                      0.053443    0.000000    4.036795 v _40_/A (sky130_fd_sc_hd__inv_2)
     1    0.003617    0.024040    0.037912    4.074707 ^ _40_/Y (sky130_fd_sc_hd__inv_2)
                                                         _10_ (net)
                      0.024040    0.000000    4.074707 ^ _48_/RESET_B (sky130_fd_sc_hd__dfrtp_2)
                                              4.074707   data arrival time

                      0.150000    0.000000    0.000000   clock clk (rise edge)
                                  0.000000    0.000000   clock network delay (ideal)
                                  0.250000    0.250000   clock uncertainty
                                  0.000000    0.250000   clock reconvergence pessimism
                                              0.250000 ^ _48_/CLK (sky130_fd_sc_hd__dfrtp_2)
                                  0.211748    0.461748   library removal time
                                              0.461748   data required time
---------------------------------------------------------------------------------------------
                                              0.461748   data required time
                                             -4.074707   data arrival time
---------------------------------------------------------------------------------------------
                                              3.612959   slack (MET)


Startpoint: rst (input port clocked by clk)
Endpoint: _49_ (removal check against rising-edge clock clk)
Path Group: asynchronous
Path Type: min

Fanout         Cap        Slew       Delay        Time   Description
---------------------------------------------------------------------------------------------
                      0.150000    0.000000    0.000000   clock clk (rise edge)
                                  0.000000    0.000000   clock network delay (ideal)
                                  4.000000    4.000000 v input external delay
     8    0.034280    0.053443    0.036795    4.036795 v rst (in)
                                                         rst (net)
                      0.053443    0.000000    4.036795 v _41_/A (sky130_fd_sc_hd__inv_2)
     1    0.003617    0.024040    0.037912    4.074707 ^ _41_/Y (sky130_fd_sc_hd__inv_2)
                                                         _11_ (net)
                      0.024040    0.000000    4.074707 ^ _49_/RESET_B (sky130_fd_sc_hd__dfrtp_2)
                                              4.074707   data arrival time

                      0.150000    0.000000    0.000000   clock clk (rise edge)
                                  0.000000    0.000000   clock network delay (ideal)
                                  0.250000    0.250000   clock uncertainty
                                  0.000000    0.250000   clock reconvergence pessimism
                                              0.250000 ^ _49_/CLK (sky130_fd_sc_hd__dfrtp_2)
                                  0.211748    0.461748   library removal time
                                              0.461748   data required time
---------------------------------------------------------------------------------------------
                                              0.461748   data required time
                                             -4.074707   data arrival time
---------------------------------------------------------------------------------------------
                                              3.612959   slack (MET)


Startpoint: rst (input port clocked by clk)
Endpoint: _50_ (removal check against rising-edge clock clk)
Path Group: asynchronous
Path Type: min

Fanout         Cap        Slew       Delay        Time   Description
---------------------------------------------------------------------------------------------
                      0.150000    0.000000    0.000000   clock clk (rise edge)
                                  0.000000    0.000000   clock network delay (ideal)
                                  4.000000    4.000000 v input external delay
     8    0.034280    0.053443    0.036795    4.036795 v rst (in)
                                                         rst (net)
                      0.053443    0.000000    4.036795 v _42_/A (sky130_fd_sc_hd__inv_2)
     1    0.003617    0.024040    0.037912    4.074707 ^ _42_/Y (sky130_fd_sc_hd__inv_2)
                                                         _12_ (net)
                      0.024040    0.000000    4.074707 ^ _50_/RESET_B (sky130_fd_sc_hd__dfrtp_2)
                                              4.074707   data arrival time

                      0.150000    0.000000    0.000000   clock clk (rise edge)
                                  0.000000    0.000000   clock network delay (ideal)
                                  0.250000    0.250000   clock uncertainty
                                  0.000000    0.250000   clock reconvergence pessimism
                                              0.250000 ^ _50_/CLK (sky130_fd_sc_hd__dfrtp_2)
                                  0.211748    0.461748   library removal time
                                              0.461748   data required time
---------------------------------------------------------------------------------------------
                                              0.461748   data required time
                                             -4.074707   data arrival time
---------------------------------------------------------------------------------------------
                                              3.612959   slack (MET)


Startpoint: rst (input port clocked by clk)
Endpoint: _51_ (removal check against rising-edge clock clk)
Path Group: asynchronous
Path Type: min

Fanout         Cap        Slew       Delay        Time   Description
---------------------------------------------------------------------------------------------
                      0.150000    0.000000    0.000000   clock clk (rise edge)
                                  0.000000    0.000000   clock network delay (ideal)
                                  4.000000    4.000000 v input external delay
     8    0.034280    0.053443    0.036795    4.036795 v rst (in)
                                                         rst (net)
                      0.053443    0.000000    4.036795 v _43_/A (sky130_fd_sc_hd__inv_2)
     1    0.003617    0.024040    0.037912    4.074707 ^ _43_/Y (sky130_fd_sc_hd__inv_2)
                                                         _13_ (net)
                      0.024040    0.000000    4.074707 ^ _51_/RESET_B (sky130_fd_sc_hd__dfrtp_2)
                                              4.074707   data arrival time

                      0.150000    0.000000    0.000000   clock clk (rise edge)
                                  0.000000    0.000000   clock network delay (ideal)
                                  0.250000    0.250000   clock uncertainty
                                  0.000000    0.250000   clock reconvergence pessimism
                                              0.250000 ^ _51_/CLK (sky130_fd_sc_hd__dfrtp_2)
                                  0.211748    0.461748   library removal time
                                              0.461748   data required time
---------------------------------------------------------------------------------------------
                                              0.461748   data required time
                                             -4.074707   data arrival time
---------------------------------------------------------------------------------------------
                                              3.612959   slack (MET)


Startpoint: rst (input port clocked by clk)
Endpoint: _52_ (removal check against rising-edge clock clk)
Path Group: asynchronous
Path Type: min

Fanout         Cap        Slew       Delay        Time   Description
---------------------------------------------------------------------------------------------
                      0.150000    0.000000    0.000000   clock clk (rise edge)
                                  0.000000    0.000000   clock network delay (ideal)
                                  4.000000    4.000000 v input external delay
     8    0.034280    0.053443    0.036795    4.036795 v rst (in)
                                                         rst (net)
                      0.053443    0.000000    4.036795 v _44_/A (sky130_fd_sc_hd__inv_2)
     1    0.003617    0.024040    0.037912    4.074707 ^ _44_/Y (sky130_fd_sc_hd__inv_2)
                                                         _14_ (net)
                      0.024040    0.000000    4.074707 ^ _52_/RESET_B (sky130_fd_sc_hd__dfrtp_2)
                                              4.074707   data arrival time

                      0.150000    0.000000    0.000000   clock clk (rise edge)
                                  0.000000    0.000000   clock network delay (ideal)
                                  0.250000    0.250000   clock uncertainty
                                  0.000000    0.250000   clock reconvergence pessimism
                                              0.250000 ^ _52_/CLK (sky130_fd_sc_hd__dfrtp_2)
                                  0.211748    0.461748   library removal time
                                              0.461748   data required time
---------------------------------------------------------------------------------------------
                                              0.461748   data required time
                                             -4.074707   data arrival time
---------------------------------------------------------------------------------------------
                                              3.612959   slack (MET)


Startpoint: rst (input port clocked by clk)
Endpoint: _53_ (removal check against rising-edge clock clk)
Path Group: asynchronous
Path Type: min

Fanout         Cap        Slew       Delay        Time   Description
---------------------------------------------------------------------------------------------
                      0.150000    0.000000    0.000000   clock clk (rise edge)
                                  0.000000    0.000000   clock network delay (ideal)
                                  4.000000    4.000000 v input external delay
     8    0.034280    0.053443    0.036795    4.036795 v rst (in)
                                                         rst (net)
                      0.053443    0.000000    4.036795 v _45_/A (sky130_fd_sc_hd__inv_2)
     1    0.003617    0.024040    0.037912    4.074707 ^ _45_/Y (sky130_fd_sc_hd__inv_2)
                                                         _15_ (net)
                      0.024040    0.000000    4.074707 ^ _53_/RESET_B (sky130_fd_sc_hd__dfrtp_2)
                                              4.074707   data arrival time

                      0.150000    0.000000    0.000000   clock clk (rise edge)
                                  0.000000    0.000000   clock network delay (ideal)
                                  0.250000    0.250000   clock uncertainty
                                  0.000000    0.250000   clock reconvergence pessimism
                                              0.250000 ^ _53_/CLK (sky130_fd_sc_hd__dfrtp_2)
                                  0.211748    0.461748   library removal time
                                              0.461748   data required time
---------------------------------------------------------------------------------------------
                                              0.461748   data required time
                                             -4.074707   data arrival time
---------------------------------------------------------------------------------------------
                                              3.612959   slack (MET)


Startpoint: _51_ (rising edge-triggered flip-flop clocked by clk)
Endpoint: q[5] (output port clocked by clk)
Path Group: clk
Path Type: min

Fanout         Cap        Slew       Delay        Time   Description
---------------------------------------------------------------------------------------------
                      0.150000    0.000000    0.000000   clock clk (rise edge)
                                  0.000000    0.000000   clock network delay (ideal)
                      0.150000    0.000000    0.000000 ^ _51_/CLK (sky130_fd_sc_hd__dfrtp_2)
     3    0.037206    0.140915    0.326837    0.326837 ^ _51_/Q (sky130_fd_sc_hd__dfrtp_2)
                                                         q[5] (net)
                      0.140915    0.000000    0.326837 ^ q[5] (out)
                                              0.326837   data arrival time

                      0.150000    0.000000    0.000000   clock clk (rise edge)
                                  0.000000    0.000000   clock network delay (ideal)
                                  0.250000    0.250000   clock uncertainty
                                  0.000000    0.250000   clock reconvergence pessimism
                                 -4.000000   -3.750000   output external delay
                                             -3.750000   data required time
---------------------------------------------------------------------------------------------
                                             -3.750000   data required time
                                             -0.326837   data arrival time
---------------------------------------------------------------------------------------------
                                              4.076837   slack (MET)


Startpoint: _52_ (rising edge-triggered flip-flop clocked by clk)
Endpoint: q[6] (output port clocked by clk)
Path Group: clk
Path Type: min

Fanout         Cap        Slew       Delay        Time   Description
---------------------------------------------------------------------------------------------
                      0.150000    0.000000    0.000000   clock clk (rise edge)
                                  0.000000    0.000000   clock network delay (ideal)
                      0.150000    0.000000    0.000000 ^ _52_/CLK (sky130_fd_sc_hd__dfrtp_2)
     3    0.039757    0.149507    0.333142    0.333142 ^ _52_/Q (sky130_fd_sc_hd__dfrtp_2)
                                                         q[6] (net)
                      0.149507    0.000000    0.333142 ^ q[6] (out)
                                              0.333142   data arrival time

                      0.150000    0.000000    0.000000   clock clk (rise edge)
                                  0.000000    0.000000   clock network delay (ideal)
                                  0.250000    0.250000   clock uncertainty
                                  0.000000    0.250000   clock reconvergence pessimism
                                 -4.000000   -3.750000   output external delay
                                             -3.750000   data required time
---------------------------------------------------------------------------------------------
                                             -3.750000   data required time
                                             -0.333142   data arrival time
---------------------------------------------------------------------------------------------
                                              4.083141   slack (MET)


Startpoint: _48_ (rising edge-triggered flip-flop clocked by clk)
Endpoint: q[2] (output port clocked by clk)
Path Group: clk
Path Type: min

Fanout         Cap        Slew       Delay        Time   Description
---------------------------------------------------------------------------------------------
                      0.150000    0.000000    0.000000   clock clk (rise edge)
                                  0.000000    0.000000   clock network delay (ideal)
                      0.150000    0.000000    0.000000 ^ _48_/CLK (sky130_fd_sc_hd__dfrtp_2)
     3    0.039899    0.149985    0.333493    0.333493 ^ _48_/Q (sky130_fd_sc_hd__dfrtp_2)
                                                         q[2] (net)
                      0.149985    0.000000    0.333493 ^ q[2] (out)
                                              0.333493   data arrival time

                      0.150000    0.000000    0.000000   clock clk (rise edge)
                                  0.000000    0.000000   clock network delay (ideal)
                                  0.250000    0.250000   clock uncertainty
                                  0.000000    0.250000   clock reconvergence pessimism
                                 -4.000000   -3.750000   output external delay
                                             -3.750000   data required time
---------------------------------------------------------------------------------------------
                                             -3.750000   data required time
                                             -0.333493   data arrival time
---------------------------------------------------------------------------------------------
                                              4.083493   slack (MET)


Startpoint: _53_ (rising edge-triggered flip-flop clocked by clk)
Endpoint: q[7] (output port clocked by clk)
Path Group: clk
Path Type: min

Fanout         Cap        Slew       Delay        Time   Description
---------------------------------------------------------------------------------------------
                      0.150000    0.000000    0.000000   clock clk (rise edge)
                                  0.000000    0.000000   clock network delay (ideal)
                      0.150000    0.000000    0.000000 ^ _53_/CLK (sky130_fd_sc_hd__dfrtp_2)
     2    0.042004    0.090902    0.339170    0.339170 v _53_/Q (sky130_fd_sc_hd__dfrtp_2)
                                                         q[7] (net)
                      0.090902    0.000000    0.339170 v q[7] (out)
                                              0.339170   data arrival time

                      0.150000    0.000000    0.000000   clock clk (rise edge)
                                  0.000000    0.000000   clock network delay (ideal)
                                  0.250000    0.250000   clock uncertainty
                                  0.000000    0.250000   clock reconvergence pessimism
                                 -4.000000   -3.750000   output external delay
                                             -3.750000   data required time
---------------------------------------------------------------------------------------------
                                             -3.750000   data required time
                                             -0.339170   data arrival time
---------------------------------------------------------------------------------------------
                                              4.089170   slack (MET)


Startpoint: _50_ (rising edge-triggered flip-flop clocked by clk)
Endpoint: q[4] (output port clocked by clk)
Path Group: clk
Path Type: min

Fanout         Cap        Slew       Delay        Time   Description
---------------------------------------------------------------------------------------------
                      0.150000    0.000000    0.000000   clock clk (rise edge)
                                  0.000000    0.000000   clock network delay (ideal)
                      0.150000    0.000000    0.000000 ^ _50_/CLK (sky130_fd_sc_hd__dfrtp_2)
     4    0.044811    0.095027    0.343741    0.343741 v _50_/Q (sky130_fd_sc_hd__dfrtp_2)
                                                         q[4] (net)
                      0.095027    0.000000    0.343741 v q[4] (out)
                                              0.343741   data arrival time

                      0.150000    0.000000    0.000000   clock clk (rise edge)
                                  0.000000    0.000000   clock network delay (ideal)
                                  0.250000    0.250000   clock uncertainty
                                  0.000000    0.250000   clock reconvergence pessimism
                                 -4.000000   -3.750000   output external delay
                                             -3.750000   data required time
---------------------------------------------------------------------------------------------
                                             -3.750000   data required time
                                             -0.343741   data arrival time
---------------------------------------------------------------------------------------------
                                              4.093741   slack (MET)


Startpoint: _47_ (rising edge-triggered flip-flop clocked by clk)
Endpoint: q[1] (output port clocked by clk)
Path Group: clk
Path Type: min

Fanout         Cap        Slew       Delay        Time   Description
---------------------------------------------------------------------------------------------
                      0.150000    0.000000    0.000000   clock clk (rise edge)
                                  0.000000    0.000000   clock network delay (ideal)
                      0.150000    0.000000    0.000000 ^ _47_/CLK (sky130_fd_sc_hd__dfrtp_2)
     4    0.047320    0.098685    0.346916    0.346916 v _47_/Q (sky130_fd_sc_hd__dfrtp_2)
                                                         q[1] (net)
                      0.098685    0.000000    0.346916 v q[1] (out)
                                              0.346916   data arrival time

                      0.150000    0.000000    0.000000   clock clk (rise edge)
                                  0.000000    0.000000   clock network delay (ideal)
                                  0.250000    0.250000   clock uncertainty
                                  0.000000    0.250000   clock reconvergence pessimism
                                 -4.000000   -3.750000   output external delay
                                             -3.750000   data required time
---------------------------------------------------------------------------------------------
                                             -3.750000   data required time
                                             -0.346916   data arrival time
---------------------------------------------------------------------------------------------
                                              4.096916   slack (MET)


Startpoint: _49_ (rising edge-triggered flip-flop clocked by clk)
Endpoint: q[3] (output port clocked by clk)
Path Group: clk
Path Type: min

Fanout         Cap        Slew       Delay        Time   Description
---------------------------------------------------------------------------------------------
                      0.150000    0.000000    0.000000   clock clk (rise edge)
                                  0.000000    0.000000   clock network delay (ideal)
                      0.150000    0.000000    0.000000 ^ _49_/CLK (sky130_fd_sc_hd__dfrtp_2)
     5    0.049314    0.101590    0.349407    0.349407 v _49_/Q (sky130_fd_sc_hd__dfrtp_2)
                                                         q[3] (net)
                      0.101590    0.000000    0.349407 v q[3] (out)
                                              0.349407   data arrival time

                      0.150000    0.000000    0.000000   clock clk (rise edge)
                                  0.000000    0.000000   clock network delay (ideal)
                                  0.250000    0.250000   clock uncertainty
                                  0.000000    0.250000   clock reconvergence pessimism
                                 -4.000000   -3.750000   output external delay
                                             -3.750000   data required time
---------------------------------------------------------------------------------------------
                                             -3.750000   data required time
                                             -0.349407   data arrival time
---------------------------------------------------------------------------------------------
                                              4.099407   slack (MET)


Startpoint: _46_ (rising edge-triggered flip-flop clocked by clk)
Endpoint: q[0] (output port clocked by clk)
Path Group: clk
Path Type: min

Fanout         Cap        Slew       Delay        Time   Description
---------------------------------------------------------------------------------------------
                      0.150000    0.000000    0.000000   clock clk (rise edge)
                                  0.000000    0.000000   clock network delay (ideal)
                      0.150000    0.000000    0.000000 ^ _46_/CLK (sky130_fd_sc_hd__dfrtp_2)
     5    0.052066    0.105600    0.352845    0.352845 v _46_/Q (sky130_fd_sc_hd__dfrtp_2)
                                                         q[0] (net)
                      0.105600    0.000000    0.352845 v q[0] (out)
                                              0.352845   data arrival time

                      0.150000    0.000000    0.000000   clock clk (rise edge)
                                  0.000000    0.000000   clock network delay (ideal)
                                  0.250000    0.250000   clock uncertainty
                                  0.000000    0.250000   clock reconvergence pessimism
                                 -4.000000   -3.750000   output external delay
                                             -3.750000   data required time
---------------------------------------------------------------------------------------------
                                             -3.750000   data required time
                                             -0.352845   data arrival time
---------------------------------------------------------------------------------------------
                                              4.102845   slack (MET)



