
===========================================================================
report_checks -unconstrained
===========================================================================
======================= min_tt_025C_1v80 Corner ===================================

Startpoint: rst (input port clocked by clk)
Endpoint: _52_ (recovery check against rising-edge clock clk)
Path Group: asynchronous
Path Type: max

Fanout         Cap        Slew       Delay        Time   Description
---------------------------------------------------------------------------------------------
                                  0.000000    0.000000   clock clk (rise edge)
                                  0.000000    0.000000   clock network delay (propagated)
                                  4.000000    4.000000 v input external delay
     1    0.003160    0.009467    0.005023    4.005023 v rst (in)
                                                         rst (net)
                      0.009467    0.000000    4.005023 v input1/A (sky130_fd_sc_hd__clkbuf_4)
     8    0.042448    0.094306    0.179698    4.184720 v input1/X (sky130_fd_sc_hd__clkbuf_4)
                                                         net1 (net)
                      0.094314    0.000901    4.185621 v _44_/A (sky130_fd_sc_hd__inv_2)
     1    0.007306    0.047815    0.074960    4.260581 ^ _44_/Y (sky130_fd_sc_hd__inv_2)
                                                         _14_ (net)
                      0.047815    0.000171    4.260751 ^ _52_/RESET_B (sky130_fd_sc_hd__dfrtp_1)
                                              4.260751   data arrival time

                                 20.000000   20.000000   clock clk (rise edge)
                                  0.000000   20.000000   clock source latency
     1    0.009758    0.050329    0.033207   20.033207 ^ clk (in)
                                                         clk (net)
                      0.050329    0.000000   20.033207 ^ clkbuf_0_clk/A (sky130_fd_sc_hd__clkbuf_16)
     2    0.019836    0.041704    0.127189   20.160397 ^ clkbuf_0_clk/X (sky130_fd_sc_hd__clkbuf_16)
                                                         clknet_0_clk (net)
                      0.041704    0.000227   20.160624 ^ clkbuf_1_1__f_clk/A (sky130_fd_sc_hd__clkbuf_16)
     4    0.011029    0.034214    0.115643   20.276266 ^ clkbuf_1_1__f_clk/X (sky130_fd_sc_hd__clkbuf_16)
                                                         clknet_1_1__leaf_clk (net)
                      0.034214    0.000139   20.276405 ^ _52_/CLK (sky130_fd_sc_hd__dfrtp_1)
                                 -0.250000   20.026405   clock uncertainty
                                  0.000000   20.026405   clock reconvergence pessimism
                                  0.226296   20.252701   library recovery time
                                             20.252701   data required time
---------------------------------------------------------------------------------------------
                                             20.252701   data required time
                                             -4.260751   data arrival time
---------------------------------------------------------------------------------------------
                                             15.991949   slack (MET)


Startpoint: _47_ (rising edge-triggered flip-flop clocked by clk)
Endpoint: q[1] (output port clocked by clk)
Path Group: clk
Path Type: max

Fanout         Cap        Slew       Delay        Time   Description
---------------------------------------------------------------------------------------------
                                  0.000000    0.000000   clock clk (rise edge)
                                  0.000000    0.000000   clock source latency
     1    0.009758    0.050329    0.033208    0.033208 ^ clk (in)
                                                         clk (net)
                      0.050329    0.000000    0.033208 ^ clkbuf_0_clk/A (sky130_fd_sc_hd__clkbuf_16)
     2    0.019836    0.041704    0.127188    0.160396 ^ clkbuf_0_clk/X (sky130_fd_sc_hd__clkbuf_16)
                                                         clknet_0_clk (net)
                      0.041704    0.000242    0.160638 ^ clkbuf_1_0__f_clk/A (sky130_fd_sc_hd__clkbuf_16)
     4    0.011559    0.034665    0.116153    0.276791 ^ clkbuf_1_0__f_clk/X (sky130_fd_sc_hd__clkbuf_16)
                                                         clknet_1_0__leaf_clk (net)
                      0.034665    0.000107    0.276898 ^ _47_/CLK (sky130_fd_sc_hd__dfrtp_1)
     4    0.011777    0.114764    0.370080    0.646978 ^ _47_/Q (sky130_fd_sc_hd__dfrtp_1)
                                                         net3 (net)
                      0.114764    0.000097    0.647075 ^ output3/A (sky130_fd_sc_hd__buf_2)
     1    0.036845    0.182103    0.232400    0.879475 ^ output3/X (sky130_fd_sc_hd__buf_2)
                                                         q[1] (net)
                      0.182103    0.000589    0.880064 ^ q[1] (out)
                                              0.880064   data arrival time

                                 20.000000   20.000000   clock clk (rise edge)
                                  0.000000   20.000000   clock network delay (propagated)
                                 -0.250000   19.750002   clock uncertainty
                                  0.000000   19.750002   clock reconvergence pessimism
                                 -4.000000   15.750001   output external delay
                                             15.750001   data required time
---------------------------------------------------------------------------------------------
                                             15.750001   data required time
                                             -0.880064   data arrival time
---------------------------------------------------------------------------------------------
                                             14.869937   slack (MET)




===========================================================================
report_checks --slack_max -0.01
============================================================================
======================= min_tt_025C_1v80 Corner ===================================

No paths found.


===========================================================================
 report_check_types -max_slew -max_cap -max_fanout -violators
============================================================================
======================= min_tt_025C_1v80 Corner ===================================



===========================================================================
report_parasitic_annotation -report_unannotated
============================================================================
Found 0 unannotated drivers.
Found 0 partially unannotated drivers.

===========================================================================
max slew violation count 0
max fanout violation count 0
max cap violation count 0
============================================================================

===========================================================================
check_setup -verbose -unconstrained_endpoints -multiple_clock -no_clock -no_input_delay -loops -generated_clocks
===========================================================================
