Clock: clk
Sources: clk 
Generated: no
Virtual: yes
Propagated: no
Period: 20.000000

===========================================================================
report_clock_properties
============================================================================
Clock                   Period          Waveform
----------------------------------------------------
clk                  20.000000    0.000000 10.000000

===========================================================================
report_clock_latency
============================================================================
Clock clk
rise -> rise
    min     max
0.000000 0.000000 source latency
0.276367         network latency _53_/CLK
        0.276986 network latency _49_/CLK
---------------
0.276367 0.276986 latency
        0.000619 skew

fall -> fall
    min     max
0.000000 0.000000 source latency
0.283546         network latency _53_/CLK
        0.284078 network latency _49_/CLK
---------------
0.283546 0.284078 latency
        0.000532 skew



===========================================================================
report_clock_min_period
============================================================================
clk period_min = 2.04 fmax = 489.75
