
===========================================================================
report_checks -path_delay max (Setup)
============================================================================
======================= min_tt_025C_1v80 Corner ===================================

Startpoint: _47_ (rising edge-triggered flip-flop clocked by clk)
Endpoint: q[1] (output port clocked by clk)
Path Group: clk
Path Type: max

Fanout         Cap        Slew       Delay        Time   Description
---------------------------------------------------------------------------------------------
                                  0.000000    0.000000   clock clk (rise edge)
                                  0.000000    0.000000   clock source latency
     1    0.009758    0.050329    0.033208    0.033208 ^ clk (in)
                                                         clk (net)
                      0.050329    0.000000    0.033208 ^ clkbuf_0_clk/A (sky130_fd_sc_hd__clkbuf_16)
     2    0.019836    0.041704    0.127188    0.160396 ^ clkbuf_0_clk/X (sky130_fd_sc_hd__clkbuf_16)
                                                         clknet_0_clk (net)
                      0.041704    0.000242    0.160638 ^ clkbuf_1_0__f_clk/A (sky130_fd_sc_hd__clkbuf_16)
     4    0.011559    0.034665    0.116153    0.276791 ^ clkbuf_1_0__f_clk/X (sky130_fd_sc_hd__clkbuf_16)
                                                         clknet_1_0__leaf_clk (net)
                      0.034665    0.000107    0.276898 ^ _47_/CLK (sky130_fd_sc_hd__dfrtp_1)
     4    0.011777    0.114764    0.370080    0.646978 ^ _47_/Q (sky130_fd_sc_hd__dfrtp_1)
                                                         net3 (net)
                      0.114764    0.000097    0.647075 ^ output3/A (sky130_fd_sc_hd__buf_2)
     1    0.036845    0.182103    0.232400    0.879475 ^ output3/X (sky130_fd_sc_hd__buf_2)
                                                         q[1] (net)
                      0.182103    0.000589    0.880064 ^ q[1] (out)
                                              0.880064   data arrival time

                                 20.000000   20.000000   clock clk (rise edge)
                                  0.000000   20.000000   clock network delay (propagated)
                                 -0.250000   19.750002   clock uncertainty
                                  0.000000   19.750002   clock reconvergence pessimism
                                 -4.000000   15.750001   output external delay
                                             15.750001   data required time
---------------------------------------------------------------------------------------------
                                             15.750001   data required time
                                             -0.880064   data arrival time
---------------------------------------------------------------------------------------------
                                             14.869937   slack (MET)


Startpoint: _46_ (rising edge-triggered flip-flop clocked by clk)
Endpoint: q[0] (output port clocked by clk)
Path Group: clk
Path Type: max

Fanout         Cap        Slew       Delay        Time   Description
---------------------------------------------------------------------------------------------
                                  0.000000    0.000000   clock clk (rise edge)
                                  0.000000    0.000000   clock source latency
     1    0.009758    0.050329    0.033208    0.033208 ^ clk (in)
                                                         clk (net)
                      0.050329    0.000000    0.033208 ^ clkbuf_0_clk/A (sky130_fd_sc_hd__clkbuf_16)
     2    0.019836    0.041704    0.127188    0.160396 ^ clkbuf_0_clk/X (sky130_fd_sc_hd__clkbuf_16)
                                                         clknet_0_clk (net)
                      0.041704    0.000242    0.160638 ^ clkbuf_1_0__f_clk/A (sky130_fd_sc_hd__clkbuf_16)
     4    0.011559    0.034665    0.116153    0.276791 ^ clkbuf_1_0__f_clk/X (sky130_fd_sc_hd__clkbuf_16)
                                                         clknet_1_0__leaf_clk (net)
                      0.034665    0.000170    0.276961 ^ _46_/CLK (sky130_fd_sc_hd__dfrtp_1)
     4    0.011396    0.111646    0.367747    0.644708 ^ _46_/Q (sky130_fd_sc_hd__dfrtp_1)
                                                         net2 (net)
                      0.111646    0.000141    0.644849 ^ output2/A (sky130_fd_sc_hd__buf_2)
     1    0.034602    0.172046    0.223925    0.868774 ^ output2/X (sky130_fd_sc_hd__buf_2)
                                                         q[0] (net)
                      0.172046    0.000417    0.869191 ^ q[0] (out)
                                              0.869191   data arrival time

                                 20.000000   20.000000   clock clk (rise edge)
                                  0.000000   20.000000   clock network delay (propagated)
                                 -0.250000   19.750002   clock uncertainty
                                  0.000000   19.750002   clock reconvergence pessimism
                                 -4.000000   15.750001   output external delay
                                             15.750001   data required time
---------------------------------------------------------------------------------------------
                                             15.750001   data required time
                                             -0.869191   data arrival time
---------------------------------------------------------------------------------------------
                                             14.880810   slack (MET)


Startpoint: _49_ (rising edge-triggered flip-flop clocked by clk)
Endpoint: q[3] (output port clocked by clk)
Path Group: clk
Path Type: max

Fanout         Cap        Slew       Delay        Time   Description
---------------------------------------------------------------------------------------------
                                  0.000000    0.000000   clock clk (rise edge)
                                  0.000000    0.000000   clock source latency
     1    0.009758    0.050329    0.033208    0.033208 ^ clk (in)
                                                         clk (net)
                      0.050329    0.000000    0.033208 ^ clkbuf_0_clk/A (sky130_fd_sc_hd__clkbuf_16)
     2    0.019836    0.041704    0.127188    0.160396 ^ clkbuf_0_clk/X (sky130_fd_sc_hd__clkbuf_16)
                                                         clknet_0_clk (net)
                      0.041704    0.000242    0.160638 ^ clkbuf_1_0__f_clk/A (sky130_fd_sc_hd__clkbuf_16)
     4    0.011559    0.034665    0.116153    0.276791 ^ clkbuf_1_0__f_clk/X (sky130_fd_sc_hd__clkbuf_16)
                                                         clknet_1_0__leaf_clk (net)
                      0.034665    0.000195    0.276986 ^ _49_/CLK (sky130_fd_sc_hd__dfrtp_1)
     5    0.011442    0.112022    0.368026    0.645013 ^ _49_/Q (sky130_fd_sc_hd__dfrtp_1)
                                                         net5 (net)
                      0.112022    0.000138    0.645151 ^ output5/A (sky130_fd_sc_hd__buf_2)
     1    0.034152    0.169915    0.222679    0.867831 ^ output5/X (sky130_fd_sc_hd__buf_2)
                                                         q[3] (net)
                      0.169915    0.000260    0.868090 ^ q[3] (out)
                                              0.868090   data arrival time

                                 20.000000   20.000000   clock clk (rise edge)
                                  0.000000   20.000000   clock network delay (propagated)
                                 -0.250000   19.750002   clock uncertainty
                                  0.000000   19.750002   clock reconvergence pessimism
                                 -4.000000   15.750001   output external delay
                                             15.750001   data required time
---------------------------------------------------------------------------------------------
                                             15.750001   data required time
                                             -0.868090   data arrival time
---------------------------------------------------------------------------------------------
                                             14.881910   slack (MET)


Startpoint: _50_ (rising edge-triggered flip-flop clocked by clk)
Endpoint: q[4] (output port clocked by clk)
Path Group: clk
Path Type: max

Fanout         Cap        Slew       Delay        Time   Description
---------------------------------------------------------------------------------------------
                                  0.000000    0.000000   clock clk (rise edge)
                                  0.000000    0.000000   clock source latency
     1    0.009758    0.050329    0.033208    0.033208 ^ clk (in)
                                                         clk (net)
                      0.050329    0.000000    0.033208 ^ clkbuf_0_clk/A (sky130_fd_sc_hd__clkbuf_16)
     2    0.019836    0.041704    0.127188    0.160396 ^ clkbuf_0_clk/X (sky130_fd_sc_hd__clkbuf_16)
                                                         clknet_0_clk (net)
                      0.041704    0.000228    0.160624 ^ clkbuf_1_1__f_clk/A (sky130_fd_sc_hd__clkbuf_16)
     4    0.011029    0.034214    0.115642    0.276266 ^ clkbuf_1_1__f_clk/X (sky130_fd_sc_hd__clkbuf_16)
                                                         clknet_1_1__leaf_clk (net)
                      0.034214    0.000202    0.276467 ^ _50_/CLK (sky130_fd_sc_hd__dfrtp_1)
     4    0.011095    0.109174    0.365791    0.642259 ^ _50_/Q (sky130_fd_sc_hd__dfrtp_1)
                                                         net6 (net)
                      0.109174    0.000042    0.642300 ^ output6/A (sky130_fd_sc_hd__buf_2)
     1    0.034100    0.169654    0.221471    0.863772 ^ output6/X (sky130_fd_sc_hd__buf_2)
                                                         q[4] (net)
                      0.169654    0.000243    0.864014 ^ q[4] (out)
                                              0.864014   data arrival time

                                 20.000000   20.000000   clock clk (rise edge)
                                  0.000000   20.000000   clock network delay (propagated)
                                 -0.250000   19.750002   clock uncertainty
                                  0.000000   19.750002   clock reconvergence pessimism
                                 -4.000000   15.750001   output external delay
                                             15.750001   data required time
---------------------------------------------------------------------------------------------
                                             15.750001   data required time
                                             -0.864014   data arrival time
---------------------------------------------------------------------------------------------
                                             14.885987   slack (MET)


Startpoint: _48_ (rising edge-triggered flip-flop clocked by clk)
Endpoint: q[2] (output port clocked by clk)
Path Group: clk
Path Type: max

Fanout         Cap        Slew       Delay        Time   Description
---------------------------------------------------------------------------------------------
                                  0.000000    0.000000   clock clk (rise edge)
                                  0.000000    0.000000   clock source latency
     1    0.009758    0.050329    0.033208    0.033208 ^ clk (in)
                                                         clk (net)
                      0.050329    0.000000    0.033208 ^ clkbuf_0_clk/A (sky130_fd_sc_hd__clkbuf_16)
     2    0.019836    0.041704    0.127188    0.160396 ^ clkbuf_0_clk/X (sky130_fd_sc_hd__clkbuf_16)
                                                         clknet_0_clk (net)
                      0.041704    0.000242    0.160638 ^ clkbuf_1_0__f_clk/A (sky130_fd_sc_hd__clkbuf_16)
     4    0.011559    0.034665    0.116153    0.276791 ^ clkbuf_1_0__f_clk/X (sky130_fd_sc_hd__clkbuf_16)
                                                         clknet_1_0__leaf_clk (net)
                      0.034665    0.000090    0.276881 ^ _48_/CLK (sky130_fd_sc_hd__dfrtp_1)
     3    0.009167    0.093695    0.354104    0.630985 ^ _48_/Q (sky130_fd_sc_hd__dfrtp_1)
                                                         net4 (net)
                      0.093695    0.000139    0.631124 ^ output4/A (sky130_fd_sc_hd__buf_2)
     1    0.037216    0.183706    0.226046    0.857169 ^ output4/X (sky130_fd_sc_hd__buf_2)
                                                         q[2] (net)
                      0.183706    0.000325    0.857494 ^ q[2] (out)
                                              0.857494   data arrival time

                                 20.000000   20.000000   clock clk (rise edge)
                                  0.000000   20.000000   clock network delay (propagated)
                                 -0.250000   19.750002   clock uncertainty
                                  0.000000   19.750002   clock reconvergence pessimism
                                 -4.000000   15.750001   output external delay
                                             15.750001   data required time
---------------------------------------------------------------------------------------------
                                             15.750001   data required time
                                             -0.857494   data arrival time
---------------------------------------------------------------------------------------------
                                             14.892507   slack (MET)


Startpoint: _51_ (rising edge-triggered flip-flop clocked by clk)
Endpoint: q[5] (output port clocked by clk)
Path Group: clk
Path Type: max

Fanout         Cap        Slew       Delay        Time   Description
---------------------------------------------------------------------------------------------
                                  0.000000    0.000000   clock clk (rise edge)
                                  0.000000    0.000000   clock source latency
     1    0.009758    0.050329    0.033208    0.033208 ^ clk (in)
                                                         clk (net)
                      0.050329    0.000000    0.033208 ^ clkbuf_0_clk/A (sky130_fd_sc_hd__clkbuf_16)
     2    0.019836    0.041704    0.127188    0.160396 ^ clkbuf_0_clk/X (sky130_fd_sc_hd__clkbuf_16)
                                                         clknet_0_clk (net)
                      0.041704    0.000228    0.160624 ^ clkbuf_1_1__f_clk/A (sky130_fd_sc_hd__clkbuf_16)
     4    0.011029    0.034214    0.115642    0.276266 ^ clkbuf_1_1__f_clk/X (sky130_fd_sc_hd__clkbuf_16)
                                                         clknet_1_1__leaf_clk (net)
                      0.034214    0.000189    0.276455 ^ _51_/CLK (sky130_fd_sc_hd__dfrtp_1)
     3    0.008211    0.064773    0.379011    0.655465 v _51_/Q (sky130_fd_sc_hd__dfrtp_1)
                                                         net7 (net)
                      0.064773    0.000037    0.655502 v output7/A (sky130_fd_sc_hd__buf_2)
     1    0.033907    0.088468    0.188620    0.844122 v output7/X (sky130_fd_sc_hd__buf_2)
                                                         q[5] (net)
                      0.088468    0.000165    0.844287 v q[5] (out)
                                              0.844287   data arrival time

                                 20.000000   20.000000   clock clk (rise edge)
                                  0.000000   20.000000   clock network delay (propagated)
                                 -0.250000   19.750002   clock uncertainty
                                  0.000000   19.750002   clock reconvergence pessimism
                                 -4.000000   15.750001   output external delay
                                             15.750001   data required time
---------------------------------------------------------------------------------------------
                                             15.750001   data required time
                                             -0.844287   data arrival time
---------------------------------------------------------------------------------------------
                                             14.905714   slack (MET)


Startpoint: _52_ (rising edge-triggered flip-flop clocked by clk)
Endpoint: q[6] (output port clocked by clk)
Path Group: clk
Path Type: max

Fanout         Cap        Slew       Delay        Time   Description
---------------------------------------------------------------------------------------------
                                  0.000000    0.000000   clock clk (rise edge)
                                  0.000000    0.000000   clock source latency
     1    0.009758    0.050329    0.033208    0.033208 ^ clk (in)
                                                         clk (net)
                      0.050329    0.000000    0.033208 ^ clkbuf_0_clk/A (sky130_fd_sc_hd__clkbuf_16)
     2    0.019836    0.041704    0.127188    0.160396 ^ clkbuf_0_clk/X (sky130_fd_sc_hd__clkbuf_16)
                                                         clknet_0_clk (net)
                      0.041704    0.000228    0.160624 ^ clkbuf_1_1__f_clk/A (sky130_fd_sc_hd__clkbuf_16)
     4    0.011029    0.034214    0.115642    0.276266 ^ clkbuf_1_1__f_clk/X (sky130_fd_sc_hd__clkbuf_16)
                                                         clknet_1_1__leaf_clk (net)
                      0.034214    0.000139    0.276405 ^ _52_/CLK (sky130_fd_sc_hd__dfrtp_1)
     3    0.007592    0.061637    0.375674    0.652079 v _52_/Q (sky130_fd_sc_hd__dfrtp_1)
                                                         net8 (net)
                      0.061637    0.000050    0.652129 v output8/A (sky130_fd_sc_hd__buf_2)
     1    0.035026    0.090976    0.189092    0.841221 v output8/X (sky130_fd_sc_hd__buf_2)
                                                         q[6] (net)
                      0.090977    0.000403    0.841624 v q[6] (out)
                                              0.841624   data arrival time

                                 20.000000   20.000000   clock clk (rise edge)
                                  0.000000   20.000000   clock network delay (propagated)
                                 -0.250000   19.750002   clock uncertainty
                                  0.000000   19.750002   clock reconvergence pessimism
                                 -4.000000   15.750001   output external delay
                                             15.750001   data required time
---------------------------------------------------------------------------------------------
                                             15.750001   data required time
                                             -0.841624   data arrival time
---------------------------------------------------------------------------------------------
                                             14.908378   slack (MET)


Startpoint: _53_ (rising edge-triggered flip-flop clocked by clk)
Endpoint: q[7] (output port clocked by clk)
Path Group: clk
Path Type: max

Fanout         Cap        Slew       Delay        Time   Description
---------------------------------------------------------------------------------------------
                                  0.000000    0.000000   clock clk (rise edge)
                                  0.000000    0.000000   clock source latency
     1    0.009758    0.050329    0.033208    0.033208 ^ clk (in)
                                                         clk (net)
                      0.050329    0.000000    0.033208 ^ clkbuf_0_clk/A (sky130_fd_sc_hd__clkbuf_16)
     2    0.019836    0.041704    0.127188    0.160396 ^ clkbuf_0_clk/X (sky130_fd_sc_hd__clkbuf_16)
                                                         clknet_0_clk (net)
                      0.041704    0.000228    0.160624 ^ clkbuf_1_1__f_clk/A (sky130_fd_sc_hd__clkbuf_16)
     4    0.011029    0.034214    0.115642    0.276266 ^ clkbuf_1_1__f_clk/X (sky130_fd_sc_hd__clkbuf_16)
                                                         clknet_1_1__leaf_clk (net)
                      0.034214    0.000102    0.276367 ^ _53_/CLK (sky130_fd_sc_hd__dfrtp_1)
     2    0.003825    0.044235    0.355349    0.631716 v _53_/Q (sky130_fd_sc_hd__dfrtp_1)
                                                         net9 (net)
                      0.044235    0.000035    0.631751 v output9/A (sky130_fd_sc_hd__buf_2)
     1    0.034615    0.090072    0.180756    0.812507 v output9/X (sky130_fd_sc_hd__buf_2)
                                                         q[7] (net)
                      0.090072    0.000239    0.812746 v q[7] (out)
                                              0.812746   data arrival time

                                 20.000000   20.000000   clock clk (rise edge)
                                  0.000000   20.000000   clock network delay (propagated)
                                 -0.250000   19.750002   clock uncertainty
                                  0.000000   19.750002   clock reconvergence pessimism
                                 -4.000000   15.750001   output external delay
                                             15.750001   data required time
---------------------------------------------------------------------------------------------
                                             15.750001   data required time
                                             -0.812746   data arrival time
---------------------------------------------------------------------------------------------
                                             14.937256   slack (MET)


Startpoint: rst (input port clocked by clk)
Endpoint: _52_ (recovery check against rising-edge clock clk)
Path Group: asynchronous
Path Type: max

Fanout         Cap        Slew       Delay        Time   Description
---------------------------------------------------------------------------------------------
                                  0.000000    0.000000   clock clk (rise edge)
                                  0.000000    0.000000   clock network delay (propagated)
                                  4.000000    4.000000 v input external delay
     1    0.003160    0.009467    0.005023    4.005023 v rst (in)
                                                         rst (net)
                      0.009467    0.000000    4.005023 v input1/A (sky130_fd_sc_hd__clkbuf_4)
     8    0.042448    0.094306    0.179698    4.184720 v input1/X (sky130_fd_sc_hd__clkbuf_4)
                                                         net1 (net)
                      0.094314    0.000901    4.185621 v _44_/A (sky130_fd_sc_hd__inv_2)
     1    0.007306    0.047815    0.074960    4.260581 ^ _44_/Y (sky130_fd_sc_hd__inv_2)
                                                         _14_ (net)
                      0.047815    0.000171    4.260751 ^ _52_/RESET_B (sky130_fd_sc_hd__dfrtp_1)
                                              4.260751   data arrival time

                                 20.000000   20.000000   clock clk (rise edge)
                                  0.000000   20.000000   clock source latency
     1    0.009758    0.050329    0.033207   20.033207 ^ clk (in)
                                                         clk (net)
                      0.050329    0.000000   20.033207 ^ clkbuf_0_clk/A (sky130_fd_sc_hd__clkbuf_16)
     2    0.019836    0.041704    0.127189   20.160397 ^ clkbuf_0_clk/X (sky130_fd_sc_hd__clkbuf_16)
                                                         clknet_0_clk (net)
                      0.041704    0.000227   20.160624 ^ clkbuf_1_1__f_clk/A (sky130_fd_sc_hd__clkbuf_16)
     4    0.011029    0.034214    0.115643   20.276266 ^ clkbuf_1_1__f_clk/X (sky130_fd_sc_hd__clkbuf_16)
                                                         clknet_1_1__leaf_clk (net)
                      0.034214    0.000139   20.276405 ^ _52_/CLK (sky130_fd_sc_hd__dfrtp_1)
                                 -0.250000   20.026405   clock uncertainty
                                  0.000000   20.026405   clock reconvergence pessimism
                                  0.226296   20.252701   library recovery time
                                             20.252701   data required time
---------------------------------------------------------------------------------------------
                                             20.252701   data required time
                                             -4.260751   data arrival time
---------------------------------------------------------------------------------------------
                                             15.991949   slack (MET)


Startpoint: rst (input port clocked by clk)
Endpoint: _53_ (recovery check against rising-edge clock clk)
Path Group: asynchronous
Path Type: max

Fanout         Cap        Slew       Delay        Time   Description
---------------------------------------------------------------------------------------------
                                  0.000000    0.000000   clock clk (rise edge)
                                  0.000000    0.000000   clock network delay (propagated)
                                  4.000000    4.000000 v input external delay
     1    0.003160    0.009467    0.005023    4.005023 v rst (in)
                                                         rst (net)
                      0.009467    0.000000    4.005023 v input1/A (sky130_fd_sc_hd__clkbuf_4)
     8    0.042448    0.094306    0.179698    4.184720 v input1/X (sky130_fd_sc_hd__clkbuf_4)
                                                         net1 (net)
                      0.094311    0.000771    4.185491 v _45_/A (sky130_fd_sc_hd__inv_2)
     1    0.005757    0.042485    0.069510    4.255002 ^ _45_/Y (sky130_fd_sc_hd__inv_2)
                                                         _15_ (net)
                      0.042485    0.000102    4.255104 ^ _53_/RESET_B (sky130_fd_sc_hd__dfrtp_1)
                                              4.255104   data arrival time

                                 20.000000   20.000000   clock clk (rise edge)
                                  0.000000   20.000000   clock source latency
     1    0.009758    0.050329    0.033207   20.033207 ^ clk (in)
                                                         clk (net)
                      0.050329    0.000000   20.033207 ^ clkbuf_0_clk/A (sky130_fd_sc_hd__clkbuf_16)
     2    0.019836    0.041704    0.127189   20.160397 ^ clkbuf_0_clk/X (sky130_fd_sc_hd__clkbuf_16)
                                                         clknet_0_clk (net)
                      0.041704    0.000227   20.160624 ^ clkbuf_1_1__f_clk/A (sky130_fd_sc_hd__clkbuf_16)
     4    0.011029    0.034214    0.115643   20.276266 ^ clkbuf_1_1__f_clk/X (sky130_fd_sc_hd__clkbuf_16)
                                                         clknet_1_1__leaf_clk (net)
                      0.034214    0.000101   20.276367 ^ _53_/CLK (sky130_fd_sc_hd__dfrtp_1)
                                 -0.250000   20.026369   clock uncertainty
                                  0.000000   20.026369   clock reconvergence pessimism
                                  0.227678   20.254045   library recovery time
                                             20.254045   data required time
---------------------------------------------------------------------------------------------
                                             20.254045   data required time
                                             -4.255104   data arrival time
---------------------------------------------------------------------------------------------
                                             15.998943   slack (MET)


Startpoint: rst (input port clocked by clk)
Endpoint: _47_ (recovery check against rising-edge clock clk)
Path Group: asynchronous
Path Type: max

Fanout         Cap        Slew       Delay        Time   Description
---------------------------------------------------------------------------------------------
                                  0.000000    0.000000   clock clk (rise edge)
                                  0.000000    0.000000   clock network delay (propagated)
                                  4.000000    4.000000 v input external delay
     1    0.003160    0.009467    0.005023    4.005023 v rst (in)
                                                         rst (net)
                      0.009467    0.000000    4.005023 v input1/A (sky130_fd_sc_hd__clkbuf_4)
     8    0.042448    0.094306    0.179698    4.184720 v input1/X (sky130_fd_sc_hd__clkbuf_4)
                                                         net1 (net)
                      0.094310    0.000729    4.185449 v _39_/A (sky130_fd_sc_hd__inv_2)
     1    0.005912    0.043002    0.070059    4.255507 ^ _39_/Y (sky130_fd_sc_hd__inv_2)
                                                         _09_ (net)
                      0.043002    0.000096    4.255604 ^ _47_/RESET_B (sky130_fd_sc_hd__dfrtp_1)
                                              4.255604   data arrival time

                                 20.000000   20.000000   clock clk (rise edge)
                                  0.000000   20.000000   clock source latency
     1    0.009758    0.050329    0.033207   20.033207 ^ clk (in)
                                                         clk (net)
                      0.050329    0.000000   20.033207 ^ clkbuf_0_clk/A (sky130_fd_sc_hd__clkbuf_16)
     2    0.019836    0.041704    0.127189   20.160397 ^ clkbuf_0_clk/X (sky130_fd_sc_hd__clkbuf_16)
                                                         clknet_0_clk (net)
                      0.041704    0.000242   20.160639 ^ clkbuf_1_0__f_clk/A (sky130_fd_sc_hd__clkbuf_16)
     4    0.011559    0.034665    0.116152   20.276791 ^ clkbuf_1_0__f_clk/X (sky130_fd_sc_hd__clkbuf_16)
                                                         clknet_1_0__leaf_clk (net)
                      0.034665    0.000108   20.276899 ^ _47_/CLK (sky130_fd_sc_hd__dfrtp_1)
                                 -0.250000   20.026899   clock uncertainty
                                  0.000000   20.026899   clock reconvergence pessimism
                                  0.227682   20.254583   library recovery time
                                             20.254583   data required time
---------------------------------------------------------------------------------------------
                                             20.254583   data required time
                                             -4.255604   data arrival time
---------------------------------------------------------------------------------------------
                                             15.998979   slack (MET)


Startpoint: rst (input port clocked by clk)
Endpoint: _50_ (recovery check against rising-edge clock clk)
Path Group: asynchronous
Path Type: max

Fanout         Cap        Slew       Delay        Time   Description
---------------------------------------------------------------------------------------------
                                  0.000000    0.000000   clock clk (rise edge)
                                  0.000000    0.000000   clock network delay (propagated)
                                  4.000000    4.000000 v input external delay
     1    0.003160    0.009467    0.005023    4.005023 v rst (in)
                                                         rst (net)
                      0.009467    0.000000    4.005023 v input1/A (sky130_fd_sc_hd__clkbuf_4)
     8    0.042448    0.094306    0.179698    4.184720 v input1/X (sky130_fd_sc_hd__clkbuf_4)
                                                         net1 (net)
                      0.094314    0.000889    4.185609 v _42_/A (sky130_fd_sc_hd__inv_2)
     1    0.005474    0.041560    0.068515    4.254124 ^ _42_/Y (sky130_fd_sc_hd__inv_2)
                                                         _12_ (net)
                      0.041560    0.000083    4.254207 ^ _50_/RESET_B (sky130_fd_sc_hd__dfrtp_1)
                                              4.254207   data arrival time

                                 20.000000   20.000000   clock clk (rise edge)
                                  0.000000   20.000000   clock source latency
     1    0.009758    0.050329    0.033207   20.033207 ^ clk (in)
                                                         clk (net)
                      0.050329    0.000000   20.033207 ^ clkbuf_0_clk/A (sky130_fd_sc_hd__clkbuf_16)
     2    0.019836    0.041704    0.127189   20.160397 ^ clkbuf_0_clk/X (sky130_fd_sc_hd__clkbuf_16)
                                                         clknet_0_clk (net)
                      0.041704    0.000227   20.160624 ^ clkbuf_1_1__f_clk/A (sky130_fd_sc_hd__clkbuf_16)
     4    0.011029    0.034214    0.115643   20.276266 ^ clkbuf_1_1__f_clk/X (sky130_fd_sc_hd__clkbuf_16)
                                                         clknet_1_1__leaf_clk (net)
                      0.034214    0.000201   20.276466 ^ _50_/CLK (sky130_fd_sc_hd__dfrtp_1)
                                 -0.250000   20.026468   clock uncertainty
                                  0.000000   20.026468   clock reconvergence pessimism
                                  0.227918   20.254385   library recovery time
                                             20.254385   data required time
---------------------------------------------------------------------------------------------
                                             20.254385   data required time
                                             -4.254207   data arrival time
---------------------------------------------------------------------------------------------
                                             16.000179   slack (MET)


Startpoint: rst (input port clocked by clk)
Endpoint: _46_ (recovery check against rising-edge clock clk)
Path Group: asynchronous
Path Type: max

Fanout         Cap        Slew       Delay        Time   Description
---------------------------------------------------------------------------------------------
                                  0.000000    0.000000   clock clk (rise edge)
                                  0.000000    0.000000   clock network delay (propagated)
                                  4.000000    4.000000 v input external delay
     1    0.003160    0.009467    0.005023    4.005023 v rst (in)
                                                         rst (net)
                      0.009467    0.000000    4.005023 v input1/A (sky130_fd_sc_hd__clkbuf_4)
     8    0.042448    0.094306    0.179698    4.184720 v input1/X (sky130_fd_sc_hd__clkbuf_4)
                                                         net1 (net)
                      0.094312    0.000788    4.185509 v _24_/A (sky130_fd_sc_hd__inv_2)
     1    0.004875    0.039622    0.066406    4.251914 ^ _24_/Y (sky130_fd_sc_hd__inv_2)
                                                         _08_ (net)
                      0.039622    0.000055    4.251969 ^ _46_/RESET_B (sky130_fd_sc_hd__dfrtp_1)
                                              4.251969   data arrival time

                                 20.000000   20.000000   clock clk (rise edge)
                                  0.000000   20.000000   clock source latency
     1    0.009758    0.050329    0.033207   20.033207 ^ clk (in)
                                                         clk (net)
                      0.050329    0.000000   20.033207 ^ clkbuf_0_clk/A (sky130_fd_sc_hd__clkbuf_16)
     2    0.019836    0.041704    0.127189   20.160397 ^ clkbuf_0_clk/X (sky130_fd_sc_hd__clkbuf_16)
                                                         clknet_0_clk (net)
                      0.041704    0.000242   20.160639 ^ clkbuf_1_0__f_clk/A (sky130_fd_sc_hd__clkbuf_16)
     4    0.011559    0.034665    0.116152   20.276791 ^ clkbuf_1_0__f_clk/X (sky130_fd_sc_hd__clkbuf_16)
                                                         clknet_1_0__leaf_clk (net)
                      0.034665    0.000171   20.276960 ^ _46_/CLK (sky130_fd_sc_hd__dfrtp_1)
                                 -0.250000   20.026962   clock uncertainty
                                  0.000000   20.026962   clock reconvergence pessimism
                                  0.228558   20.255520   library recovery time
                                             20.255520   data required time
---------------------------------------------------------------------------------------------
                                             20.255520   data required time
                                             -4.251969   data arrival time
---------------------------------------------------------------------------------------------
                                             16.003551   slack (MET)


Startpoint: rst (input port clocked by clk)
Endpoint: _51_ (recovery check against rising-edge clock clk)
Path Group: asynchronous
Path Type: max

Fanout         Cap        Slew       Delay        Time   Description
---------------------------------------------------------------------------------------------
                                  0.000000    0.000000   clock clk (rise edge)
                                  0.000000    0.000000   clock network delay (propagated)
                                  4.000000    4.000000 v input external delay
     1    0.003160    0.009467    0.005023    4.005023 v rst (in)
                                                         rst (net)
                      0.009467    0.000000    4.005023 v input1/A (sky130_fd_sc_hd__clkbuf_4)
     8    0.042448    0.094306    0.179698    4.184720 v input1/X (sky130_fd_sc_hd__clkbuf_4)
                                                         net1 (net)
                      0.094307    0.000419    4.185139 v _43_/A (sky130_fd_sc_hd__inv_2)
     1    0.004773    0.039289    0.066043    4.251182 ^ _43_/Y (sky130_fd_sc_hd__inv_2)
                                                         _13_ (net)
                      0.039289    0.000053    4.251235 ^ _51_/RESET_B (sky130_fd_sc_hd__dfrtp_1)
                                              4.251235   data arrival time

                                 20.000000   20.000000   clock clk (rise edge)
                                  0.000000   20.000000   clock source latency
     1    0.009758    0.050329    0.033207   20.033207 ^ clk (in)
                                                         clk (net)
                      0.050329    0.000000   20.033207 ^ clkbuf_0_clk/A (sky130_fd_sc_hd__clkbuf_16)
     2    0.019836    0.041704    0.127189   20.160397 ^ clkbuf_0_clk/X (sky130_fd_sc_hd__clkbuf_16)
                                                         clknet_0_clk (net)
                      0.041704    0.000227   20.160624 ^ clkbuf_1_1__f_clk/A (sky130_fd_sc_hd__clkbuf_16)
     4    0.011029    0.034214    0.115643   20.276266 ^ clkbuf_1_1__f_clk/X (sky130_fd_sc_hd__clkbuf_16)
                                                         clknet_1_1__leaf_clk (net)
                      0.034214    0.000188   20.276455 ^ _51_/CLK (sky130_fd_sc_hd__dfrtp_1)
                                 -0.250000   20.026455   clock uncertainty
                                  0.000000   20.026455   clock reconvergence pessimism
                                  0.228507   20.254963   library recovery time
                                             20.254963   data required time
---------------------------------------------------------------------------------------------
                                             20.254963   data required time
                                             -4.251235   data arrival time
---------------------------------------------------------------------------------------------
                                             16.003729   slack (MET)


Startpoint: rst (input port clocked by clk)
Endpoint: _48_ (recovery check against rising-edge clock clk)
Path Group: asynchronous
Path Type: max

Fanout         Cap        Slew       Delay        Time   Description
---------------------------------------------------------------------------------------------
                                  0.000000    0.000000   clock clk (rise edge)
                                  0.000000    0.000000   clock network delay (propagated)
                                  4.000000    4.000000 v input external delay
     1    0.003160    0.009467    0.005023    4.005023 v rst (in)
                                                         rst (net)
                      0.009467    0.000000    4.005023 v input1/A (sky130_fd_sc_hd__clkbuf_4)
     8    0.042448    0.094306    0.179698    4.184720 v input1/X (sky130_fd_sc_hd__clkbuf_4)
                                                         net1 (net)
                      0.094309    0.000669    4.185389 v _40_/A (sky130_fd_sc_hd__inv_2)
     1    0.004784    0.039327    0.066092    4.251481 ^ _40_/Y (sky130_fd_sc_hd__inv_2)
                                                         _10_ (net)
                      0.039327    0.000031    4.251511 ^ _48_/RESET_B (sky130_fd_sc_hd__dfrtp_1)
                                              4.251511   data arrival time

                                 20.000000   20.000000   clock clk (rise edge)
                                  0.000000   20.000000   clock source latency
     1    0.009758    0.050329    0.033207   20.033207 ^ clk (in)
                                                         clk (net)
                      0.050329    0.000000   20.033207 ^ clkbuf_0_clk/A (sky130_fd_sc_hd__clkbuf_16)
     2    0.019836    0.041704    0.127189   20.160397 ^ clkbuf_0_clk/X (sky130_fd_sc_hd__clkbuf_16)
                                                         clknet_0_clk (net)
                      0.041704    0.000242   20.160639 ^ clkbuf_1_0__f_clk/A (sky130_fd_sc_hd__clkbuf_16)
     4    0.011559    0.034665    0.116152   20.276791 ^ clkbuf_1_0__f_clk/X (sky130_fd_sc_hd__clkbuf_16)
                                                         clknet_1_0__leaf_clk (net)
                      0.034665    0.000091   20.276880 ^ _48_/CLK (sky130_fd_sc_hd__dfrtp_1)
                                 -0.250000   20.026882   clock uncertainty
                                  0.000000   20.026882   clock reconvergence pessimism
                                  0.228635   20.255516   library recovery time
                                             20.255516   data required time
---------------------------------------------------------------------------------------------
                                             20.255516   data required time
                                             -4.251511   data arrival time
---------------------------------------------------------------------------------------------
                                             16.004005   slack (MET)


Startpoint: rst (input port clocked by clk)
Endpoint: _49_ (recovery check against rising-edge clock clk)
Path Group: asynchronous
Path Type: max

Fanout         Cap        Slew       Delay        Time   Description
---------------------------------------------------------------------------------------------
                                  0.000000    0.000000   clock clk (rise edge)
                                  0.000000    0.000000   clock network delay (propagated)
                                  4.000000    4.000000 v input external delay
     1    0.003160    0.009467    0.005023    4.005023 v rst (in)
                                                         rst (net)
                      0.009467    0.000000    4.005023 v input1/A (sky130_fd_sc_hd__clkbuf_4)
     8    0.042448    0.094306    0.179698    4.184720 v input1/X (sky130_fd_sc_hd__clkbuf_4)
                                                         net1 (net)
                      0.094312    0.000809    4.185529 v _41_/A (sky130_fd_sc_hd__inv_2)
     1    0.003883    0.036053    0.062184    4.247714 ^ _41_/Y (sky130_fd_sc_hd__inv_2)
                                                         _11_ (net)
                      0.036053    0.000027    4.247741 ^ _49_/RESET_B (sky130_fd_sc_hd__dfrtp_1)
                                              4.247741   data arrival time

                                 20.000000   20.000000   clock clk (rise edge)
                                  0.000000   20.000000   clock source latency
     1    0.009758    0.050329    0.033207   20.033207 ^ clk (in)
                                                         clk (net)
                      0.050329    0.000000   20.033207 ^ clkbuf_0_clk/A (sky130_fd_sc_hd__clkbuf_16)
     2    0.019836    0.041704    0.127189   20.160397 ^ clkbuf_0_clk/X (sky130_fd_sc_hd__clkbuf_16)
                                                         clknet_0_clk (net)
                      0.041704    0.000242   20.160639 ^ clkbuf_1_0__f_clk/A (sky130_fd_sc_hd__clkbuf_16)
     4    0.011559    0.034665    0.116152   20.276791 ^ clkbuf_1_0__f_clk/X (sky130_fd_sc_hd__clkbuf_16)
                                                         clknet_1_0__leaf_clk (net)
                      0.034665    0.000195   20.276985 ^ _49_/CLK (sky130_fd_sc_hd__dfrtp_1)
                                 -0.250000   20.026987   clock uncertainty
                                  0.000000   20.026987   clock reconvergence pessimism
                                  0.229484   20.256472   library recovery time
                                             20.256472   data required time
---------------------------------------------------------------------------------------------
                                             20.256472   data required time
                                             -4.247741   data arrival time
---------------------------------------------------------------------------------------------
                                             16.008730   slack (MET)


Startpoint: _48_ (rising edge-triggered flip-flop clocked by clk)
Endpoint: _48_ (rising edge-triggered flip-flop clocked by clk)
Path Group: clk
Path Type: max

Fanout         Cap        Slew       Delay        Time   Description
---------------------------------------------------------------------------------------------
                                  0.000000    0.000000   clock clk (rise edge)
                                  0.000000    0.000000   clock source latency
     1    0.009758    0.050329    0.033208    0.033208 ^ clk (in)
                                                         clk (net)
                      0.050329    0.000000    0.033208 ^ clkbuf_0_clk/A (sky130_fd_sc_hd__clkbuf_16)
     2    0.019836    0.041704    0.127188    0.160396 ^ clkbuf_0_clk/X (sky130_fd_sc_hd__clkbuf_16)
                                                         clknet_0_clk (net)
                      0.041704    0.000242    0.160638 ^ clkbuf_1_0__f_clk/A (sky130_fd_sc_hd__clkbuf_16)
     4    0.011559    0.034665    0.116153    0.276791 ^ clkbuf_1_0__f_clk/X (sky130_fd_sc_hd__clkbuf_16)
                                                         clknet_1_0__leaf_clk (net)
                      0.034665    0.000090    0.276881 ^ _48_/CLK (sky130_fd_sc_hd__dfrtp_1)
     3    0.008704    0.066219    0.381789    0.658671 v _48_/Q (sky130_fd_sc_hd__dfrtp_1)
                                                         net4 (net)
                      0.066219    0.000104    0.658775 v hold6/A (sky130_fd_sc_hd__dlygate4sd3_1)
     1    0.003769    0.058134    0.565111    1.223886 v hold6/X (sky130_fd_sc_hd__dlygate4sd3_1)
                                                         net15 (net)
                      0.058134    0.000056    1.223941 v _27_/B1 (sky130_fd_sc_hd__a21oi_1)
     1    0.003464    0.116154    0.123400    1.347341 ^ _27_/Y (sky130_fd_sc_hd__a21oi_1)
                                                         _17_ (net)
                      0.116154    0.000048    1.347390 ^ hold7/A (sky130_fd_sc_hd__dlygate4sd3_1)
     1    0.003891    0.062747    0.565015    1.912405 ^ hold7/X (sky130_fd_sc_hd__dlygate4sd3_1)
                                                         net16 (net)
                      0.062747    0.000054    1.912459 ^ _28_/B (sky130_fd_sc_hd__nor2_1)
     1    0.002825    0.041667    0.041073    1.953532 v _28_/Y (sky130_fd_sc_hd__nor2_1)
                                                         _02_ (net)
                      0.041667    0.000020    1.953552 v _48_/D (sky130_fd_sc_hd__dfrtp_1)
                                              1.953552   data arrival time

                                 20.000000   20.000000   clock clk (rise edge)
                                  0.000000   20.000000   clock source latency
     1    0.009758    0.050329    0.033207   20.033207 ^ clk (in)
                                                         clk (net)
                      0.050329    0.000000   20.033207 ^ clkbuf_0_clk/A (sky130_fd_sc_hd__clkbuf_16)
     2    0.019836    0.041704    0.127189   20.160397 ^ clkbuf_0_clk/X (sky130_fd_sc_hd__clkbuf_16)
                                                         clknet_0_clk (net)
                      0.041704    0.000242   20.160639 ^ clkbuf_1_0__f_clk/A (sky130_fd_sc_hd__clkbuf_16)
     4    0.011559    0.034665    0.116152   20.276791 ^ clkbuf_1_0__f_clk/X (sky130_fd_sc_hd__clkbuf_16)
                                                         clknet_1_0__leaf_clk (net)
                      0.034665    0.000091   20.276880 ^ _48_/CLK (sky130_fd_sc_hd__dfrtp_1)
                                 -0.250000   20.026882   clock uncertainty
                                  0.000000   20.026882   clock reconvergence pessimism
                                 -0.115183   19.911699   library setup time
                                             19.911699   data required time
---------------------------------------------------------------------------------------------
                                             19.911699   data required time
                                             -1.953552   data arrival time
---------------------------------------------------------------------------------------------
                                             17.958147   slack (MET)


Startpoint: _51_ (rising edge-triggered flip-flop clocked by clk)
Endpoint: _51_ (rising edge-triggered flip-flop clocked by clk)
Path Group: clk
Path Type: max

Fanout         Cap        Slew       Delay        Time   Description
---------------------------------------------------------------------------------------------
                                  0.000000    0.000000   clock clk (rise edge)
                                  0.000000    0.000000   clock source latency
     1    0.009758    0.050329    0.033208    0.033208 ^ clk (in)
                                                         clk (net)
                      0.050329    0.000000    0.033208 ^ clkbuf_0_clk/A (sky130_fd_sc_hd__clkbuf_16)
     2    0.019836    0.041704    0.127188    0.160396 ^ clkbuf_0_clk/X (sky130_fd_sc_hd__clkbuf_16)
                                                         clknet_0_clk (net)
                      0.041704    0.000228    0.160624 ^ clkbuf_1_1__f_clk/A (sky130_fd_sc_hd__clkbuf_16)
     4    0.011029    0.034214    0.115642    0.276266 ^ clkbuf_1_1__f_clk/X (sky130_fd_sc_hd__clkbuf_16)
                                                         clknet_1_1__leaf_clk (net)
                      0.034214    0.000189    0.276455 ^ _51_/CLK (sky130_fd_sc_hd__dfrtp_1)
     3    0.008211    0.064773    0.379011    0.655465 v _51_/Q (sky130_fd_sc_hd__dfrtp_1)
                                                         net7 (net)
                      0.064773    0.000046    0.655512 v hold8/A (sky130_fd_sc_hd__dlygate4sd3_1)
     1    0.003042    0.054512    0.558845    1.214356 v hold8/X (sky130_fd_sc_hd__dlygate4sd3_1)
                                                         net17 (net)
                      0.054512    0.000040    1.214396 v _34_/B2 (sky130_fd_sc_hd__o2bb2a_1)
     1    0.002387    0.050611    0.271308    1.485704 v _34_/X (sky130_fd_sc_hd__o2bb2a_1)
                                                         _05_ (net)
                      0.050611    0.000021    1.485725 v _51_/D (sky130_fd_sc_hd__dfrtp_1)
                                              1.485725   data arrival time

                                 20.000000   20.000000   clock clk (rise edge)
                                  0.000000   20.000000   clock source latency
     1    0.009758    0.050329    0.033207   20.033207 ^ clk (in)
                                                         clk (net)
                      0.050329    0.000000   20.033207 ^ clkbuf_0_clk/A (sky130_fd_sc_hd__clkbuf_16)
     2    0.019836    0.041704    0.127189   20.160397 ^ clkbuf_0_clk/X (sky130_fd_sc_hd__clkbuf_16)
                                                         clknet_0_clk (net)
                      0.041704    0.000227   20.160624 ^ clkbuf_1_1__f_clk/A (sky130_fd_sc_hd__clkbuf_16)
     4    0.011029    0.034214    0.115643   20.276266 ^ clkbuf_1_1__f_clk/X (sky130_fd_sc_hd__clkbuf_16)
                                                         clknet_1_1__leaf_clk (net)
                      0.034214    0.000188   20.276455 ^ _51_/CLK (sky130_fd_sc_hd__dfrtp_1)
                                 -0.250000   20.026455   clock uncertainty
                                  0.000000   20.026455   clock reconvergence pessimism
                                 -0.119191   19.907265   library setup time
                                             19.907265   data required time
---------------------------------------------------------------------------------------------
                                             19.907265   data required time
                                             -1.485725   data arrival time
---------------------------------------------------------------------------------------------
                                             18.421539   slack (MET)


Startpoint: _46_ (rising edge-triggered flip-flop clocked by clk)
Endpoint: _47_ (rising edge-triggered flip-flop clocked by clk)
Path Group: clk
Path Type: max

Fanout         Cap        Slew       Delay        Time   Description
---------------------------------------------------------------------------------------------
                                  0.000000    0.000000   clock clk (rise edge)
                                  0.000000    0.000000   clock source latency
     1    0.009758    0.050329    0.033208    0.033208 ^ clk (in)
                                                         clk (net)
                      0.050329    0.000000    0.033208 ^ clkbuf_0_clk/A (sky130_fd_sc_hd__clkbuf_16)
     2    0.019836    0.041704    0.127188    0.160396 ^ clkbuf_0_clk/X (sky130_fd_sc_hd__clkbuf_16)
                                                         clknet_0_clk (net)
                      0.041704    0.000242    0.160638 ^ clkbuf_1_0__f_clk/A (sky130_fd_sc_hd__clkbuf_16)
     4    0.011559    0.034665    0.116153    0.276791 ^ clkbuf_1_0__f_clk/X (sky130_fd_sc_hd__clkbuf_16)
                                                         clknet_1_0__leaf_clk (net)
                      0.034665    0.000170    0.276961 ^ _46_/CLK (sky130_fd_sc_hd__dfrtp_1)
     4    0.010881    0.074496    0.391486    0.668447 v _46_/Q (sky130_fd_sc_hd__dfrtp_1)
                                                         net2 (net)
                      0.074496    0.000115    0.668562 v hold2/A (sky130_fd_sc_hd__dlygate4sd3_1)
     2    0.010355    0.088254    0.608843    1.277405 v hold2/X (sky130_fd_sc_hd__dlygate4sd3_1)
                                                         net11 (net)
                      0.088254    0.000108    1.277513 v _25_/A (sky130_fd_sc_hd__xor2_1)
     1    0.002211    0.045401    0.167415    1.444928 v _25_/X (sky130_fd_sc_hd__xor2_1)
                                                         _01_ (net)
                      0.045401    0.000010    1.444938 v _47_/D (sky130_fd_sc_hd__dfrtp_1)
                                              1.444938   data arrival time

                                 20.000000   20.000000   clock clk (rise edge)
                                  0.000000   20.000000   clock source latency
     1    0.009758    0.050329    0.033207   20.033207 ^ clk (in)
                                                         clk (net)
                      0.050329    0.000000   20.033207 ^ clkbuf_0_clk/A (sky130_fd_sc_hd__clkbuf_16)
     2    0.019836    0.041704    0.127189   20.160397 ^ clkbuf_0_clk/X (sky130_fd_sc_hd__clkbuf_16)
                                                         clknet_0_clk (net)
                      0.041704    0.000242   20.160639 ^ clkbuf_1_0__f_clk/A (sky130_fd_sc_hd__clkbuf_16)
     4    0.011559    0.034665    0.116152   20.276791 ^ clkbuf_1_0__f_clk/X (sky130_fd_sc_hd__clkbuf_16)
                                                         clknet_1_0__leaf_clk (net)
                      0.034665    0.000108   20.276899 ^ _47_/CLK (sky130_fd_sc_hd__dfrtp_1)
                                 -0.250000   20.026899   clock uncertainty
                                  0.000000   20.026899   clock reconvergence pessimism
                                 -0.116813   19.910086   library setup time
                                             19.910086   data required time
---------------------------------------------------------------------------------------------
                                             19.910086   data required time
                                             -1.444938   data arrival time
---------------------------------------------------------------------------------------------
                                             18.465149   slack (MET)


Startpoint: _52_ (rising edge-triggered flip-flop clocked by clk)
Endpoint: _52_ (rising edge-triggered flip-flop clocked by clk)
Path Group: clk
Path Type: max

Fanout         Cap        Slew       Delay        Time   Description
---------------------------------------------------------------------------------------------
                                  0.000000    0.000000   clock clk (rise edge)
                                  0.000000    0.000000   clock source latency
     1    0.009758    0.050329    0.033208    0.033208 ^ clk (in)
                                                         clk (net)
                      0.050329    0.000000    0.033208 ^ clkbuf_0_clk/A (sky130_fd_sc_hd__clkbuf_16)
     2    0.019836    0.041704    0.127188    0.160396 ^ clkbuf_0_clk/X (sky130_fd_sc_hd__clkbuf_16)
                                                         clknet_0_clk (net)
                      0.041704    0.000228    0.160624 ^ clkbuf_1_1__f_clk/A (sky130_fd_sc_hd__clkbuf_16)
     4    0.011029    0.034214    0.115642    0.276266 ^ clkbuf_1_1__f_clk/X (sky130_fd_sc_hd__clkbuf_16)
                                                         clknet_1_1__leaf_clk (net)
                      0.034214    0.000139    0.276405 ^ _52_/CLK (sky130_fd_sc_hd__dfrtp_1)
     3    0.007592    0.061637    0.375674    0.652079 v _52_/Q (sky130_fd_sc_hd__dfrtp_1)
                                                         net8 (net)
                      0.061637    0.000025    0.652104 v hold5/A (sky130_fd_sc_hd__dlygate4sd3_1)
     1    0.003806    0.058250    0.563275    1.215379 v hold5/X (sky130_fd_sc_hd__dlygate4sd3_1)
                                                         net14 (net)
                      0.058250    0.000055    1.215434 v _36_/B1 (sky130_fd_sc_hd__a21oi_1)
     1    0.004350    0.132108    0.136313    1.351747 ^ _36_/Y (sky130_fd_sc_hd__a21oi_1)
                                                         _22_ (net)
                      0.132108    0.000071    1.351817 ^ _37_/B (sky130_fd_sc_hd__nor2_1)
     1    0.003246    0.039312    0.057508    1.409326 v _37_/Y (sky130_fd_sc_hd__nor2_1)
                                                         _06_ (net)
                      0.039312    0.000039    1.409365 v _52_/D (sky130_fd_sc_hd__dfrtp_1)
                                              1.409365   data arrival time

                                 20.000000   20.000000   clock clk (rise edge)
                                  0.000000   20.000000   clock source latency
     1    0.009758    0.050329    0.033207   20.033207 ^ clk (in)
                                                         clk (net)
                      0.050329    0.000000   20.033207 ^ clkbuf_0_clk/A (sky130_fd_sc_hd__clkbuf_16)
     2    0.019836    0.041704    0.127189   20.160397 ^ clkbuf_0_clk/X (sky130_fd_sc_hd__clkbuf_16)
                                                         clknet_0_clk (net)
                      0.041704    0.000227   20.160624 ^ clkbuf_1_1__f_clk/A (sky130_fd_sc_hd__clkbuf_16)
     4    0.011029    0.034214    0.115643   20.276266 ^ clkbuf_1_1__f_clk/X (sky130_fd_sc_hd__clkbuf_16)
                                                         clknet_1_1__leaf_clk (net)
                      0.034214    0.000139   20.276405 ^ _52_/CLK (sky130_fd_sc_hd__dfrtp_1)
                                 -0.250000   20.026405   clock uncertainty
                                  0.000000   20.026405   clock reconvergence pessimism
                                 -0.114258   19.912148   library setup time
                                             19.912148   data required time
---------------------------------------------------------------------------------------------
                                             19.912148   data required time
                                             -1.409365   data arrival time
---------------------------------------------------------------------------------------------
                                             18.502783   slack (MET)


Startpoint: _49_ (rising edge-triggered flip-flop clocked by clk)
Endpoint: _49_ (rising edge-triggered flip-flop clocked by clk)
Path Group: clk
Path Type: max

Fanout         Cap        Slew       Delay        Time   Description
---------------------------------------------------------------------------------------------
                                  0.000000    0.000000   clock clk (rise edge)
                                  0.000000    0.000000   clock source latency
     1    0.009758    0.050329    0.033208    0.033208 ^ clk (in)
                                                         clk (net)
                      0.050329    0.000000    0.033208 ^ clkbuf_0_clk/A (sky130_fd_sc_hd__clkbuf_16)
     2    0.019836    0.041704    0.127188    0.160396 ^ clkbuf_0_clk/X (sky130_fd_sc_hd__clkbuf_16)
                                                         clknet_0_clk (net)
                      0.041704    0.000242    0.160638 ^ clkbuf_1_0__f_clk/A (sky130_fd_sc_hd__clkbuf_16)
     4    0.011559    0.034665    0.116153    0.276791 ^ clkbuf_1_0__f_clk/X (sky130_fd_sc_hd__clkbuf_16)
                                                         clknet_1_0__leaf_clk (net)
                      0.034665    0.000195    0.276986 ^ _49_/CLK (sky130_fd_sc_hd__dfrtp_1)
     5    0.010904    0.074593    0.391580    0.668566 v _49_/Q (sky130_fd_sc_hd__dfrtp_1)
                                                         net5 (net)
                      0.074593    0.000094    0.668660 v hold9/A (sky130_fd_sc_hd__dlygate4sd3_1)
     1    0.004901    0.063380    0.576278    1.244938 v hold9/X (sky130_fd_sc_hd__dlygate4sd3_1)
                                                         net18 (net)
                      0.063380    0.000054    1.244992 v _30_/A (sky130_fd_sc_hd__xor2_1)
     1    0.002295    0.052740    0.157971    1.402963 v _30_/X (sky130_fd_sc_hd__xor2_1)
                                                         _03_ (net)
                      0.052740    0.000020    1.402983 v _49_/D (sky130_fd_sc_hd__dfrtp_1)
                                              1.402983   data arrival time

                                 20.000000   20.000000   clock clk (rise edge)
                                  0.000000   20.000000   clock source latency
     1    0.009758    0.050329    0.033207   20.033207 ^ clk (in)
                                                         clk (net)
                      0.050329    0.000000   20.033207 ^ clkbuf_0_clk/A (sky130_fd_sc_hd__clkbuf_16)
     2    0.019836    0.041704    0.127189   20.160397 ^ clkbuf_0_clk/X (sky130_fd_sc_hd__clkbuf_16)
                                                         clknet_0_clk (net)
                      0.041704    0.000242   20.160639 ^ clkbuf_1_0__f_clk/A (sky130_fd_sc_hd__clkbuf_16)
     4    0.011559    0.034665    0.116152   20.276791 ^ clkbuf_1_0__f_clk/X (sky130_fd_sc_hd__clkbuf_16)
                                                         clknet_1_0__leaf_clk (net)
                      0.034665    0.000195   20.276985 ^ _49_/CLK (sky130_fd_sc_hd__dfrtp_1)
                                 -0.250000   20.026987   clock uncertainty
                                  0.000000   20.026987   clock reconvergence pessimism
                                 -0.120017   19.906969   library setup time
                                             19.906969   data required time
---------------------------------------------------------------------------------------------
                                             19.906969   data required time
                                             -1.402983   data arrival time
---------------------------------------------------------------------------------------------
                                             18.503986   slack (MET)


Startpoint: _50_ (rising edge-triggered flip-flop clocked by clk)
Endpoint: _50_ (rising edge-triggered flip-flop clocked by clk)
Path Group: clk
Path Type: max

Fanout         Cap        Slew       Delay        Time   Description
---------------------------------------------------------------------------------------------
                                  0.000000    0.000000   clock clk (rise edge)
                                  0.000000    0.000000   clock source latency
     1    0.009758    0.050329    0.033208    0.033208 ^ clk (in)
                                                         clk (net)
                      0.050329    0.000000    0.033208 ^ clkbuf_0_clk/A (sky130_fd_sc_hd__clkbuf_16)
     2    0.019836    0.041704    0.127188    0.160396 ^ clkbuf_0_clk/X (sky130_fd_sc_hd__clkbuf_16)
                                                         clknet_0_clk (net)
                      0.041704    0.000228    0.160624 ^ clkbuf_1_1__f_clk/A (sky130_fd_sc_hd__clkbuf_16)
     4    0.011029    0.034214    0.115642    0.276266 ^ clkbuf_1_1__f_clk/X (sky130_fd_sc_hd__clkbuf_16)
                                                         clknet_1_1__leaf_clk (net)
                      0.034214    0.000202    0.276467 ^ _50_/CLK (sky130_fd_sc_hd__dfrtp_1)
     4    0.010644    0.073483    0.390393    0.666861 v _50_/Q (sky130_fd_sc_hd__dfrtp_1)
                                                         net6 (net)
                      0.073483    0.000046    0.666907 v hold4/A (sky130_fd_sc_hd__dlygate4sd3_1)
     1    0.004920    0.063458    0.575911    1.242817 v hold4/X (sky130_fd_sc_hd__dlygate4sd3_1)
                                                         net13 (net)
                      0.063458    0.000033    1.242851 v _32_/A (sky130_fd_sc_hd__xnor2_1)
     1    0.002141    0.041009    0.122983    1.365833 v _32_/Y (sky130_fd_sc_hd__xnor2_1)
                                                         _04_ (net)
                      0.041009    0.000017    1.365851 v _50_/D (sky130_fd_sc_hd__dfrtp_1)
                                              1.365851   data arrival time

                                 20.000000   20.000000   clock clk (rise edge)
                                  0.000000   20.000000   clock source latency
     1    0.009758    0.050329    0.033207   20.033207 ^ clk (in)
                                                         clk (net)
                      0.050329    0.000000   20.033207 ^ clkbuf_0_clk/A (sky130_fd_sc_hd__clkbuf_16)
     2    0.019836    0.041704    0.127189   20.160397 ^ clkbuf_0_clk/X (sky130_fd_sc_hd__clkbuf_16)
                                                         clknet_0_clk (net)
                      0.041704    0.000227   20.160624 ^ clkbuf_1_1__f_clk/A (sky130_fd_sc_hd__clkbuf_16)
     4    0.011029    0.034214    0.115643   20.276266 ^ clkbuf_1_1__f_clk/X (sky130_fd_sc_hd__clkbuf_16)
                                                         clknet_1_1__leaf_clk (net)
                      0.034214    0.000201   20.276466 ^ _50_/CLK (sky130_fd_sc_hd__dfrtp_1)
                                 -0.250000   20.026468   clock uncertainty
                                  0.000000   20.026468   clock reconvergence pessimism
                                 -0.114999   19.911469   library setup time
                                             19.911469   data required time
---------------------------------------------------------------------------------------------
                                             19.911469   data required time
                                             -1.365851   data arrival time
---------------------------------------------------------------------------------------------
                                             18.545618   slack (MET)


Startpoint: _53_ (rising edge-triggered flip-flop clocked by clk)
Endpoint: _53_ (rising edge-triggered flip-flop clocked by clk)
Path Group: clk
Path Type: max

Fanout         Cap        Slew       Delay        Time   Description
---------------------------------------------------------------------------------------------
                                  0.000000    0.000000   clock clk (rise edge)
                                  0.000000    0.000000   clock source latency
     1    0.009758    0.050329    0.033208    0.033208 ^ clk (in)
                                                         clk (net)
                      0.050329    0.000000    0.033208 ^ clkbuf_0_clk/A (sky130_fd_sc_hd__clkbuf_16)
     2    0.019836    0.041704    0.127188    0.160396 ^ clkbuf_0_clk/X (sky130_fd_sc_hd__clkbuf_16)
                                                         clknet_0_clk (net)
                      0.041704    0.000228    0.160624 ^ clkbuf_1_1__f_clk/A (sky130_fd_sc_hd__clkbuf_16)
     4    0.011029    0.034214    0.115642    0.276266 ^ clkbuf_1_1__f_clk/X (sky130_fd_sc_hd__clkbuf_16)
                                                         clknet_1_1__leaf_clk (net)
                      0.034214    0.000102    0.276367 ^ _53_/CLK (sky130_fd_sc_hd__dfrtp_1)
     2    0.003825    0.044235    0.355349    0.631716 v _53_/Q (sky130_fd_sc_hd__dfrtp_1)
                                                         net9 (net)
                      0.044235    0.000029    0.631745 v hold1/A (sky130_fd_sc_hd__dlygate4sd3_1)
     1    0.004735    0.062575    0.562031    1.193776 v hold1/X (sky130_fd_sc_hd__dlygate4sd3_1)
                                                         net10 (net)
                      0.062575    0.000029    1.193804 v _38_/A (sky130_fd_sc_hd__xor2_1)
     1    0.002513    0.047272    0.158924    1.352728 v _38_/X (sky130_fd_sc_hd__xor2_1)
                                                         _07_ (net)
                      0.047272    0.000024    1.352752 v _53_/D (sky130_fd_sc_hd__dfrtp_1)
                                              1.352752   data arrival time

                                 20.000000   20.000000   clock clk (rise edge)
                                  0.000000   20.000000   clock source latency
     1    0.009758    0.050329    0.033207   20.033207 ^ clk (in)
                                                         clk (net)
                      0.050329    0.000000   20.033207 ^ clkbuf_0_clk/A (sky130_fd_sc_hd__clkbuf_16)
     2    0.019836    0.041704    0.127189   20.160397 ^ clkbuf_0_clk/X (sky130_fd_sc_hd__clkbuf_16)
                                                         clknet_0_clk (net)
                      0.041704    0.000227   20.160624 ^ clkbuf_1_1__f_clk/A (sky130_fd_sc_hd__clkbuf_16)
     4    0.011029    0.034214    0.115643   20.276266 ^ clkbuf_1_1__f_clk/X (sky130_fd_sc_hd__clkbuf_16)
                                                         clknet_1_1__leaf_clk (net)
                      0.034214    0.000101   20.276367 ^ _53_/CLK (sky130_fd_sc_hd__dfrtp_1)
                                 -0.250000   20.026369   clock uncertainty
                                  0.000000   20.026369   clock reconvergence pessimism
                                 -0.117733   19.908636   library setup time
                                             19.908636   data required time
---------------------------------------------------------------------------------------------
                                             19.908636   data required time
                                             -1.352752   data arrival time
---------------------------------------------------------------------------------------------
                                             18.555883   slack (MET)


Startpoint: _46_ (rising edge-triggered flip-flop clocked by clk)
Endpoint: _46_ (rising edge-triggered flip-flop clocked by clk)
Path Group: clk
Path Type: max

Fanout         Cap        Slew       Delay        Time   Description
---------------------------------------------------------------------------------------------
                                  0.000000    0.000000   clock clk (rise edge)
                                  0.000000    0.000000   clock source latency
     1    0.009758    0.050329    0.033208    0.033208 ^ clk (in)
                                                         clk (net)
                      0.050329    0.000000    0.033208 ^ clkbuf_0_clk/A (sky130_fd_sc_hd__clkbuf_16)
     2    0.019836    0.041704    0.127188    0.160396 ^ clkbuf_0_clk/X (sky130_fd_sc_hd__clkbuf_16)
                                                         clknet_0_clk (net)
                      0.041704    0.000242    0.160638 ^ clkbuf_1_0__f_clk/A (sky130_fd_sc_hd__clkbuf_16)
     4    0.011559    0.034665    0.116153    0.276791 ^ clkbuf_1_0__f_clk/X (sky130_fd_sc_hd__clkbuf_16)
                                                         clknet_1_0__leaf_clk (net)
                      0.034665    0.000170    0.276961 ^ _46_/CLK (sky130_fd_sc_hd__dfrtp_1)
     4    0.011396    0.111646    0.367747    0.644708 ^ _46_/Q (sky130_fd_sc_hd__dfrtp_1)
                                                         net2 (net)
                      0.111646    0.000121    0.644829 ^ hold2/A (sky130_fd_sc_hd__dlygate4sd3_1)
     2    0.011055    0.125413    0.616983    1.261812 ^ hold2/X (sky130_fd_sc_hd__dlygate4sd3_1)
                                                         net11 (net)
                      0.125413    0.000142    1.261954 ^ _23_/A (sky130_fd_sc_hd__inv_2)
     1    0.002755    0.027176    0.036733    1.298687 v _23_/Y (sky130_fd_sc_hd__inv_2)
                                                         _00_ (net)
                      0.027176    0.000029    1.298717 v _46_/D (sky130_fd_sc_hd__dfrtp_1)
                                              1.298717   data arrival time

                                 20.000000   20.000000   clock clk (rise edge)
                                  0.000000   20.000000   clock source latency
     1    0.009758    0.050329    0.033207   20.033207 ^ clk (in)
                                                         clk (net)
                      0.050329    0.000000   20.033207 ^ clkbuf_0_clk/A (sky130_fd_sc_hd__clkbuf_16)
     2    0.019836    0.041704    0.127189   20.160397 ^ clkbuf_0_clk/X (sky130_fd_sc_hd__clkbuf_16)
                                                         clknet_0_clk (net)
                      0.041704    0.000242   20.160639 ^ clkbuf_1_0__f_clk/A (sky130_fd_sc_hd__clkbuf_16)
     4    0.011559    0.034665    0.116152   20.276791 ^ clkbuf_1_0__f_clk/X (sky130_fd_sc_hd__clkbuf_16)
                                                         clknet_1_0__leaf_clk (net)
                      0.034665    0.000171   20.276960 ^ _46_/CLK (sky130_fd_sc_hd__dfrtp_1)
                                 -0.250000   20.026962   clock uncertainty
                                  0.000000   20.026962   clock reconvergence pessimism
                                 -0.108857   19.918104   library setup time
                                             19.918104   data required time
---------------------------------------------------------------------------------------------
                                             19.918104   data required time
                                             -1.298717   data arrival time
---------------------------------------------------------------------------------------------
                                             18.619387   slack (MET)



